[2023-11-26T16:43:08.865+0000] {taskinstance.py:1157} INFO - Dependencies all met for dep_context=non-requeueable deps ti=<TaskInstance: covid_data_dag_postgres_plis.staging.create_time_table manual__2023-11-26T16:39:57.170703+00:00 [queued]>
[2023-11-26T16:43:09.064+0000] {taskinstance.py:1157} INFO - Dependencies all met for dep_context=requeueable deps ti=<TaskInstance: covid_data_dag_postgres_plis.staging.create_time_table manual__2023-11-26T16:39:57.170703+00:00 [queued]>
[2023-11-26T16:43:09.074+0000] {taskinstance.py:1359} INFO - Starting attempt 1 of 2
[2023-11-26T16:43:09.277+0000] {taskinstance.py:1380} INFO - Executing <Task(PostgresOperator): staging.create_time_table> on 2023-11-26 16:39:57.170703+00:00
[2023-11-26T16:43:09.599+0000] {standard_task_runner.py:57} INFO - Started process 1541 to run task
[2023-11-26T16:43:09.676+0000] {standard_task_runner.py:84} INFO - Running: ['***', 'tasks', 'run', 'covid_data_dag_postgres_plis', 'staging.create_time_table', 'manual__2023-11-26T16:39:57.170703+00:00', '--job-id', '1558', '--raw', '--subdir', 'DAGS_FOLDER/Dag_postgres.py', '--cfg-path', '/tmp/tmp8dz2xhij']
[2023-11-26T16:43:09.733+0000] {standard_task_runner.py:85} INFO - Job 1558: Subtask staging.create_time_table
[2023-11-26T16:43:10.247+0000] {task_command.py:415} INFO - Running <TaskInstance: covid_data_dag_postgres_plis.staging.create_time_table manual__2023-11-26T16:39:57.170703+00:00 [running]> on host 172.21.0.5
[2023-11-26T16:43:11.453+0000] {taskinstance.py:1660} INFO - Exporting env vars: AIRFLOW_CTX_DAG_OWNER='***' AIRFLOW_CTX_DAG_ID='covid_data_dag_postgres_plis' AIRFLOW_CTX_TASK_ID='staging.create_time_table' AIRFLOW_CTX_EXECUTION_DATE='2023-11-26T16:39:57.170703+00:00' AIRFLOW_CTX_TRY_NUMBER='1' AIRFLOW_CTX_DAG_RUN_ID='manual__2023-11-26T16:39:57.170703+00:00'
[2023-11-26T16:43:11.455+0000] {sql.py:274} INFO - Executing: DROP TABLE IF EXISTS time_table;
CREATE TABLE time_table (
    Date DATE,
    Week INT,
    Month INT,
    Trimester INT,
    Semester INT,
    Year INT
);
[2023-11-26T16:43:11.545+0000] {base.py:73} INFO - Using connection ID 'postgres_default' for task execution.
[2023-11-26T16:43:11.608+0000] {base.py:73} INFO - Using connection ID 'postgres_default' for task execution.
[2023-11-26T16:43:11.756+0000] {sql.py:418} INFO - Running statement: DROP TABLE IF EXISTS time_table;
CREATE TABLE time_table (
    Date DATE,
    Week INT,
    Month INT,
    Trimester INT,
    Semester INT,
    Year INT
);, parameters: None
[2023-11-26T16:43:13.392+0000] {taskinstance.py:1398} INFO - Marking task as SUCCESS. dag_id=covid_data_dag_postgres_plis, task_id=staging.create_time_table, execution_date=20231126T163957, start_date=20231126T164308, end_date=20231126T164313
[2023-11-26T16:43:13.611+0000] {local_task_job_runner.py:228} INFO - Task exited with return code 0
[2023-11-26T16:43:14.356+0000] {taskinstance.py:2776} INFO - 0 downstream tasks scheduled from follow-on schedule check
