[2023-11-14T08:04:53.019+0000] {taskinstance.py:1157} INFO - Dependencies all met for dep_context=non-requeueable deps ti=<TaskInstance: covid_data_dag_postgres.wrangle_cases_deaths manual__2023-11-14T08:04:16.204754+00:00 [queued]>
[2023-11-14T08:04:53.036+0000] {taskinstance.py:1157} INFO - Dependencies all met for dep_context=requeueable deps ti=<TaskInstance: covid_data_dag_postgres.wrangle_cases_deaths manual__2023-11-14T08:04:16.204754+00:00 [queued]>
[2023-11-14T08:04:53.037+0000] {taskinstance.py:1359} INFO - Starting attempt 1 of 2
[2023-11-14T08:04:53.060+0000] {taskinstance.py:1380} INFO - Executing <Task(PythonOperator): wrangle_cases_deaths> on 2023-11-14 08:04:16.204754+00:00
[2023-11-14T08:04:53.067+0000] {standard_task_runner.py:57} INFO - Started process 360 to run task
[2023-11-14T08:04:53.072+0000] {standard_task_runner.py:84} INFO - Running: ['***', 'tasks', 'run', 'covid_data_dag_postgres', 'wrangle_cases_deaths', 'manual__2023-11-14T08:04:16.204754+00:00', '--job-id', '876', '--raw', '--subdir', 'DAGS_FOLDER/Dag_postgres.py', '--cfg-path', '/tmp/tmpd81_3msb']
[2023-11-14T08:04:53.076+0000] {standard_task_runner.py:85} INFO - Job 876: Subtask wrangle_cases_deaths
[2023-11-14T08:04:53.396+0000] {task_command.py:415} INFO - Running <TaskInstance: covid_data_dag_postgres.wrangle_cases_deaths manual__2023-11-14T08:04:16.204754+00:00 [running]> on host 172.21.0.4
[2023-11-14T08:04:53.550+0000] {taskinstance.py:1660} INFO - Exporting env vars: AIRFLOW_CTX_DAG_OWNER='***' AIRFLOW_CTX_DAG_ID='covid_data_dag_postgres' AIRFLOW_CTX_TASK_ID='wrangle_cases_deaths' AIRFLOW_CTX_EXECUTION_DATE='2023-11-14T08:04:16.204754+00:00' AIRFLOW_CTX_TRY_NUMBER='1' AIRFLOW_CTX_DAG_RUN_ID='manual__2023-11-14T08:04:16.204754+00:00'
[2023-11-14T08:04:54.182+0000] {logging_mixin.py:151} INFO - Formatting date…
[2023-11-14T08:04:54.352+0000] {logging_mixin.py:151} INFO - Discarding rows…
[2023-11-14T08:04:54.353+0000] {taskinstance.py:1935} ERROR - Task failed with exception
Traceback (most recent call last):
  File "/home/airflow/.local/lib/python3.8/site-packages/airflow/operators/python.py", line 192, in execute
    return_value = self.execute_callable()
  File "/home/airflow/.local/lib/python3.8/site-packages/airflow/operators/python.py", line 209, in execute_callable
    return self.python_callable(*self.op_args, **self.op_kwargs)
  File "/opt/airflow/dags/Dag_postgres.py", line 124, in wrangle_cases_deaths
    df = discard_rows(df)
  File "/opt/airflow/dags/Dag_postgres.py", line 73, in discard_rows
    df.loc[df.new_cases < 0, "new_cases"] = np.nan
  File "/home/airflow/.local/lib/python3.8/site-packages/pandas/core/generic.py", line 5989, in __getattr__
    return object.__getattribute__(self, name)
AttributeError: 'DataFrame' object has no attribute 'new_cases'
[2023-11-14T08:04:54.382+0000] {taskinstance.py:1398} INFO - Marking task as UP_FOR_RETRY. dag_id=covid_data_dag_postgres, task_id=wrangle_cases_deaths, execution_date=20231114T080416, start_date=20231114T080453, end_date=20231114T080454
[2023-11-14T08:04:54.410+0000] {standard_task_runner.py:104} ERROR - Failed to execute job 876 for task wrangle_cases_deaths ('DataFrame' object has no attribute 'new_cases'; 360)
[2023-11-14T08:04:54.459+0000] {local_task_job_runner.py:228} INFO - Task exited with return code 1
[2023-11-14T08:04:54.494+0000] {taskinstance.py:2776} INFO - 0 downstream tasks scheduled from follow-on schedule check
