[2023-11-08T08:33:28.048+0000] {processor.py:157} INFO - Started process (PID=64) to work on /opt/airflow/dags/Dags.py
[2023-11-08T08:33:28.053+0000] {processor.py:829} INFO - Processing file /opt/airflow/dags/Dags.py for tasks to queue
[2023-11-08T08:33:28.063+0000] {logging_mixin.py:151} INFO - [2023-11-08T08:33:28.061+0000] {dagbag.py:539} INFO - Filling up the DagBag from /opt/airflow/dags/Dags.py
[2023-11-08T08:33:29.987+0000] {processor.py:839} INFO - DAG(s) dict_keys(['covid_data_dag']) retrieved from /opt/airflow/dags/Dags.py
[2023-11-08T08:33:30.730+0000] {logging_mixin.py:151} INFO - [2023-11-08T08:33:30.728+0000] {security.py:708} INFO - Not syncing DAG-level permissions for DAG 'DAG:covid_data_dag' as access control is unset.
[2023-11-08T08:33:30.732+0000] {logging_mixin.py:151} INFO - [2023-11-08T08:33:30.731+0000] {dag.py:2915} INFO - Sync 1 DAGs
[2023-11-08T08:33:30.789+0000] {logging_mixin.py:151} INFO - [2023-11-08T08:33:30.788+0000] {dag.py:3696} INFO - Setting next_dagrun for covid_data_dag to 2023-11-08T00:00:00+00:00, run_after=2023-11-09T00:00:00+00:00
[2023-11-08T08:33:30.866+0000] {processor.py:179} INFO - Processing /opt/airflow/dags/Dags.py took 2.844 seconds
[2023-11-08T08:34:01.705+0000] {processor.py:157} INFO - Started process (PID=83) to work on /opt/airflow/dags/Dags.py
[2023-11-08T08:34:01.709+0000] {processor.py:829} INFO - Processing file /opt/airflow/dags/Dags.py for tasks to queue
[2023-11-08T08:34:01.714+0000] {logging_mixin.py:151} INFO - [2023-11-08T08:34:01.712+0000] {dagbag.py:539} INFO - Filling up the DagBag from /opt/airflow/dags/Dags.py
[2023-11-08T08:34:02.995+0000] {processor.py:839} INFO - DAG(s) dict_keys(['covid_data_dag']) retrieved from /opt/airflow/dags/Dags.py
[2023-11-08T08:34:03.053+0000] {logging_mixin.py:151} INFO - [2023-11-08T08:34:03.053+0000] {dag.py:2915} INFO - Sync 1 DAGs
[2023-11-08T08:34:03.105+0000] {logging_mixin.py:151} INFO - [2023-11-08T08:34:03.105+0000] {dag.py:3696} INFO - Setting next_dagrun for covid_data_dag to 2023-11-08T00:00:00+00:00, run_after=2023-11-09T00:00:00+00:00
[2023-11-08T08:34:03.145+0000] {processor.py:179} INFO - Processing /opt/airflow/dags/Dags.py took 1.453 seconds
[2023-11-08T08:34:33.705+0000] {processor.py:157} INFO - Started process (PID=101) to work on /opt/airflow/dags/Dags.py
[2023-11-08T08:34:33.709+0000] {processor.py:829} INFO - Processing file /opt/airflow/dags/Dags.py for tasks to queue
[2023-11-08T08:34:33.714+0000] {logging_mixin.py:151} INFO - [2023-11-08T08:34:33.712+0000] {dagbag.py:539} INFO - Filling up the DagBag from /opt/airflow/dags/Dags.py
[2023-11-08T08:34:34.503+0000] {processor.py:839} INFO - DAG(s) dict_keys(['covid_data_dag']) retrieved from /opt/airflow/dags/Dags.py
[2023-11-08T08:34:34.569+0000] {logging_mixin.py:151} INFO - [2023-11-08T08:34:34.568+0000] {dag.py:2915} INFO - Sync 1 DAGs
[2023-11-08T08:34:34.610+0000] {logging_mixin.py:151} INFO - [2023-11-08T08:34:34.610+0000] {dag.py:3696} INFO - Setting next_dagrun for covid_data_dag to 2023-11-08T00:00:00+00:00, run_after=2023-11-09T00:00:00+00:00
[2023-11-08T08:34:34.638+0000] {processor.py:179} INFO - Processing /opt/airflow/dags/Dags.py took 0.948 seconds
[2023-11-08T08:35:05.336+0000] {processor.py:157} INFO - Started process (PID=128) to work on /opt/airflow/dags/Dags.py
[2023-11-08T08:35:05.342+0000] {processor.py:829} INFO - Processing file /opt/airflow/dags/Dags.py for tasks to queue
[2023-11-08T08:35:05.346+0000] {logging_mixin.py:151} INFO - [2023-11-08T08:35:05.345+0000] {dagbag.py:539} INFO - Filling up the DagBag from /opt/airflow/dags/Dags.py
[2023-11-08T08:35:07.494+0000] {processor.py:839} INFO - DAG(s) dict_keys(['covid_data_dag']) retrieved from /opt/airflow/dags/Dags.py
[2023-11-08T08:35:07.644+0000] {logging_mixin.py:151} INFO - [2023-11-08T08:35:07.643+0000] {dag.py:2915} INFO - Sync 1 DAGs
[2023-11-08T08:35:07.737+0000] {logging_mixin.py:151} INFO - [2023-11-08T08:35:07.735+0000] {dag.py:3696} INFO - Setting next_dagrun for covid_data_dag to 2023-11-08T00:00:00+00:00, run_after=2023-11-09T00:00:00+00:00
[2023-11-08T08:35:07.874+0000] {processor.py:179} INFO - Processing /opt/airflow/dags/Dags.py took 2.554 seconds
[2023-11-08T08:35:38.527+0000] {processor.py:157} INFO - Started process (PID=146) to work on /opt/airflow/dags/Dags.py
[2023-11-08T08:35:38.529+0000] {processor.py:829} INFO - Processing file /opt/airflow/dags/Dags.py for tasks to queue
[2023-11-08T08:35:38.532+0000] {logging_mixin.py:151} INFO - [2023-11-08T08:35:38.531+0000] {dagbag.py:539} INFO - Filling up the DagBag from /opt/airflow/dags/Dags.py
[2023-11-08T08:35:39.721+0000] {processor.py:839} INFO - DAG(s) dict_keys(['covid_data_dag']) retrieved from /opt/airflow/dags/Dags.py
[2023-11-08T08:35:39.842+0000] {logging_mixin.py:151} INFO - [2023-11-08T08:35:39.840+0000] {dag.py:2915} INFO - Sync 1 DAGs
[2023-11-08T08:35:39.888+0000] {logging_mixin.py:151} INFO - [2023-11-08T08:35:39.888+0000] {dag.py:3696} INFO - Setting next_dagrun for covid_data_dag to 2023-11-08T00:00:00+00:00, run_after=2023-11-09T00:00:00+00:00
[2023-11-08T08:35:39.929+0000] {processor.py:179} INFO - Processing /opt/airflow/dags/Dags.py took 1.410 seconds
[2023-11-08T08:36:10.435+0000] {processor.py:157} INFO - Started process (PID=164) to work on /opt/airflow/dags/Dags.py
[2023-11-08T08:36:10.438+0000] {processor.py:829} INFO - Processing file /opt/airflow/dags/Dags.py for tasks to queue
[2023-11-08T08:36:10.441+0000] {logging_mixin.py:151} INFO - [2023-11-08T08:36:10.440+0000] {dagbag.py:539} INFO - Filling up the DagBag from /opt/airflow/dags/Dags.py
[2023-11-08T08:36:12.870+0000] {processor.py:839} INFO - DAG(s) dict_keys(['covid_data_dag']) retrieved from /opt/airflow/dags/Dags.py
[2023-11-08T08:36:12.963+0000] {logging_mixin.py:151} INFO - [2023-11-08T08:36:12.962+0000] {dag.py:2915} INFO - Sync 1 DAGs
[2023-11-08T08:36:13.089+0000] {logging_mixin.py:151} INFO - [2023-11-08T08:36:13.088+0000] {dag.py:3696} INFO - Setting next_dagrun for covid_data_dag to 2023-11-08T00:00:00+00:00, run_after=2023-11-09T00:00:00+00:00
[2023-11-08T08:36:13.153+0000] {processor.py:179} INFO - Processing /opt/airflow/dags/Dags.py took 2.727 seconds
[2023-11-08T08:36:43.783+0000] {processor.py:157} INFO - Started process (PID=182) to work on /opt/airflow/dags/Dags.py
[2023-11-08T08:36:43.784+0000] {processor.py:829} INFO - Processing file /opt/airflow/dags/Dags.py for tasks to queue
[2023-11-08T08:36:43.787+0000] {logging_mixin.py:151} INFO - [2023-11-08T08:36:43.786+0000] {dagbag.py:539} INFO - Filling up the DagBag from /opt/airflow/dags/Dags.py
[2023-11-08T08:36:44.700+0000] {processor.py:839} INFO - DAG(s) dict_keys(['covid_data_dag']) retrieved from /opt/airflow/dags/Dags.py
[2023-11-08T08:36:44.788+0000] {logging_mixin.py:151} INFO - [2023-11-08T08:36:44.786+0000] {dag.py:2915} INFO - Sync 1 DAGs
[2023-11-08T08:36:44.860+0000] {logging_mixin.py:151} INFO - [2023-11-08T08:36:44.859+0000] {dag.py:3696} INFO - Setting next_dagrun for covid_data_dag to 2023-11-08T00:00:00+00:00, run_after=2023-11-09T00:00:00+00:00
[2023-11-08T08:36:44.922+0000] {processor.py:179} INFO - Processing /opt/airflow/dags/Dags.py took 1.146 seconds
[2023-11-08T08:37:15.228+0000] {processor.py:157} INFO - Started process (PID=199) to work on /opt/airflow/dags/Dags.py
[2023-11-08T08:37:15.230+0000] {processor.py:829} INFO - Processing file /opt/airflow/dags/Dags.py for tasks to queue
[2023-11-08T08:37:15.232+0000] {logging_mixin.py:151} INFO - [2023-11-08T08:37:15.232+0000] {dagbag.py:539} INFO - Filling up the DagBag from /opt/airflow/dags/Dags.py
[2023-11-08T08:37:16.577+0000] {processor.py:839} INFO - DAG(s) dict_keys(['covid_data_dag']) retrieved from /opt/airflow/dags/Dags.py
[2023-11-08T08:37:16.679+0000] {logging_mixin.py:151} INFO - [2023-11-08T08:37:16.678+0000] {dag.py:2915} INFO - Sync 1 DAGs
[2023-11-08T08:37:16.720+0000] {logging_mixin.py:151} INFO - [2023-11-08T08:37:16.719+0000] {dag.py:3696} INFO - Setting next_dagrun for covid_data_dag to 2023-11-08T00:00:00+00:00, run_after=2023-11-09T00:00:00+00:00
[2023-11-08T08:37:16.755+0000] {processor.py:179} INFO - Processing /opt/airflow/dags/Dags.py took 1.536 seconds
[2023-11-08T08:37:46.903+0000] {processor.py:157} INFO - Started process (PID=217) to work on /opt/airflow/dags/Dags.py
[2023-11-08T08:37:46.904+0000] {processor.py:829} INFO - Processing file /opt/airflow/dags/Dags.py for tasks to queue
[2023-11-08T08:37:46.906+0000] {logging_mixin.py:151} INFO - [2023-11-08T08:37:46.906+0000] {dagbag.py:539} INFO - Filling up the DagBag from /opt/airflow/dags/Dags.py
[2023-11-08T08:37:47.587+0000] {processor.py:839} INFO - DAG(s) dict_keys(['covid_data_dag']) retrieved from /opt/airflow/dags/Dags.py
[2023-11-08T08:37:47.635+0000] {logging_mixin.py:151} INFO - [2023-11-08T08:37:47.634+0000] {dag.py:2915} INFO - Sync 1 DAGs
[2023-11-08T08:37:47.673+0000] {logging_mixin.py:151} INFO - [2023-11-08T08:37:47.673+0000] {dag.py:3696} INFO - Setting next_dagrun for covid_data_dag to 2023-11-08T00:00:00+00:00, run_after=2023-11-09T00:00:00+00:00
[2023-11-08T08:37:47.757+0000] {processor.py:179} INFO - Processing /opt/airflow/dags/Dags.py took 0.860 seconds
[2023-11-08T08:38:18.235+0000] {processor.py:157} INFO - Started process (PID=234) to work on /opt/airflow/dags/Dags.py
[2023-11-08T08:38:18.237+0000] {processor.py:829} INFO - Processing file /opt/airflow/dags/Dags.py for tasks to queue
[2023-11-08T08:38:18.241+0000] {logging_mixin.py:151} INFO - [2023-11-08T08:38:18.240+0000] {dagbag.py:539} INFO - Filling up the DagBag from /opt/airflow/dags/Dags.py
[2023-11-08T08:38:19.171+0000] {processor.py:839} INFO - DAG(s) dict_keys(['covid_data_dag']) retrieved from /opt/airflow/dags/Dags.py
[2023-11-08T08:38:19.221+0000] {logging_mixin.py:151} INFO - [2023-11-08T08:38:19.220+0000] {dag.py:2915} INFO - Sync 1 DAGs
[2023-11-08T08:38:19.258+0000] {logging_mixin.py:151} INFO - [2023-11-08T08:38:19.257+0000] {dag.py:3696} INFO - Setting next_dagrun for covid_data_dag to 2023-11-08T00:00:00+00:00, run_after=2023-11-09T00:00:00+00:00
[2023-11-08T08:38:19.289+0000] {processor.py:179} INFO - Processing /opt/airflow/dags/Dags.py took 1.068 seconds
[2023-11-08T08:38:49.814+0000] {processor.py:157} INFO - Started process (PID=253) to work on /opt/airflow/dags/Dags.py
[2023-11-08T08:38:49.817+0000] {processor.py:829} INFO - Processing file /opt/airflow/dags/Dags.py for tasks to queue
[2023-11-08T08:38:49.823+0000] {logging_mixin.py:151} INFO - [2023-11-08T08:38:49.822+0000] {dagbag.py:539} INFO - Filling up the DagBag from /opt/airflow/dags/Dags.py
[2023-11-08T08:38:51.124+0000] {processor.py:839} INFO - DAG(s) dict_keys(['covid_data_dag']) retrieved from /opt/airflow/dags/Dags.py
[2023-11-08T08:38:51.170+0000] {logging_mixin.py:151} INFO - [2023-11-08T08:38:51.169+0000] {dag.py:2915} INFO - Sync 1 DAGs
[2023-11-08T08:38:51.207+0000] {logging_mixin.py:151} INFO - [2023-11-08T08:38:51.207+0000] {dag.py:3696} INFO - Setting next_dagrun for covid_data_dag to 2023-11-08T00:00:00+00:00, run_after=2023-11-09T00:00:00+00:00
[2023-11-08T08:38:51.238+0000] {processor.py:179} INFO - Processing /opt/airflow/dags/Dags.py took 1.439 seconds
[2023-11-08T08:39:21.753+0000] {processor.py:157} INFO - Started process (PID=280) to work on /opt/airflow/dags/Dags.py
[2023-11-08T08:39:21.806+0000] {processor.py:829} INFO - Processing file /opt/airflow/dags/Dags.py for tasks to queue
[2023-11-08T08:39:21.809+0000] {logging_mixin.py:151} INFO - [2023-11-08T08:39:21.808+0000] {dagbag.py:539} INFO - Filling up the DagBag from /opt/airflow/dags/Dags.py
[2023-11-08T08:39:22.822+0000] {processor.py:839} INFO - DAG(s) dict_keys(['covid_data_dag']) retrieved from /opt/airflow/dags/Dags.py
[2023-11-08T08:39:22.869+0000] {logging_mixin.py:151} INFO - [2023-11-08T08:39:22.868+0000] {dag.py:2915} INFO - Sync 1 DAGs
[2023-11-08T08:39:22.909+0000] {logging_mixin.py:151} INFO - [2023-11-08T08:39:22.908+0000] {dag.py:3696} INFO - Setting next_dagrun for covid_data_dag to 2023-11-08T00:00:00+00:00, run_after=2023-11-09T00:00:00+00:00
[2023-11-08T08:39:22.991+0000] {processor.py:179} INFO - Processing /opt/airflow/dags/Dags.py took 1.267 seconds
[2023-11-08T08:39:53.241+0000] {processor.py:157} INFO - Started process (PID=299) to work on /opt/airflow/dags/Dags.py
[2023-11-08T08:39:53.243+0000] {processor.py:829} INFO - Processing file /opt/airflow/dags/Dags.py for tasks to queue
[2023-11-08T08:39:53.248+0000] {logging_mixin.py:151} INFO - [2023-11-08T08:39:53.246+0000] {dagbag.py:539} INFO - Filling up the DagBag from /opt/airflow/dags/Dags.py
[2023-11-08T08:39:54.487+0000] {processor.py:839} INFO - DAG(s) dict_keys(['covid_data_dag']) retrieved from /opt/airflow/dags/Dags.py
[2023-11-08T08:39:54.599+0000] {logging_mixin.py:151} INFO - [2023-11-08T08:39:54.596+0000] {dag.py:2915} INFO - Sync 1 DAGs
[2023-11-08T08:39:54.657+0000] {logging_mixin.py:151} INFO - [2023-11-08T08:39:54.656+0000] {dag.py:3696} INFO - Setting next_dagrun for covid_data_dag to 2023-11-08T00:00:00+00:00, run_after=2023-11-09T00:00:00+00:00
[2023-11-08T08:39:54.699+0000] {processor.py:179} INFO - Processing /opt/airflow/dags/Dags.py took 1.465 seconds
[2023-11-08T08:40:24.843+0000] {processor.py:157} INFO - Started process (PID=317) to work on /opt/airflow/dags/Dags.py
[2023-11-08T08:40:24.845+0000] {processor.py:829} INFO - Processing file /opt/airflow/dags/Dags.py for tasks to queue
[2023-11-08T08:40:24.849+0000] {logging_mixin.py:151} INFO - [2023-11-08T08:40:24.848+0000] {dagbag.py:539} INFO - Filling up the DagBag from /opt/airflow/dags/Dags.py
[2023-11-08T08:40:25.718+0000] {processor.py:839} INFO - DAG(s) dict_keys(['covid_data_dag']) retrieved from /opt/airflow/dags/Dags.py
[2023-11-08T08:40:25.766+0000] {logging_mixin.py:151} INFO - [2023-11-08T08:40:25.765+0000] {dag.py:2915} INFO - Sync 1 DAGs
[2023-11-08T08:40:25.805+0000] {logging_mixin.py:151} INFO - [2023-11-08T08:40:25.805+0000] {dag.py:3696} INFO - Setting next_dagrun for covid_data_dag to 2023-11-08T00:00:00+00:00, run_after=2023-11-09T00:00:00+00:00
[2023-11-08T08:40:25.837+0000] {processor.py:179} INFO - Processing /opt/airflow/dags/Dags.py took 1.007 seconds
[2023-11-08T08:40:56.326+0000] {processor.py:157} INFO - Started process (PID=335) to work on /opt/airflow/dags/Dags.py
[2023-11-08T08:40:56.328+0000] {processor.py:829} INFO - Processing file /opt/airflow/dags/Dags.py for tasks to queue
[2023-11-08T08:40:56.332+0000] {logging_mixin.py:151} INFO - [2023-11-08T08:40:56.331+0000] {dagbag.py:539} INFO - Filling up the DagBag from /opt/airflow/dags/Dags.py
[2023-11-08T08:40:57.224+0000] {processor.py:839} INFO - DAG(s) dict_keys(['covid_data_dag']) retrieved from /opt/airflow/dags/Dags.py
[2023-11-08T08:40:57.284+0000] {logging_mixin.py:151} INFO - [2023-11-08T08:40:57.282+0000] {dag.py:2915} INFO - Sync 1 DAGs
[2023-11-08T08:40:57.328+0000] {logging_mixin.py:151} INFO - [2023-11-08T08:40:57.328+0000] {dag.py:3696} INFO - Setting next_dagrun for covid_data_dag to 2023-11-08T00:00:00+00:00, run_after=2023-11-09T00:00:00+00:00
[2023-11-08T08:40:57.372+0000] {processor.py:179} INFO - Processing /opt/airflow/dags/Dags.py took 1.059 seconds
[2023-11-08T08:41:28.191+0000] {processor.py:157} INFO - Started process (PID=352) to work on /opt/airflow/dags/Dags.py
[2023-11-08T08:41:28.199+0000] {processor.py:829} INFO - Processing file /opt/airflow/dags/Dags.py for tasks to queue
[2023-11-08T08:41:28.203+0000] {logging_mixin.py:151} INFO - [2023-11-08T08:41:28.202+0000] {dagbag.py:539} INFO - Filling up the DagBag from /opt/airflow/dags/Dags.py
[2023-11-08T08:41:29.758+0000] {processor.py:839} INFO - DAG(s) dict_keys(['covid_data_dag']) retrieved from /opt/airflow/dags/Dags.py
[2023-11-08T08:41:29.829+0000] {logging_mixin.py:151} INFO - [2023-11-08T08:41:29.828+0000] {dag.py:2915} INFO - Sync 1 DAGs
[2023-11-08T08:41:29.879+0000] {logging_mixin.py:151} INFO - [2023-11-08T08:41:29.879+0000] {dag.py:3696} INFO - Setting next_dagrun for covid_data_dag to 2023-11-08T00:00:00+00:00, run_after=2023-11-09T00:00:00+00:00
[2023-11-08T08:41:30.048+0000] {processor.py:179} INFO - Processing /opt/airflow/dags/Dags.py took 1.888 seconds
[2023-11-08T08:42:00.681+0000] {processor.py:157} INFO - Started process (PID=370) to work on /opt/airflow/dags/Dags.py
[2023-11-08T08:42:00.689+0000] {processor.py:829} INFO - Processing file /opt/airflow/dags/Dags.py for tasks to queue
[2023-11-08T08:42:00.695+0000] {logging_mixin.py:151} INFO - [2023-11-08T08:42:00.693+0000] {dagbag.py:539} INFO - Filling up the DagBag from /opt/airflow/dags/Dags.py
[2023-11-08T08:42:04.389+0000] {processor.py:839} INFO - DAG(s) dict_keys(['covid_data_dag']) retrieved from /opt/airflow/dags/Dags.py
[2023-11-08T08:42:04.499+0000] {logging_mixin.py:151} INFO - [2023-11-08T08:42:04.493+0000] {dag.py:2915} INFO - Sync 1 DAGs
[2023-11-08T08:42:04.632+0000] {logging_mixin.py:151} INFO - [2023-11-08T08:42:04.628+0000] {dag.py:3696} INFO - Setting next_dagrun for covid_data_dag to 2023-11-08T00:00:00+00:00, run_after=2023-11-09T00:00:00+00:00
[2023-11-08T08:42:04.732+0000] {processor.py:179} INFO - Processing /opt/airflow/dags/Dags.py took 4.108 seconds
[2023-11-08T08:42:35.161+0000] {processor.py:157} INFO - Started process (PID=388) to work on /opt/airflow/dags/Dags.py
[2023-11-08T08:42:35.163+0000] {processor.py:829} INFO - Processing file /opt/airflow/dags/Dags.py for tasks to queue
[2023-11-08T08:42:35.165+0000] {logging_mixin.py:151} INFO - [2023-11-08T08:42:35.164+0000] {dagbag.py:539} INFO - Filling up the DagBag from /opt/airflow/dags/Dags.py
[2023-11-08T08:42:35.946+0000] {processor.py:839} INFO - DAG(s) dict_keys(['covid_data_dag']) retrieved from /opt/airflow/dags/Dags.py
[2023-11-08T08:42:35.997+0000] {logging_mixin.py:151} INFO - [2023-11-08T08:42:35.996+0000] {dag.py:2915} INFO - Sync 1 DAGs
[2023-11-08T08:42:36.051+0000] {logging_mixin.py:151} INFO - [2023-11-08T08:42:36.050+0000] {dag.py:3696} INFO - Setting next_dagrun for covid_data_dag to 2023-11-08T00:00:00+00:00, run_after=2023-11-09T00:00:00+00:00
[2023-11-08T08:42:36.126+0000] {processor.py:179} INFO - Processing /opt/airflow/dags/Dags.py took 0.973 seconds
[2023-11-08T08:43:06.730+0000] {processor.py:157} INFO - Started process (PID=405) to work on /opt/airflow/dags/Dags.py
[2023-11-08T08:43:06.731+0000] {processor.py:829} INFO - Processing file /opt/airflow/dags/Dags.py for tasks to queue
[2023-11-08T08:43:06.733+0000] {logging_mixin.py:151} INFO - [2023-11-08T08:43:06.733+0000] {dagbag.py:539} INFO - Filling up the DagBag from /opt/airflow/dags/Dags.py
[2023-11-08T08:43:07.504+0000] {processor.py:839} INFO - DAG(s) dict_keys(['covid_data_dag']) retrieved from /opt/airflow/dags/Dags.py
[2023-11-08T08:43:07.549+0000] {logging_mixin.py:151} INFO - [2023-11-08T08:43:07.549+0000] {dag.py:2915} INFO - Sync 1 DAGs
[2023-11-08T08:43:07.590+0000] {logging_mixin.py:151} INFO - [2023-11-08T08:43:07.590+0000] {dag.py:3696} INFO - Setting next_dagrun for covid_data_dag to 2023-11-08T00:00:00+00:00, run_after=2023-11-09T00:00:00+00:00
[2023-11-08T08:43:07.704+0000] {processor.py:179} INFO - Processing /opt/airflow/dags/Dags.py took 0.985 seconds
[2023-11-08T08:47:46.062+0000] {processor.py:157} INFO - Started process (PID=62) to work on /opt/airflow/dags/Dags.py
[2023-11-08T08:47:46.064+0000] {processor.py:829} INFO - Processing file /opt/airflow/dags/Dags.py for tasks to queue
[2023-11-08T08:47:46.066+0000] {logging_mixin.py:151} INFO - [2023-11-08T08:47:46.066+0000] {dagbag.py:539} INFO - Filling up the DagBag from /opt/airflow/dags/Dags.py
[2023-11-08T08:47:48.257+0000] {processor.py:839} INFO - DAG(s) dict_keys(['covid_data_dag']) retrieved from /opt/airflow/dags/Dags.py
[2023-11-08T08:47:48.697+0000] {logging_mixin.py:151} INFO - [2023-11-08T08:47:48.697+0000] {security.py:708} INFO - Not syncing DAG-level permissions for DAG 'DAG:covid_data_dag' as access control is unset.
[2023-11-08T08:47:48.699+0000] {logging_mixin.py:151} INFO - [2023-11-08T08:47:48.699+0000] {dag.py:2915} INFO - Sync 1 DAGs
[2023-11-08T08:47:48.748+0000] {logging_mixin.py:151} INFO - [2023-11-08T08:47:48.747+0000] {dag.py:3696} INFO - Setting next_dagrun for covid_data_dag to 2023-11-08T00:00:00+00:00, run_after=2023-11-09T00:00:00+00:00
[2023-11-08T08:47:48.816+0000] {processor.py:179} INFO - Processing /opt/airflow/dags/Dags.py took 2.784 seconds
[2023-11-08T08:48:19.794+0000] {processor.py:157} INFO - Started process (PID=81) to work on /opt/airflow/dags/Dags.py
[2023-11-08T08:48:19.798+0000] {processor.py:829} INFO - Processing file /opt/airflow/dags/Dags.py for tasks to queue
[2023-11-08T08:48:19.805+0000] {logging_mixin.py:151} INFO - [2023-11-08T08:48:19.804+0000] {dagbag.py:539} INFO - Filling up the DagBag from /opt/airflow/dags/Dags.py
[2023-11-08T08:48:20.723+0000] {processor.py:839} INFO - DAG(s) dict_keys(['covid_data_dag']) retrieved from /opt/airflow/dags/Dags.py
[2023-11-08T08:48:20.789+0000] {logging_mixin.py:151} INFO - [2023-11-08T08:48:20.789+0000] {dag.py:2915} INFO - Sync 1 DAGs
[2023-11-08T08:48:20.830+0000] {logging_mixin.py:151} INFO - [2023-11-08T08:48:20.830+0000] {dag.py:3696} INFO - Setting next_dagrun for covid_data_dag to 2023-11-08T00:00:00+00:00, run_after=2023-11-09T00:00:00+00:00
[2023-11-08T08:48:20.865+0000] {processor.py:179} INFO - Processing /opt/airflow/dags/Dags.py took 1.088 seconds
[2023-11-08T08:48:51.283+0000] {processor.py:157} INFO - Started process (PID=99) to work on /opt/airflow/dags/Dags.py
[2023-11-08T08:48:51.285+0000] {processor.py:829} INFO - Processing file /opt/airflow/dags/Dags.py for tasks to queue
[2023-11-08T08:48:51.290+0000] {logging_mixin.py:151} INFO - [2023-11-08T08:48:51.290+0000] {dagbag.py:539} INFO - Filling up the DagBag from /opt/airflow/dags/Dags.py
[2023-11-08T08:48:53.372+0000] {processor.py:839} INFO - DAG(s) dict_keys(['covid_data_dag']) retrieved from /opt/airflow/dags/Dags.py
[2023-11-08T08:48:53.527+0000] {logging_mixin.py:151} INFO - [2023-11-08T08:48:53.525+0000] {dag.py:2915} INFO - Sync 1 DAGs
[2023-11-08T08:48:53.692+0000] {logging_mixin.py:151} INFO - [2023-11-08T08:48:53.689+0000] {dag.py:3696} INFO - Setting next_dagrun for covid_data_dag to 2023-11-08T00:00:00+00:00, run_after=2023-11-09T00:00:00+00:00
[2023-11-08T08:48:53.750+0000] {processor.py:179} INFO - Processing /opt/airflow/dags/Dags.py took 2.477 seconds
[2023-11-08T08:49:23.886+0000] {processor.py:157} INFO - Started process (PID=118) to work on /opt/airflow/dags/Dags.py
[2023-11-08T08:49:23.888+0000] {processor.py:829} INFO - Processing file /opt/airflow/dags/Dags.py for tasks to queue
[2023-11-08T08:49:23.891+0000] {logging_mixin.py:151} INFO - [2023-11-08T08:49:23.890+0000] {dagbag.py:539} INFO - Filling up the DagBag from /opt/airflow/dags/Dags.py
[2023-11-08T08:49:24.671+0000] {processor.py:839} INFO - DAG(s) dict_keys(['covid_data_dag']) retrieved from /opt/airflow/dags/Dags.py
[2023-11-08T08:49:24.718+0000] {logging_mixin.py:151} INFO - [2023-11-08T08:49:24.717+0000] {dag.py:2915} INFO - Sync 1 DAGs
[2023-11-08T08:49:24.755+0000] {logging_mixin.py:151} INFO - [2023-11-08T08:49:24.755+0000] {dag.py:3696} INFO - Setting next_dagrun for covid_data_dag to 2023-11-08T00:00:00+00:00, run_after=2023-11-09T00:00:00+00:00
[2023-11-08T08:49:24.785+0000] {processor.py:179} INFO - Processing /opt/airflow/dags/Dags.py took 0.908 seconds
[2023-11-08T08:49:55.388+0000] {processor.py:157} INFO - Started process (PID=145) to work on /opt/airflow/dags/Dags.py
[2023-11-08T08:49:55.398+0000] {processor.py:829} INFO - Processing file /opt/airflow/dags/Dags.py for tasks to queue
[2023-11-08T08:49:55.400+0000] {logging_mixin.py:151} INFO - [2023-11-08T08:49:55.399+0000] {dagbag.py:539} INFO - Filling up the DagBag from /opt/airflow/dags/Dags.py
[2023-11-08T08:49:56.507+0000] {processor.py:839} INFO - DAG(s) dict_keys(['covid_data_dag']) retrieved from /opt/airflow/dags/Dags.py
[2023-11-08T08:49:56.573+0000] {logging_mixin.py:151} INFO - [2023-11-08T08:49:56.573+0000] {dag.py:2915} INFO - Sync 1 DAGs
[2023-11-08T08:49:56.617+0000] {logging_mixin.py:151} INFO - [2023-11-08T08:49:56.616+0000] {dag.py:3696} INFO - Setting next_dagrun for covid_data_dag to 2023-11-08T00:00:00+00:00, run_after=2023-11-09T00:00:00+00:00
[2023-11-08T08:49:56.647+0000] {processor.py:179} INFO - Processing /opt/airflow/dags/Dags.py took 1.283 seconds
[2023-11-08T08:50:27.219+0000] {processor.py:157} INFO - Started process (PID=162) to work on /opt/airflow/dags/Dags.py
[2023-11-08T08:50:27.224+0000] {processor.py:829} INFO - Processing file /opt/airflow/dags/Dags.py for tasks to queue
[2023-11-08T08:50:27.236+0000] {logging_mixin.py:151} INFO - [2023-11-08T08:50:27.235+0000] {dagbag.py:539} INFO - Filling up the DagBag from /opt/airflow/dags/Dags.py
[2023-11-08T08:50:29.542+0000] {processor.py:839} INFO - DAG(s) dict_keys(['covid_data_dag']) retrieved from /opt/airflow/dags/Dags.py
[2023-11-08T08:50:29.645+0000] {logging_mixin.py:151} INFO - [2023-11-08T08:50:29.644+0000] {dag.py:2915} INFO - Sync 1 DAGs
[2023-11-08T08:50:29.728+0000] {logging_mixin.py:151} INFO - [2023-11-08T08:50:29.728+0000] {dag.py:3696} INFO - Setting next_dagrun for covid_data_dag to 2023-11-08T00:00:00+00:00, run_after=2023-11-09T00:00:00+00:00
[2023-11-08T08:50:29.803+0000] {processor.py:179} INFO - Processing /opt/airflow/dags/Dags.py took 2.597 seconds
[2023-11-08T08:51:00.249+0000] {processor.py:157} INFO - Started process (PID=181) to work on /opt/airflow/dags/Dags.py
[2023-11-08T08:51:00.250+0000] {processor.py:829} INFO - Processing file /opt/airflow/dags/Dags.py for tasks to queue
[2023-11-08T08:51:00.252+0000] {logging_mixin.py:151} INFO - [2023-11-08T08:51:00.252+0000] {dagbag.py:539} INFO - Filling up the DagBag from /opt/airflow/dags/Dags.py
[2023-11-08T08:51:00.904+0000] {processor.py:839} INFO - DAG(s) dict_keys(['covid_data_dag']) retrieved from /opt/airflow/dags/Dags.py
[2023-11-08T08:51:00.947+0000] {logging_mixin.py:151} INFO - [2023-11-08T08:51:00.947+0000] {dag.py:2915} INFO - Sync 1 DAGs
[2023-11-08T08:51:00.985+0000] {logging_mixin.py:151} INFO - [2023-11-08T08:51:00.984+0000] {dag.py:3696} INFO - Setting next_dagrun for covid_data_dag to 2023-11-08T00:00:00+00:00, run_after=2023-11-09T00:00:00+00:00
[2023-11-08T08:51:01.019+0000] {processor.py:179} INFO - Processing /opt/airflow/dags/Dags.py took 0.779 seconds
[2023-11-08T08:51:31.519+0000] {processor.py:157} INFO - Started process (PID=198) to work on /opt/airflow/dags/Dags.py
[2023-11-08T08:51:31.523+0000] {processor.py:829} INFO - Processing file /opt/airflow/dags/Dags.py for tasks to queue
[2023-11-08T08:51:31.528+0000] {logging_mixin.py:151} INFO - [2023-11-08T08:51:31.527+0000] {dagbag.py:539} INFO - Filling up the DagBag from /opt/airflow/dags/Dags.py
[2023-11-08T08:51:32.415+0000] {processor.py:839} INFO - DAG(s) dict_keys(['covid_data_dag']) retrieved from /opt/airflow/dags/Dags.py
[2023-11-08T08:51:32.462+0000] {logging_mixin.py:151} INFO - [2023-11-08T08:51:32.461+0000] {dag.py:2915} INFO - Sync 1 DAGs
[2023-11-08T08:51:32.498+0000] {logging_mixin.py:151} INFO - [2023-11-08T08:51:32.498+0000] {dag.py:3696} INFO - Setting next_dagrun for covid_data_dag to 2023-11-08T00:00:00+00:00, run_after=2023-11-09T00:00:00+00:00
[2023-11-08T08:51:32.530+0000] {processor.py:179} INFO - Processing /opt/airflow/dags/Dags.py took 1.034 seconds
[2023-11-08T08:52:02.959+0000] {processor.py:157} INFO - Started process (PID=223) to work on /opt/airflow/dags/Dags.py
[2023-11-08T08:52:02.963+0000] {processor.py:829} INFO - Processing file /opt/airflow/dags/Dags.py for tasks to queue
[2023-11-08T08:52:02.969+0000] {logging_mixin.py:151} INFO - [2023-11-08T08:52:02.968+0000] {dagbag.py:539} INFO - Filling up the DagBag from /opt/airflow/dags/Dags.py
[2023-11-08T08:52:04.074+0000] {processor.py:839} INFO - DAG(s) dict_keys(['covid_data_dag']) retrieved from /opt/airflow/dags/Dags.py
[2023-11-08T08:52:04.145+0000] {logging_mixin.py:151} INFO - [2023-11-08T08:52:04.144+0000] {dag.py:2915} INFO - Sync 1 DAGs
[2023-11-08T08:52:04.193+0000] {logging_mixin.py:151} INFO - [2023-11-08T08:52:04.193+0000] {dag.py:3696} INFO - Setting next_dagrun for covid_data_dag to 2023-11-08T00:00:00+00:00, run_after=2023-11-09T00:00:00+00:00
[2023-11-08T08:52:04.233+0000] {processor.py:179} INFO - Processing /opt/airflow/dags/Dags.py took 1.292 seconds
[2023-11-08T08:52:34.357+0000] {processor.py:157} INFO - Started process (PID=243) to work on /opt/airflow/dags/Dags.py
[2023-11-08T08:52:34.359+0000] {processor.py:829} INFO - Processing file /opt/airflow/dags/Dags.py for tasks to queue
[2023-11-08T08:52:34.360+0000] {logging_mixin.py:151} INFO - [2023-11-08T08:52:34.360+0000] {dagbag.py:539} INFO - Filling up the DagBag from /opt/airflow/dags/Dags.py
[2023-11-08T08:52:35.075+0000] {processor.py:839} INFO - DAG(s) dict_keys(['covid_data_dag']) retrieved from /opt/airflow/dags/Dags.py
[2023-11-08T08:52:35.125+0000] {logging_mixin.py:151} INFO - [2023-11-08T08:52:35.124+0000] {dag.py:2915} INFO - Sync 1 DAGs
[2023-11-08T08:52:35.166+0000] {logging_mixin.py:151} INFO - [2023-11-08T08:52:35.166+0000] {dag.py:3696} INFO - Setting next_dagrun for covid_data_dag to 2023-11-08T00:00:00+00:00, run_after=2023-11-09T00:00:00+00:00
[2023-11-08T08:52:35.194+0000] {processor.py:179} INFO - Processing /opt/airflow/dags/Dags.py took 0.844 seconds
[2023-11-08T08:53:05.657+0000] {processor.py:157} INFO - Started process (PID=262) to work on /opt/airflow/dags/Dags.py
[2023-11-08T08:53:05.659+0000] {processor.py:829} INFO - Processing file /opt/airflow/dags/Dags.py for tasks to queue
[2023-11-08T08:53:05.662+0000] {logging_mixin.py:151} INFO - [2023-11-08T08:53:05.661+0000] {dagbag.py:539} INFO - Filling up the DagBag from /opt/airflow/dags/Dags.py
[2023-11-08T08:53:06.703+0000] {processor.py:839} INFO - DAG(s) dict_keys(['covid_data_dag']) retrieved from /opt/airflow/dags/Dags.py
[2023-11-08T08:53:06.793+0000] {logging_mixin.py:151} INFO - [2023-11-08T08:53:06.792+0000] {dag.py:2915} INFO - Sync 1 DAGs
[2023-11-08T08:53:06.872+0000] {logging_mixin.py:151} INFO - [2023-11-08T08:53:06.872+0000] {dag.py:3696} INFO - Setting next_dagrun for covid_data_dag to 2023-11-08T00:00:00+00:00, run_after=2023-11-09T00:00:00+00:00
[2023-11-08T08:53:06.969+0000] {processor.py:179} INFO - Processing /opt/airflow/dags/Dags.py took 1.319 seconds
[2023-11-08T08:53:37.076+0000] {processor.py:157} INFO - Started process (PID=280) to work on /opt/airflow/dags/Dags.py
[2023-11-08T08:53:37.078+0000] {processor.py:829} INFO - Processing file /opt/airflow/dags/Dags.py for tasks to queue
[2023-11-08T08:53:37.080+0000] {logging_mixin.py:151} INFO - [2023-11-08T08:53:37.079+0000] {dagbag.py:539} INFO - Filling up the DagBag from /opt/airflow/dags/Dags.py
[2023-11-08T08:53:37.903+0000] {processor.py:839} INFO - DAG(s) dict_keys(['covid_data_dag']) retrieved from /opt/airflow/dags/Dags.py
[2023-11-08T08:53:37.951+0000] {logging_mixin.py:151} INFO - [2023-11-08T08:53:37.950+0000] {dag.py:2915} INFO - Sync 1 DAGs
[2023-11-08T08:53:37.991+0000] {logging_mixin.py:151} INFO - [2023-11-08T08:53:37.991+0000] {dag.py:3696} INFO - Setting next_dagrun for covid_data_dag to 2023-11-08T00:00:00+00:00, run_after=2023-11-09T00:00:00+00:00
[2023-11-08T08:53:38.092+0000] {processor.py:179} INFO - Processing /opt/airflow/dags/Dags.py took 1.023 seconds
[2023-11-08T08:54:08.615+0000] {processor.py:157} INFO - Started process (PID=299) to work on /opt/airflow/dags/Dags.py
[2023-11-08T08:54:08.619+0000] {processor.py:829} INFO - Processing file /opt/airflow/dags/Dags.py for tasks to queue
[2023-11-08T08:54:08.626+0000] {logging_mixin.py:151} INFO - [2023-11-08T08:54:08.624+0000] {dagbag.py:539} INFO - Filling up the DagBag from /opt/airflow/dags/Dags.py
[2023-11-08T08:54:09.642+0000] {processor.py:839} INFO - DAG(s) dict_keys(['covid_data_dag']) retrieved from /opt/airflow/dags/Dags.py
[2023-11-08T08:54:09.687+0000] {logging_mixin.py:151} INFO - [2023-11-08T08:54:09.687+0000] {dag.py:2915} INFO - Sync 1 DAGs
[2023-11-08T08:54:09.725+0000] {logging_mixin.py:151} INFO - [2023-11-08T08:54:09.725+0000] {dag.py:3696} INFO - Setting next_dagrun for covid_data_dag to 2023-11-08T00:00:00+00:00, run_after=2023-11-09T00:00:00+00:00
[2023-11-08T08:54:09.756+0000] {processor.py:179} INFO - Processing /opt/airflow/dags/Dags.py took 1.155 seconds
[2023-11-08T08:54:40.198+0000] {processor.py:157} INFO - Started process (PID=318) to work on /opt/airflow/dags/Dags.py
[2023-11-08T08:54:40.201+0000] {processor.py:829} INFO - Processing file /opt/airflow/dags/Dags.py for tasks to queue
[2023-11-08T08:54:40.206+0000] {logging_mixin.py:151} INFO - [2023-11-08T08:54:40.205+0000] {dagbag.py:539} INFO - Filling up the DagBag from /opt/airflow/dags/Dags.py
[2023-11-08T08:54:41.244+0000] {processor.py:839} INFO - DAG(s) dict_keys(['covid_data_dag']) retrieved from /opt/airflow/dags/Dags.py
[2023-11-08T08:54:41.293+0000] {logging_mixin.py:151} INFO - [2023-11-08T08:54:41.292+0000] {dag.py:2915} INFO - Sync 1 DAGs
[2023-11-08T08:54:41.333+0000] {logging_mixin.py:151} INFO - [2023-11-08T08:54:41.333+0000] {dag.py:3696} INFO - Setting next_dagrun for covid_data_dag to 2023-11-08T00:00:00+00:00, run_after=2023-11-09T00:00:00+00:00
[2023-11-08T08:54:41.367+0000] {processor.py:179} INFO - Processing /opt/airflow/dags/Dags.py took 1.201 seconds
[2023-11-08T08:55:11.802+0000] {processor.py:157} INFO - Started process (PID=336) to work on /opt/airflow/dags/Dags.py
[2023-11-08T08:55:11.806+0000] {processor.py:829} INFO - Processing file /opt/airflow/dags/Dags.py for tasks to queue
[2023-11-08T08:55:11.814+0000] {logging_mixin.py:151} INFO - [2023-11-08T08:55:11.812+0000] {dagbag.py:539} INFO - Filling up the DagBag from /opt/airflow/dags/Dags.py
[2023-11-08T08:55:13.482+0000] {processor.py:839} INFO - DAG(s) dict_keys(['covid_data_dag']) retrieved from /opt/airflow/dags/Dags.py
[2023-11-08T08:55:13.568+0000] {logging_mixin.py:151} INFO - [2023-11-08T08:55:13.567+0000] {dag.py:2915} INFO - Sync 1 DAGs
[2023-11-08T08:55:13.611+0000] {logging_mixin.py:151} INFO - [2023-11-08T08:55:13.611+0000] {dag.py:3696} INFO - Setting next_dagrun for covid_data_dag to 2023-11-08T00:00:00+00:00, run_after=2023-11-09T00:00:00+00:00
[2023-11-08T08:55:13.648+0000] {processor.py:179} INFO - Processing /opt/airflow/dags/Dags.py took 1.896 seconds
[2023-11-08T08:55:44.193+0000] {processor.py:157} INFO - Started process (PID=362) to work on /opt/airflow/dags/Dags.py
[2023-11-08T08:55:44.197+0000] {processor.py:829} INFO - Processing file /opt/airflow/dags/Dags.py for tasks to queue
[2023-11-08T08:55:44.200+0000] {logging_mixin.py:151} INFO - [2023-11-08T08:55:44.199+0000] {dagbag.py:539} INFO - Filling up the DagBag from /opt/airflow/dags/Dags.py
[2023-11-08T08:55:45.092+0000] {processor.py:839} INFO - DAG(s) dict_keys(['covid_data_dag']) retrieved from /opt/airflow/dags/Dags.py
[2023-11-08T08:55:45.186+0000] {logging_mixin.py:151} INFO - [2023-11-08T08:55:45.183+0000] {dag.py:2915} INFO - Sync 1 DAGs
[2023-11-08T08:55:45.228+0000] {logging_mixin.py:151} INFO - [2023-11-08T08:55:45.228+0000] {dag.py:3696} INFO - Setting next_dagrun for covid_data_dag to 2023-11-08T00:00:00+00:00, run_after=2023-11-09T00:00:00+00:00
[2023-11-08T08:55:45.279+0000] {processor.py:179} INFO - Processing /opt/airflow/dags/Dags.py took 1.099 seconds
[2023-11-08T08:56:15.946+0000] {processor.py:157} INFO - Started process (PID=385) to work on /opt/airflow/dags/Dags.py
[2023-11-08T08:56:15.954+0000] {processor.py:829} INFO - Processing file /opt/airflow/dags/Dags.py for tasks to queue
[2023-11-08T08:56:15.963+0000] {logging_mixin.py:151} INFO - [2023-11-08T08:56:15.959+0000] {dagbag.py:539} INFO - Filling up the DagBag from /opt/airflow/dags/Dags.py
[2023-11-08T08:56:17.893+0000] {processor.py:839} INFO - DAG(s) dict_keys(['covid_data_dag']) retrieved from /opt/airflow/dags/Dags.py
[2023-11-08T08:56:17.984+0000] {logging_mixin.py:151} INFO - [2023-11-08T08:56:17.984+0000] {dag.py:2915} INFO - Sync 1 DAGs
[2023-11-08T08:56:18.098+0000] {logging_mixin.py:151} INFO - [2023-11-08T08:56:18.097+0000] {dag.py:3696} INFO - Setting next_dagrun for covid_data_dag to 2023-11-08T00:00:00+00:00, run_after=2023-11-09T00:00:00+00:00
[2023-11-08T08:56:18.156+0000] {processor.py:179} INFO - Processing /opt/airflow/dags/Dags.py took 2.275 seconds
[2023-11-08T08:56:48.310+0000] {processor.py:157} INFO - Started process (PID=407) to work on /opt/airflow/dags/Dags.py
[2023-11-08T08:56:48.311+0000] {processor.py:829} INFO - Processing file /opt/airflow/dags/Dags.py for tasks to queue
[2023-11-08T08:56:48.313+0000] {logging_mixin.py:151} INFO - [2023-11-08T08:56:48.313+0000] {dagbag.py:539} INFO - Filling up the DagBag from /opt/airflow/dags/Dags.py
[2023-11-08T08:56:49.180+0000] {processor.py:839} INFO - DAG(s) dict_keys(['covid_data_dag']) retrieved from /opt/airflow/dags/Dags.py
[2023-11-08T08:56:49.226+0000] {logging_mixin.py:151} INFO - [2023-11-08T08:56:49.225+0000] {dag.py:2915} INFO - Sync 1 DAGs
[2023-11-08T08:56:49.265+0000] {logging_mixin.py:151} INFO - [2023-11-08T08:56:49.264+0000] {dag.py:3696} INFO - Setting next_dagrun for covid_data_dag to 2023-11-08T00:00:00+00:00, run_after=2023-11-09T00:00:00+00:00
[2023-11-08T08:56:49.349+0000] {processor.py:179} INFO - Processing /opt/airflow/dags/Dags.py took 1.046 seconds
[2023-11-08T08:57:19.717+0000] {processor.py:157} INFO - Started process (PID=425) to work on /opt/airflow/dags/Dags.py
[2023-11-08T08:57:19.719+0000] {processor.py:829} INFO - Processing file /opt/airflow/dags/Dags.py for tasks to queue
[2023-11-08T08:57:19.721+0000] {logging_mixin.py:151} INFO - [2023-11-08T08:57:19.720+0000] {dagbag.py:539} INFO - Filling up the DagBag from /opt/airflow/dags/Dags.py
[2023-11-08T08:57:20.412+0000] {processor.py:839} INFO - DAG(s) dict_keys(['covid_data_dag']) retrieved from /opt/airflow/dags/Dags.py
[2023-11-08T08:57:20.474+0000] {logging_mixin.py:151} INFO - [2023-11-08T08:57:20.473+0000] {dag.py:2915} INFO - Sync 1 DAGs
[2023-11-08T08:57:20.519+0000] {logging_mixin.py:151} INFO - [2023-11-08T08:57:20.519+0000] {dag.py:3696} INFO - Setting next_dagrun for covid_data_dag to 2023-11-08T00:00:00+00:00, run_after=2023-11-09T00:00:00+00:00
[2023-11-08T08:57:20.550+0000] {processor.py:179} INFO - Processing /opt/airflow/dags/Dags.py took 0.839 seconds
[2023-11-08T08:57:51.107+0000] {processor.py:157} INFO - Started process (PID=444) to work on /opt/airflow/dags/Dags.py
[2023-11-08T08:57:51.108+0000] {processor.py:829} INFO - Processing file /opt/airflow/dags/Dags.py for tasks to queue
[2023-11-08T08:57:51.110+0000] {logging_mixin.py:151} INFO - [2023-11-08T08:57:51.110+0000] {dagbag.py:539} INFO - Filling up the DagBag from /opt/airflow/dags/Dags.py
[2023-11-08T08:57:51.821+0000] {processor.py:839} INFO - DAG(s) dict_keys(['covid_data_dag']) retrieved from /opt/airflow/dags/Dags.py
[2023-11-08T08:57:51.867+0000] {logging_mixin.py:151} INFO - [2023-11-08T08:57:51.866+0000] {dag.py:2915} INFO - Sync 1 DAGs
[2023-11-08T08:57:51.905+0000] {logging_mixin.py:151} INFO - [2023-11-08T08:57:51.905+0000] {dag.py:3696} INFO - Setting next_dagrun for covid_data_dag to 2023-11-08T00:00:00+00:00, run_after=2023-11-09T00:00:00+00:00
[2023-11-08T08:57:51.937+0000] {processor.py:179} INFO - Processing /opt/airflow/dags/Dags.py took 0.836 seconds
[2023-11-08T08:58:22.495+0000] {processor.py:157} INFO - Started process (PID=463) to work on /opt/airflow/dags/Dags.py
[2023-11-08T08:58:22.500+0000] {processor.py:829} INFO - Processing file /opt/airflow/dags/Dags.py for tasks to queue
[2023-11-08T08:58:22.505+0000] {logging_mixin.py:151} INFO - [2023-11-08T08:58:22.504+0000] {dagbag.py:539} INFO - Filling up the DagBag from /opt/airflow/dags/Dags.py
[2023-11-08T08:58:23.997+0000] {processor.py:839} INFO - DAG(s) dict_keys(['covid_data_dag']) retrieved from /opt/airflow/dags/Dags.py
[2023-11-08T08:58:24.129+0000] {logging_mixin.py:151} INFO - [2023-11-08T08:58:24.127+0000] {dag.py:2915} INFO - Sync 1 DAGs
[2023-11-08T08:58:24.235+0000] {logging_mixin.py:151} INFO - [2023-11-08T08:58:24.234+0000] {dag.py:3696} INFO - Setting next_dagrun for covid_data_dag to 2023-11-08T00:00:00+00:00, run_after=2023-11-09T00:00:00+00:00
[2023-11-08T08:58:24.361+0000] {processor.py:179} INFO - Processing /opt/airflow/dags/Dags.py took 1.885 seconds
[2023-11-08T08:58:54.887+0000] {processor.py:157} INFO - Started process (PID=481) to work on /opt/airflow/dags/Dags.py
[2023-11-08T08:58:54.889+0000] {processor.py:829} INFO - Processing file /opt/airflow/dags/Dags.py for tasks to queue
[2023-11-08T08:58:54.890+0000] {logging_mixin.py:151} INFO - [2023-11-08T08:58:54.890+0000] {dagbag.py:539} INFO - Filling up the DagBag from /opt/airflow/dags/Dags.py
[2023-11-08T08:58:55.756+0000] {processor.py:839} INFO - DAG(s) dict_keys(['covid_data_dag']) retrieved from /opt/airflow/dags/Dags.py
[2023-11-08T08:58:55.817+0000] {logging_mixin.py:151} INFO - [2023-11-08T08:58:55.816+0000] {dag.py:2915} INFO - Sync 1 DAGs
[2023-11-08T08:58:55.861+0000] {logging_mixin.py:151} INFO - [2023-11-08T08:58:55.861+0000] {dag.py:3696} INFO - Setting next_dagrun for covid_data_dag to 2023-11-08T00:00:00+00:00, run_after=2023-11-09T00:00:00+00:00
[2023-11-08T08:58:55.902+0000] {processor.py:179} INFO - Processing /opt/airflow/dags/Dags.py took 1.021 seconds
[2023-11-08T08:59:26.651+0000] {processor.py:157} INFO - Started process (PID=501) to work on /opt/airflow/dags/Dags.py
[2023-11-08T08:59:26.653+0000] {processor.py:829} INFO - Processing file /opt/airflow/dags/Dags.py for tasks to queue
[2023-11-08T08:59:26.656+0000] {logging_mixin.py:151} INFO - [2023-11-08T08:59:26.655+0000] {dagbag.py:539} INFO - Filling up the DagBag from /opt/airflow/dags/Dags.py
[2023-11-08T08:59:27.563+0000] {processor.py:839} INFO - DAG(s) dict_keys(['covid_data_dag']) retrieved from /opt/airflow/dags/Dags.py
[2023-11-08T08:59:27.633+0000] {logging_mixin.py:151} INFO - [2023-11-08T08:59:27.632+0000] {dag.py:2915} INFO - Sync 1 DAGs
[2023-11-08T08:59:27.689+0000] {logging_mixin.py:151} INFO - [2023-11-08T08:59:27.689+0000] {dag.py:3696} INFO - Setting next_dagrun for covid_data_dag to 2023-11-08T00:00:00+00:00, run_after=2023-11-09T00:00:00+00:00
[2023-11-08T08:59:27.723+0000] {processor.py:179} INFO - Processing /opt/airflow/dags/Dags.py took 1.087 seconds
[2023-11-08T08:59:58.144+0000] {processor.py:157} INFO - Started process (PID=525) to work on /opt/airflow/dags/Dags.py
[2023-11-08T08:59:58.145+0000] {processor.py:829} INFO - Processing file /opt/airflow/dags/Dags.py for tasks to queue
[2023-11-08T08:59:58.147+0000] {logging_mixin.py:151} INFO - [2023-11-08T08:59:58.146+0000] {dagbag.py:539} INFO - Filling up the DagBag from /opt/airflow/dags/Dags.py
[2023-11-08T08:59:58.942+0000] {processor.py:839} INFO - DAG(s) dict_keys(['covid_data_dag']) retrieved from /opt/airflow/dags/Dags.py
[2023-11-08T08:59:59.035+0000] {logging_mixin.py:151} INFO - [2023-11-08T08:59:59.033+0000] {dag.py:2915} INFO - Sync 1 DAGs
[2023-11-08T08:59:59.109+0000] {logging_mixin.py:151} INFO - [2023-11-08T08:59:59.109+0000] {dag.py:3696} INFO - Setting next_dagrun for covid_data_dag to 2023-11-08T00:00:00+00:00, run_after=2023-11-09T00:00:00+00:00
[2023-11-08T08:59:59.234+0000] {processor.py:179} INFO - Processing /opt/airflow/dags/Dags.py took 1.094 seconds
[2023-11-08T09:00:29.629+0000] {processor.py:157} INFO - Started process (PID=543) to work on /opt/airflow/dags/Dags.py
[2023-11-08T09:00:29.630+0000] {processor.py:829} INFO - Processing file /opt/airflow/dags/Dags.py for tasks to queue
[2023-11-08T09:00:29.632+0000] {logging_mixin.py:151} INFO - [2023-11-08T09:00:29.632+0000] {dagbag.py:539} INFO - Filling up the DagBag from /opt/airflow/dags/Dags.py
[2023-11-08T09:00:30.742+0000] {processor.py:839} INFO - DAG(s) dict_keys(['covid_data_dag']) retrieved from /opt/airflow/dags/Dags.py
[2023-11-08T09:00:30.795+0000] {logging_mixin.py:151} INFO - [2023-11-08T09:00:30.794+0000] {dag.py:2915} INFO - Sync 1 DAGs
[2023-11-08T09:00:30.831+0000] {logging_mixin.py:151} INFO - [2023-11-08T09:00:30.831+0000] {dag.py:3696} INFO - Setting next_dagrun for covid_data_dag to 2023-11-08T00:00:00+00:00, run_after=2023-11-09T00:00:00+00:00
[2023-11-08T09:00:30.864+0000] {processor.py:179} INFO - Processing /opt/airflow/dags/Dags.py took 1.242 seconds
[2023-11-08T09:01:01.268+0000] {processor.py:157} INFO - Started process (PID=563) to work on /opt/airflow/dags/Dags.py
[2023-11-08T09:01:01.269+0000] {processor.py:829} INFO - Processing file /opt/airflow/dags/Dags.py for tasks to queue
[2023-11-08T09:01:01.272+0000] {logging_mixin.py:151} INFO - [2023-11-08T09:01:01.271+0000] {dagbag.py:539} INFO - Filling up the DagBag from /opt/airflow/dags/Dags.py
[2023-11-08T09:01:02.138+0000] {processor.py:839} INFO - DAG(s) dict_keys(['covid_data_dag']) retrieved from /opt/airflow/dags/Dags.py
[2023-11-08T09:01:02.184+0000] {logging_mixin.py:151} INFO - [2023-11-08T09:01:02.183+0000] {dag.py:2915} INFO - Sync 1 DAGs
[2023-11-08T09:01:02.222+0000] {logging_mixin.py:151} INFO - [2023-11-08T09:01:02.222+0000] {dag.py:3696} INFO - Setting next_dagrun for covid_data_dag to 2023-11-08T00:00:00+00:00, run_after=2023-11-09T00:00:00+00:00
[2023-11-08T09:01:02.308+0000] {processor.py:179} INFO - Processing /opt/airflow/dags/Dags.py took 1.050 seconds
[2023-11-08T09:01:32.913+0000] {processor.py:157} INFO - Started process (PID=581) to work on /opt/airflow/dags/Dags.py
[2023-11-08T09:01:32.916+0000] {processor.py:829} INFO - Processing file /opt/airflow/dags/Dags.py for tasks to queue
[2023-11-08T09:01:32.922+0000] {logging_mixin.py:151} INFO - [2023-11-08T09:01:32.920+0000] {dagbag.py:539} INFO - Filling up the DagBag from /opt/airflow/dags/Dags.py
[2023-11-08T09:01:34.154+0000] {processor.py:839} INFO - DAG(s) dict_keys(['covid_data_dag']) retrieved from /opt/airflow/dags/Dags.py
[2023-11-08T09:01:34.204+0000] {logging_mixin.py:151} INFO - [2023-11-08T09:01:34.203+0000] {dag.py:2915} INFO - Sync 1 DAGs
[2023-11-08T09:01:34.257+0000] {logging_mixin.py:151} INFO - [2023-11-08T09:01:34.257+0000] {dag.py:3696} INFO - Setting next_dagrun for covid_data_dag to 2023-11-08T00:00:00+00:00, run_after=2023-11-09T00:00:00+00:00
[2023-11-08T09:01:34.306+0000] {processor.py:179} INFO - Processing /opt/airflow/dags/Dags.py took 1.408 seconds
[2023-11-08T09:02:04.938+0000] {processor.py:157} INFO - Started process (PID=599) to work on /opt/airflow/dags/Dags.py
[2023-11-08T09:02:04.946+0000] {processor.py:829} INFO - Processing file /opt/airflow/dags/Dags.py for tasks to queue
[2023-11-08T09:02:04.953+0000] {logging_mixin.py:151} INFO - [2023-11-08T09:02:04.952+0000] {dagbag.py:539} INFO - Filling up the DagBag from /opt/airflow/dags/Dags.py
[2023-11-08T09:02:05.875+0000] {processor.py:839} INFO - DAG(s) dict_keys(['covid_data_dag']) retrieved from /opt/airflow/dags/Dags.py
[2023-11-08T09:02:05.921+0000] {logging_mixin.py:151} INFO - [2023-11-08T09:02:05.920+0000] {dag.py:2915} INFO - Sync 1 DAGs
[2023-11-08T09:02:05.962+0000] {logging_mixin.py:151} INFO - [2023-11-08T09:02:05.962+0000] {dag.py:3696} INFO - Setting next_dagrun for covid_data_dag to 2023-11-08T00:00:00+00:00, run_after=2023-11-09T00:00:00+00:00
[2023-11-08T09:02:06.049+0000] {processor.py:179} INFO - Processing /opt/airflow/dags/Dags.py took 1.149 seconds
[2023-11-08T09:02:36.465+0000] {processor.py:157} INFO - Started process (PID=617) to work on /opt/airflow/dags/Dags.py
[2023-11-08T09:02:36.469+0000] {processor.py:829} INFO - Processing file /opt/airflow/dags/Dags.py for tasks to queue
[2023-11-08T09:02:36.474+0000] {logging_mixin.py:151} INFO - [2023-11-08T09:02:36.472+0000] {dagbag.py:539} INFO - Filling up the DagBag from /opt/airflow/dags/Dags.py
[2023-11-08T09:02:37.734+0000] {processor.py:839} INFO - DAG(s) dict_keys(['covid_data_dag']) retrieved from /opt/airflow/dags/Dags.py
[2023-11-08T09:02:37.780+0000] {logging_mixin.py:151} INFO - [2023-11-08T09:02:37.780+0000] {dag.py:2915} INFO - Sync 1 DAGs
[2023-11-08T09:02:37.823+0000] {logging_mixin.py:151} INFO - [2023-11-08T09:02:37.823+0000] {dag.py:3696} INFO - Setting next_dagrun for covid_data_dag to 2023-11-08T00:00:00+00:00, run_after=2023-11-09T00:00:00+00:00
[2023-11-08T09:02:37.865+0000] {processor.py:179} INFO - Processing /opt/airflow/dags/Dags.py took 1.417 seconds
[2023-11-08T09:03:08.017+0000] {processor.py:157} INFO - Started process (PID=642) to work on /opt/airflow/dags/Dags.py
[2023-11-08T09:03:08.019+0000] {processor.py:829} INFO - Processing file /opt/airflow/dags/Dags.py for tasks to queue
[2023-11-08T09:03:08.021+0000] {logging_mixin.py:151} INFO - [2023-11-08T09:03:08.020+0000] {dagbag.py:539} INFO - Filling up the DagBag from /opt/airflow/dags/Dags.py
[2023-11-08T09:03:09.235+0000] {processor.py:839} INFO - DAG(s) dict_keys(['covid_data_dag']) retrieved from /opt/airflow/dags/Dags.py
[2023-11-08T09:03:09.349+0000] {logging_mixin.py:151} INFO - [2023-11-08T09:03:09.348+0000] {dag.py:2915} INFO - Sync 1 DAGs
[2023-11-08T09:03:09.391+0000] {logging_mixin.py:151} INFO - [2023-11-08T09:03:09.391+0000] {dag.py:3696} INFO - Setting next_dagrun for covid_data_dag to 2023-11-08T00:00:00+00:00, run_after=2023-11-09T00:00:00+00:00
[2023-11-08T09:03:09.426+0000] {processor.py:179} INFO - Processing /opt/airflow/dags/Dags.py took 1.415 seconds
[2023-11-08T09:03:40.030+0000] {processor.py:157} INFO - Started process (PID=659) to work on /opt/airflow/dags/Dags.py
[2023-11-08T09:03:40.033+0000] {processor.py:829} INFO - Processing file /opt/airflow/dags/Dags.py for tasks to queue
[2023-11-08T09:03:40.038+0000] {logging_mixin.py:151} INFO - [2023-11-08T09:03:40.037+0000] {dagbag.py:539} INFO - Filling up the DagBag from /opt/airflow/dags/Dags.py
[2023-11-08T09:03:40.889+0000] {processor.py:839} INFO - DAG(s) dict_keys(['covid_data_dag']) retrieved from /opt/airflow/dags/Dags.py
[2023-11-08T09:03:40.937+0000] {logging_mixin.py:151} INFO - [2023-11-08T09:03:40.936+0000] {dag.py:2915} INFO - Sync 1 DAGs
[2023-11-08T09:03:40.976+0000] {logging_mixin.py:151} INFO - [2023-11-08T09:03:40.975+0000] {dag.py:3696} INFO - Setting next_dagrun for covid_data_dag to 2023-11-08T00:00:00+00:00, run_after=2023-11-09T00:00:00+00:00
[2023-11-08T09:03:41.082+0000] {processor.py:179} INFO - Processing /opt/airflow/dags/Dags.py took 1.073 seconds
[2023-11-08T09:04:11.509+0000] {processor.py:157} INFO - Started process (PID=676) to work on /opt/airflow/dags/Dags.py
[2023-11-08T09:04:11.514+0000] {processor.py:829} INFO - Processing file /opt/airflow/dags/Dags.py for tasks to queue
[2023-11-08T09:04:11.519+0000] {logging_mixin.py:151} INFO - [2023-11-08T09:04:11.518+0000] {dagbag.py:539} INFO - Filling up the DagBag from /opt/airflow/dags/Dags.py
[2023-11-08T09:04:12.555+0000] {processor.py:839} INFO - DAG(s) dict_keys(['covid_data_dag']) retrieved from /opt/airflow/dags/Dags.py
[2023-11-08T09:04:12.737+0000] {logging_mixin.py:151} INFO - [2023-11-08T09:04:12.735+0000] {dag.py:2915} INFO - Sync 1 DAGs
[2023-11-08T09:04:12.858+0000] {logging_mixin.py:151} INFO - [2023-11-08T09:04:12.856+0000] {dag.py:3696} INFO - Setting next_dagrun for covid_data_dag to 2023-11-08T00:00:00+00:00, run_after=2023-11-09T00:00:00+00:00
[2023-11-08T09:04:13.005+0000] {processor.py:179} INFO - Processing /opt/airflow/dags/Dags.py took 1.521 seconds
[2023-11-08T09:04:43.657+0000] {processor.py:157} INFO - Started process (PID=694) to work on /opt/airflow/dags/Dags.py
[2023-11-08T09:04:43.661+0000] {processor.py:829} INFO - Processing file /opt/airflow/dags/Dags.py for tasks to queue
[2023-11-08T09:04:43.666+0000] {logging_mixin.py:151} INFO - [2023-11-08T09:04:43.665+0000] {dagbag.py:539} INFO - Filling up the DagBag from /opt/airflow/dags/Dags.py
[2023-11-08T09:04:45.116+0000] {processor.py:839} INFO - DAG(s) dict_keys(['covid_data_dag']) retrieved from /opt/airflow/dags/Dags.py
[2023-11-08T09:04:45.249+0000] {logging_mixin.py:151} INFO - [2023-11-08T09:04:45.248+0000] {dag.py:2915} INFO - Sync 1 DAGs
[2023-11-08T09:04:45.312+0000] {logging_mixin.py:151} INFO - [2023-11-08T09:04:45.311+0000] {dag.py:3696} INFO - Setting next_dagrun for covid_data_dag to 2023-11-08T00:00:00+00:00, run_after=2023-11-09T00:00:00+00:00
[2023-11-08T09:04:45.439+0000] {processor.py:179} INFO - Processing /opt/airflow/dags/Dags.py took 1.798 seconds
[2023-11-08T09:05:15.760+0000] {processor.py:157} INFO - Started process (PID=720) to work on /opt/airflow/dags/Dags.py
[2023-11-08T09:05:15.764+0000] {processor.py:829} INFO - Processing file /opt/airflow/dags/Dags.py for tasks to queue
[2023-11-08T09:05:15.771+0000] {logging_mixin.py:151} INFO - [2023-11-08T09:05:15.769+0000] {dagbag.py:539} INFO - Filling up the DagBag from /opt/airflow/dags/Dags.py
[2023-11-08T09:05:16.653+0000] {processor.py:839} INFO - DAG(s) dict_keys(['covid_data_dag']) retrieved from /opt/airflow/dags/Dags.py
[2023-11-08T09:05:16.698+0000] {logging_mixin.py:151} INFO - [2023-11-08T09:05:16.697+0000] {dag.py:2915} INFO - Sync 1 DAGs
[2023-11-08T09:05:16.736+0000] {logging_mixin.py:151} INFO - [2023-11-08T09:05:16.736+0000] {dag.py:3696} INFO - Setting next_dagrun for covid_data_dag to 2023-11-08T00:00:00+00:00, run_after=2023-11-09T00:00:00+00:00
[2023-11-08T09:05:16.842+0000] {processor.py:179} INFO - Processing /opt/airflow/dags/Dags.py took 1.115 seconds
[2023-11-08T09:05:47.207+0000] {processor.py:157} INFO - Started process (PID=741) to work on /opt/airflow/dags/Dags.py
[2023-11-08T09:05:47.211+0000] {processor.py:829} INFO - Processing file /opt/airflow/dags/Dags.py for tasks to queue
[2023-11-08T09:05:47.216+0000] {logging_mixin.py:151} INFO - [2023-11-08T09:05:47.215+0000] {dagbag.py:539} INFO - Filling up the DagBag from /opt/airflow/dags/Dags.py
[2023-11-08T09:05:48.292+0000] {processor.py:839} INFO - DAG(s) dict_keys(['covid_data_dag']) retrieved from /opt/airflow/dags/Dags.py
[2023-11-08T09:05:48.340+0000] {logging_mixin.py:151} INFO - [2023-11-08T09:05:48.339+0000] {dag.py:2915} INFO - Sync 1 DAGs
[2023-11-08T09:05:48.376+0000] {logging_mixin.py:151} INFO - [2023-11-08T09:05:48.376+0000] {dag.py:3696} INFO - Setting next_dagrun for covid_data_dag to 2023-11-08T00:00:00+00:00, run_after=2023-11-09T00:00:00+00:00
[2023-11-08T09:05:48.468+0000] {processor.py:179} INFO - Processing /opt/airflow/dags/Dags.py took 1.285 seconds
[2023-11-08T09:06:18.941+0000] {processor.py:157} INFO - Started process (PID=759) to work on /opt/airflow/dags/Dags.py
[2023-11-08T09:06:18.944+0000] {processor.py:829} INFO - Processing file /opt/airflow/dags/Dags.py for tasks to queue
[2023-11-08T09:06:18.949+0000] {logging_mixin.py:151} INFO - [2023-11-08T09:06:18.948+0000] {dagbag.py:539} INFO - Filling up the DagBag from /opt/airflow/dags/Dags.py
[2023-11-08T09:06:19.980+0000] {processor.py:839} INFO - DAG(s) dict_keys(['covid_data_dag']) retrieved from /opt/airflow/dags/Dags.py
[2023-11-08T09:06:20.032+0000] {logging_mixin.py:151} INFO - [2023-11-08T09:06:20.031+0000] {dag.py:2915} INFO - Sync 1 DAGs
[2023-11-08T09:06:20.093+0000] {logging_mixin.py:151} INFO - [2023-11-08T09:06:20.093+0000] {dag.py:3696} INFO - Setting next_dagrun for covid_data_dag to 2023-11-08T00:00:00+00:00, run_after=2023-11-09T00:00:00+00:00
[2023-11-08T09:06:20.130+0000] {processor.py:179} INFO - Processing /opt/airflow/dags/Dags.py took 1.207 seconds
[2023-11-08T09:06:50.396+0000] {processor.py:157} INFO - Started process (PID=785) to work on /opt/airflow/dags/Dags.py
[2023-11-08T09:06:50.398+0000] {processor.py:829} INFO - Processing file /opt/airflow/dags/Dags.py for tasks to queue
[2023-11-08T09:06:50.400+0000] {logging_mixin.py:151} INFO - [2023-11-08T09:06:50.399+0000] {dagbag.py:539} INFO - Filling up the DagBag from /opt/airflow/dags/Dags.py
[2023-11-08T09:06:51.662+0000] {processor.py:839} INFO - DAG(s) dict_keys(['covid_data_dag']) retrieved from /opt/airflow/dags/Dags.py
[2023-11-08T09:06:51.755+0000] {logging_mixin.py:151} INFO - [2023-11-08T09:06:51.754+0000] {dag.py:2915} INFO - Sync 1 DAGs
[2023-11-08T09:06:51.794+0000] {logging_mixin.py:151} INFO - [2023-11-08T09:06:51.794+0000] {dag.py:3696} INFO - Setting next_dagrun for covid_data_dag to 2023-11-08T00:00:00+00:00, run_after=2023-11-09T00:00:00+00:00
[2023-11-08T09:06:51.861+0000] {processor.py:179} INFO - Processing /opt/airflow/dags/Dags.py took 1.477 seconds
[2023-11-08T09:07:22.336+0000] {processor.py:157} INFO - Started process (PID=803) to work on /opt/airflow/dags/Dags.py
[2023-11-08T09:07:22.346+0000] {processor.py:829} INFO - Processing file /opt/airflow/dags/Dags.py for tasks to queue
[2023-11-08T09:07:22.350+0000] {logging_mixin.py:151} INFO - [2023-11-08T09:07:22.349+0000] {dagbag.py:539} INFO - Filling up the DagBag from /opt/airflow/dags/Dags.py
[2023-11-08T09:07:23.776+0000] {processor.py:839} INFO - DAG(s) dict_keys(['covid_data_dag']) retrieved from /opt/airflow/dags/Dags.py
[2023-11-08T09:07:23.824+0000] {logging_mixin.py:151} INFO - [2023-11-08T09:07:23.823+0000] {dag.py:2915} INFO - Sync 1 DAGs
[2023-11-08T09:07:23.865+0000] {logging_mixin.py:151} INFO - [2023-11-08T09:07:23.865+0000] {dag.py:3696} INFO - Setting next_dagrun for covid_data_dag to 2023-11-08T00:00:00+00:00, run_after=2023-11-09T00:00:00+00:00
[2023-11-08T09:07:23.900+0000] {processor.py:179} INFO - Processing /opt/airflow/dags/Dags.py took 1.570 seconds
[2023-11-08T09:07:54.168+0000] {processor.py:157} INFO - Started process (PID=832) to work on /opt/airflow/dags/Dags.py
[2023-11-08T09:07:54.170+0000] {processor.py:829} INFO - Processing file /opt/airflow/dags/Dags.py for tasks to queue
[2023-11-08T09:07:54.171+0000] {logging_mixin.py:151} INFO - [2023-11-08T09:07:54.171+0000] {dagbag.py:539} INFO - Filling up the DagBag from /opt/airflow/dags/Dags.py
[2023-11-08T09:07:55.274+0000] {processor.py:839} INFO - DAG(s) dict_keys(['covid_data_dag']) retrieved from /opt/airflow/dags/Dags.py
[2023-11-08T09:07:55.332+0000] {logging_mixin.py:151} INFO - [2023-11-08T09:07:55.330+0000] {dag.py:2915} INFO - Sync 1 DAGs
[2023-11-08T09:07:55.449+0000] {logging_mixin.py:151} INFO - [2023-11-08T09:07:55.448+0000] {dag.py:3696} INFO - Setting next_dagrun for covid_data_dag to 2023-11-08T00:00:00+00:00, run_after=2023-11-09T00:00:00+00:00
[2023-11-08T09:07:55.519+0000] {processor.py:179} INFO - Processing /opt/airflow/dags/Dags.py took 1.363 seconds
[2023-11-08T09:08:25.964+0000] {processor.py:157} INFO - Started process (PID=850) to work on /opt/airflow/dags/Dags.py
[2023-11-08T09:08:25.965+0000] {processor.py:829} INFO - Processing file /opt/airflow/dags/Dags.py for tasks to queue
[2023-11-08T09:08:25.966+0000] {logging_mixin.py:151} INFO - [2023-11-08T09:08:25.966+0000] {dagbag.py:539} INFO - Filling up the DagBag from /opt/airflow/dags/Dags.py
[2023-11-08T09:08:26.583+0000] {processor.py:839} INFO - DAG(s) dict_keys(['covid_data_dag']) retrieved from /opt/airflow/dags/Dags.py
[2023-11-08T09:08:26.629+0000] {logging_mixin.py:151} INFO - [2023-11-08T09:08:26.628+0000] {dag.py:2915} INFO - Sync 1 DAGs
[2023-11-08T09:08:26.665+0000] {logging_mixin.py:151} INFO - [2023-11-08T09:08:26.664+0000] {dag.py:3696} INFO - Setting next_dagrun for covid_data_dag to 2023-11-08T00:00:00+00:00, run_after=2023-11-09T00:00:00+00:00
[2023-11-08T09:08:26.695+0000] {processor.py:179} INFO - Processing /opt/airflow/dags/Dags.py took 0.736 seconds
[2023-11-08T09:08:57.267+0000] {processor.py:157} INFO - Started process (PID=868) to work on /opt/airflow/dags/Dags.py
[2023-11-08T09:08:57.268+0000] {processor.py:829} INFO - Processing file /opt/airflow/dags/Dags.py for tasks to queue
[2023-11-08T09:08:57.269+0000] {logging_mixin.py:151} INFO - [2023-11-08T09:08:57.269+0000] {dagbag.py:539} INFO - Filling up the DagBag from /opt/airflow/dags/Dags.py
[2023-11-08T09:08:57.790+0000] {processor.py:839} INFO - DAG(s) dict_keys(['covid_data_dag']) retrieved from /opt/airflow/dags/Dags.py
[2023-11-08T09:08:57.825+0000] {logging_mixin.py:151} INFO - [2023-11-08T09:08:57.824+0000] {dag.py:2915} INFO - Sync 1 DAGs
[2023-11-08T09:08:57.853+0000] {logging_mixin.py:151} INFO - [2023-11-08T09:08:57.852+0000] {dag.py:3696} INFO - Setting next_dagrun for covid_data_dag to 2023-11-08T00:00:00+00:00, run_after=2023-11-09T00:00:00+00:00
[2023-11-08T09:08:57.879+0000] {processor.py:179} INFO - Processing /opt/airflow/dags/Dags.py took 0.617 seconds
[2023-11-08T09:09:28.238+0000] {processor.py:157} INFO - Started process (PID=893) to work on /opt/airflow/dags/Dags.py
[2023-11-08T09:09:28.241+0000] {processor.py:829} INFO - Processing file /opt/airflow/dags/Dags.py for tasks to queue
[2023-11-08T09:09:28.245+0000] {logging_mixin.py:151} INFO - [2023-11-08T09:09:28.245+0000] {dagbag.py:539} INFO - Filling up the DagBag from /opt/airflow/dags/Dags.py
[2023-11-08T09:09:28.835+0000] {processor.py:839} INFO - DAG(s) dict_keys(['covid_data_dag']) retrieved from /opt/airflow/dags/Dags.py
[2023-11-08T09:09:28.867+0000] {logging_mixin.py:151} INFO - [2023-11-08T09:09:28.866+0000] {dag.py:2915} INFO - Sync 1 DAGs
[2023-11-08T09:09:28.898+0000] {logging_mixin.py:151} INFO - [2023-11-08T09:09:28.898+0000] {dag.py:3696} INFO - Setting next_dagrun for covid_data_dag to 2023-11-08T00:00:00+00:00, run_after=2023-11-09T00:00:00+00:00
[2023-11-08T09:09:28.921+0000] {processor.py:179} INFO - Processing /opt/airflow/dags/Dags.py took 0.690 seconds
[2023-11-08T09:09:59.583+0000] {processor.py:157} INFO - Started process (PID=912) to work on /opt/airflow/dags/Dags.py
[2023-11-08T09:09:59.587+0000] {processor.py:829} INFO - Processing file /opt/airflow/dags/Dags.py for tasks to queue
[2023-11-08T09:09:59.592+0000] {logging_mixin.py:151} INFO - [2023-11-08T09:09:59.590+0000] {dagbag.py:539} INFO - Filling up the DagBag from /opt/airflow/dags/Dags.py
[2023-11-08T09:10:00.444+0000] {processor.py:839} INFO - DAG(s) dict_keys(['covid_data_dag']) retrieved from /opt/airflow/dags/Dags.py
[2023-11-08T09:10:00.512+0000] {logging_mixin.py:151} INFO - [2023-11-08T09:10:00.511+0000] {dag.py:2915} INFO - Sync 1 DAGs
[2023-11-08T09:10:00.565+0000] {logging_mixin.py:151} INFO - [2023-11-08T09:10:00.564+0000] {dag.py:3696} INFO - Setting next_dagrun for covid_data_dag to 2023-11-08T00:00:00+00:00, run_after=2023-11-09T00:00:00+00:00
[2023-11-08T09:10:00.608+0000] {processor.py:179} INFO - Processing /opt/airflow/dags/Dags.py took 1.037 seconds
[2023-11-08T09:10:30.877+0000] {processor.py:157} INFO - Started process (PID=931) to work on /opt/airflow/dags/Dags.py
[2023-11-08T09:10:30.878+0000] {processor.py:829} INFO - Processing file /opt/airflow/dags/Dags.py for tasks to queue
[2023-11-08T09:10:30.881+0000] {logging_mixin.py:151} INFO - [2023-11-08T09:10:30.880+0000] {dagbag.py:539} INFO - Filling up the DagBag from /opt/airflow/dags/Dags.py
[2023-11-08T09:10:32.422+0000] {processor.py:839} INFO - DAG(s) dict_keys(['covid_data_dag']) retrieved from /opt/airflow/dags/Dags.py
[2023-11-08T09:10:32.526+0000] {logging_mixin.py:151} INFO - [2023-11-08T09:10:32.525+0000] {dag.py:2915} INFO - Sync 1 DAGs
[2023-11-08T09:10:32.581+0000] {logging_mixin.py:151} INFO - [2023-11-08T09:10:32.581+0000] {dag.py:3696} INFO - Setting next_dagrun for covid_data_dag to 2023-11-08T00:00:00+00:00, run_after=2023-11-09T00:00:00+00:00
[2023-11-08T09:10:32.619+0000] {processor.py:179} INFO - Processing /opt/airflow/dags/Dags.py took 1.750 seconds
[2023-11-08T09:11:02.911+0000] {processor.py:157} INFO - Started process (PID=948) to work on /opt/airflow/dags/Dags.py
[2023-11-08T09:11:02.913+0000] {processor.py:829} INFO - Processing file /opt/airflow/dags/Dags.py for tasks to queue
[2023-11-08T09:11:02.914+0000] {logging_mixin.py:151} INFO - [2023-11-08T09:11:02.914+0000] {dagbag.py:539} INFO - Filling up the DagBag from /opt/airflow/dags/Dags.py
[2023-11-08T09:11:03.402+0000] {processor.py:839} INFO - DAG(s) dict_keys(['covid_data_dag']) retrieved from /opt/airflow/dags/Dags.py
[2023-11-08T09:11:03.436+0000] {logging_mixin.py:151} INFO - [2023-11-08T09:11:03.436+0000] {dag.py:2915} INFO - Sync 1 DAGs
[2023-11-08T09:11:03.464+0000] {logging_mixin.py:151} INFO - [2023-11-08T09:11:03.464+0000] {dag.py:3696} INFO - Setting next_dagrun for covid_data_dag to 2023-11-08T00:00:00+00:00, run_after=2023-11-09T00:00:00+00:00
[2023-11-08T09:11:03.496+0000] {processor.py:179} INFO - Processing /opt/airflow/dags/Dags.py took 0.589 seconds
[2023-11-08T09:11:33.815+0000] {processor.py:157} INFO - Started process (PID=966) to work on /opt/airflow/dags/Dags.py
[2023-11-08T09:11:33.816+0000] {processor.py:829} INFO - Processing file /opt/airflow/dags/Dags.py for tasks to queue
[2023-11-08T09:11:33.817+0000] {logging_mixin.py:151} INFO - [2023-11-08T09:11:33.817+0000] {dagbag.py:539} INFO - Filling up the DagBag from /opt/airflow/dags/Dags.py
[2023-11-08T09:11:34.271+0000] {processor.py:839} INFO - DAG(s) dict_keys(['covid_data_dag']) retrieved from /opt/airflow/dags/Dags.py
[2023-11-08T09:11:34.303+0000] {logging_mixin.py:151} INFO - [2023-11-08T09:11:34.302+0000] {dag.py:2915} INFO - Sync 1 DAGs
[2023-11-08T09:11:34.329+0000] {logging_mixin.py:151} INFO - [2023-11-08T09:11:34.329+0000] {dag.py:3696} INFO - Setting next_dagrun for covid_data_dag to 2023-11-08T00:00:00+00:00, run_after=2023-11-09T00:00:00+00:00
[2023-11-08T09:11:34.351+0000] {processor.py:179} INFO - Processing /opt/airflow/dags/Dags.py took 0.540 seconds
[2023-11-08T09:12:04.644+0000] {processor.py:157} INFO - Started process (PID=992) to work on /opt/airflow/dags/Dags.py
[2023-11-08T09:12:04.645+0000] {processor.py:829} INFO - Processing file /opt/airflow/dags/Dags.py for tasks to queue
[2023-11-08T09:12:04.646+0000] {logging_mixin.py:151} INFO - [2023-11-08T09:12:04.645+0000] {dagbag.py:539} INFO - Filling up the DagBag from /opt/airflow/dags/Dags.py
[2023-11-08T09:12:05.206+0000] {processor.py:839} INFO - DAG(s) dict_keys(['covid_data_dag']) retrieved from /opt/airflow/dags/Dags.py
[2023-11-08T09:12:05.237+0000] {logging_mixin.py:151} INFO - [2023-11-08T09:12:05.236+0000] {dag.py:2915} INFO - Sync 1 DAGs
[2023-11-08T09:12:05.262+0000] {logging_mixin.py:151} INFO - [2023-11-08T09:12:05.261+0000] {dag.py:3696} INFO - Setting next_dagrun for covid_data_dag to 2023-11-08T00:00:00+00:00, run_after=2023-11-09T00:00:00+00:00
[2023-11-08T09:12:05.295+0000] {processor.py:179} INFO - Processing /opt/airflow/dags/Dags.py took 0.655 seconds
[2023-11-08T09:12:35.539+0000] {processor.py:157} INFO - Started process (PID=1009) to work on /opt/airflow/dags/Dags.py
[2023-11-08T09:12:35.540+0000] {processor.py:829} INFO - Processing file /opt/airflow/dags/Dags.py for tasks to queue
[2023-11-08T09:12:35.542+0000] {logging_mixin.py:151} INFO - [2023-11-08T09:12:35.541+0000] {dagbag.py:539} INFO - Filling up the DagBag from /opt/airflow/dags/Dags.py
[2023-11-08T09:12:36.136+0000] {processor.py:839} INFO - DAG(s) dict_keys(['covid_data_dag']) retrieved from /opt/airflow/dags/Dags.py
[2023-11-08T09:12:36.178+0000] {logging_mixin.py:151} INFO - [2023-11-08T09:12:36.177+0000] {dag.py:2915} INFO - Sync 1 DAGs
[2023-11-08T09:12:36.214+0000] {logging_mixin.py:151} INFO - [2023-11-08T09:12:36.214+0000] {dag.py:3696} INFO - Setting next_dagrun for covid_data_dag to 2023-11-08T00:00:00+00:00, run_after=2023-11-09T00:00:00+00:00
[2023-11-08T09:12:36.240+0000] {processor.py:179} INFO - Processing /opt/airflow/dags/Dags.py took 0.704 seconds
[2023-11-08T09:13:06.627+0000] {processor.py:157} INFO - Started process (PID=1036) to work on /opt/airflow/dags/Dags.py
[2023-11-08T09:13:06.628+0000] {processor.py:829} INFO - Processing file /opt/airflow/dags/Dags.py for tasks to queue
[2023-11-08T09:13:06.629+0000] {logging_mixin.py:151} INFO - [2023-11-08T09:13:06.629+0000] {dagbag.py:539} INFO - Filling up the DagBag from /opt/airflow/dags/Dags.py
[2023-11-08T09:13:07.114+0000] {processor.py:839} INFO - DAG(s) dict_keys(['covid_data_dag']) retrieved from /opt/airflow/dags/Dags.py
[2023-11-08T09:13:07.146+0000] {logging_mixin.py:151} INFO - [2023-11-08T09:13:07.145+0000] {dag.py:2915} INFO - Sync 1 DAGs
[2023-11-08T09:13:07.180+0000] {logging_mixin.py:151} INFO - [2023-11-08T09:13:07.179+0000] {dag.py:3696} INFO - Setting next_dagrun for covid_data_dag to 2023-11-08T00:00:00+00:00, run_after=2023-11-09T00:00:00+00:00
[2023-11-08T09:13:07.200+0000] {processor.py:179} INFO - Processing /opt/airflow/dags/Dags.py took 0.577 seconds
[2023-11-08T09:13:37.512+0000] {processor.py:157} INFO - Started process (PID=1054) to work on /opt/airflow/dags/Dags.py
[2023-11-08T09:13:37.513+0000] {processor.py:829} INFO - Processing file /opt/airflow/dags/Dags.py for tasks to queue
[2023-11-08T09:13:37.514+0000] {logging_mixin.py:151} INFO - [2023-11-08T09:13:37.513+0000] {dagbag.py:539} INFO - Filling up the DagBag from /opt/airflow/dags/Dags.py
[2023-11-08T09:13:37.969+0000] {processor.py:839} INFO - DAG(s) dict_keys(['covid_data_dag']) retrieved from /opt/airflow/dags/Dags.py
[2023-11-08T09:13:38.003+0000] {logging_mixin.py:151} INFO - [2023-11-08T09:13:38.002+0000] {dag.py:2915} INFO - Sync 1 DAGs
[2023-11-08T09:13:38.029+0000] {logging_mixin.py:151} INFO - [2023-11-08T09:13:38.029+0000] {dag.py:3696} INFO - Setting next_dagrun for covid_data_dag to 2023-11-08T00:00:00+00:00, run_after=2023-11-09T00:00:00+00:00
[2023-11-08T09:13:38.061+0000] {processor.py:179} INFO - Processing /opt/airflow/dags/Dags.py took 0.553 seconds
[2023-11-08T09:14:08.338+0000] {processor.py:157} INFO - Started process (PID=1073) to work on /opt/airflow/dags/Dags.py
[2023-11-08T09:14:08.340+0000] {processor.py:829} INFO - Processing file /opt/airflow/dags/Dags.py for tasks to queue
[2023-11-08T09:14:08.342+0000] {logging_mixin.py:151} INFO - [2023-11-08T09:14:08.341+0000] {dagbag.py:539} INFO - Filling up the DagBag from /opt/airflow/dags/Dags.py
[2023-11-08T09:14:08.866+0000] {processor.py:839} INFO - DAG(s) dict_keys(['covid_data_dag']) retrieved from /opt/airflow/dags/Dags.py
[2023-11-08T09:14:08.901+0000] {logging_mixin.py:151} INFO - [2023-11-08T09:14:08.900+0000] {dag.py:2915} INFO - Sync 1 DAGs
[2023-11-08T09:14:08.930+0000] {logging_mixin.py:151} INFO - [2023-11-08T09:14:08.930+0000] {dag.py:3696} INFO - Setting next_dagrun for covid_data_dag to 2023-11-08T00:00:00+00:00, run_after=2023-11-09T00:00:00+00:00
[2023-11-08T09:14:08.959+0000] {processor.py:179} INFO - Processing /opt/airflow/dags/Dags.py took 0.627 seconds
[2023-11-08T09:14:39.224+0000] {processor.py:157} INFO - Started process (PID=1098) to work on /opt/airflow/dags/Dags.py
[2023-11-08T09:14:39.225+0000] {processor.py:829} INFO - Processing file /opt/airflow/dags/Dags.py for tasks to queue
[2023-11-08T09:14:39.227+0000] {logging_mixin.py:151} INFO - [2023-11-08T09:14:39.226+0000] {dagbag.py:539} INFO - Filling up the DagBag from /opt/airflow/dags/Dags.py
[2023-11-08T09:14:39.686+0000] {processor.py:839} INFO - DAG(s) dict_keys(['covid_data_dag']) retrieved from /opt/airflow/dags/Dags.py
[2023-11-08T09:14:39.718+0000] {logging_mixin.py:151} INFO - [2023-11-08T09:14:39.718+0000] {dag.py:2915} INFO - Sync 1 DAGs
[2023-11-08T09:14:39.744+0000] {logging_mixin.py:151} INFO - [2023-11-08T09:14:39.743+0000] {dag.py:3696} INFO - Setting next_dagrun for covid_data_dag to 2023-11-08T00:00:00+00:00, run_after=2023-11-09T00:00:00+00:00
[2023-11-08T09:14:39.766+0000] {processor.py:179} INFO - Processing /opt/airflow/dags/Dags.py took 0.547 seconds
[2023-11-08T09:15:09.924+0000] {processor.py:157} INFO - Started process (PID=1116) to work on /opt/airflow/dags/Dags.py
[2023-11-08T09:15:09.925+0000] {processor.py:829} INFO - Processing file /opt/airflow/dags/Dags.py for tasks to queue
[2023-11-08T09:15:09.926+0000] {logging_mixin.py:151} INFO - [2023-11-08T09:15:09.926+0000] {dagbag.py:539} INFO - Filling up the DagBag from /opt/airflow/dags/Dags.py
[2023-11-08T09:15:10.405+0000] {processor.py:839} INFO - DAG(s) dict_keys(['covid_data_dag']) retrieved from /opt/airflow/dags/Dags.py
[2023-11-08T09:15:10.454+0000] {logging_mixin.py:151} INFO - [2023-11-08T09:15:10.453+0000] {dag.py:2915} INFO - Sync 1 DAGs
[2023-11-08T09:15:10.497+0000] {logging_mixin.py:151} INFO - [2023-11-08T09:15:10.496+0000] {dag.py:3696} INFO - Setting next_dagrun for covid_data_dag to 2023-11-08T00:00:00+00:00, run_after=2023-11-09T00:00:00+00:00
[2023-11-08T09:15:10.531+0000] {processor.py:179} INFO - Processing /opt/airflow/dags/Dags.py took 0.612 seconds
[2023-11-08T09:15:40.865+0000] {processor.py:157} INFO - Started process (PID=1142) to work on /opt/airflow/dags/Dags.py
[2023-11-08T09:15:40.866+0000] {processor.py:829} INFO - Processing file /opt/airflow/dags/Dags.py for tasks to queue
[2023-11-08T09:15:40.867+0000] {logging_mixin.py:151} INFO - [2023-11-08T09:15:40.867+0000] {dagbag.py:539} INFO - Filling up the DagBag from /opt/airflow/dags/Dags.py
[2023-11-08T09:15:41.471+0000] {processor.py:839} INFO - DAG(s) dict_keys(['covid_data_dag']) retrieved from /opt/airflow/dags/Dags.py
[2023-11-08T09:15:41.503+0000] {logging_mixin.py:151} INFO - [2023-11-08T09:15:41.502+0000] {dag.py:2915} INFO - Sync 1 DAGs
[2023-11-08T09:15:41.530+0000] {logging_mixin.py:151} INFO - [2023-11-08T09:15:41.530+0000] {dag.py:3696} INFO - Setting next_dagrun for covid_data_dag to 2023-11-08T00:00:00+00:00, run_after=2023-11-09T00:00:00+00:00
[2023-11-08T09:15:41.554+0000] {processor.py:179} INFO - Processing /opt/airflow/dags/Dags.py took 0.701 seconds
[2023-11-08T09:16:12.695+0000] {processor.py:157} INFO - Started process (PID=1165) to work on /opt/airflow/dags/Dags.py
[2023-11-08T09:16:12.702+0000] {processor.py:829} INFO - Processing file /opt/airflow/dags/Dags.py for tasks to queue
[2023-11-08T09:16:12.713+0000] {logging_mixin.py:151} INFO - [2023-11-08T09:16:12.708+0000] {dagbag.py:539} INFO - Filling up the DagBag from /opt/airflow/dags/Dags.py
[2023-11-08T09:16:21.344+0000] {processor.py:839} INFO - DAG(s) dict_keys(['covid_data_dag']) retrieved from /opt/airflow/dags/Dags.py
[2023-11-08T09:16:21.720+0000] {logging_mixin.py:151} INFO - [2023-11-08T09:16:21.719+0000] {dag.py:2915} INFO - Sync 1 DAGs
[2023-11-08T09:16:22.064+0000] {logging_mixin.py:151} INFO - [2023-11-08T09:16:22.061+0000] {dag.py:3696} INFO - Setting next_dagrun for covid_data_dag to 2023-11-08T00:00:00+00:00, run_after=2023-11-09T00:00:00+00:00
[2023-11-08T09:16:22.336+0000] {processor.py:179} INFO - Processing /opt/airflow/dags/Dags.py took 9.707 seconds
[2023-11-08T09:16:52.828+0000] {processor.py:157} INFO - Started process (PID=1199) to work on /opt/airflow/dags/Dags.py
[2023-11-08T09:16:52.830+0000] {processor.py:829} INFO - Processing file /opt/airflow/dags/Dags.py for tasks to queue
[2023-11-08T09:16:52.835+0000] {logging_mixin.py:151} INFO - [2023-11-08T09:16:52.834+0000] {dagbag.py:539} INFO - Filling up the DagBag from /opt/airflow/dags/Dags.py
[2023-11-08T09:16:53.600+0000] {processor.py:839} INFO - DAG(s) dict_keys(['covid_data_dag']) retrieved from /opt/airflow/dags/Dags.py
[2023-11-08T09:16:53.658+0000] {logging_mixin.py:151} INFO - [2023-11-08T09:16:53.657+0000] {dag.py:2915} INFO - Sync 1 DAGs
[2023-11-08T09:16:53.691+0000] {logging_mixin.py:151} INFO - [2023-11-08T09:16:53.690+0000] {dag.py:3696} INFO - Setting next_dagrun for covid_data_dag to 2023-11-08T00:00:00+00:00, run_after=2023-11-09T00:00:00+00:00
[2023-11-08T09:16:53.719+0000] {processor.py:179} INFO - Processing /opt/airflow/dags/Dags.py took 0.911 seconds
[2023-11-08T09:17:24.055+0000] {processor.py:157} INFO - Started process (PID=1217) to work on /opt/airflow/dags/Dags.py
[2023-11-08T09:17:24.056+0000] {processor.py:829} INFO - Processing file /opt/airflow/dags/Dags.py for tasks to queue
[2023-11-08T09:17:24.058+0000] {logging_mixin.py:151} INFO - [2023-11-08T09:17:24.057+0000] {dagbag.py:539} INFO - Filling up the DagBag from /opt/airflow/dags/Dags.py
[2023-11-08T09:17:24.542+0000] {processor.py:839} INFO - DAG(s) dict_keys(['covid_data_dag']) retrieved from /opt/airflow/dags/Dags.py
[2023-11-08T09:17:24.576+0000] {logging_mixin.py:151} INFO - [2023-11-08T09:17:24.575+0000] {dag.py:2915} INFO - Sync 1 DAGs
[2023-11-08T09:17:24.602+0000] {logging_mixin.py:151} INFO - [2023-11-08T09:17:24.602+0000] {dag.py:3696} INFO - Setting next_dagrun for covid_data_dag to 2023-11-08T00:00:00+00:00, run_after=2023-11-09T00:00:00+00:00
[2023-11-08T09:17:24.639+0000] {processor.py:179} INFO - Processing /opt/airflow/dags/Dags.py took 0.587 seconds
[2023-11-08T09:17:54.960+0000] {processor.py:157} INFO - Started process (PID=1236) to work on /opt/airflow/dags/Dags.py
[2023-11-08T09:17:54.961+0000] {processor.py:829} INFO - Processing file /opt/airflow/dags/Dags.py for tasks to queue
[2023-11-08T09:17:54.962+0000] {logging_mixin.py:151} INFO - [2023-11-08T09:17:54.962+0000] {dagbag.py:539} INFO - Filling up the DagBag from /opt/airflow/dags/Dags.py
[2023-11-08T09:17:55.439+0000] {processor.py:839} INFO - DAG(s) dict_keys(['covid_data_dag']) retrieved from /opt/airflow/dags/Dags.py
[2023-11-08T09:17:55.514+0000] {logging_mixin.py:151} INFO - [2023-11-08T09:17:55.514+0000] {dag.py:2915} INFO - Sync 1 DAGs
[2023-11-08T09:17:55.543+0000] {logging_mixin.py:151} INFO - [2023-11-08T09:17:55.543+0000] {dag.py:3696} INFO - Setting next_dagrun for covid_data_dag to 2023-11-08T00:00:00+00:00, run_after=2023-11-09T00:00:00+00:00
[2023-11-08T09:17:55.567+0000] {processor.py:179} INFO - Processing /opt/airflow/dags/Dags.py took 0.611 seconds
[2023-11-08T09:18:25.867+0000] {processor.py:157} INFO - Started process (PID=1263) to work on /opt/airflow/dags/Dags.py
[2023-11-08T09:18:25.868+0000] {processor.py:829} INFO - Processing file /opt/airflow/dags/Dags.py for tasks to queue
[2023-11-08T09:18:25.871+0000] {logging_mixin.py:151} INFO - [2023-11-08T09:18:25.870+0000] {dagbag.py:539} INFO - Filling up the DagBag from /opt/airflow/dags/Dags.py
[2023-11-08T09:18:26.349+0000] {processor.py:839} INFO - DAG(s) dict_keys(['covid_data_dag']) retrieved from /opt/airflow/dags/Dags.py
[2023-11-08T09:18:26.381+0000] {logging_mixin.py:151} INFO - [2023-11-08T09:18:26.380+0000] {dag.py:2915} INFO - Sync 1 DAGs
[2023-11-08T09:18:26.410+0000] {logging_mixin.py:151} INFO - [2023-11-08T09:18:26.410+0000] {dag.py:3696} INFO - Setting next_dagrun for covid_data_dag to 2023-11-08T00:00:00+00:00, run_after=2023-11-09T00:00:00+00:00
[2023-11-08T09:18:26.432+0000] {processor.py:179} INFO - Processing /opt/airflow/dags/Dags.py took 0.575 seconds
[2023-11-08T09:18:56.763+0000] {processor.py:157} INFO - Started process (PID=1281) to work on /opt/airflow/dags/Dags.py
[2023-11-08T09:18:56.764+0000] {processor.py:829} INFO - Processing file /opt/airflow/dags/Dags.py for tasks to queue
[2023-11-08T09:18:56.765+0000] {logging_mixin.py:151} INFO - [2023-11-08T09:18:56.765+0000] {dagbag.py:539} INFO - Filling up the DagBag from /opt/airflow/dags/Dags.py
[2023-11-08T09:18:57.219+0000] {processor.py:839} INFO - DAG(s) dict_keys(['covid_data_dag']) retrieved from /opt/airflow/dags/Dags.py
[2023-11-08T09:18:57.251+0000] {logging_mixin.py:151} INFO - [2023-11-08T09:18:57.251+0000] {dag.py:2915} INFO - Sync 1 DAGs
[2023-11-08T09:18:57.279+0000] {logging_mixin.py:151} INFO - [2023-11-08T09:18:57.278+0000] {dag.py:3696} INFO - Setting next_dagrun for covid_data_dag to 2023-11-08T00:00:00+00:00, run_after=2023-11-09T00:00:00+00:00
[2023-11-08T09:18:57.303+0000] {processor.py:179} INFO - Processing /opt/airflow/dags/Dags.py took 0.543 seconds
[2023-11-08T09:19:27.379+0000] {processor.py:157} INFO - Started process (PID=1308) to work on /opt/airflow/dags/Dags.py
[2023-11-08T09:19:27.380+0000] {processor.py:829} INFO - Processing file /opt/airflow/dags/Dags.py for tasks to queue
[2023-11-08T09:19:27.381+0000] {logging_mixin.py:151} INFO - [2023-11-08T09:19:27.381+0000] {dagbag.py:539} INFO - Filling up the DagBag from /opt/airflow/dags/Dags.py
[2023-11-08T09:19:27.854+0000] {processor.py:839} INFO - DAG(s) dict_keys(['covid_data_dag']) retrieved from /opt/airflow/dags/Dags.py
[2023-11-08T09:19:27.890+0000] {logging_mixin.py:151} INFO - [2023-11-08T09:19:27.889+0000] {dag.py:2915} INFO - Sync 1 DAGs
[2023-11-08T09:19:27.921+0000] {logging_mixin.py:151} INFO - [2023-11-08T09:19:27.920+0000] {dag.py:3696} INFO - Setting next_dagrun for covid_data_dag to 2023-11-08T00:00:00+00:00, run_after=2023-11-09T00:00:00+00:00
[2023-11-08T09:19:27.962+0000] {processor.py:179} INFO - Processing /opt/airflow/dags/Dags.py took 0.588 seconds
[2023-11-08T09:19:58.314+0000] {processor.py:157} INFO - Started process (PID=1327) to work on /opt/airflow/dags/Dags.py
[2023-11-08T09:19:58.315+0000] {processor.py:829} INFO - Processing file /opt/airflow/dags/Dags.py for tasks to queue
[2023-11-08T09:19:58.317+0000] {logging_mixin.py:151} INFO - [2023-11-08T09:19:58.316+0000] {dagbag.py:539} INFO - Filling up the DagBag from /opt/airflow/dags/Dags.py
[2023-11-08T09:19:58.917+0000] {processor.py:839} INFO - DAG(s) dict_keys(['covid_data_dag']) retrieved from /opt/airflow/dags/Dags.py
[2023-11-08T09:19:58.952+0000] {logging_mixin.py:151} INFO - [2023-11-08T09:19:58.952+0000] {dag.py:2915} INFO - Sync 1 DAGs
[2023-11-08T09:19:58.985+0000] {logging_mixin.py:151} INFO - [2023-11-08T09:19:58.985+0000] {dag.py:3696} INFO - Setting next_dagrun for covid_data_dag to 2023-11-08T00:00:00+00:00, run_after=2023-11-09T00:00:00+00:00
[2023-11-08T09:19:59.013+0000] {processor.py:179} INFO - Processing /opt/airflow/dags/Dags.py took 0.706 seconds
