[2023-11-08T10:59:49.983+0000] {taskinstance.py:1157} INFO - Dependencies all met for dep_context=non-requeueable deps ti=<TaskInstance: covid_data_dag.create_vaccinations_table manual__2023-11-08T10:59:26.148555+00:00 [queued]>
[2023-11-08T10:59:50.033+0000] {taskinstance.py:1157} INFO - Dependencies all met for dep_context=requeueable deps ti=<TaskInstance: covid_data_dag.create_vaccinations_table manual__2023-11-08T10:59:26.148555+00:00 [queued]>
[2023-11-08T10:59:50.036+0000] {taskinstance.py:1359} INFO - Starting attempt 1 of 2
[2023-11-08T10:59:50.129+0000] {taskinstance.py:1380} INFO - Executing <Task(PostgresOperator): create_vaccinations_table> on 2023-11-08 10:59:26.148555+00:00
[2023-11-08T10:59:50.168+0000] {standard_task_runner.py:57} INFO - Started process 5094 to run task
[2023-11-08T10:59:50.250+0000] {standard_task_runner.py:84} INFO - Running: ['***', 'tasks', 'run', 'covid_data_dag', 'create_vaccinations_table', 'manual__2023-11-08T10:59:26.148555+00:00', '--job-id', '216', '--raw', '--subdir', 'DAGS_FOLDER/Dag_postgres.py', '--cfg-path', '/tmp/tmpu6yfr6dw']
[2023-11-08T10:59:50.256+0000] {standard_task_runner.py:85} INFO - Job 216: Subtask create_vaccinations_table
[2023-11-08T10:59:50.417+0000] {task_command.py:415} INFO - Running <TaskInstance: covid_data_dag.create_vaccinations_table manual__2023-11-08T10:59:26.148555+00:00 [running]> on host 172.21.0.5
[2023-11-08T10:59:50.810+0000] {taskinstance.py:1660} INFO - Exporting env vars: AIRFLOW_CTX_DAG_OWNER='***' AIRFLOW_CTX_DAG_ID='covid_data_dag' AIRFLOW_CTX_TASK_ID='create_vaccinations_table' AIRFLOW_CTX_EXECUTION_DATE='2023-11-08T10:59:26.148555+00:00' AIRFLOW_CTX_TRY_NUMBER='1' AIRFLOW_CTX_DAG_RUN_ID='manual__2023-11-08T10:59:26.148555+00:00'
[2023-11-08T10:59:50.812+0000] {sql.py:274} INFO - Executing: CREATE TABLE IF NOT EXISTS vaccinations (id SERIAL PRIMARY KEY,iso_code VARCHAR(10),date DATE,total_vaccinations INTEGER,people_vaccinated INTEGER,people_fully_vaccinated INTEGER,daily_vaccinations_raw INTEGER,daily_vaccinations INTEGER,total_vaccinations_per_hundred FLOAT,people_vaccinated_per_hundred FLOAT,people_fully_vaccinated_per_hundred FLOAT,daily_vaccinations_per_million INTEGER,vaccines VARCHAR(100),source_name VARCHAR(100),source_website VARCHAR(100));
[2023-11-08T10:59:50.863+0000] {base.py:73} INFO - Using connection ID 'postgres_default' for task execution.
[2023-11-08T10:59:50.934+0000] {base.py:73} INFO - Using connection ID 'postgres_default' for task execution.
[2023-11-08T10:59:59.129+0000] {taskinstance.py:1935} ERROR - Task failed with exception
Traceback (most recent call last):
  File "/home/airflow/.local/lib/python3.8/site-packages/airflow/providers/common/sql/operators/sql.py", line 280, in execute
    output = hook.run(
  File "/home/airflow/.local/lib/python3.8/site-packages/airflow/providers/common/sql/hooks/sql.py", line 385, in run
    with closing(self.get_conn()) as conn:
  File "/home/airflow/.local/lib/python3.8/site-packages/airflow/providers/postgres/hooks/postgres.py", line 154, in get_conn
    self.conn = psycopg2.connect(**conn_args)
  File "/home/airflow/.local/lib/python3.8/site-packages/psycopg2/__init__.py", line 122, in connect
    conn = _connect(dsn, connection_factory=connection_factory, **kwasync)
psycopg2.OperationalError: could not translate host name "postgres-jdbc-18bae82ae56-331176375b84a7d3" to address: Name or service not known

[2023-11-08T10:59:59.209+0000] {taskinstance.py:1398} INFO - Marking task as UP_FOR_RETRY. dag_id=covid_data_dag, task_id=create_vaccinations_table, execution_date=20231108T105926, start_date=20231108T105949, end_date=20231108T105959
[2023-11-08T10:59:59.273+0000] {standard_task_runner.py:104} ERROR - Failed to execute job 216 for task create_vaccinations_table (could not translate host name "postgres-jdbc-18bae82ae56-331176375b84a7d3" to address: Name or service not known
; 5094)
[2023-11-08T10:59:59.362+0000] {local_task_job_runner.py:228} INFO - Task exited with return code 1
[2023-11-08T10:59:59.510+0000] {taskinstance.py:2776} INFO - 0 downstream tasks scheduled from follow-on schedule check
