[2023-11-16T00:11:40.266+0000] {processor.py:157} INFO - Started process (PID=15574) to work on /opt/airflow/dags/Dag_postgres.py
[2023-11-16T00:11:40.267+0000] {processor.py:829} INFO - Processing file /opt/airflow/dags/Dag_postgres.py for tasks to queue
[2023-11-16T00:11:40.268+0000] {logging_mixin.py:151} INFO - [2023-11-16T00:11:40.268+0000] {dagbag.py:539} INFO - Filling up the DagBag from /opt/airflow/dags/Dag_postgres.py
[2023-11-16T00:11:43.161+0000] {processor.py:839} INFO - DAG(s) dict_keys(['covid_data_dag_postgres_plis']) retrieved from /opt/airflow/dags/Dag_postgres.py
[2023-11-16T00:11:43.438+0000] {logging_mixin.py:151} INFO - [2023-11-16T00:11:43.437+0000] {security.py:708} INFO - Not syncing DAG-level permissions for DAG 'DAG:covid_data_dag_postgres_plis' as access control is unset.
[2023-11-16T00:11:43.439+0000] {logging_mixin.py:151} INFO - [2023-11-16T00:11:43.438+0000] {dag.py:2915} INFO - Sync 1 DAGs
[2023-11-16T00:11:43.471+0000] {logging_mixin.py:151} INFO - [2023-11-16T00:11:43.471+0000] {dag.py:3696} INFO - Setting next_dagrun for covid_data_dag_postgres_plis to 2023-11-16T00:00:00+00:00, run_after=2023-11-17T00:00:00+00:00
[2023-11-16T00:11:43.514+0000] {processor.py:179} INFO - Processing /opt/airflow/dags/Dag_postgres.py took 3.254 seconds
[2023-11-16T00:12:13.718+0000] {processor.py:157} INFO - Started process (PID=15611) to work on /opt/airflow/dags/Dag_postgres.py
[2023-11-16T00:12:13.751+0000] {processor.py:829} INFO - Processing file /opt/airflow/dags/Dag_postgres.py for tasks to queue
[2023-11-16T00:12:13.753+0000] {logging_mixin.py:151} INFO - [2023-11-16T00:12:13.752+0000] {dagbag.py:539} INFO - Filling up the DagBag from /opt/airflow/dags/Dag_postgres.py
[2023-11-16T00:12:14.277+0000] {processor.py:839} INFO - DAG(s) dict_keys(['covid_data_dag_postgres_plis']) retrieved from /opt/airflow/dags/Dag_postgres.py
[2023-11-16T00:12:14.330+0000] {logging_mixin.py:151} INFO - [2023-11-16T00:12:14.329+0000] {dag.py:2915} INFO - Sync 1 DAGs
[2023-11-16T00:12:14.358+0000] {logging_mixin.py:151} INFO - [2023-11-16T00:12:14.358+0000] {dag.py:3696} INFO - Setting next_dagrun for covid_data_dag_postgres_plis to 2023-11-16T00:00:00+00:00, run_after=2023-11-17T00:00:00+00:00
[2023-11-16T00:12:14.432+0000] {processor.py:179} INFO - Processing /opt/airflow/dags/Dag_postgres.py took 0.719 seconds
[2023-11-16T00:12:44.683+0000] {processor.py:157} INFO - Started process (PID=15630) to work on /opt/airflow/dags/Dag_postgres.py
[2023-11-16T00:12:44.684+0000] {processor.py:829} INFO - Processing file /opt/airflow/dags/Dag_postgres.py for tasks to queue
[2023-11-16T00:12:44.685+0000] {logging_mixin.py:151} INFO - [2023-11-16T00:12:44.685+0000] {dagbag.py:539} INFO - Filling up the DagBag from /opt/airflow/dags/Dag_postgres.py
[2023-11-16T00:12:45.168+0000] {processor.py:839} INFO - DAG(s) dict_keys(['covid_data_dag_postgres_plis']) retrieved from /opt/airflow/dags/Dag_postgres.py
[2023-11-16T00:12:45.213+0000] {logging_mixin.py:151} INFO - [2023-11-16T00:12:45.213+0000] {dag.py:2915} INFO - Sync 1 DAGs
[2023-11-16T00:12:45.246+0000] {logging_mixin.py:151} INFO - [2023-11-16T00:12:45.246+0000] {dag.py:3696} INFO - Setting next_dagrun for covid_data_dag_postgres_plis to 2023-11-16T00:00:00+00:00, run_after=2023-11-17T00:00:00+00:00
[2023-11-16T00:12:45.276+0000] {processor.py:179} INFO - Processing /opt/airflow/dags/Dag_postgres.py took 0.599 seconds
[2023-11-16T00:13:15.593+0000] {processor.py:157} INFO - Started process (PID=15648) to work on /opt/airflow/dags/Dag_postgres.py
[2023-11-16T00:13:15.598+0000] {processor.py:829} INFO - Processing file /opt/airflow/dags/Dag_postgres.py for tasks to queue
[2023-11-16T00:13:15.608+0000] {logging_mixin.py:151} INFO - [2023-11-16T00:13:15.604+0000] {dagbag.py:539} INFO - Filling up the DagBag from /opt/airflow/dags/Dag_postgres.py
[2023-11-16T00:13:16.644+0000] {processor.py:839} INFO - DAG(s) dict_keys(['covid_data_dag_postgres_plis']) retrieved from /opt/airflow/dags/Dag_postgres.py
[2023-11-16T00:13:16.741+0000] {logging_mixin.py:151} INFO - [2023-11-16T00:13:16.740+0000] {dag.py:2915} INFO - Sync 1 DAGs
[2023-11-16T00:13:16.815+0000] {logging_mixin.py:151} INFO - [2023-11-16T00:13:16.814+0000] {dag.py:3696} INFO - Setting next_dagrun for covid_data_dag_postgres_plis to 2023-11-16T00:00:00+00:00, run_after=2023-11-17T00:00:00+00:00
[2023-11-16T00:13:16.862+0000] {processor.py:179} INFO - Processing /opt/airflow/dags/Dag_postgres.py took 1.303 seconds
[2023-11-16T00:13:47.130+0000] {processor.py:157} INFO - Started process (PID=15674) to work on /opt/airflow/dags/Dag_postgres.py
[2023-11-16T00:13:47.132+0000] {processor.py:829} INFO - Processing file /opt/airflow/dags/Dag_postgres.py for tasks to queue
[2023-11-16T00:13:47.134+0000] {logging_mixin.py:151} INFO - [2023-11-16T00:13:47.134+0000] {dagbag.py:539} INFO - Filling up the DagBag from /opt/airflow/dags/Dag_postgres.py
[2023-11-16T00:13:47.974+0000] {processor.py:839} INFO - DAG(s) dict_keys(['covid_data_dag_postgres_plis']) retrieved from /opt/airflow/dags/Dag_postgres.py
[2023-11-16T00:13:48.047+0000] {logging_mixin.py:151} INFO - [2023-11-16T00:13:48.046+0000] {dag.py:2915} INFO - Sync 1 DAGs
[2023-11-16T00:13:48.111+0000] {logging_mixin.py:151} INFO - [2023-11-16T00:13:48.110+0000] {dag.py:3696} INFO - Setting next_dagrun for covid_data_dag_postgres_plis to 2023-11-16T00:00:00+00:00, run_after=2023-11-17T00:00:00+00:00
[2023-11-16T00:13:48.198+0000] {processor.py:179} INFO - Processing /opt/airflow/dags/Dag_postgres.py took 1.094 seconds
[2023-11-16T00:14:18.539+0000] {processor.py:157} INFO - Started process (PID=15694) to work on /opt/airflow/dags/Dag_postgres.py
[2023-11-16T00:14:18.540+0000] {processor.py:829} INFO - Processing file /opt/airflow/dags/Dag_postgres.py for tasks to queue
[2023-11-16T00:14:18.542+0000] {logging_mixin.py:151} INFO - [2023-11-16T00:14:18.542+0000] {dagbag.py:539} INFO - Filling up the DagBag from /opt/airflow/dags/Dag_postgres.py
[2023-11-16T00:14:19.368+0000] {processor.py:839} INFO - DAG(s) dict_keys(['covid_data_dag_postgres_plis']) retrieved from /opt/airflow/dags/Dag_postgres.py
[2023-11-16T00:14:19.440+0000] {logging_mixin.py:151} INFO - [2023-11-16T00:14:19.439+0000] {dag.py:2915} INFO - Sync 1 DAGs
[2023-11-16T00:14:19.482+0000] {logging_mixin.py:151} INFO - [2023-11-16T00:14:19.481+0000] {dag.py:3696} INFO - Setting next_dagrun for covid_data_dag_postgres_plis to 2023-11-16T00:00:00+00:00, run_after=2023-11-17T00:00:00+00:00
[2023-11-16T00:14:19.520+0000] {processor.py:179} INFO - Processing /opt/airflow/dags/Dag_postgres.py took 0.988 seconds
[2023-11-16T00:14:50.113+0000] {processor.py:157} INFO - Started process (PID=15712) to work on /opt/airflow/dags/Dag_postgres.py
[2023-11-16T00:14:50.117+0000] {processor.py:829} INFO - Processing file /opt/airflow/dags/Dag_postgres.py for tasks to queue
[2023-11-16T00:14:50.123+0000] {logging_mixin.py:151} INFO - [2023-11-16T00:14:50.121+0000] {dagbag.py:539} INFO - Filling up the DagBag from /opt/airflow/dags/Dag_postgres.py
[2023-11-16T00:14:50.951+0000] {processor.py:839} INFO - DAG(s) dict_keys(['covid_data_dag_postgres_plis']) retrieved from /opt/airflow/dags/Dag_postgres.py
[2023-11-16T00:14:51.026+0000] {logging_mixin.py:151} INFO - [2023-11-16T00:14:51.026+0000] {dag.py:2915} INFO - Sync 1 DAGs
[2023-11-16T00:14:51.071+0000] {logging_mixin.py:151} INFO - [2023-11-16T00:14:51.071+0000] {dag.py:3696} INFO - Setting next_dagrun for covid_data_dag_postgres_plis to 2023-11-16T00:00:00+00:00, run_after=2023-11-17T00:00:00+00:00
[2023-11-16T00:14:51.109+0000] {processor.py:179} INFO - Processing /opt/airflow/dags/Dag_postgres.py took 1.014 seconds
[2023-11-16T00:15:21.651+0000] {processor.py:157} INFO - Started process (PID=15731) to work on /opt/airflow/dags/Dag_postgres.py
[2023-11-16T00:15:21.655+0000] {processor.py:829} INFO - Processing file /opt/airflow/dags/Dag_postgres.py for tasks to queue
[2023-11-16T00:15:21.660+0000] {logging_mixin.py:151} INFO - [2023-11-16T00:15:21.658+0000] {dagbag.py:539} INFO - Filling up the DagBag from /opt/airflow/dags/Dag_postgres.py
[2023-11-16T00:15:22.472+0000] {processor.py:839} INFO - DAG(s) dict_keys(['covid_data_dag_postgres_plis']) retrieved from /opt/airflow/dags/Dag_postgres.py
[2023-11-16T00:15:22.554+0000] {logging_mixin.py:151} INFO - [2023-11-16T00:15:22.553+0000] {dag.py:2915} INFO - Sync 1 DAGs
[2023-11-16T00:15:22.607+0000] {logging_mixin.py:151} INFO - [2023-11-16T00:15:22.607+0000] {dag.py:3696} INFO - Setting next_dagrun for covid_data_dag_postgres_plis to 2023-11-16T00:00:00+00:00, run_after=2023-11-17T00:00:00+00:00
[2023-11-16T00:15:22.705+0000] {processor.py:179} INFO - Processing /opt/airflow/dags/Dag_postgres.py took 1.071 seconds
[2023-11-16T00:15:53.101+0000] {processor.py:157} INFO - Started process (PID=15750) to work on /opt/airflow/dags/Dag_postgres.py
[2023-11-16T00:15:53.103+0000] {processor.py:829} INFO - Processing file /opt/airflow/dags/Dag_postgres.py for tasks to queue
[2023-11-16T00:15:53.105+0000] {logging_mixin.py:151} INFO - [2023-11-16T00:15:53.105+0000] {dagbag.py:539} INFO - Filling up the DagBag from /opt/airflow/dags/Dag_postgres.py
[2023-11-16T00:15:53.756+0000] {processor.py:839} INFO - DAG(s) dict_keys(['covid_data_dag_postgres_plis']) retrieved from /opt/airflow/dags/Dag_postgres.py
[2023-11-16T00:15:53.816+0000] {logging_mixin.py:151} INFO - [2023-11-16T00:15:53.815+0000] {dag.py:2915} INFO - Sync 1 DAGs
[2023-11-16T00:15:53.862+0000] {logging_mixin.py:151} INFO - [2023-11-16T00:15:53.861+0000] {dag.py:3696} INFO - Setting next_dagrun for covid_data_dag_postgres_plis to 2023-11-16T00:00:00+00:00, run_after=2023-11-17T00:00:00+00:00
[2023-11-16T00:15:53.949+0000] {processor.py:179} INFO - Processing /opt/airflow/dags/Dag_postgres.py took 0.856 seconds
[2023-11-16T00:16:24.488+0000] {processor.py:157} INFO - Started process (PID=15776) to work on /opt/airflow/dags/Dag_postgres.py
[2023-11-16T00:16:24.490+0000] {processor.py:829} INFO - Processing file /opt/airflow/dags/Dag_postgres.py for tasks to queue
[2023-11-16T00:16:24.492+0000] {logging_mixin.py:151} INFO - [2023-11-16T00:16:24.491+0000] {dagbag.py:539} INFO - Filling up the DagBag from /opt/airflow/dags/Dag_postgres.py
[2023-11-16T00:16:25.242+0000] {processor.py:839} INFO - DAG(s) dict_keys(['covid_data_dag_postgres_plis']) retrieved from /opt/airflow/dags/Dag_postgres.py
[2023-11-16T00:16:25.305+0000] {logging_mixin.py:151} INFO - [2023-11-16T00:16:25.303+0000] {dag.py:2915} INFO - Sync 1 DAGs
[2023-11-16T00:16:25.354+0000] {logging_mixin.py:151} INFO - [2023-11-16T00:16:25.353+0000] {dag.py:3696} INFO - Setting next_dagrun for covid_data_dag_postgres_plis to 2023-11-16T00:00:00+00:00, run_after=2023-11-17T00:00:00+00:00
[2023-11-16T00:16:25.441+0000] {processor.py:179} INFO - Processing /opt/airflow/dags/Dag_postgres.py took 0.960 seconds
[2023-11-16T00:16:56.160+0000] {processor.py:157} INFO - Started process (PID=15795) to work on /opt/airflow/dags/Dag_postgres.py
[2023-11-16T00:16:56.162+0000] {processor.py:829} INFO - Processing file /opt/airflow/dags/Dag_postgres.py for tasks to queue
[2023-11-16T00:16:56.165+0000] {logging_mixin.py:151} INFO - [2023-11-16T00:16:56.164+0000] {dagbag.py:539} INFO - Filling up the DagBag from /opt/airflow/dags/Dag_postgres.py
[2023-11-16T00:16:56.836+0000] {processor.py:839} INFO - DAG(s) dict_keys(['covid_data_dag_postgres_plis']) retrieved from /opt/airflow/dags/Dag_postgres.py
[2023-11-16T00:16:56.904+0000] {logging_mixin.py:151} INFO - [2023-11-16T00:16:56.904+0000] {dag.py:2915} INFO - Sync 1 DAGs
[2023-11-16T00:16:56.945+0000] {logging_mixin.py:151} INFO - [2023-11-16T00:16:56.944+0000] {dag.py:3696} INFO - Setting next_dagrun for covid_data_dag_postgres_plis to 2023-11-16T00:00:00+00:00, run_after=2023-11-17T00:00:00+00:00
[2023-11-16T00:16:56.983+0000] {processor.py:179} INFO - Processing /opt/airflow/dags/Dag_postgres.py took 0.831 seconds
[2023-11-16T00:17:27.555+0000] {processor.py:157} INFO - Started process (PID=15815) to work on /opt/airflow/dags/Dag_postgres.py
[2023-11-16T00:17:27.558+0000] {processor.py:829} INFO - Processing file /opt/airflow/dags/Dag_postgres.py for tasks to queue
[2023-11-16T00:17:27.565+0000] {logging_mixin.py:151} INFO - [2023-11-16T00:17:27.563+0000] {dagbag.py:539} INFO - Filling up the DagBag from /opt/airflow/dags/Dag_postgres.py
[2023-11-16T00:17:28.645+0000] {processor.py:839} INFO - DAG(s) dict_keys(['covid_data_dag_postgres_plis']) retrieved from /opt/airflow/dags/Dag_postgres.py
[2023-11-16T00:17:28.725+0000] {logging_mixin.py:151} INFO - [2023-11-16T00:17:28.724+0000] {dag.py:2915} INFO - Sync 1 DAGs
[2023-11-16T00:17:28.772+0000] {logging_mixin.py:151} INFO - [2023-11-16T00:17:28.771+0000] {dag.py:3696} INFO - Setting next_dagrun for covid_data_dag_postgres_plis to 2023-11-16T00:00:00+00:00, run_after=2023-11-17T00:00:00+00:00
[2023-11-16T00:17:28.861+0000] {processor.py:179} INFO - Processing /opt/airflow/dags/Dag_postgres.py took 1.327 seconds
[2023-11-16T00:17:59.251+0000] {processor.py:157} INFO - Started process (PID=15833) to work on /opt/airflow/dags/Dag_postgres.py
[2023-11-16T00:17:59.255+0000] {processor.py:829} INFO - Processing file /opt/airflow/dags/Dag_postgres.py for tasks to queue
[2023-11-16T00:17:59.261+0000] {logging_mixin.py:151} INFO - [2023-11-16T00:17:59.259+0000] {dagbag.py:539} INFO - Filling up the DagBag from /opt/airflow/dags/Dag_postgres.py
[2023-11-16T00:18:00.166+0000] {processor.py:839} INFO - DAG(s) dict_keys(['covid_data_dag_postgres_plis']) retrieved from /opt/airflow/dags/Dag_postgres.py
[2023-11-16T00:18:00.245+0000] {logging_mixin.py:151} INFO - [2023-11-16T00:18:00.244+0000] {dag.py:2915} INFO - Sync 1 DAGs
[2023-11-16T00:18:00.293+0000] {logging_mixin.py:151} INFO - [2023-11-16T00:18:00.293+0000] {dag.py:3696} INFO - Setting next_dagrun for covid_data_dag_postgres_plis to 2023-11-16T00:00:00+00:00, run_after=2023-11-17T00:00:00+00:00
[2023-11-16T00:18:00.334+0000] {processor.py:179} INFO - Processing /opt/airflow/dags/Dag_postgres.py took 1.105 seconds
[2023-11-16T00:18:31.008+0000] {processor.py:157} INFO - Started process (PID=15852) to work on /opt/airflow/dags/Dag_postgres.py
[2023-11-16T00:18:31.012+0000] {processor.py:829} INFO - Processing file /opt/airflow/dags/Dag_postgres.py for tasks to queue
[2023-11-16T00:18:31.018+0000] {logging_mixin.py:151} INFO - [2023-11-16T00:18:31.016+0000] {dagbag.py:539} INFO - Filling up the DagBag from /opt/airflow/dags/Dag_postgres.py
[2023-11-16T00:18:31.982+0000] {processor.py:839} INFO - DAG(s) dict_keys(['covid_data_dag_postgres_plis']) retrieved from /opt/airflow/dags/Dag_postgres.py
[2023-11-16T00:18:32.051+0000] {logging_mixin.py:151} INFO - [2023-11-16T00:18:32.050+0000] {dag.py:2915} INFO - Sync 1 DAGs
[2023-11-16T00:18:32.096+0000] {logging_mixin.py:151} INFO - [2023-11-16T00:18:32.096+0000] {dag.py:3696} INFO - Setting next_dagrun for covid_data_dag_postgres_plis to 2023-11-16T00:00:00+00:00, run_after=2023-11-17T00:00:00+00:00
[2023-11-16T00:18:32.212+0000] {processor.py:179} INFO - Processing /opt/airflow/dags/Dag_postgres.py took 1.223 seconds
