[2023-11-13T16:48:28.721+0000] {taskinstance.py:1157} INFO - Dependencies all met for dep_context=non-requeueable deps ti=<TaskInstance: covid_data_dag_postgres.wrangle_cases_deaths manual__2023-11-13T16:47:40.013412+00:00 [queued]>
[2023-11-13T16:48:28.757+0000] {taskinstance.py:1157} INFO - Dependencies all met for dep_context=requeueable deps ti=<TaskInstance: covid_data_dag_postgres.wrangle_cases_deaths manual__2023-11-13T16:47:40.013412+00:00 [queued]>
[2023-11-13T16:48:28.761+0000] {taskinstance.py:1359} INFO - Starting attempt 1 of 2
[2023-11-13T16:48:28.847+0000] {taskinstance.py:1380} INFO - Executing <Task(PythonOperator): wrangle_cases_deaths> on 2023-11-13 16:47:40.013412+00:00
[2023-11-13T16:48:28.871+0000] {standard_task_runner.py:57} INFO - Started process 566 to run task
[2023-11-13T16:48:28.890+0000] {standard_task_runner.py:84} INFO - Running: ['***', 'tasks', 'run', 'covid_data_dag_postgres', 'wrangle_cases_deaths', 'manual__2023-11-13T16:47:40.013412+00:00', '--job-id', '824', '--raw', '--subdir', 'DAGS_FOLDER/Dag_postgres.py', '--cfg-path', '/tmp/tmpvpe550oz']
[2023-11-13T16:48:28.907+0000] {standard_task_runner.py:85} INFO - Job 824: Subtask wrangle_cases_deaths
[2023-11-13T16:48:30.833+0000] {task_command.py:415} INFO - Running <TaskInstance: covid_data_dag_postgres.wrangle_cases_deaths manual__2023-11-13T16:47:40.013412+00:00 [running]> on host 172.21.0.9
[2023-11-13T16:48:31.310+0000] {taskinstance.py:1660} INFO - Exporting env vars: AIRFLOW_CTX_DAG_OWNER='***' AIRFLOW_CTX_DAG_ID='covid_data_dag_postgres' AIRFLOW_CTX_TASK_ID='wrangle_cases_deaths' AIRFLOW_CTX_EXECUTION_DATE='2023-11-13T16:47:40.013412+00:00' AIRFLOW_CTX_TRY_NUMBER='1' AIRFLOW_CTX_DAG_RUN_ID='manual__2023-11-13T16:47:40.013412+00:00'
[2023-11-13T16:48:32.439+0000] {logging_mixin.py:151} INFO - Formatting date…
[2023-11-13T16:48:32.440+0000] {taskinstance.py:1935} ERROR - Task failed with exception
Traceback (most recent call last):
  File "/home/airflow/.local/lib/python3.8/site-packages/pandas/core/indexes/base.py", line 3653, in get_loc
    return self._engine.get_loc(casted_key)
  File "pandas/_libs/index.pyx", line 147, in pandas._libs.index.IndexEngine.get_loc
  File "pandas/_libs/index.pyx", line 176, in pandas._libs.index.IndexEngine.get_loc
  File "pandas/_libs/hashtable_class_helper.pxi", line 7080, in pandas._libs.hashtable.PyObjectHashTable.get_item
  File "pandas/_libs/hashtable_class_helper.pxi", line 7088, in pandas._libs.hashtable.PyObjectHashTable.get_item
KeyError: 'date'

The above exception was the direct cause of the following exception:

Traceback (most recent call last):
  File "/home/airflow/.local/lib/python3.8/site-packages/airflow/operators/python.py", line 192, in execute
    return_value = self.execute_callable()
  File "/home/airflow/.local/lib/python3.8/site-packages/airflow/operators/python.py", line 209, in execute_callable
    return self.python_callable(*self.op_args, **self.op_kwargs)
  File "/opt/airflow/dags/Dag_postgres.py", line 122, in wrangle_cases_deaths
    df = format_date(df)
  File "/opt/airflow/dags/Dag_postgres.py", line 65, in format_date
    df["Date_reported"] = pd.to_datetime(df["date"], format="%Y-%m-%d")
  File "/home/airflow/.local/lib/python3.8/site-packages/pandas/core/frame.py", line 3761, in __getitem__
    indexer = self.columns.get_loc(key)
  File "/home/airflow/.local/lib/python3.8/site-packages/pandas/core/indexes/base.py", line 3655, in get_loc
    raise KeyError(key) from err
KeyError: 'date'
[2023-11-13T16:48:32.526+0000] {taskinstance.py:1398} INFO - Marking task as UP_FOR_RETRY. dag_id=covid_data_dag_postgres, task_id=wrangle_cases_deaths, execution_date=20231113T164740, start_date=20231113T164828, end_date=20231113T164832
[2023-11-13T16:48:32.624+0000] {standard_task_runner.py:104} ERROR - Failed to execute job 824 for task wrangle_cases_deaths ('date'; 566)
[2023-11-13T16:48:32.732+0000] {local_task_job_runner.py:228} INFO - Task exited with return code 1
[2023-11-13T16:48:32.801+0000] {taskinstance.py:2776} INFO - 0 downstream tasks scheduled from follow-on schedule check
