[2023-11-19T11:47:12.787+0000] {taskinstance.py:1157} INFO - Dependencies all met for dep_context=non-requeueable deps ti=<TaskInstance: covid_data_dag_postgres_plis.staging.create_time_table manual__2023-11-19T11:45:54.302522+00:00 [queued]>
[2023-11-19T11:47:12.855+0000] {taskinstance.py:1157} INFO - Dependencies all met for dep_context=requeueable deps ti=<TaskInstance: covid_data_dag_postgres_plis.staging.create_time_table manual__2023-11-19T11:45:54.302522+00:00 [queued]>
[2023-11-19T11:47:12.857+0000] {taskinstance.py:1359} INFO - Starting attempt 1 of 2
[2023-11-19T11:47:12.925+0000] {taskinstance.py:1380} INFO - Executing <Task(PostgresOperator): staging.create_time_table> on 2023-11-19 11:45:54.302522+00:00
[2023-11-19T11:47:12.955+0000] {standard_task_runner.py:57} INFO - Started process 3080 to run task
[2023-11-19T11:47:12.964+0000] {standard_task_runner.py:84} INFO - Running: ['***', 'tasks', 'run', 'covid_data_dag_postgres_plis', 'staging.create_time_table', 'manual__2023-11-19T11:45:54.302522+00:00', '--job-id', '1303', '--raw', '--subdir', 'DAGS_FOLDER/Dag_postgres.py', '--cfg-path', '/tmp/tmpu9rjwfll']
[2023-11-19T11:47:12.995+0000] {standard_task_runner.py:85} INFO - Job 1303: Subtask staging.create_time_table
[2023-11-19T11:47:15.818+0000] {task_command.py:415} INFO - Running <TaskInstance: covid_data_dag_postgres_plis.staging.create_time_table manual__2023-11-19T11:45:54.302522+00:00 [running]> on host 172.21.0.3
[2023-11-19T11:47:16.083+0000] {taskinstance.py:1660} INFO - Exporting env vars: AIRFLOW_CTX_DAG_OWNER='***' AIRFLOW_CTX_DAG_ID='covid_data_dag_postgres_plis' AIRFLOW_CTX_TASK_ID='staging.create_time_table' AIRFLOW_CTX_EXECUTION_DATE='2023-11-19T11:45:54.302522+00:00' AIRFLOW_CTX_TRY_NUMBER='1' AIRFLOW_CTX_DAG_RUN_ID='manual__2023-11-19T11:45:54.302522+00:00'
[2023-11-19T11:47:16.094+0000] {sql.py:274} INFO - Executing: DROP TABLE IF EXISTS time_table;
CREATE TABLE time_table (
    Date DATE,
    Week INT,
    Month INT,
    Trimester INT,
    Semester INT,
    Year INT
);
[2023-11-19T11:47:16.130+0000] {base.py:73} INFO - Using connection ID 'postgres_default' for task execution.
[2023-11-19T11:47:16.163+0000] {base.py:73} INFO - Using connection ID 'postgres_default' for task execution.
[2023-11-19T11:47:16.177+0000] {sql.py:418} INFO - Running statement: DROP TABLE IF EXISTS time_table;
CREATE TABLE time_table (
    Date DATE,
    Week INT,
    Month INT,
    Trimester INT,
    Semester INT,
    Year INT
);, parameters: None
[2023-11-19T11:47:16.230+0000] {taskinstance.py:1398} INFO - Marking task as SUCCESS. dag_id=covid_data_dag_postgres_plis, task_id=staging.create_time_table, execution_date=20231119T114554, start_date=20231119T114712, end_date=20231119T114716
[2023-11-19T11:47:16.414+0000] {local_task_job_runner.py:228} INFO - Task exited with return code 0
[2023-11-19T11:47:17.565+0000] {taskinstance.py:2776} INFO - 0 downstream tasks scheduled from follow-on schedule check
