[2023-11-24T18:37:19.895+0000] {taskinstance.py:1157} INFO - Dependencies all met for dep_context=non-requeueable deps ti=<TaskInstance: covid_data_dag_postgres_plis.staging.wrangle_cases_deaths manual__2023-11-24T17:57:47.086321+00:00 [queued]>
[2023-11-24T18:37:19.917+0000] {taskinstance.py:1157} INFO - Dependencies all met for dep_context=requeueable deps ti=<TaskInstance: covid_data_dag_postgres_plis.staging.wrangle_cases_deaths manual__2023-11-24T17:57:47.086321+00:00 [queued]>
[2023-11-24T18:37:19.918+0000] {taskinstance.py:1359} INFO - Starting attempt 2 of 2
[2023-11-24T18:37:19.943+0000] {taskinstance.py:1380} INFO - Executing <Task(PythonOperator): staging.wrangle_cases_deaths> on 2023-11-24 17:57:47.086321+00:00
[2023-11-24T18:37:19.953+0000] {standard_task_runner.py:57} INFO - Started process 3387 to run task
[2023-11-24T18:37:19.959+0000] {standard_task_runner.py:84} INFO - Running: ['***', 'tasks', 'run', 'covid_data_dag_postgres_plis', 'staging.wrangle_cases_deaths', 'manual__2023-11-24T17:57:47.086321+00:00', '--job-id', '1458', '--raw', '--subdir', 'DAGS_FOLDER/Dag_postgres.py', '--cfg-path', '/tmp/tmpa0ld7dy6']
[2023-11-24T18:37:19.965+0000] {standard_task_runner.py:85} INFO - Job 1458: Subtask staging.wrangle_cases_deaths
[2023-11-24T18:37:20.063+0000] {task_command.py:415} INFO - Running <TaskInstance: covid_data_dag_postgres_plis.staging.wrangle_cases_deaths manual__2023-11-24T17:57:47.086321+00:00 [running]> on host 172.21.0.6
[2023-11-24T18:37:20.227+0000] {taskinstance.py:1660} INFO - Exporting env vars: AIRFLOW_CTX_DAG_OWNER='***' AIRFLOW_CTX_DAG_ID='covid_data_dag_postgres_plis' AIRFLOW_CTX_TASK_ID='staging.wrangle_cases_deaths' AIRFLOW_CTX_EXECUTION_DATE='2023-11-24T17:57:47.086321+00:00' AIRFLOW_CTX_TRY_NUMBER='2' AIRFLOW_CTX_DAG_RUN_ID='manual__2023-11-24T17:57:47.086321+00:00'
[2023-11-24T18:37:22.980+0000] {logging_mixin.py:151} INFO - Formatting date…
[2023-11-24T18:37:23.660+0000] {logging_mixin.py:151} INFO - Discarding rows…
[2023-11-24T18:37:28.715+0000] {taskinstance.py:1935} ERROR - Task failed with exception
Traceback (most recent call last):
  File "/home/airflow/.local/lib/python3.8/site-packages/airflow/operators/python.py", line 192, in execute
    return_value = self.execute_callable()
  File "/home/airflow/.local/lib/python3.8/site-packages/airflow/operators/python.py", line 209, in execute_callable
    return self.python_callable(*self.op_args, **self.op_kwargs)
  File "/opt/airflow/dags/Dag_postgres.py", line 252, in _wrangle_cases_deaths
    df = _inject_population(df)
  File "/opt/airflow/dags/Dag_postgres.py", line 224, in _inject_population
    df_merged = pd.merge(df, df_population, how='left', on=['Country', 'Year'])
  File "/home/airflow/.local/lib/python3.8/site-packages/pandas/core/reshape/merge.py", line 148, in merge
    op = _MergeOperation(
  File "/home/airflow/.local/lib/python3.8/site-packages/pandas/core/reshape/merge.py", line 737, in __init__
    ) = self._get_merge_keys()
  File "/home/airflow/.local/lib/python3.8/site-packages/pandas/core/reshape/merge.py", line 1203, in _get_merge_keys
    right_keys.append(right._get_label_or_level_values(rk))
  File "/home/airflow/.local/lib/python3.8/site-packages/pandas/core/generic.py", line 1778, in _get_label_or_level_values
    raise KeyError(key)
KeyError: 'Year'
[2023-11-24T18:37:28.738+0000] {taskinstance.py:1398} INFO - Marking task as FAILED. dag_id=covid_data_dag_postgres_plis, task_id=staging.wrangle_cases_deaths, execution_date=20231124T175747, start_date=20231124T183719, end_date=20231124T183728
[2023-11-24T18:37:28.821+0000] {standard_task_runner.py:104} ERROR - Failed to execute job 1458 for task staging.wrangle_cases_deaths ('Year'; 3387)
[2023-11-24T18:37:28.886+0000] {local_task_job_runner.py:228} INFO - Task exited with return code 1
[2023-11-24T18:37:28.933+0000] {taskinstance.py:2776} INFO - 0 downstream tasks scheduled from follow-on schedule check
