[2023-11-08T13:48:10.139+0000] {taskinstance.py:1157} INFO - Dependencies all met for dep_context=non-requeueable deps ti=<TaskInstance: covid_data_dag.print_vaccinations_operator manual__2023-11-08T13:47:35.061473+00:00 [queued]>
[2023-11-08T13:48:10.153+0000] {taskinstance.py:1157} INFO - Dependencies all met for dep_context=requeueable deps ti=<TaskInstance: covid_data_dag.print_vaccinations_operator manual__2023-11-08T13:47:35.061473+00:00 [queued]>
[2023-11-08T13:48:10.154+0000] {taskinstance.py:1359} INFO - Starting attempt 2 of 2
[2023-11-08T13:48:10.172+0000] {taskinstance.py:1380} INFO - Executing <Task(PythonOperator): print_vaccinations_operator> on 2023-11-08 13:47:35.061473+00:00
[2023-11-08T13:48:10.178+0000] {standard_task_runner.py:57} INFO - Started process 6142 to run task
[2023-11-08T13:48:10.182+0000] {standard_task_runner.py:84} INFO - Running: ['***', 'tasks', 'run', 'covid_data_dag', 'print_vaccinations_operator', 'manual__2023-11-08T13:47:35.061473+00:00', '--job-id', '559', '--raw', '--subdir', 'DAGS_FOLDER/Dag_postgres.py', '--cfg-path', '/tmp/tmpx9ffsi3i']
[2023-11-08T13:48:10.185+0000] {standard_task_runner.py:85} INFO - Job 559: Subtask print_vaccinations_operator
[2023-11-08T13:48:10.235+0000] {task_command.py:415} INFO - Running <TaskInstance: covid_data_dag.print_vaccinations_operator manual__2023-11-08T13:47:35.061473+00:00 [running]> on host 172.21.0.9
[2023-11-08T13:48:10.327+0000] {taskinstance.py:1660} INFO - Exporting env vars: AIRFLOW_CTX_DAG_OWNER='***' AIRFLOW_CTX_DAG_ID='covid_data_dag' AIRFLOW_CTX_TASK_ID='print_vaccinations_operator' AIRFLOW_CTX_EXECUTION_DATE='2023-11-08T13:47:35.061473+00:00' AIRFLOW_CTX_TRY_NUMBER='2' AIRFLOW_CTX_DAG_RUN_ID='manual__2023-11-08T13:47:35.061473+00:00'
[2023-11-08T13:48:10.341+0000] {base.py:73} INFO - Using connection ID 'postgres_default' for task execution.
[2023-11-08T13:48:10.400+0000] {taskinstance.py:1935} ERROR - Task failed with exception
Traceback (most recent call last):
  File "/home/airflow/.local/lib/python3.8/site-packages/airflow/operators/python.py", line 192, in execute
    return_value = self.execute_callable()
  File "/home/airflow/.local/lib/python3.8/site-packages/airflow/operators/python.py", line 209, in execute_callable
    return self.python_callable(*self.op_args, **self.op_kwargs)
  File "/opt/airflow/dags/Dag_postgres.py", line 271, in print_vaccinations
    with open('/path/to/mo_si_vede.csv', 'w', newline='') as csvfile:
FileNotFoundError: [Errno 2] No such file or directory: '/path/to/mo_si_vede.csv'
[2023-11-08T13:48:10.420+0000] {taskinstance.py:1398} INFO - Marking task as FAILED. dag_id=covid_data_dag, task_id=print_vaccinations_operator, execution_date=20231108T134735, start_date=20231108T134810, end_date=20231108T134810
[2023-11-08T13:48:10.435+0000] {standard_task_runner.py:104} ERROR - Failed to execute job 559 for task print_vaccinations_operator ([Errno 2] No such file or directory: '/path/to/mo_si_vede.csv'; 6142)
[2023-11-08T13:48:10.475+0000] {local_task_job_runner.py:228} INFO - Task exited with return code 1
[2023-11-08T13:48:10.494+0000] {taskinstance.py:2776} INFO - 0 downstream tasks scheduled from follow-on schedule check
