[2023-11-08T10:59:49.583+0000] {taskinstance.py:1157} INFO - Dependencies all met for dep_context=non-requeueable deps ti=<TaskInstance: covid_data_dag.create_government_measures_table manual__2023-11-08T10:59:26.148555+00:00 [queued]>
[2023-11-08T10:59:49.637+0000] {taskinstance.py:1157} INFO - Dependencies all met for dep_context=requeueable deps ti=<TaskInstance: covid_data_dag.create_government_measures_table manual__2023-11-08T10:59:26.148555+00:00 [queued]>
[2023-11-08T10:59:49.638+0000] {taskinstance.py:1359} INFO - Starting attempt 1 of 2
[2023-11-08T10:59:49.704+0000] {taskinstance.py:1380} INFO - Executing <Task(PostgresOperator): create_government_measures_table> on 2023-11-08 10:59:26.148555+00:00
[2023-11-08T10:59:49.854+0000] {standard_task_runner.py:57} INFO - Started process 5090 to run task
[2023-11-08T10:59:49.899+0000] {standard_task_runner.py:84} INFO - Running: ['***', 'tasks', 'run', 'covid_data_dag', 'create_government_measures_table', 'manual__2023-11-08T10:59:26.148555+00:00', '--job-id', '211', '--raw', '--subdir', 'DAGS_FOLDER/Dag_postgres.py', '--cfg-path', '/tmp/tmpu669wice']
[2023-11-08T10:59:49.906+0000] {standard_task_runner.py:85} INFO - Job 211: Subtask create_government_measures_table
[2023-11-08T10:59:50.118+0000] {task_command.py:415} INFO - Running <TaskInstance: covid_data_dag.create_government_measures_table manual__2023-11-08T10:59:26.148555+00:00 [running]> on host 172.21.0.5
[2023-11-08T10:59:50.970+0000] {taskinstance.py:1660} INFO - Exporting env vars: AIRFLOW_CTX_DAG_OWNER='***' AIRFLOW_CTX_DAG_ID='covid_data_dag' AIRFLOW_CTX_TASK_ID='create_government_measures_table' AIRFLOW_CTX_EXECUTION_DATE='2023-11-08T10:59:26.148555+00:00' AIRFLOW_CTX_TRY_NUMBER='1' AIRFLOW_CTX_DAG_RUN_ID='manual__2023-11-08T10:59:26.148555+00:00'
[2023-11-08T10:59:50.972+0000] {sql.py:274} INFO - Executing: CREATE TABLE IF NOT EXISTS government_measures (id SERIAL PRIMARY KEY,country_name VARCHAR(100),region_name VARCHAR(100),date DATE,c1_school_closing INTEGER,c1_flag INTEGER,c2_workplace_closing INTEGER,c2_flag INTEGER,c3_cancel_public_events INTEGER,c3_flag INTEGER,c4_restrictions_on_gatherings INTEGER,c4_flag INTEGER,c5_close_public_transport INTEGER,c5_flag INTEGER,c6_stay_at_home_requirements INTEGER,c6_flag INTEGER,c7_restrictions_on_internal_movement INTEGER,c7_flag INTEGER,c8_international_travel_controls INTEGER,h1_public_information_campaigns INTEGER,h1_flag INTEGER,h2_testing_policy INTEGER,h3_contact_tracing INTEGER,h4_emergency_investment_in_healthcare INTEGER,h5_investment_in_vaccines INTEGER,m1_wildcard INTEGER,stringency_index FLOAT,stringency_index_for_display FLOAT,stringency_legacy_index FLOAT,stringency_legacy_index_for_display FLOAT,government_response_index FLOAT,government_response_index_for_display FLOAT,containment_health_index FLOAT,containment_health_index_for_display FLOAT,economic_support_index FLOAT,economic_support_index_for_display FLOAT);
[2023-11-08T10:59:51.075+0000] {base.py:73} INFO - Using connection ID 'postgres_default' for task execution.
[2023-11-08T10:59:51.176+0000] {base.py:73} INFO - Using connection ID 'postgres_default' for task execution.
[2023-11-08T10:59:55.242+0000] {taskinstance.py:1935} ERROR - Task failed with exception
Traceback (most recent call last):
  File "/home/airflow/.local/lib/python3.8/site-packages/airflow/providers/common/sql/operators/sql.py", line 280, in execute
    output = hook.run(
  File "/home/airflow/.local/lib/python3.8/site-packages/airflow/providers/common/sql/hooks/sql.py", line 385, in run
    with closing(self.get_conn()) as conn:
  File "/home/airflow/.local/lib/python3.8/site-packages/airflow/providers/postgres/hooks/postgres.py", line 154, in get_conn
    self.conn = psycopg2.connect(**conn_args)
  File "/home/airflow/.local/lib/python3.8/site-packages/psycopg2/__init__.py", line 122, in connect
    conn = _connect(dsn, connection_factory=connection_factory, **kwasync)
psycopg2.OperationalError: could not translate host name "postgres-jdbc-18bae82ae56-331176375b84a7d3" to address: Name or service not known

[2023-11-08T10:59:55.562+0000] {taskinstance.py:1398} INFO - Marking task as UP_FOR_RETRY. dag_id=covid_data_dag, task_id=create_government_measures_table, execution_date=20231108T105926, start_date=20231108T105949, end_date=20231108T105955
[2023-11-08T10:59:55.827+0000] {standard_task_runner.py:104} ERROR - Failed to execute job 211 for task create_government_measures_table (could not translate host name "postgres-jdbc-18bae82ae56-331176375b84a7d3" to address: Name or service not known
; 5090)
[2023-11-08T10:59:56.024+0000] {local_task_job_runner.py:228} INFO - Task exited with return code 1
[2023-11-08T10:59:56.217+0000] {taskinstance.py:2776} INFO - 0 downstream tasks scheduled from follow-on schedule check
