[2023-11-14T08:08:20.677+0000] {taskinstance.py:1157} INFO - Dependencies all met for dep_context=non-requeueable deps ti=<TaskInstance: covid_data_dag_postgres.wrangle_cases_deaths manual__2023-11-14T08:07:55.040338+00:00 [queued]>
[2023-11-14T08:08:20.773+0000] {taskinstance.py:1157} INFO - Dependencies all met for dep_context=requeueable deps ti=<TaskInstance: covid_data_dag_postgres.wrangle_cases_deaths manual__2023-11-14T08:07:55.040338+00:00 [queued]>
[2023-11-14T08:08:20.780+0000] {taskinstance.py:1359} INFO - Starting attempt 1 of 2
[2023-11-14T08:08:20.868+0000] {taskinstance.py:1380} INFO - Executing <Task(PythonOperator): wrangle_cases_deaths> on 2023-11-14 08:07:55.040338+00:00
[2023-11-14T08:08:20.880+0000] {standard_task_runner.py:57} INFO - Started process 501 to run task
[2023-11-14T08:08:20.911+0000] {standard_task_runner.py:84} INFO - Running: ['***', 'tasks', 'run', 'covid_data_dag_postgres', 'wrangle_cases_deaths', 'manual__2023-11-14T08:07:55.040338+00:00', '--job-id', '885', '--raw', '--subdir', 'DAGS_FOLDER/Dag_postgres.py', '--cfg-path', '/tmp/tmpwtmrinyn']
[2023-11-14T08:08:20.921+0000] {standard_task_runner.py:85} INFO - Job 885: Subtask wrangle_cases_deaths
[2023-11-14T08:08:21.614+0000] {task_command.py:415} INFO - Running <TaskInstance: covid_data_dag_postgres.wrangle_cases_deaths manual__2023-11-14T08:07:55.040338+00:00 [running]> on host 172.21.0.4
[2023-11-14T08:08:21.828+0000] {taskinstance.py:1660} INFO - Exporting env vars: AIRFLOW_CTX_DAG_OWNER='***' AIRFLOW_CTX_DAG_ID='covid_data_dag_postgres' AIRFLOW_CTX_TASK_ID='wrangle_cases_deaths' AIRFLOW_CTX_EXECUTION_DATE='2023-11-14T08:07:55.040338+00:00' AIRFLOW_CTX_TRY_NUMBER='1' AIRFLOW_CTX_DAG_RUN_ID='manual__2023-11-14T08:07:55.040338+00:00'
[2023-11-14T08:08:23.154+0000] {logging_mixin.py:151} INFO - Formatting date…
[2023-11-14T08:08:23.280+0000] {logging_mixin.py:151} INFO - Discarding rows…
[2023-11-14T08:08:23.281+0000] {taskinstance.py:1935} ERROR - Task failed with exception
Traceback (most recent call last):
  File "/home/airflow/.local/lib/python3.8/site-packages/airflow/operators/python.py", line 192, in execute
    return_value = self.execute_callable()
  File "/home/airflow/.local/lib/python3.8/site-packages/airflow/operators/python.py", line 209, in execute_callable
    return self.python_callable(*self.op_args, **self.op_kwargs)
  File "/opt/airflow/dags/Dag_postgres.py", line 124, in wrangle_cases_deaths
    df = discard_rows(df)
  File "/opt/airflow/dags/Dag_postgres.py", line 73, in discard_rows
    df.loc[df.new_cases < 0, "New_cases"] = np.nan
  File "/home/airflow/.local/lib/python3.8/site-packages/pandas/core/generic.py", line 5989, in __getattr__
    return object.__getattribute__(self, name)
AttributeError: 'DataFrame' object has no attribute 'new_cases'
[2023-11-14T08:08:23.316+0000] {taskinstance.py:1398} INFO - Marking task as UP_FOR_RETRY. dag_id=covid_data_dag_postgres, task_id=wrangle_cases_deaths, execution_date=20231114T080755, start_date=20231114T080820, end_date=20231114T080823
[2023-11-14T08:08:23.346+0000] {standard_task_runner.py:104} ERROR - Failed to execute job 885 for task wrangle_cases_deaths ('DataFrame' object has no attribute 'new_cases'; 501)
[2023-11-14T08:08:23.395+0000] {local_task_job_runner.py:228} INFO - Task exited with return code 1
[2023-11-14T08:08:23.475+0000] {taskinstance.py:2776} INFO - 0 downstream tasks scheduled from follow-on schedule check
