[2023-11-24T18:03:36.785+0000] {taskinstance.py:1157} INFO - Dependencies all met for dep_context=non-requeueable deps ti=<TaskInstance: covid_data_dag_postgres_plis.staging.create_time_table manual__2023-11-24T17:57:47.086321+00:00 [queued]>
[2023-11-24T18:03:36.900+0000] {taskinstance.py:1157} INFO - Dependencies all met for dep_context=requeueable deps ti=<TaskInstance: covid_data_dag_postgres_plis.staging.create_time_table manual__2023-11-24T17:57:47.086321+00:00 [queued]>
[2023-11-24T18:03:36.907+0000] {taskinstance.py:1359} INFO - Starting attempt 1 of 2
[2023-11-24T18:03:37.029+0000] {taskinstance.py:1380} INFO - Executing <Task(PostgresOperator): staging.create_time_table> on 2023-11-24 17:57:47.086321+00:00
[2023-11-24T18:03:37.452+0000] {standard_task_runner.py:57} INFO - Started process 2553 to run task
[2023-11-24T18:03:37.483+0000] {standard_task_runner.py:84} INFO - Running: ['***', 'tasks', 'run', 'covid_data_dag_postgres_plis', 'staging.create_time_table', 'manual__2023-11-24T17:57:47.086321+00:00', '--job-id', '1450', '--raw', '--subdir', 'DAGS_FOLDER/Dag_postgres.py', '--cfg-path', '/tmp/tmp2so_d22z']
[2023-11-24T18:03:37.498+0000] {standard_task_runner.py:85} INFO - Job 1450: Subtask staging.create_time_table
[2023-11-24T18:03:37.626+0000] {task_command.py:415} INFO - Running <TaskInstance: covid_data_dag_postgres_plis.staging.create_time_table manual__2023-11-24T17:57:47.086321+00:00 [running]> on host 172.21.0.6
[2023-11-24T18:03:37.844+0000] {taskinstance.py:1660} INFO - Exporting env vars: AIRFLOW_CTX_DAG_OWNER='***' AIRFLOW_CTX_DAG_ID='covid_data_dag_postgres_plis' AIRFLOW_CTX_TASK_ID='staging.create_time_table' AIRFLOW_CTX_EXECUTION_DATE='2023-11-24T17:57:47.086321+00:00' AIRFLOW_CTX_TRY_NUMBER='1' AIRFLOW_CTX_DAG_RUN_ID='manual__2023-11-24T17:57:47.086321+00:00'
[2023-11-24T18:03:37.846+0000] {sql.py:274} INFO - Executing: DROP TABLE IF EXISTS time_table;
CREATE TABLE time_table (
    Date DATE,
    Week INT,
    Month INT,
    Trimester INT,
    Semester INT,
    Year INT
);
[2023-11-24T18:03:37.870+0000] {base.py:73} INFO - Using connection ID 'postgres_default' for task execution.
[2023-11-24T18:03:37.892+0000] {base.py:73} INFO - Using connection ID 'postgres_default' for task execution.
[2023-11-24T18:03:37.902+0000] {sql.py:418} INFO - Running statement: DROP TABLE IF EXISTS time_table;
CREATE TABLE time_table (
    Date DATE,
    Week INT,
    Month INT,
    Trimester INT,
    Semester INT,
    Year INT
);, parameters: None
[2023-11-24T18:03:38.054+0000] {taskinstance.py:1398} INFO - Marking task as SUCCESS. dag_id=covid_data_dag_postgres_plis, task_id=staging.create_time_table, execution_date=20231124T175747, start_date=20231124T180336, end_date=20231124T180338
[2023-11-24T18:03:38.168+0000] {local_task_job_runner.py:228} INFO - Task exited with return code 0
[2023-11-24T18:03:38.299+0000] {taskinstance.py:2776} INFO - 1 downstream tasks scheduled from follow-on schedule check
