[2023-11-07T14:27:13.810+0000] {taskinstance.py:1157} INFO - Dependencies all met for dep_context=non-requeueable deps ti=<TaskInstance: covid_data_dag.create_cases_deaths_table manual__2023-11-07T14:25:55.525593+00:00 [queued]>
[2023-11-07T14:27:13.826+0000] {taskinstance.py:1157} INFO - Dependencies all met for dep_context=requeueable deps ti=<TaskInstance: covid_data_dag.create_cases_deaths_table manual__2023-11-07T14:25:55.525593+00:00 [queued]>
[2023-11-07T14:27:13.827+0000] {taskinstance.py:1359} INFO - Starting attempt 1 of 2
[2023-11-07T14:27:13.848+0000] {taskinstance.py:1380} INFO - Executing <Task(PostgresOperator): create_cases_deaths_table> on 2023-11-07 14:25:55.525593+00:00
[2023-11-07T14:27:13.855+0000] {standard_task_runner.py:57} INFO - Started process 291 to run task
[2023-11-07T14:27:13.860+0000] {standard_task_runner.py:84} INFO - Running: ['***', 'tasks', 'run', 'covid_data_dag', 'create_cases_deaths_table', 'manual__2023-11-07T14:25:55.525593+00:00', '--job-id', '96', '--raw', '--subdir', 'DAGS_FOLDER/Dags.py', '--cfg-path', '/tmp/tmp62g21t_7']
[2023-11-07T14:27:13.865+0000] {standard_task_runner.py:85} INFO - Job 96: Subtask create_cases_deaths_table
[2023-11-07T14:27:13.968+0000] {task_command.py:415} INFO - Running <TaskInstance: covid_data_dag.create_cases_deaths_table manual__2023-11-07T14:25:55.525593+00:00 [running]> on host 172.21.0.8
[2023-11-07T14:27:14.342+0000] {taskinstance.py:1660} INFO - Exporting env vars: AIRFLOW_CTX_DAG_OWNER='***' AIRFLOW_CTX_DAG_ID='covid_data_dag' AIRFLOW_CTX_TASK_ID='create_cases_deaths_table' AIRFLOW_CTX_EXECUTION_DATE='2023-11-07T14:25:55.525593+00:00' AIRFLOW_CTX_TRY_NUMBER='1' AIRFLOW_CTX_DAG_RUN_ID='manual__2023-11-07T14:25:55.525593+00:00'
[2023-11-07T14:27:14.344+0000] {sql.py:274} INFO - Executing: CREATE TABLE IF NOT EXISTS cases_deaths (id SERIAL PRIMARY KEY,date_reported DATE,country_code VARCHAR(10),country VARCHAR(100),who_region VARCHAR(100),new_cases INTEGER,cumulative_cases INTEGER,new_deaths INTEGER,cumulative_deaths INTEGER);
[2023-11-07T14:27:14.371+0000] {taskinstance.py:1935} ERROR - Task failed with exception
Traceback (most recent call last):
  File "/home/airflow/.local/lib/python3.8/site-packages/airflow/providers/common/sql/operators/sql.py", line 275, in execute
    hook = self.get_db_hook()
  File "/home/airflow/.local/lib/python3.8/site-packages/airflow/providers/common/sql/operators/sql.py", line 186, in get_db_hook
    return self._hook
  File "/usr/local/lib/python3.8/functools.py", line 967, in __get__
    val = self.func(instance)
  File "/home/airflow/.local/lib/python3.8/site-packages/airflow/providers/common/sql/operators/sql.py", line 148, in _hook
    conn = BaseHook.get_connection(conn_id)
  File "/home/airflow/.local/lib/python3.8/site-packages/airflow/hooks/base.py", line 72, in get_connection
    conn = Connection.get_connection_from_secrets(conn_id)
  File "/home/airflow/.local/lib/python3.8/site-packages/airflow/models/connection.py", line 477, in get_connection_from_secrets
    raise AirflowNotFoundException(f"The conn_id `{conn_id}` isn't defined")
airflow.exceptions.AirflowNotFoundException: The conn_id `postgres_default` isn't defined
[2023-11-07T14:27:14.378+0000] {taskinstance.py:1398} INFO - Marking task as UP_FOR_RETRY. dag_id=covid_data_dag, task_id=create_cases_deaths_table, execution_date=20231107T142555, start_date=20231107T142713, end_date=20231107T142714
[2023-11-07T14:27:14.403+0000] {standard_task_runner.py:104} ERROR - Failed to execute job 96 for task create_cases_deaths_table (The conn_id `postgres_default` isn't defined; 291)
[2023-11-07T14:27:14.445+0000] {local_task_job_runner.py:228} INFO - Task exited with return code 1
[2023-11-07T14:27:14.512+0000] {taskinstance.py:2776} INFO - 0 downstream tasks scheduled from follow-on schedule check
