[2023-11-07T10:55:02.735+0000] {taskinstance.py:1157} INFO - Dependencies all met for dep_context=non-requeueable deps ti=<TaskInstance: covid_data_dag.store_vaccinations manual__2023-11-07T10:54:36.154671+00:00 [queued]>
[2023-11-07T10:55:02.781+0000] {taskinstance.py:1157} INFO - Dependencies all met for dep_context=requeueable deps ti=<TaskInstance: covid_data_dag.store_vaccinations manual__2023-11-07T10:54:36.154671+00:00 [queued]>
[2023-11-07T10:55:02.785+0000] {taskinstance.py:1359} INFO - Starting attempt 1 of 2
[2023-11-07T10:55:02.856+0000] {taskinstance.py:1380} INFO - Executing <Task(PostgresOperator): store_vaccinations> on 2023-11-07 10:54:36.154671+00:00
[2023-11-07T10:55:02.876+0000] {standard_task_runner.py:57} INFO - Started process 2464 to run task
[2023-11-07T10:55:02.900+0000] {standard_task_runner.py:84} INFO - Running: ['***', 'tasks', 'run', 'covid_data_dag', 'store_vaccinations', 'manual__2023-11-07T10:54:36.154671+00:00', '--job-id', '54', '--raw', '--subdir', 'DAGS_FOLDER/Dags.py', '--cfg-path', '/tmp/tmpwacsf4ex']
[2023-11-07T10:55:02.916+0000] {standard_task_runner.py:85} INFO - Job 54: Subtask store_vaccinations
[2023-11-07T10:55:03.066+0000] {task_command.py:415} INFO - Running <TaskInstance: covid_data_dag.store_vaccinations manual__2023-11-07T10:54:36.154671+00:00 [running]> on host 172.21.0.8
[2023-11-07T10:55:03.208+0000] {abstractoperator.py:709} ERROR - Exception rendering Jinja template for task 'store_vaccinations', field 'sql'. Template: 'INSERT INTO vaccinations (iso_code, date, total_vaccinations, people_vaccinated, people_fully_vaccinated, daily_vaccinations_raw, daily_vaccinations, total_vaccinations_per_hundred, people_vaccinated_per_hundred, people_fully_vaccinated_per_hundred, daily_vaccinations_per_million, vaccines, source_name, source_website) SELECT iso_code, date, total_vaccinations, people_vaccinated, people_fully_vaccinated, daily_vaccinations_raw, daily_vaccinations, total_vaccinations_per_hundred, people_vaccinated_per_hundred, people_fully_vaccinated_per_hundred, daily_vaccinations_per_million, vaccines, source_name, source_website FROM csv \'{{"/opt/***/dags/vaccinations.csv"|filename}}\' WITH (FORMAT csv, HEADER true)'
Traceback (most recent call last):
  File "/home/airflow/.local/lib/python3.8/site-packages/airflow/models/abstractoperator.py", line 701, in _do_render_template_fields
    rendered_content = self.render_template(
  File "/home/airflow/.local/lib/python3.8/site-packages/airflow/template/templater.py", line 156, in render_template
    template = jinja_env.from_string(value)
  File "/home/airflow/.local/lib/python3.8/site-packages/jinja2/environment.py", line 1105, in from_string
    return cls.from_code(self, self.compile(source), gs, None)
  File "/home/airflow/.local/lib/python3.8/site-packages/jinja2/environment.py", line 768, in compile
    self.handle_exception(source=source_hint)
  File "/home/airflow/.local/lib/python3.8/site-packages/jinja2/environment.py", line 936, in handle_exception
    raise rewrite_traceback_stack(source=source)
  File "<unknown>", line 1, in template
jinja2.exceptions.TemplateAssertionError: No filter named 'filename'.
[2023-11-07T10:55:03.212+0000] {taskinstance.py:1935} ERROR - Task failed with exception
Traceback (most recent call last):
  File "/home/airflow/.local/lib/python3.8/site-packages/airflow/models/taskinstance.py", line 1516, in _run_raw_task
    self._execute_task_with_callbacks(context, test_mode, session=session)
  File "/home/airflow/.local/lib/python3.8/site-packages/airflow/models/taskinstance.py", line 1645, in _execute_task_with_callbacks
    task_orig = self.render_templates(context=context)
  File "/home/airflow/.local/lib/python3.8/site-packages/airflow/models/taskinstance.py", line 2283, in render_templates
    original_task.render_template_fields(context)
  File "/home/airflow/.local/lib/python3.8/site-packages/airflow/models/baseoperator.py", line 1245, in render_template_fields
    self._do_render_template_fields(self, self.template_fields, context, jinja_env, set())
  File "/home/airflow/.local/lib/python3.8/site-packages/airflow/utils/session.py", line 77, in wrapper
    return func(*args, session=session, **kwargs)
  File "/home/airflow/.local/lib/python3.8/site-packages/airflow/models/abstractoperator.py", line 701, in _do_render_template_fields
    rendered_content = self.render_template(
  File "/home/airflow/.local/lib/python3.8/site-packages/airflow/template/templater.py", line 156, in render_template
    template = jinja_env.from_string(value)
  File "/home/airflow/.local/lib/python3.8/site-packages/jinja2/environment.py", line 1105, in from_string
    return cls.from_code(self, self.compile(source), gs, None)
  File "/home/airflow/.local/lib/python3.8/site-packages/jinja2/environment.py", line 768, in compile
    self.handle_exception(source=source_hint)
  File "/home/airflow/.local/lib/python3.8/site-packages/jinja2/environment.py", line 936, in handle_exception
    raise rewrite_traceback_stack(source=source)
  File "<unknown>", line 1, in template
jinja2.exceptions.TemplateAssertionError: No filter named 'filename'.
[2023-11-07T10:55:03.227+0000] {taskinstance.py:1398} INFO - Marking task as UP_FOR_RETRY. dag_id=covid_data_dag, task_id=store_vaccinations, execution_date=20231107T105436, start_date=20231107T105502, end_date=20231107T105503
[2023-11-07T10:55:03.278+0000] {standard_task_runner.py:104} ERROR - Failed to execute job 54 for task store_vaccinations (No filter named 'filename'.; 2464)
[2023-11-07T10:55:03.317+0000] {local_task_job_runner.py:228} INFO - Task exited with return code 1
[2023-11-07T10:55:03.403+0000] {taskinstance.py:2776} INFO - 0 downstream tasks scheduled from follow-on schedule check
