[2023-11-23T19:20:28.488+0000] {taskinstance.py:1157} INFO - Dependencies all met for dep_context=non-requeueable deps ti=<TaskInstance: covid_data_dag_postgres_plis.staging.create_location_table manual__2023-11-23T19:18:14.833196+00:00 [queued]>
[2023-11-23T19:20:28.546+0000] {taskinstance.py:1157} INFO - Dependencies all met for dep_context=requeueable deps ti=<TaskInstance: covid_data_dag_postgres_plis.staging.create_location_table manual__2023-11-23T19:18:14.833196+00:00 [queued]>
[2023-11-23T19:20:28.550+0000] {taskinstance.py:1359} INFO - Starting attempt 1 of 2
[2023-11-23T19:20:28.630+0000] {taskinstance.py:1380} INFO - Executing <Task(PostgresOperator): staging.create_location_table> on 2023-11-23 19:18:14.833196+00:00
[2023-11-23T19:20:28.844+0000] {standard_task_runner.py:57} INFO - Started process 1841 to run task
[2023-11-23T19:20:28.972+0000] {standard_task_runner.py:84} INFO - Running: ['***', 'tasks', 'run', 'covid_data_dag_postgres_plis', 'staging.create_location_table', 'manual__2023-11-23T19:18:14.833196+00:00', '--job-id', '1394', '--raw', '--subdir', 'DAGS_FOLDER/Dag_postgres.py', '--cfg-path', '/tmp/tmpf4tcvoaa']
[2023-11-23T19:20:29.108+0000] {standard_task_runner.py:85} INFO - Job 1394: Subtask staging.create_location_table
[2023-11-23T19:20:32.225+0000] {task_command.py:415} INFO - Running <TaskInstance: covid_data_dag_postgres_plis.staging.create_location_table manual__2023-11-23T19:18:14.833196+00:00 [running]> on host 172.21.0.5
[2023-11-23T19:20:34.143+0000] {taskinstance.py:1660} INFO - Exporting env vars: AIRFLOW_CTX_DAG_OWNER='***' AIRFLOW_CTX_DAG_ID='covid_data_dag_postgres_plis' AIRFLOW_CTX_TASK_ID='staging.create_location_table' AIRFLOW_CTX_EXECUTION_DATE='2023-11-23T19:18:14.833196+00:00' AIRFLOW_CTX_TRY_NUMBER='1' AIRFLOW_CTX_DAG_RUN_ID='manual__2023-11-23T19:18:14.833196+00:00'
[2023-11-23T19:20:34.146+0000] {sql.py:274} INFO - Executing: DROP TABLE IF EXISTS location;
CREATE TABLE location (
  country VARCHAR(255),
  alpha_2 VARCHAR(2),
  alpha_3 VARCHAR(3),
  country_code INT,
  iso_3166_2 VARCHAR(255),
  region VARCHAR(255),
  sub_region VARCHAR(255),
  intermediate_region VARCHAR(255),
  region_code INT,
  sub_region_code INT,
  intermediate_region_code INT
);
[2023-11-23T19:20:34.328+0000] {base.py:73} INFO - Using connection ID 'postgres_default' for task execution.
[2023-11-23T19:20:34.440+0000] {base.py:73} INFO - Using connection ID 'postgres_default' for task execution.
[2023-11-23T19:20:34.471+0000] {sql.py:418} INFO - Running statement: DROP TABLE IF EXISTS location;
CREATE TABLE location (
  country VARCHAR(255),
  alpha_2 VARCHAR(2),
  alpha_3 VARCHAR(3),
  country_code INT,
  iso_3166_2 VARCHAR(255),
  region VARCHAR(255),
  sub_region VARCHAR(255),
  intermediate_region VARCHAR(255),
  region_code INT,
  sub_region_code INT,
  intermediate_region_code INT
);, parameters: None
[2023-11-23T19:20:34.601+0000] {taskinstance.py:1398} INFO - Marking task as SUCCESS. dag_id=covid_data_dag_postgres_plis, task_id=staging.create_location_table, execution_date=20231123T191814, start_date=20231123T192028, end_date=20231123T192034
[2023-11-23T19:20:34.926+0000] {local_task_job_runner.py:228} INFO - Task exited with return code 0
[2023-11-23T19:20:35.617+0000] {taskinstance.py:2776} INFO - 1 downstream tasks scheduled from follow-on schedule check
