[2023-11-09T10:03:48.250+0000] {taskinstance.py:1157} INFO - Dependencies all met for dep_context=non-requeueable deps ti=<TaskInstance: covid_data_dag.create_vaccinations_table manual__2023-11-09T10:03:24.362246+00:00 [queued]>
[2023-11-09T10:03:48.282+0000] {taskinstance.py:1157} INFO - Dependencies all met for dep_context=requeueable deps ti=<TaskInstance: covid_data_dag.create_vaccinations_table manual__2023-11-09T10:03:24.362246+00:00 [queued]>
[2023-11-09T10:03:48.283+0000] {taskinstance.py:1359} INFO - Starting attempt 1 of 2
[2023-11-09T10:03:48.319+0000] {taskinstance.py:1380} INFO - Executing <Task(PostgresOperator): create_vaccinations_table> on 2023-11-09 10:03:24.362246+00:00
[2023-11-09T10:03:48.330+0000] {standard_task_runner.py:57} INFO - Started process 333 to run task
[2023-11-09T10:03:48.336+0000] {standard_task_runner.py:84} INFO - Running: ['***', 'tasks', 'run', 'covid_data_dag', 'create_vaccinations_table', 'manual__2023-11-09T10:03:24.362246+00:00', '--job-id', '664', '--raw', '--subdir', 'DAGS_FOLDER/Dag_postgres.py', '--cfg-path', '/tmp/tmpi_n1abq5']
[2023-11-09T10:03:48.345+0000] {standard_task_runner.py:85} INFO - Job 664: Subtask create_vaccinations_table
[2023-11-09T10:03:48.428+0000] {task_command.py:415} INFO - Running <TaskInstance: covid_data_dag.create_vaccinations_table manual__2023-11-09T10:03:24.362246+00:00 [running]> on host 172.21.0.7
[2023-11-09T10:03:48.595+0000] {taskinstance.py:1660} INFO - Exporting env vars: AIRFLOW_CTX_DAG_OWNER='***' AIRFLOW_CTX_DAG_ID='covid_data_dag' AIRFLOW_CTX_TASK_ID='create_vaccinations_table' AIRFLOW_CTX_EXECUTION_DATE='2023-11-09T10:03:24.362246+00:00' AIRFLOW_CTX_TRY_NUMBER='1' AIRFLOW_CTX_DAG_RUN_ID='manual__2023-11-09T10:03:24.362246+00:00'
[2023-11-09T10:03:48.596+0000] {sql.py:274} INFO - Executing: DROP TABLE IF EXISTS vaccinations;
CREATE TABLE vaccinations (
id SERIAL PRIMARY KEY,
date_ DATE,
location_ VARCHAR(100),
iso_code VARCHAR(10),
total_vaccinations INTEGER,
people_vaccinated INTEGER,
people_fully_vaccinated INTEGER,
daily_vaccinations_raw INTEGER,
daily_vaccinations INTEGER,
total_vaccinations_per_hundred FLOAT,
people_vaccinated_per_hundred FLOAT,
people_fully_vaccinated_per_hundred FLOAT,
daily_vaccinations_per_million INTEGER,
daily_people_vaccinated INTEGER,
daily_people_vaccinated_per_hundred FLOAT
);
[2023-11-09T10:03:48.615+0000] {base.py:73} INFO - Using connection ID 'postgres_default' for task execution.
[2023-11-09T10:03:48.627+0000] {base.py:73} INFO - Using connection ID 'postgres_default' for task execution.
[2023-11-09T10:03:48.656+0000] {sql.py:418} INFO - Running statement: DROP TABLE IF EXISTS vaccinations;
CREATE TABLE vaccinations (
id SERIAL PRIMARY KEY,
date_ DATE,
location_ VARCHAR(100),
iso_code VARCHAR(10),
total_vaccinations INTEGER,
people_vaccinated INTEGER,
people_fully_vaccinated INTEGER,
daily_vaccinations_raw INTEGER,
daily_vaccinations INTEGER,
total_vaccinations_per_hundred FLOAT,
people_vaccinated_per_hundred FLOAT,
people_fully_vaccinated_per_hundred FLOAT,
daily_vaccinations_per_million INTEGER,
daily_people_vaccinated INTEGER,
daily_people_vaccinated_per_hundred FLOAT
);, parameters: None
[2023-11-09T10:03:48.774+0000] {taskinstance.py:1398} INFO - Marking task as SUCCESS. dag_id=covid_data_dag, task_id=create_vaccinations_table, execution_date=20231109T100324, start_date=20231109T100348, end_date=20231109T100348
[2023-11-09T10:03:48.848+0000] {local_task_job_runner.py:228} INFO - Task exited with return code 0
[2023-11-09T10:03:48.877+0000] {taskinstance.py:2776} INFO - 0 downstream tasks scheduled from follow-on schedule check
