[2023-11-08T12:49:57.188+0000] {taskinstance.py:1157} INFO - Dependencies all met for dep_context=non-requeueable deps ti=<TaskInstance: covid_data_dag.create_vaccinations_query_operator manual__2023-11-08T12:47:59.375380+00:00 [queued]>
[2023-11-08T12:49:57.223+0000] {taskinstance.py:1157} INFO - Dependencies all met for dep_context=requeueable deps ti=<TaskInstance: covid_data_dag.create_vaccinations_query_operator manual__2023-11-08T12:47:59.375380+00:00 [queued]>
[2023-11-08T12:49:57.224+0000] {taskinstance.py:1359} INFO - Starting attempt 1 of 2
[2023-11-08T12:49:57.260+0000] {taskinstance.py:1380} INFO - Executing <Task(PythonOperator): create_vaccinations_query_operator> on 2023-11-08 12:47:59.375380+00:00
[2023-11-08T12:49:57.274+0000] {standard_task_runner.py:57} INFO - Started process 3648 to run task
[2023-11-08T12:49:57.286+0000] {standard_task_runner.py:84} INFO - Running: ['***', 'tasks', 'run', 'covid_data_dag', 'create_vaccinations_query_operator', 'manual__2023-11-08T12:47:59.375380+00:00', '--job-id', '387', '--raw', '--subdir', 'DAGS_FOLDER/Dag_postgres.py', '--cfg-path', '/tmp/tmpd11hfg7p']
[2023-11-08T12:49:57.302+0000] {standard_task_runner.py:85} INFO - Job 387: Subtask create_vaccinations_query_operator
[2023-11-08T12:49:57.393+0000] {task_command.py:415} INFO - Running <TaskInstance: covid_data_dag.create_vaccinations_query_operator manual__2023-11-08T12:47:59.375380+00:00 [running]> on host 172.21.0.9
[2023-11-08T12:49:57.482+0000] {warnings.py:109} WARNING - /home/***/.local/lib/python3.8/site-packages/***/utils/context.py:206: AirflowContextDeprecationWarning: Accessing 'prev_execution_date' from the template is deprecated and will be removed in a future version.
  warnings.warn(_create_deprecation_warning(key, self._deprecation_replacements[key]))

[2023-11-08T12:49:57.593+0000] {taskinstance.py:1660} INFO - Exporting env vars: AIRFLOW_CTX_DAG_OWNER='***' AIRFLOW_CTX_DAG_ID='covid_data_dag' AIRFLOW_CTX_TASK_ID='create_vaccinations_query_operator' AIRFLOW_CTX_EXECUTION_DATE='2023-11-08T12:47:59.375380+00:00' AIRFLOW_CTX_TRY_NUMBER='1' AIRFLOW_CTX_DAG_RUN_ID='manual__2023-11-08T12:47:59.375380+00:00'
[2023-11-08T12:49:58.554+0000] {taskinstance.py:1935} ERROR - Task failed with exception
Traceback (most recent call last):
  File "/home/airflow/.local/lib/python3.8/site-packages/airflow/operators/python.py", line 192, in execute
    return_value = self.execute_callable()
  File "/home/airflow/.local/lib/python3.8/site-packages/airflow/operators/python.py", line 209, in execute_callable
    return self.python_callable(*self.op_args, **self.op_kwargs)
  File "/opt/airflow/dags/Dag_postgres.py", line 136, in _create_vaccinations_query
    "INSERT INTO vaccinations VALUES ("
NameError: name 'location' is not defined
[2023-11-08T12:49:58.581+0000] {taskinstance.py:1398} INFO - Marking task as UP_FOR_RETRY. dag_id=covid_data_dag, task_id=create_vaccinations_query_operator, execution_date=20231108T124759, start_date=20231108T124957, end_date=20231108T124958
[2023-11-08T12:49:58.611+0000] {standard_task_runner.py:104} ERROR - Failed to execute job 387 for task create_vaccinations_query_operator (name 'location' is not defined; 3648)
[2023-11-08T12:49:58.668+0000] {local_task_job_runner.py:228} INFO - Task exited with return code 1
[2023-11-08T12:49:58.715+0000] {taskinstance.py:2776} INFO - 0 downstream tasks scheduled from follow-on schedule check
