[2023-11-23T18:44:28.957+0000] {taskinstance.py:1157} INFO - Dependencies all met for dep_context=non-requeueable deps ti=<TaskInstance: covid_data_dag_postgres_plis.staging.create_vaccinations_table manual__2023-11-23T18:41:13.508197+00:00 [queued]>
[2023-11-23T18:44:29.062+0000] {taskinstance.py:1157} INFO - Dependencies all met for dep_context=requeueable deps ti=<TaskInstance: covid_data_dag_postgres_plis.staging.create_vaccinations_table manual__2023-11-23T18:41:13.508197+00:00 [queued]>
[2023-11-23T18:44:29.071+0000] {taskinstance.py:1359} INFO - Starting attempt 1 of 2
[2023-11-23T18:44:29.326+0000] {taskinstance.py:1380} INFO - Executing <Task(PostgresOperator): staging.create_vaccinations_table> on 2023-11-23 18:41:13.508197+00:00
[2023-11-23T18:44:29.708+0000] {standard_task_runner.py:57} INFO - Started process 545 to run task
[2023-11-23T18:44:29.691+0000] {standard_task_runner.py:84} INFO - Running: ['***', 'tasks', 'run', 'covid_data_dag_postgres_plis', 'staging.create_vaccinations_table', 'manual__2023-11-23T18:41:13.508197+00:00', '--job-id', '1369', '--raw', '--subdir', 'DAGS_FOLDER/Dag_postgres.py', '--cfg-path', '/tmp/tmpe5gogokh']
[2023-11-23T18:44:29.882+0000] {standard_task_runner.py:85} INFO - Job 1369: Subtask staging.create_vaccinations_table
[2023-11-23T18:44:33.571+0000] {task_command.py:415} INFO - Running <TaskInstance: covid_data_dag_postgres_plis.staging.create_vaccinations_table manual__2023-11-23T18:41:13.508197+00:00 [running]> on host 172.21.0.5
[2023-11-23T18:44:37.759+0000] {taskinstance.py:1660} INFO - Exporting env vars: AIRFLOW_CTX_DAG_OWNER='***' AIRFLOW_CTX_DAG_ID='covid_data_dag_postgres_plis' AIRFLOW_CTX_TASK_ID='staging.create_vaccinations_table' AIRFLOW_CTX_EXECUTION_DATE='2023-11-23T18:41:13.508197+00:00' AIRFLOW_CTX_TRY_NUMBER='1' AIRFLOW_CTX_DAG_RUN_ID='manual__2023-11-23T18:41:13.508197+00:00'
[2023-11-23T18:44:37.769+0000] {sql.py:274} INFO - Executing: DROP TABLE IF EXISTS vaccinations;
CREATE TABLE vaccinations (
    location VARCHAR,
    iso_code VARCHAR,
    date DATE,
    total_vaccinations INTEGER,
    people_vaccinated INTEGER,
    people_fully_vaccinated INTEGER,
    total_boosters INTEGER,
    daily_vaccinations_raw INTEGER,
    daily_vaccinations INTEGER,
    total_vaccinations_per_hundred DECIMAL,
    people_vaccinated_per_hundred DECIMAL,
    people_fully_vaccinated_per_hundred DECIMAL,
    total_boosters_per_hundred DECIMAL,
    daily_vaccinations_per_million DECIMAL,
    daily_people_vaccinated INTEGER,
    daily_people_vaccinated_per_hundred DECIMAL,
    PRIMARY KEY (date, iso_code)
);
[2023-11-23T18:44:37.858+0000] {base.py:73} INFO - Using connection ID 'postgres_default' for task execution.
[2023-11-23T18:44:37.874+0000] {base.py:73} INFO - Using connection ID 'postgres_default' for task execution.
[2023-11-23T18:44:37.884+0000] {sql.py:418} INFO - Running statement: DROP TABLE IF EXISTS vaccinations;
CREATE TABLE vaccinations (
    location VARCHAR,
    iso_code VARCHAR,
    date DATE,
    total_vaccinations INTEGER,
    people_vaccinated INTEGER,
    people_fully_vaccinated INTEGER,
    total_boosters INTEGER,
    daily_vaccinations_raw INTEGER,
    daily_vaccinations INTEGER,
    total_vaccinations_per_hundred DECIMAL,
    people_vaccinated_per_hundred DECIMAL,
    people_fully_vaccinated_per_hundred DECIMAL,
    total_boosters_per_hundred DECIMAL,
    daily_vaccinations_per_million DECIMAL,
    daily_people_vaccinated INTEGER,
    daily_people_vaccinated_per_hundred DECIMAL,
    PRIMARY KEY (date, iso_code)
);, parameters: None
[2023-11-23T18:44:37.983+0000] {taskinstance.py:1398} INFO - Marking task as SUCCESS. dag_id=covid_data_dag_postgres_plis, task_id=staging.create_vaccinations_table, execution_date=20231123T184113, start_date=20231123T184428, end_date=20231123T184437
[2023-11-23T18:44:38.194+0000] {local_task_job_runner.py:228} INFO - Task exited with return code 0
[2023-11-23T18:44:39.059+0000] {taskinstance.py:2776} INFO - 1 downstream tasks scheduled from follow-on schedule check
