[2023-11-26T17:10:12.057+0000] {taskinstance.py:1157} INFO - Dependencies all met for dep_context=non-requeueable deps ti=<TaskInstance: covid_data_dag_postgres_plis.staging.wrangle_cases_deaths manual__2023-11-26T17:01:55.155157+00:00 [queued]>
[2023-11-26T17:10:12.078+0000] {taskinstance.py:1157} INFO - Dependencies all met for dep_context=requeueable deps ti=<TaskInstance: covid_data_dag_postgres_plis.staging.wrangle_cases_deaths manual__2023-11-26T17:01:55.155157+00:00 [queued]>
[2023-11-26T17:10:12.079+0000] {taskinstance.py:1359} INFO - Starting attempt 2 of 2
[2023-11-26T17:10:12.114+0000] {taskinstance.py:1380} INFO - Executing <Task(PythonOperator): staging.wrangle_cases_deaths> on 2023-11-26 17:01:55.155157+00:00
[2023-11-26T17:10:12.124+0000] {standard_task_runner.py:57} INFO - Started process 2486 to run task
[2023-11-26T17:10:12.200+0000] {standard_task_runner.py:84} INFO - Running: ['***', 'tasks', 'run', 'covid_data_dag_postgres_plis', 'staging.wrangle_cases_deaths', 'manual__2023-11-26T17:01:55.155157+00:00', '--job-id', '1596', '--raw', '--subdir', 'DAGS_FOLDER/Dag_postgres.py', '--cfg-path', '/tmp/tmpv4dcqy0j']
[2023-11-26T17:10:12.238+0000] {standard_task_runner.py:85} INFO - Job 1596: Subtask staging.wrangle_cases_deaths
[2023-11-26T17:10:12.679+0000] {task_command.py:415} INFO - Running <TaskInstance: covid_data_dag_postgres_plis.staging.wrangle_cases_deaths manual__2023-11-26T17:01:55.155157+00:00 [running]> on host 172.21.0.5
[2023-11-26T17:10:13.211+0000] {taskinstance.py:1660} INFO - Exporting env vars: AIRFLOW_CTX_DAG_OWNER='***' AIRFLOW_CTX_DAG_ID='covid_data_dag_postgres_plis' AIRFLOW_CTX_TASK_ID='staging.wrangle_cases_deaths' AIRFLOW_CTX_EXECUTION_DATE='2023-11-26T17:01:55.155157+00:00' AIRFLOW_CTX_TRY_NUMBER='2' AIRFLOW_CTX_DAG_RUN_ID='manual__2023-11-26T17:01:55.155157+00:00'
[2023-11-26T17:10:15.266+0000] {logging_mixin.py:151} INFO - Formatting date…
[2023-11-26T17:10:15.382+0000] {logging_mixin.py:151} INFO - Discarding rows…
[2023-11-26T17:10:16.366+0000] {taskinstance.py:1935} ERROR - Task failed with exception
Traceback (most recent call last):
  File "/home/airflow/.local/lib/python3.8/site-packages/airflow/operators/python.py", line 192, in execute
    return_value = self.execute_callable()
  File "/home/airflow/.local/lib/python3.8/site-packages/airflow/operators/python.py", line 209, in execute_callable
    return self.python_callable(*self.op_args, **self.op_kwargs)
  File "/opt/airflow/dags/Dag_postgres.py", line 261, in _wrangle_cases_deaths
    df = _inject_population(df, date_col="Date_reported")
  File "/opt/airflow/dags/Dag_postgres.py", line 230, in _inject_population
    df['Year'] = pd.DatetimeIndex([date_col]).year
  File "/home/airflow/.local/lib/python3.8/site-packages/pandas/core/indexes/datetimes.py", line 339, in __new__
    dtarr = DatetimeArray._from_sequence_not_strict(
  File "/home/airflow/.local/lib/python3.8/site-packages/pandas/core/arrays/datetimes.py", line 333, in _from_sequence_not_strict
    subarr, tz, inferred_freq = _sequence_to_dt64ns(
  File "/home/airflow/.local/lib/python3.8/site-packages/pandas/core/arrays/datetimes.py", line 2057, in _sequence_to_dt64ns
    data, inferred_tz = objects_to_datetime64ns(
  File "/home/airflow/.local/lib/python3.8/site-packages/pandas/core/arrays/datetimes.py", line 2177, in objects_to_datetime64ns
    result, tz_parsed = tslib.array_to_datetime(
  File "pandas/_libs/tslib.pyx", line 402, in pandas._libs.tslib.array_to_datetime
  File "pandas/_libs/tslib.pyx", line 551, in pandas._libs.tslib.array_to_datetime
  File "pandas/_libs/tslib.pyx", line 516, in pandas._libs.tslib.array_to_datetime
  File "pandas/_libs/tslibs/conversion.pyx", line 557, in pandas._libs.tslibs.conversion.convert_str_to_tsobject
  File "pandas/_libs/tslibs/parsing.pyx", line 329, in pandas._libs.tslibs.parsing.parse_datetime_string
  File "pandas/_libs/tslibs/parsing.pyx", line 658, in pandas._libs.tslibs.parsing.dateutil_parse
pandas._libs.tslibs.parsing.DateParseError: Unknown datetime string format, unable to parse: Date_reported, at position 0
[2023-11-26T17:10:16.398+0000] {taskinstance.py:1398} INFO - Marking task as FAILED. dag_id=covid_data_dag_postgres_plis, task_id=staging.wrangle_cases_deaths, execution_date=20231126T170155, start_date=20231126T171012, end_date=20231126T171016
[2023-11-26T17:10:16.430+0000] {standard_task_runner.py:104} ERROR - Failed to execute job 1596 for task staging.wrangle_cases_deaths (Unknown datetime string format, unable to parse: Date_reported, at position 0; 2486)
[2023-11-26T17:10:16.498+0000] {local_task_job_runner.py:228} INFO - Task exited with return code 1
[2023-11-26T17:10:16.568+0000] {taskinstance.py:2776} INFO - 0 downstream tasks scheduled from follow-on schedule check
