[2023-11-09T10:08:37.226+0000] {taskinstance.py:1157} INFO - Dependencies all met for dep_context=non-requeueable deps ti=<TaskInstance: covid_data_dag.create_government_measures_table manual__2023-11-09T10:08:01.936686+00:00 [queued]>
[2023-11-09T10:08:37.240+0000] {taskinstance.py:1157} INFO - Dependencies all met for dep_context=requeueable deps ti=<TaskInstance: covid_data_dag.create_government_measures_table manual__2023-11-09T10:08:01.936686+00:00 [queued]>
[2023-11-09T10:08:37.241+0000] {taskinstance.py:1359} INFO - Starting attempt 1 of 2
[2023-11-09T10:08:37.260+0000] {taskinstance.py:1380} INFO - Executing <Task(PostgresOperator): create_government_measures_table> on 2023-11-09 10:08:01.936686+00:00
[2023-11-09T10:08:37.267+0000] {standard_task_runner.py:57} INFO - Started process 532 to run task
[2023-11-09T10:08:37.271+0000] {standard_task_runner.py:84} INFO - Running: ['***', 'tasks', 'run', 'covid_data_dag', 'create_government_measures_table', 'manual__2023-11-09T10:08:01.936686+00:00', '--job-id', '674', '--raw', '--subdir', 'DAGS_FOLDER/Dag_postgres.py', '--cfg-path', '/tmp/tmp1bp43igb']
[2023-11-09T10:08:37.278+0000] {standard_task_runner.py:85} INFO - Job 674: Subtask create_government_measures_table
[2023-11-09T10:08:37.352+0000] {task_command.py:415} INFO - Running <TaskInstance: covid_data_dag.create_government_measures_table manual__2023-11-09T10:08:01.936686+00:00 [running]> on host 172.21.0.7
[2023-11-09T10:08:37.570+0000] {taskinstance.py:1660} INFO - Exporting env vars: AIRFLOW_CTX_DAG_OWNER='***' AIRFLOW_CTX_DAG_ID='covid_data_dag' AIRFLOW_CTX_TASK_ID='create_government_measures_table' AIRFLOW_CTX_EXECUTION_DATE='2023-11-09T10:08:01.936686+00:00' AIRFLOW_CTX_TRY_NUMBER='1' AIRFLOW_CTX_DAG_RUN_ID='manual__2023-11-09T10:08:01.936686+00:00'
[2023-11-09T10:08:37.573+0000] {sql.py:274} INFO - Executing: DROP TABLE IF EXISTS government_measures;
CREATE TABLE government_measures (
id SERIAL PRIMARY KEY,
country_name VARCHAR(100),
country_code VARCHAR(10),
region_name VARCHAR(100),
region_code VARCHAR(10),
jurisdiction VARCHAR(100),
date DATE,
stringency_index_average FLOAT,
government_response_index_average FLOAT,
containment_health_index_average FLOAT,
economic_support_index FLOAT
);
INSERT INTO government_measures VALUES ('0', 'Aruba', 'ABW', 'None', 'None', 'NAT_TOTAL', '20200101', 0.0, 0.0, 0.0, 0.0);
INSERT INTO government_measures VALUES ('1', 'Aruba', 'ABW', 'None', 'None', 'NAT_TOTAL', '20200102', 0.0, 0.0, 0.0, 0.0);
INSERT INTO government_measures VALUES ('2', 'Aruba', 'ABW', 'None', 'None', 'NAT_TOTAL', '20200103', 0.0, 0.0, 0.0, 0.0);
INSERT INTO government_measures VALUES ('3', 'Aruba', 'ABW', 'None', 'None', 'NAT_TOTAL', '20200104', 0.0, 0.0, 0.0, 0.0);
INSERT INTO government_measures VALUES ('4', 'Aruba', 'ABW', 'None', 'None', 'NAT_TOTAL', '20200105', 0.0, 0.0, 0.0, 0.0);
INSERT INTO government_measures VALUES ('5', 'Aruba', 'ABW', 'None', 'None', 'NAT_TOTAL', '20200106', 0.0, 0.0, 0.0, 0.0);
INSERT INTO government_measures VALUES ('6', 'Aruba', 'ABW', 'None', 'None', 'NAT_TOTAL', '20200107', 0.0, 0.0, 0.0, 0.0);
INSERT INTO government_measures VALUES ('7', 'Aruba', 'ABW', 'None', 'None', 'NAT_TOTAL', '20200108', 0.0, 0.0, 0.0, 0.0);
INSERT INTO government_measures VALUES ('8', 'Aruba', 'ABW', 'None', 'None', 'NAT_TOTAL', '20200109', 0.0, 0.0, 0.0, 0.0);
INSERT INTO government_measures VALUES ('9', 'Aruba', 'ABW', 'None', 'None', 'NAT_TOTAL', '20200110', 0.0, 0.0, 0.0, 0.0);
INSERT INTO government_measures VALUES ('10', 'Aruba', 'ABW', 'None', 'None', 'NAT_TOTAL', '20200111', 0.0, 0.0, 0.0, 0.0);
INSERT INTO government_measures VALUES ('11', 'Aruba', 'ABW', 'None', 'None', 'NAT_TOTAL', '20200112', 0.0, 0.0, 0.0, 0.0);
INSERT INTO government_measures VALUES ('12', 'Aruba', 'ABW', 'None', 'None', 'NAT_TOTAL', '20200113', 0.0, 0.0, 0.0, 0.0);
INSERT INTO government_measures VALUES ('13', 'Aruba', 'ABW', 'None', 'None', 'NAT_TOTAL', '20200114', 0.0, 0.0, 0.0, 0.0);
INSERT INTO government_measures VALUES ('14', 'Aruba', 'ABW', 'None', 'None', 'NAT_TOTAL', '20200115', 0.0, 0.0, 0.0, 0.0);
INSERT INTO government_measures VALUES ('15', 'Aruba', 'ABW', 'None', 'None', 'NAT_TOTAL', '20200116', 0.0, 0.0, 0.0, 0.0);
INSERT INTO government_measures VALUES ('16', 'Aruba', 'ABW', 'None', 'None', 'NAT_TOTAL', '20200117', 0.0, 0.0, 0.0, 0.0);
INSERT INTO government_measures VALUES ('17', 'Aruba', 'ABW', 'None', 'None', 'NAT_TOTAL', '20200118', 0.0, 0.0, 0.0, 0.0);
INSERT INTO government_measures VALUES ('18', 'Aruba', 'ABW', 'None', 'None', 'NAT_TOTAL', '20200119', 0.0, 0.0, 0.0, 0.0);
INSERT INTO government_measures VALUES ('19', 'Aruba', 'ABW', 'None', 'None', 'NAT_TOTAL', '20200120', 0.0, 0.0, 0.0, 0.0);
INSERT INTO government_measures VALUES ('20', 'Aruba', 'ABW', 'None', 'None', 'NAT_TOTAL', '20200121', 0.0, 0.0, 0.0, 0.0);
INSERT INTO government_measures VALUES ('21', 'Aruba', 'ABW', 'None', 'None', 'NAT_TOTAL', '20200122', 0.0, 0.0, 0.0, 0.0);
INSERT INTO government_measures VALUES ('22', 'Aruba', 'ABW', 'None', 'None', 'NAT_TOTAL', '20200123', 0.0, 0.0, 0.0, 0.0);
INSERT INTO government_measures VALUES ('23', 'Aruba', 'ABW', 'None', 'None', 'NAT_TOTAL', '20200124', 0.0, 0.0, 0.0, 0.0);
INSERT INTO government_measures VALUES ('24', 'Aruba', 'ABW', 'None', 'None', 'NAT_TOTAL', '20200125', 0.0, 0.0, 0.0, 0.0);
INSERT INTO government_measures VALUES ('25', 'Aruba', 'ABW', 'None', 'None', 'NAT_TOTAL', '20200126', 0.0, 0.0, 0.0, 0.0);
INSERT INTO government_measures VALUES ('26', 'Aruba', 'ABW', 'None', 'None', 'NAT_TOTAL', '20200127', 0.0, 0.0, 0.0, 0.0);
INSERT INTO government_measures VALUES ('27', 'Aruba', 'ABW', 'None', 'None', 'NAT_TOTAL', '20200128', 0.0, 0.0, 0.0, 0.0);
INSERT INTO government_measures VALUES ('28', 'Aruba', 'ABW', 'None', 'None', 'NAT_TOTAL', '20200129', 0.0, 0.0, 0.0, 0.0);
INSERT INTO government_measures VALUES ('29', 'Aruba', 'ABW', 'None', 'None', 'NAT_TOTAL', '20200130', 0.0, 0.0, 0.0, 0.0);
INSERT INTO government_measures VALUES ('30', 'Aruba', 'ABW', 'None', 'None', 'NAT_TOTAL', '20200131', 0.0, 0.0, 0.0, 0.0);
INSERT INTO government_measures VALUES ('31', 'Aruba', 'ABW', 'None', 'None', 'NAT_TOTAL', '20200201', 0.0, 0.0, 0.0, 0.0);
INSERT INTO government_measures VALUES ('32', 'Aruba', 'ABW', 'None', 'None', 'NAT_TOTAL', '20200202', 0.0, 0.0, 0.0, 0.0);
INSERT INTO government_measures VALUES ('33', 'Aruba', 'ABW', 'None', 'None', 'NAT_TOTAL', '20200203', 0.0, 0.0, 0.0, 0.0);
INSERT INTO government_measures VALUES ('34', 'Aruba', 'ABW', 'None', 'None', 'NAT_TOTAL', '20200204', 0.0, 0.0, 0.0, 0.0);
INSERT INTO government_measures VALUES ('35', 'Aruba', 'ABW', 'None', 'None', 'NAT_TOTAL', '20200205', 0.0, 0.0, 0.0, 0.0);
INSERT INTO government_measures VALUES ('36', 'Aruba', 'ABW', 'None', 'None', 'NAT_TOTAL', '20200206', 0.0, 0.0, 0.0, 0.0);
INSERT INTO government_measures VALUES ('37', 'Aruba', 'ABW', 'None', 'None', 'NAT_TOTAL', '20200207', 0.0, 0.0, 0.0, 0.0);
INSERT INTO government_measures VALUES ('38', 'Aruba', 'ABW', 'None', 'None', 'NAT_TOTAL', '20200208', 0.0, 0.0, 0.0, 0.0);
INSERT INTO government_measures VALUES ('39', 'Aruba', 'ABW', 'None', 'None', 'NAT_TOTAL', '20200209', 0.0, 0.0, 0.0, 0.0);
INSERT INTO government_measures VALUES ('40', 'Aruba', 'ABW', 'None', 'None', 'NAT_TOTAL', '20200210', 0.0, 0.0, 0.0, 0.0);
INSERT INTO government_measures VALUES ('41', 'Aruba', 'ABW', 'None', 'None', 'NAT_TOTAL', '20200211', 0.0, 0.0, 0.0, 0.0);
INSERT INTO government_measures VALUES ('42', 'Aruba', 'ABW', 'None', 'None', 'NAT_TOTAL', '20200212', 0.0, 0.0, 0.0, 0.0);
INSERT INTO government_measures VALUES ('43', 'Aruba', 'ABW', 'None', 'None', 'NAT_TOTAL', '20200213', 0.0, 0.0, 0.0, 0.0);
INSERT INTO government_measures VALUES ('44', 'Aruba', 'ABW', 'None', 'None', 'NAT_TOTAL', '20200214', 0.0, 0.0, 0.0, 0.0);
INSERT INTO government_measures VALUES ('45', 'Aruba', 'ABW', 'None', 'None', 'NAT_TOTAL', '20200215', 0.0, 0.0, 0.0, 0.0);
INSERT INTO government_measures VALUES ('46', 'Aruba', 'ABW', 'None', 'None', 'NAT_TOTAL', '20200216', 0.0, 0.0, 0.0, 0.0);
INSERT INTO government_measures VALUES ('47', 'Aruba', 'ABW', 'None', 'None', 'NAT_TOTAL', '20200217', 0.0, 0.0, 0.0, 0.0);
INSERT INTO government_measures VALUES ('48', 'Aruba', 'ABW', 'None', 'None', 'NAT_TOTAL', '20200218', 0.0, 0.0, 0.0, 0.0);
INSERT INTO government_measures VALUES ('49', 'Aruba', 'ABW', 'None', 'None', 'NAT_TOTAL', '20200219', 0.0, 0.0, 0.0, 0.0);
INSERT INTO government_measures VALUES ('50', 'Aruba', 'ABW', 'None', 'None', 'NAT_TOTAL', '20200220', 0.0, 0.0, 0.0, 0.0);
INSERT INTO government_measures VALUES ('51', 'Aruba', 'ABW', 'None', 'None', 'NAT_TOTAL', '20200221', 0.0, 0.0, 0.0, 0.0);
INSERT INTO government_measures VALUES ('52', 'Aruba', 'ABW', 'None', 'None', 'NAT_TOTAL', '20200222', 0.0, 0.0, 0.0, 0.0);
INSERT INTO government_measures VALUES ('53', 'Aruba', 'ABW', 'None', 'None', 'NAT_TOTAL', '20200223', 0.0, 0.0, 0.0, 0.0);
INSERT INTO government_measures VALUES ('54', 'Aruba', 'ABW', 'None', 'None', 'NAT_TOTAL', '20200224', 0.0, 0.0, 0.0, 0.0);
INSERT INTO government_measures VALUES ('55', 'Aruba', 'ABW', 'None', 'None', 'NAT_TOTAL', '20200225', 0.0, 0.0, 0.0, 0.0);
INSERT INTO government_measures VALUES ('56', 'Aruba', 'ABW', 'None', 'None', 'NAT_TOTAL', '20200226', 0.0, 0.0, 0.0, 0.0);
INSERT INTO government_measures VALUES ('57', 'Aruba', 'ABW', 'None', 'None', 'NAT_TOTAL', '20200227', 0.0, 0.0, 0.0, 0.0);
INSERT INTO government_measures VALUES ('58', 'Aruba', 'ABW', 'None', 'None', 'NAT_TOTAL', '20200228', 0.0, 0.0, 0.0, 0.0);
INSERT INTO government_measures VALUES ('59', 'Aruba', 'ABW', 'None', 'None', 'NAT_TOTAL', '20200229', 0.0, 0.0, 0.0, 0.0);
INSERT INTO government_measures VALUES ('60', 'Aruba', 'ABW', 'None', 'None', 'NAT_TOTAL', '20200301', 0.0, 0.0, 0.0, 0.0);
INSERT INTO government_measures VALUES ('61', 'Aruba', 'ABW', 'None', 'None', 'NAT_TOTAL', '20200302', 0.0, 0.0, 0.0, 0.0);
INSERT INTO government_measures VALUES ('62', 'Aruba', 'ABW', 'None', 'None', 'NAT_TOTAL', '20200303', 0.0, 0.0, 0.0, 0.0);
INSERT INTO government_measures VALUES ('63', 'Aruba', 'ABW', 'None', 'None', 'NAT_TOTAL', '20200304', 0.0, 0.0, 0.0, 0.0);
INSERT INTO government_measures VALUES ('64', 'Aruba', 'ABW', 'None', 'None', 'NAT_TOTAL', '20200305', 0.0, 0.0, 0.0, 0.0);
INSERT INTO government_measures VALUES ('65', 'Aruba', 'ABW', 'None', 'None', 'NAT_TOTAL', '20200306', 0.0, 0.0, 0.0, 0.0);
INSERT INTO government_measures VALUES ('66', 'Aruba', 'ABW', 'None', 'None', 'NAT_TOTAL', '20200307', 0.0, 0.0, 0.0, 0.0);
INSERT INTO government_measures VALUES ('67', 'Aruba', 'ABW', 'None', 'None', 'NAT_TOTAL', '20200308', 0.0, 0.0, 0.0, 0.0);
INSERT INTO government_measures VALUES ('68', 'Aruba', 'ABW', 'None', 'None', 'NAT_TOTAL', '20200309', 0.0, 0.0, 0.0, 0.0);
INSERT INTO government_measures VALUES ('69', 'Aruba', 'ABW', 'None', 'None', 'NAT_TOTAL', '20200310', 0.0, 2.08, 2.38, 0.0);
INSERT INTO government_measures VALUES ('70', 'Aruba', 'ABW', 'None', 'None', 'NAT_TOTAL', '20200311', 0.0, 2.08, 2.38, 0.0);
INSERT INTO government_measures VALUES ('71', 'Aruba', 'ABW', 'None', 'None', 'NAT_TOTAL', '20200312', 0.0, 2.08, 2.38, 0.0);
INSERT INTO government_measures VALUES ('72', 'Aruba', 'ABW', 'None', 'None', 'NAT_TOTAL', '20200313', 0.0, 2.08, 2.38, 0.0);
INSERT INTO government_measures VALUES ('73', 'Aruba', 'ABW', 'None', 'None', 'NAT_TOTAL', '20200314', 0.0, 2.08, 2.38, 0.0);
INSERT INTO government_measures VALUES ('74', 'Aruba', 'ABW', 'None', 'None', 'NAT_TOTAL', '20200315', 0.0, 2.08, 2.38, 0.0);
INSERT INTO government_measures VALUES ('75', 'Aruba', 'ABW', 'None', 'None', 'NAT_TOTAL', '20200316', 11.11, 8.33, 9.52, 0.0);
INSERT INTO government_measures VALUES ('76', 'Aruba', 'ABW', 'None', 'None', 'NAT_TOTAL', '20200317', 22.22, 14.58, 16.67, 0.0);
INSERT INTO government_measures VALUES ('77', 'Aruba', 'ABW', 'None', 'None', 'NAT_TOTAL', '20200318', 33.33, 22.92, 26.19, 0.0);
INSERT INTO government_measures VALUES ('78', 'Aruba', 'ABW', 'None', 'None', 'NAT_TOTAL', '20200319', 33.33, 26.04, 29.76, 0.0);
INSERT INTO government_measures VALUES ('79', 'Aruba', 'ABW', 'None', 'None', 'NAT_TOTAL', '20200320', 33.33, 26.04, 29.76, 0.0);
INSERT INTO government_measures VALUES ('80', 'Aruba', 'ABW', 'None', 'None', 'NAT_TOTAL', '20200321', 44.44, 32.29, 36.9, 0.0);
INSERT INTO government_measures VALUES ('81', 'Aruba', 'ABW', 'None', 'None', 'NAT_TOTAL', '20200322', 44.44, 32.29, 36.9, 0.0);
INSERT INTO government_measures VALUES ('82', 'Aruba', 'ABW', 'None', 'None', 'NAT_TOTAL', '20200323', 44.44, 32.29, 36.9, 0.0);
INSERT INTO government_measures VALUES ('83', 'Aruba', 'ABW', 'None', 'None', 'NAT_TOTAL', '20200324', 44.44, 32.29, 36.9, 0.0);
INSERT INTO government_measures VALUES ('84', 'Aruba', 'ABW', 'None', 'None', 'NAT_TOTAL', '20200325', 44.44, 32.29, 36.9, 0.0);
INSERT INTO government_measures VALUES ('85', 'Aruba', 'ABW', 'None', 'None', 'NAT_TOTAL', '20200326', 44.44, 32.29, 36.9, 0.0);
INSERT INTO government_measures VALUES ('86', 'Aruba', 'ABW', 'None', 'None', 'NAT_TOTAL', '20200327', 44.44, 32.29, 36.9, 0.0);
INSERT INTO government_measures VALUES ('87', 'Aruba', 'ABW', 'None', 'None', 'NAT_TOTAL', '20200328', 44.44, 32.29, 36.9, 0.0);
INSERT INTO government_measures VALUES ('88', 'Aruba', 'ABW', 'None', 'None', 'NAT_TOTAL', '20200329', 85.19, 59.37, 67.86, 0.0);
INSERT INTO government_measures VALUES ('89', 'Aruba', 'ABW', 'None', 'None', 'NAT_TOTAL', '20200330', 85.19, 59.37, 67.86, 0.0);
INSERT INTO government_measures VALUES ('90', 'Aruba', 'ABW', 'None', 'None', 'NAT_TOTAL', '20200331', 85.19, 59.37, 67.86, 0.0);
INSERT INTO government_measures VALUES ('91', 'Aruba', 'ABW', 'None', 'None', 'NAT_TOTAL', '20200401', 85.19, 70.31, 67.86, 87.5);
INSERT INTO government_measures VALUES ('92', 'Aruba', 'ABW', 'None', 'None', 'NAT_TOTAL', '20200402', 85.19, 70.31, 67.86, 87.5);
INSERT INTO government_measures VALUES ('93', 'Aruba', 'ABW', 'None', 'None', 'NAT_TOTAL', '20200403', 85.19, 70.31, 67.86, 87.5);
INSERT INTO government_measures VALUES ('94', 'Aruba', 'ABW', 'None', 'None', 'NAT_TOTAL', '20200404', 85.19, 70.31, 67.86, 87.5);
INSERT INTO government_measures VALUES ('95', 'Aruba', 'ABW', 'None', 'None', 'NAT_TOTAL', '20200405', 85.19, 70.31, 67.86, 87.5);
INSERT INTO government_measures VALUES ('96', 'Aruba', 'ABW', 'None', 'None', 'NAT_TOTAL', '20200406', 85.19, 70.31, 67.86, 87.5);
INSERT INTO government_measures VALUES ('97', 'Aruba', 'ABW', 'None', 'None', 'NAT_TOTAL', '20200407', 85.19, 70.31, 67.86, 87.5);
INSERT INTO government_measures VALUES ('98', 'Aruba', 'ABW', 'None', 'None', 'NAT_TOTAL', '20200408', 85.19, 70.31, 67.86, 87.5);
INSERT INTO government_measures VALUES ('99', 'Aruba', 'ABW', 'None', 'None', 'NAT_TOTAL', '20200409', 85.19, 70.31, 67.86, 87.5);
INSERT INTO government_measures VALUES ('100', 'Aruba', 'ABW', 'None', 'None', 'NAT_TOTAL', '20200410', 88.89, 72.4, 70.24, 87.5);
[2023-11-09T10:08:37.588+0000] {base.py:73} INFO - Using connection ID 'postgres_default' for task execution.
[2023-11-09T10:08:37.598+0000] {base.py:73} INFO - Using connection ID 'postgres_default' for task execution.
[2023-11-09T10:08:37.605+0000] {sql.py:418} INFO - Running statement: DROP TABLE IF EXISTS government_measures;
CREATE TABLE government_measures (
id SERIAL PRIMARY KEY,
country_name VARCHAR(100),
country_code VARCHAR(10),
region_name VARCHAR(100),
region_code VARCHAR(10),
jurisdiction VARCHAR(100),
date DATE,
stringency_index_average FLOAT,
government_response_index_average FLOAT,
containment_health_index_average FLOAT,
economic_support_index FLOAT
);
INSERT INTO government_measures VALUES ('0', 'Aruba', 'ABW', 'None', 'None', 'NAT_TOTAL', '20200101', 0.0, 0.0, 0.0, 0.0);
INSERT INTO government_measures VALUES ('1', 'Aruba', 'ABW', 'None', 'None', 'NAT_TOTAL', '20200102', 0.0, 0.0, 0.0, 0.0);
INSERT INTO government_measures VALUES ('2', 'Aruba', 'ABW', 'None', 'None', 'NAT_TOTAL', '20200103', 0.0, 0.0, 0.0, 0.0);
INSERT INTO government_measures VALUES ('3', 'Aruba', 'ABW', 'None', 'None', 'NAT_TOTAL', '20200104', 0.0, 0.0, 0.0, 0.0);
INSERT INTO government_measures VALUES ('4', 'Aruba', 'ABW', 'None', 'None', 'NAT_TOTAL', '20200105', 0.0, 0.0, 0.0, 0.0);
INSERT INTO government_measures VALUES ('5', 'Aruba', 'ABW', 'None', 'None', 'NAT_TOTAL', '20200106', 0.0, 0.0, 0.0, 0.0);
INSERT INTO government_measures VALUES ('6', 'Aruba', 'ABW', 'None', 'None', 'NAT_TOTAL', '20200107', 0.0, 0.0, 0.0, 0.0);
INSERT INTO government_measures VALUES ('7', 'Aruba', 'ABW', 'None', 'None', 'NAT_TOTAL', '20200108', 0.0, 0.0, 0.0, 0.0);
INSERT INTO government_measures VALUES ('8', 'Aruba', 'ABW', 'None', 'None', 'NAT_TOTAL', '20200109', 0.0, 0.0, 0.0, 0.0);
INSERT INTO government_measures VALUES ('9', 'Aruba', 'ABW', 'None', 'None', 'NAT_TOTAL', '20200110', 0.0, 0.0, 0.0, 0.0);
INSERT INTO government_measures VALUES ('10', 'Aruba', 'ABW', 'None', 'None', 'NAT_TOTAL', '20200111', 0.0, 0.0, 0.0, 0.0);
INSERT INTO government_measures VALUES ('11', 'Aruba', 'ABW', 'None', 'None', 'NAT_TOTAL', '20200112', 0.0, 0.0, 0.0, 0.0);
INSERT INTO government_measures VALUES ('12', 'Aruba', 'ABW', 'None', 'None', 'NAT_TOTAL', '20200113', 0.0, 0.0, 0.0, 0.0);
INSERT INTO government_measures VALUES ('13', 'Aruba', 'ABW', 'None', 'None', 'NAT_TOTAL', '20200114', 0.0, 0.0, 0.0, 0.0);
INSERT INTO government_measures VALUES ('14', 'Aruba', 'ABW', 'None', 'None', 'NAT_TOTAL', '20200115', 0.0, 0.0, 0.0, 0.0);
INSERT INTO government_measures VALUES ('15', 'Aruba', 'ABW', 'None', 'None', 'NAT_TOTAL', '20200116', 0.0, 0.0, 0.0, 0.0);
INSERT INTO government_measures VALUES ('16', 'Aruba', 'ABW', 'None', 'None', 'NAT_TOTAL', '20200117', 0.0, 0.0, 0.0, 0.0);
INSERT INTO government_measures VALUES ('17', 'Aruba', 'ABW', 'None', 'None', 'NAT_TOTAL', '20200118', 0.0, 0.0, 0.0, 0.0);
INSERT INTO government_measures VALUES ('18', 'Aruba', 'ABW', 'None', 'None', 'NAT_TOTAL', '20200119', 0.0, 0.0, 0.0, 0.0);
INSERT INTO government_measures VALUES ('19', 'Aruba', 'ABW', 'None', 'None', 'NAT_TOTAL', '20200120', 0.0, 0.0, 0.0, 0.0);
INSERT INTO government_measures VALUES ('20', 'Aruba', 'ABW', 'None', 'None', 'NAT_TOTAL', '20200121', 0.0, 0.0, 0.0, 0.0);
INSERT INTO government_measures VALUES ('21', 'Aruba', 'ABW', 'None', 'None', 'NAT_TOTAL', '20200122', 0.0, 0.0, 0.0, 0.0);
INSERT INTO government_measures VALUES ('22', 'Aruba', 'ABW', 'None', 'None', 'NAT_TOTAL', '20200123', 0.0, 0.0, 0.0, 0.0);
INSERT INTO government_measures VALUES ('23', 'Aruba', 'ABW', 'None', 'None', 'NAT_TOTAL', '20200124', 0.0, 0.0, 0.0, 0.0);
INSERT INTO government_measures VALUES ('24', 'Aruba', 'ABW', 'None', 'None', 'NAT_TOTAL', '20200125', 0.0, 0.0, 0.0, 0.0);
INSERT INTO government_measures VALUES ('25', 'Aruba', 'ABW', 'None', 'None', 'NAT_TOTAL', '20200126', 0.0, 0.0, 0.0, 0.0);
INSERT INTO government_measures VALUES ('26', 'Aruba', 'ABW', 'None', 'None', 'NAT_TOTAL', '20200127', 0.0, 0.0, 0.0, 0.0);
INSERT INTO government_measures VALUES ('27', 'Aruba', 'ABW', 'None', 'None', 'NAT_TOTAL', '20200128', 0.0, 0.0, 0.0, 0.0);
INSERT INTO government_measures VALUES ('28', 'Aruba', 'ABW', 'None', 'None', 'NAT_TOTAL', '20200129', 0.0, 0.0, 0.0, 0.0);
INSERT INTO government_measures VALUES ('29', 'Aruba', 'ABW', 'None', 'None', 'NAT_TOTAL', '20200130', 0.0, 0.0, 0.0, 0.0);
INSERT INTO government_measures VALUES ('30', 'Aruba', 'ABW', 'None', 'None', 'NAT_TOTAL', '20200131', 0.0, 0.0, 0.0, 0.0);
INSERT INTO government_measures VALUES ('31', 'Aruba', 'ABW', 'None', 'None', 'NAT_TOTAL', '20200201', 0.0, 0.0, 0.0, 0.0);
INSERT INTO government_measures VALUES ('32', 'Aruba', 'ABW', 'None', 'None', 'NAT_TOTAL', '20200202', 0.0, 0.0, 0.0, 0.0);
INSERT INTO government_measures VALUES ('33', 'Aruba', 'ABW', 'None', 'None', 'NAT_TOTAL', '20200203', 0.0, 0.0, 0.0, 0.0);
INSERT INTO government_measures VALUES ('34', 'Aruba', 'ABW', 'None', 'None', 'NAT_TOTAL', '20200204', 0.0, 0.0, 0.0, 0.0);
INSERT INTO government_measures VALUES ('35', 'Aruba', 'ABW', 'None', 'None', 'NAT_TOTAL', '20200205', 0.0, 0.0, 0.0, 0.0);
INSERT INTO government_measures VALUES ('36', 'Aruba', 'ABW', 'None', 'None', 'NAT_TOTAL', '20200206', 0.0, 0.0, 0.0, 0.0);
INSERT INTO government_measures VALUES ('37', 'Aruba', 'ABW', 'None', 'None', 'NAT_TOTAL', '20200207', 0.0, 0.0, 0.0, 0.0);
INSERT INTO government_measures VALUES ('38', 'Aruba', 'ABW', 'None', 'None', 'NAT_TOTAL', '20200208', 0.0, 0.0, 0.0, 0.0);
INSERT INTO government_measures VALUES ('39', 'Aruba', 'ABW', 'None', 'None', 'NAT_TOTAL', '20200209', 0.0, 0.0, 0.0, 0.0);
INSERT INTO government_measures VALUES ('40', 'Aruba', 'ABW', 'None', 'None', 'NAT_TOTAL', '20200210', 0.0, 0.0, 0.0, 0.0);
INSERT INTO government_measures VALUES ('41', 'Aruba', 'ABW', 'None', 'None', 'NAT_TOTAL', '20200211', 0.0, 0.0, 0.0, 0.0);
INSERT INTO government_measures VALUES ('42', 'Aruba', 'ABW', 'None', 'None', 'NAT_TOTAL', '20200212', 0.0, 0.0, 0.0, 0.0);
INSERT INTO government_measures VALUES ('43', 'Aruba', 'ABW', 'None', 'None', 'NAT_TOTAL', '20200213', 0.0, 0.0, 0.0, 0.0);
INSERT INTO government_measures VALUES ('44', 'Aruba', 'ABW', 'None', 'None', 'NAT_TOTAL', '20200214', 0.0, 0.0, 0.0, 0.0);
INSERT INTO government_measures VALUES ('45', 'Aruba', 'ABW', 'None', 'None', 'NAT_TOTAL', '20200215', 0.0, 0.0, 0.0, 0.0);
INSERT INTO government_measures VALUES ('46', 'Aruba', 'ABW', 'None', 'None', 'NAT_TOTAL', '20200216', 0.0, 0.0, 0.0, 0.0);
INSERT INTO government_measures VALUES ('47', 'Aruba', 'ABW', 'None', 'None', 'NAT_TOTAL', '20200217', 0.0, 0.0, 0.0, 0.0);
INSERT INTO government_measures VALUES ('48', 'Aruba', 'ABW', 'None', 'None', 'NAT_TOTAL', '20200218', 0.0, 0.0, 0.0, 0.0);
INSERT INTO government_measures VALUES ('49', 'Aruba', 'ABW', 'None', 'None', 'NAT_TOTAL', '20200219', 0.0, 0.0, 0.0, 0.0);
INSERT INTO government_measures VALUES ('50', 'Aruba', 'ABW', 'None', 'None', 'NAT_TOTAL', '20200220', 0.0, 0.0, 0.0, 0.0);
INSERT INTO government_measures VALUES ('51', 'Aruba', 'ABW', 'None', 'None', 'NAT_TOTAL', '20200221', 0.0, 0.0, 0.0, 0.0);
INSERT INTO government_measures VALUES ('52', 'Aruba', 'ABW', 'None', 'None', 'NAT_TOTAL', '20200222', 0.0, 0.0, 0.0, 0.0);
INSERT INTO government_measures VALUES ('53', 'Aruba', 'ABW', 'None', 'None', 'NAT_TOTAL', '20200223', 0.0, 0.0, 0.0, 0.0);
INSERT INTO government_measures VALUES ('54', 'Aruba', 'ABW', 'None', 'None', 'NAT_TOTAL', '20200224', 0.0, 0.0, 0.0, 0.0);
INSERT INTO government_measures VALUES ('55', 'Aruba', 'ABW', 'None', 'None', 'NAT_TOTAL', '20200225', 0.0, 0.0, 0.0, 0.0);
INSERT INTO government_measures VALUES ('56', 'Aruba', 'ABW', 'None', 'None', 'NAT_TOTAL', '20200226', 0.0, 0.0, 0.0, 0.0);
INSERT INTO government_measures VALUES ('57', 'Aruba', 'ABW', 'None', 'None', 'NAT_TOTAL', '20200227', 0.0, 0.0, 0.0, 0.0);
INSERT INTO government_measures VALUES ('58', 'Aruba', 'ABW', 'None', 'None', 'NAT_TOTAL', '20200228', 0.0, 0.0, 0.0, 0.0);
INSERT INTO government_measures VALUES ('59', 'Aruba', 'ABW', 'None', 'None', 'NAT_TOTAL', '20200229', 0.0, 0.0, 0.0, 0.0);
INSERT INTO government_measures VALUES ('60', 'Aruba', 'ABW', 'None', 'None', 'NAT_TOTAL', '20200301', 0.0, 0.0, 0.0, 0.0);
INSERT INTO government_measures VALUES ('61', 'Aruba', 'ABW', 'None', 'None', 'NAT_TOTAL', '20200302', 0.0, 0.0, 0.0, 0.0);
INSERT INTO government_measures VALUES ('62', 'Aruba', 'ABW', 'None', 'None', 'NAT_TOTAL', '20200303', 0.0, 0.0, 0.0, 0.0);
INSERT INTO government_measures VALUES ('63', 'Aruba', 'ABW', 'None', 'None', 'NAT_TOTAL', '20200304', 0.0, 0.0, 0.0, 0.0);
INSERT INTO government_measures VALUES ('64', 'Aruba', 'ABW', 'None', 'None', 'NAT_TOTAL', '20200305', 0.0, 0.0, 0.0, 0.0);
INSERT INTO government_measures VALUES ('65', 'Aruba', 'ABW', 'None', 'None', 'NAT_TOTAL', '20200306', 0.0, 0.0, 0.0, 0.0);
INSERT INTO government_measures VALUES ('66', 'Aruba', 'ABW', 'None', 'None', 'NAT_TOTAL', '20200307', 0.0, 0.0, 0.0, 0.0);
INSERT INTO government_measures VALUES ('67', 'Aruba', 'ABW', 'None', 'None', 'NAT_TOTAL', '20200308', 0.0, 0.0, 0.0, 0.0);
INSERT INTO government_measures VALUES ('68', 'Aruba', 'ABW', 'None', 'None', 'NAT_TOTAL', '20200309', 0.0, 0.0, 0.0, 0.0);
INSERT INTO government_measures VALUES ('69', 'Aruba', 'ABW', 'None', 'None', 'NAT_TOTAL', '20200310', 0.0, 2.08, 2.38, 0.0);
INSERT INTO government_measures VALUES ('70', 'Aruba', 'ABW', 'None', 'None', 'NAT_TOTAL', '20200311', 0.0, 2.08, 2.38, 0.0);
INSERT INTO government_measures VALUES ('71', 'Aruba', 'ABW', 'None', 'None', 'NAT_TOTAL', '20200312', 0.0, 2.08, 2.38, 0.0);
INSERT INTO government_measures VALUES ('72', 'Aruba', 'ABW', 'None', 'None', 'NAT_TOTAL', '20200313', 0.0, 2.08, 2.38, 0.0);
INSERT INTO government_measures VALUES ('73', 'Aruba', 'ABW', 'None', 'None', 'NAT_TOTAL', '20200314', 0.0, 2.08, 2.38, 0.0);
INSERT INTO government_measures VALUES ('74', 'Aruba', 'ABW', 'None', 'None', 'NAT_TOTAL', '20200315', 0.0, 2.08, 2.38, 0.0);
INSERT INTO government_measures VALUES ('75', 'Aruba', 'ABW', 'None', 'None', 'NAT_TOTAL', '20200316', 11.11, 8.33, 9.52, 0.0);
INSERT INTO government_measures VALUES ('76', 'Aruba', 'ABW', 'None', 'None', 'NAT_TOTAL', '20200317', 22.22, 14.58, 16.67, 0.0);
INSERT INTO government_measures VALUES ('77', 'Aruba', 'ABW', 'None', 'None', 'NAT_TOTAL', '20200318', 33.33, 22.92, 26.19, 0.0);
INSERT INTO government_measures VALUES ('78', 'Aruba', 'ABW', 'None', 'None', 'NAT_TOTAL', '20200319', 33.33, 26.04, 29.76, 0.0);
INSERT INTO government_measures VALUES ('79', 'Aruba', 'ABW', 'None', 'None', 'NAT_TOTAL', '20200320', 33.33, 26.04, 29.76, 0.0);
INSERT INTO government_measures VALUES ('80', 'Aruba', 'ABW', 'None', 'None', 'NAT_TOTAL', '20200321', 44.44, 32.29, 36.9, 0.0);
INSERT INTO government_measures VALUES ('81', 'Aruba', 'ABW', 'None', 'None', 'NAT_TOTAL', '20200322', 44.44, 32.29, 36.9, 0.0);
INSERT INTO government_measures VALUES ('82', 'Aruba', 'ABW', 'None', 'None', 'NAT_TOTAL', '20200323', 44.44, 32.29, 36.9, 0.0);
INSERT INTO government_measures VALUES ('83', 'Aruba', 'ABW', 'None', 'None', 'NAT_TOTAL', '20200324', 44.44, 32.29, 36.9, 0.0);
INSERT INTO government_measures VALUES ('84', 'Aruba', 'ABW', 'None', 'None', 'NAT_TOTAL', '20200325', 44.44, 32.29, 36.9, 0.0);
INSERT INTO government_measures VALUES ('85', 'Aruba', 'ABW', 'None', 'None', 'NAT_TOTAL', '20200326', 44.44, 32.29, 36.9, 0.0);
INSERT INTO government_measures VALUES ('86', 'Aruba', 'ABW', 'None', 'None', 'NAT_TOTAL', '20200327', 44.44, 32.29, 36.9, 0.0);
INSERT INTO government_measures VALUES ('87', 'Aruba', 'ABW', 'None', 'None', 'NAT_TOTAL', '20200328', 44.44, 32.29, 36.9, 0.0);
INSERT INTO government_measures VALUES ('88', 'Aruba', 'ABW', 'None', 'None', 'NAT_TOTAL', '20200329', 85.19, 59.37, 67.86, 0.0);
INSERT INTO government_measures VALUES ('89', 'Aruba', 'ABW', 'None', 'None', 'NAT_TOTAL', '20200330', 85.19, 59.37, 67.86, 0.0);
INSERT INTO government_measures VALUES ('90', 'Aruba', 'ABW', 'None', 'None', 'NAT_TOTAL', '20200331', 85.19, 59.37, 67.86, 0.0);
INSERT INTO government_measures VALUES ('91', 'Aruba', 'ABW', 'None', 'None', 'NAT_TOTAL', '20200401', 85.19, 70.31, 67.86, 87.5);
INSERT INTO government_measures VALUES ('92', 'Aruba', 'ABW', 'None', 'None', 'NAT_TOTAL', '20200402', 85.19, 70.31, 67.86, 87.5);
INSERT INTO government_measures VALUES ('93', 'Aruba', 'ABW', 'None', 'None', 'NAT_TOTAL', '20200403', 85.19, 70.31, 67.86, 87.5);
INSERT INTO government_measures VALUES ('94', 'Aruba', 'ABW', 'None', 'None', 'NAT_TOTAL', '20200404', 85.19, 70.31, 67.86, 87.5);
INSERT INTO government_measures VALUES ('95', 'Aruba', 'ABW', 'None', 'None', 'NAT_TOTAL', '20200405', 85.19, 70.31, 67.86, 87.5);
INSERT INTO government_measures VALUES ('96', 'Aruba', 'ABW', 'None', 'None', 'NAT_TOTAL', '20200406', 85.19, 70.31, 67.86, 87.5);
INSERT INTO government_measures VALUES ('97', 'Aruba', 'ABW', 'None', 'None', 'NAT_TOTAL', '20200407', 85.19, 70.31, 67.86, 87.5);
INSERT INTO government_measures VALUES ('98', 'Aruba', 'ABW', 'None', 'None', 'NAT_TOTAL', '20200408', 85.19, 70.31, 67.86, 87.5);
INSERT INTO government_measures VALUES ('99', 'Aruba', 'ABW', 'None', 'None', 'NAT_TOTAL', '20200409', 85.19, 70.31, 67.86, 87.5);
INSERT INTO government_measures VALUES ('100', 'Aruba', 'ABW', 'None', 'None', 'NAT_TOTAL', '20200410', 88.89, 72.4, 70.24, 87.5);, parameters: None
[2023-11-09T10:08:37.641+0000] {sql.py:427} INFO - Rows affected: 1
[2023-11-09T10:08:37.660+0000] {taskinstance.py:1398} INFO - Marking task as SUCCESS. dag_id=covid_data_dag, task_id=create_government_measures_table, execution_date=20231109T100801, start_date=20231109T100837, end_date=20231109T100837
[2023-11-09T10:08:37.727+0000] {local_task_job_runner.py:228} INFO - Task exited with return code 0
[2023-11-09T10:08:37.759+0000] {taskinstance.py:2776} INFO - 0 downstream tasks scheduled from follow-on schedule check
