[2023-11-26T16:42:17.092+0000] {taskinstance.py:1157} INFO - Dependencies all met for dep_context=non-requeueable deps ti=<TaskInstance: covid_data_dag_postgres_plis.staging.pull_government_measures manual__2023-11-26T16:39:57.170703+00:00 [queued]>
[2023-11-26T16:42:17.216+0000] {taskinstance.py:1157} INFO - Dependencies all met for dep_context=requeueable deps ti=<TaskInstance: covid_data_dag_postgres_plis.staging.pull_government_measures manual__2023-11-26T16:39:57.170703+00:00 [queued]>
[2023-11-26T16:42:17.219+0000] {taskinstance.py:1359} INFO - Starting attempt 1 of 2
[2023-11-26T16:42:17.309+0000] {taskinstance.py:1380} INFO - Executing <Task(PythonOperator): staging.pull_government_measures> on 2023-11-26 16:39:57.170703+00:00
[2023-11-26T16:42:17.383+0000] {standard_task_runner.py:57} INFO - Started process 1496 to run task
[2023-11-26T16:42:17.389+0000] {standard_task_runner.py:84} INFO - Running: ['***', 'tasks', 'run', 'covid_data_dag_postgres_plis', 'staging.pull_government_measures', 'manual__2023-11-26T16:39:57.170703+00:00', '--job-id', '1555', '--raw', '--subdir', 'DAGS_FOLDER/Dag_postgres.py', '--cfg-path', '/tmp/tmpn_0o0g5m']
[2023-11-26T16:42:17.545+0000] {standard_task_runner.py:85} INFO - Job 1555: Subtask staging.pull_government_measures
[2023-11-26T16:42:19.184+0000] {task_command.py:415} INFO - Running <TaskInstance: covid_data_dag_postgres_plis.staging.pull_government_measures manual__2023-11-26T16:39:57.170703+00:00 [running]> on host 172.21.0.5
[2023-11-26T16:42:20.691+0000] {taskinstance.py:1660} INFO - Exporting env vars: AIRFLOW_CTX_DAG_OWNER='***' AIRFLOW_CTX_DAG_ID='covid_data_dag_postgres_plis' AIRFLOW_CTX_TASK_ID='staging.pull_government_measures' AIRFLOW_CTX_EXECUTION_DATE='2023-11-26T16:39:57.170703+00:00' AIRFLOW_CTX_TRY_NUMBER='1' AIRFLOW_CTX_DAG_RUN_ID='manual__2023-11-26T16:39:57.170703+00:00'
[2023-11-26T16:50:24.315+0000] {taskinstance.py:1935} ERROR - Task failed with exception
Traceback (most recent call last):
  File "/home/airflow/.local/lib/python3.8/site-packages/airflow/operators/python.py", line 192, in execute
    return_value = self.execute_callable()
  File "/home/airflow/.local/lib/python3.8/site-packages/airflow/operators/python.py", line 209, in execute_callable
    return self.python_callable(*self.op_args, **self.op_kwargs)
  File "/opt/airflow/dags/Dag_postgres.py", line 183, in _pull_government_measures
    db = client["covid"]
  File "/home/airflow/.local/lib/python3.8/site-packages/pymongo/cursor.py", line 1264, in next
    if len(self.__data) or self._refresh():
  File "/home/airflow/.local/lib/python3.8/site-packages/pymongo/cursor.py", line 1204, in _refresh
    self.__send_message(g)
  File "/home/airflow/.local/lib/python3.8/site-packages/pymongo/cursor.py", line 1060, in __send_message
    response = client._run_operation(
  File "/home/airflow/.local/lib/python3.8/site-packages/pymongo/_csot.py", line 107, in csot_wrapper
    return func(self, *args, **kwargs)
  File "/home/airflow/.local/lib/python3.8/site-packages/pymongo/mongo_client.py", line 1394, in _run_operation
    return self._retryable_read(
  File "/home/airflow/.local/lib/python3.8/site-packages/pymongo/mongo_client.py", line 1492, in _retryable_read
    return self._retry_internal(
  File "/home/airflow/.local/lib/python3.8/site-packages/pymongo/_csot.py", line 107, in csot_wrapper
    return func(self, *args, **kwargs)
  File "/home/airflow/.local/lib/python3.8/site-packages/pymongo/mongo_client.py", line 1453, in _retry_internal
    return _ClientConnectionRetryable(
  File "/home/airflow/.local/lib/python3.8/site-packages/pymongo/mongo_client.py", line 2315, in run
    return self._read() if self._is_read else self._write()
  File "/home/airflow/.local/lib/python3.8/site-packages/pymongo/mongo_client.py", line 2444, in _read
    return self._func(self._session, self._server, conn, read_pref)  # type: ignore
  File "/home/airflow/.local/lib/python3.8/site-packages/pymongo/mongo_client.py", line 1390, in _cmd
    return server.run_operation(
  File "/home/airflow/.local/lib/python3.8/site-packages/pymongo/helpers.py", line 322, in inner
    return func(*args, **kwargs)
  File "/home/airflow/.local/lib/python3.8/site-packages/pymongo/server.py", line 167, in run_operation
    _check_command_response(first, conn.max_wire_version)
  File "/home/airflow/.local/lib/python3.8/site-packages/pymongo/helpers.py", line 230, in _check_command_response
    raise OperationFailure(errmsg, code, response, max_wire_version)
pymongo.errors.OperationFailure: collection dropped. UUID 099e8bee-2b32-41dd-84e4-95f8181e8d01, full error: {'ok': 0.0, 'errmsg': 'collection dropped. UUID 099e8bee-2b32-41dd-84e4-95f8181e8d01', 'code': 175, 'codeName': 'QueryPlanKilled'}
[2023-11-26T16:50:24.750+0000] {taskinstance.py:1398} INFO - Marking task as UP_FOR_RETRY. dag_id=covid_data_dag_postgres_plis, task_id=staging.pull_government_measures, execution_date=20231126T163957, start_date=20231126T164217, end_date=20231126T165024
[2023-11-26T16:50:25.044+0000] {standard_task_runner.py:104} ERROR - Failed to execute job 1555 for task staging.pull_government_measures (collection dropped. UUID 099e8bee-2b32-41dd-84e4-95f8181e8d01, full error: {'ok': 0.0, 'errmsg': 'collection dropped. UUID 099e8bee-2b32-41dd-84e4-95f8181e8d01', 'code': 175, 'codeName': 'QueryPlanKilled'}; 1496)
[2023-11-26T16:50:25.220+0000] {local_task_job_runner.py:228} INFO - Task exited with return code 1
[2023-11-26T16:50:25.880+0000] {taskinstance.py:2776} INFO - 0 downstream tasks scheduled from follow-on schedule check
