[2023-11-26T16:10:51.053+0000] {taskinstance.py:1157} INFO - Dependencies all met for dep_context=non-requeueable deps ti=<TaskInstance: covid_data_dag_postgres_plis.staging.wrangle_vaccinations manual__2023-11-26T16:05:07.277984+00:00 [queued]>
[2023-11-26T16:10:51.089+0000] {taskinstance.py:1157} INFO - Dependencies all met for dep_context=requeueable deps ti=<TaskInstance: covid_data_dag_postgres_plis.staging.wrangle_vaccinations manual__2023-11-26T16:05:07.277984+00:00 [queued]>
[2023-11-26T16:10:51.090+0000] {taskinstance.py:1359} INFO - Starting attempt 2 of 2
[2023-11-26T16:10:51.200+0000] {taskinstance.py:1380} INFO - Executing <Task(PythonOperator): staging.wrangle_vaccinations> on 2023-11-26 16:05:07.277984+00:00
[2023-11-26T16:10:51.211+0000] {standard_task_runner.py:57} INFO - Started process 380 to run task
[2023-11-26T16:10:51.220+0000] {standard_task_runner.py:84} INFO - Running: ['***', 'tasks', 'run', 'covid_data_dag_postgres_plis', 'staging.wrangle_vaccinations', 'manual__2023-11-26T16:05:07.277984+00:00', '--job-id', '1531', '--raw', '--subdir', 'DAGS_FOLDER/Dag_postgres.py', '--cfg-path', '/tmp/tmp4ta57spf']
[2023-11-26T16:10:51.227+0000] {standard_task_runner.py:85} INFO - Job 1531: Subtask staging.wrangle_vaccinations
[2023-11-26T16:10:51.378+0000] {task_command.py:415} INFO - Running <TaskInstance: covid_data_dag_postgres_plis.staging.wrangle_vaccinations manual__2023-11-26T16:05:07.277984+00:00 [running]> on host 172.21.0.5
[2023-11-26T16:10:51.739+0000] {taskinstance.py:1660} INFO - Exporting env vars: AIRFLOW_CTX_DAG_OWNER='***' AIRFLOW_CTX_DAG_ID='covid_data_dag_postgres_plis' AIRFLOW_CTX_TASK_ID='staging.wrangle_vaccinations' AIRFLOW_CTX_EXECUTION_DATE='2023-11-26T16:05:07.277984+00:00' AIRFLOW_CTX_TRY_NUMBER='2' AIRFLOW_CTX_DAG_RUN_ID='manual__2023-11-26T16:05:07.277984+00:00'
[2023-11-26T16:10:53.282+0000] {logging_mixin.py:151} INFO - Formatting date…
[2023-11-26T16:10:53.329+0000] {logging_mixin.py:151} INFO - Discarding rows…
[2023-11-26T16:10:53.330+0000] {taskinstance.py:1935} ERROR - Task failed with exception
Traceback (most recent call last):
  File "/home/airflow/.local/lib/python3.8/site-packages/pandas/core/indexes/base.py", line 3653, in get_loc
    return self._engine.get_loc(casted_key)
  File "pandas/_libs/index.pyx", line 147, in pandas._libs.index.IndexEngine.get_loc
  File "pandas/_libs/index.pyx", line 176, in pandas._libs.index.IndexEngine.get_loc
  File "pandas/_libs/hashtable_class_helper.pxi", line 7080, in pandas._libs.hashtable.PyObjectHashTable.get_item
  File "pandas/_libs/hashtable_class_helper.pxi", line 7088, in pandas._libs.hashtable.PyObjectHashTable.get_item
KeyError: 'new_persons_vaccinated'

The above exception was the direct cause of the following exception:

Traceback (most recent call last):
  File "/home/airflow/.local/lib/python3.8/site-packages/airflow/operators/python.py", line 192, in execute
    return_value = self.execute_callable()
  File "/home/airflow/.local/lib/python3.8/site-packages/airflow/operators/python.py", line 209, in execute_callable
    return self.python_callable(*self.op_args, **self.op_kwargs)
  File "/opt/airflow/dags/Dag_postgres.py", line 299, in _wrangle_vaccinations
    df = discard_rows(df, ["new_persons_vaccinated", "new_persons_fully_vaccinated", "new_vaccine_doses_administered"])
  File "/opt/airflow/dags/Dag_postgres.py", line 196, in discard_rows
    df.loc[df[col] < 0, col] = np.nan
  File "/home/airflow/.local/lib/python3.8/site-packages/pandas/core/frame.py", line 3761, in __getitem__
    indexer = self.columns.get_loc(key)
  File "/home/airflow/.local/lib/python3.8/site-packages/pandas/core/indexes/base.py", line 3655, in get_loc
    raise KeyError(key) from err
KeyError: 'new_persons_vaccinated'
[2023-11-26T16:10:53.348+0000] {taskinstance.py:1398} INFO - Marking task as FAILED. dag_id=covid_data_dag_postgres_plis, task_id=staging.wrangle_vaccinations, execution_date=20231126T160507, start_date=20231126T161051, end_date=20231126T161053
[2023-11-26T16:10:53.364+0000] {standard_task_runner.py:104} ERROR - Failed to execute job 1531 for task staging.wrangle_vaccinations ('new_persons_vaccinated'; 380)
[2023-11-26T16:10:53.412+0000] {local_task_job_runner.py:228} INFO - Task exited with return code 1
[2023-11-26T16:10:53.466+0000] {taskinstance.py:2776} INFO - 0 downstream tasks scheduled from follow-on schedule check
