[2023-11-13T16:58:49.525+0000] {taskinstance.py:1157} INFO - Dependencies all met for dep_context=non-requeueable deps ti=<TaskInstance: covid_data_dag_postgres.download_population_data manual__2023-11-13T16:58:40.151539+00:00 [queued]>
[2023-11-13T16:58:49.553+0000] {taskinstance.py:1157} INFO - Dependencies all met for dep_context=requeueable deps ti=<TaskInstance: covid_data_dag_postgres.download_population_data manual__2023-11-13T16:58:40.151539+00:00 [queued]>
[2023-11-13T16:58:49.554+0000] {taskinstance.py:1359} INFO - Starting attempt 1 of 2
[2023-11-13T16:58:49.587+0000] {taskinstance.py:1380} INFO - Executing <Task(PythonOperator): download_population_data> on 2023-11-13 16:58:40.151539+00:00
[2023-11-13T16:58:49.595+0000] {standard_task_runner.py:57} INFO - Started process 974 to run task
[2023-11-13T16:58:49.626+0000] {standard_task_runner.py:84} INFO - Running: ['***', 'tasks', 'run', 'covid_data_dag_postgres', 'download_population_data', 'manual__2023-11-13T16:58:40.151539+00:00', '--job-id', '844', '--raw', '--subdir', 'DAGS_FOLDER/Dag_postgres.py', '--cfg-path', '/tmp/tmpgr3dv03o']
[2023-11-13T16:58:49.679+0000] {standard_task_runner.py:85} INFO - Job 844: Subtask download_population_data
[2023-11-13T16:58:50.257+0000] {task_command.py:415} INFO - Running <TaskInstance: covid_data_dag_postgres.download_population_data manual__2023-11-13T16:58:40.151539+00:00 [running]> on host 172.21.0.9
[2023-11-13T16:58:51.026+0000] {taskinstance.py:1660} INFO - Exporting env vars: AIRFLOW_CTX_DAG_OWNER='***' AIRFLOW_CTX_DAG_ID='covid_data_dag_postgres' AIRFLOW_CTX_TASK_ID='download_population_data' AIRFLOW_CTX_EXECUTION_DATE='2023-11-13T16:58:40.151539+00:00' AIRFLOW_CTX_TRY_NUMBER='1' AIRFLOW_CTX_DAG_RUN_ID='manual__2023-11-13T16:58:40.151539+00:00'
[2023-11-13T16:59:06.823+0000] {taskinstance.py:1935} ERROR - Task failed with exception
Traceback (most recent call last):
  File "/home/airflow/.local/lib/python3.8/site-packages/airflow/operators/python.py", line 192, in execute
    return_value = self.execute_callable()
  File "/home/airflow/.local/lib/python3.8/site-packages/airflow/operators/python.py", line 209, in execute_callable
    return self.python_callable(*self.op_args, **self.op_kwargs)
  File "/opt/airflow/dags/Dag_postgres.py", line 57, in download_population_data
    data_reshaped["YR2023"] = data_reshaped[2022]
UnboundLocalError: local variable 'data_reshaped' referenced before assignment
[2023-11-13T16:59:06.847+0000] {taskinstance.py:1398} INFO - Marking task as UP_FOR_RETRY. dag_id=covid_data_dag_postgres, task_id=download_population_data, execution_date=20231113T165840, start_date=20231113T165849, end_date=20231113T165906
[2023-11-13T16:59:06.876+0000] {standard_task_runner.py:104} ERROR - Failed to execute job 844 for task download_population_data (local variable 'data_reshaped' referenced before assignment; 974)
[2023-11-13T16:59:06.929+0000] {local_task_job_runner.py:228} INFO - Task exited with return code 1
[2023-11-13T16:59:06.969+0000] {taskinstance.py:2776} INFO - 0 downstream tasks scheduled from follow-on schedule check
