[2023-11-09T11:30:27.370+0000] {taskinstance.py:1157} INFO - Dependencies all met for dep_context=non-requeueable deps ti=<TaskInstance: covid_data_dag_mongo.create_vaccinations_query_operator manual__2023-11-09T11:30:00.383660+00:00 [queued]>
[2023-11-09T11:30:27.398+0000] {taskinstance.py:1157} INFO - Dependencies all met for dep_context=requeueable deps ti=<TaskInstance: covid_data_dag_mongo.create_vaccinations_query_operator manual__2023-11-09T11:30:00.383660+00:00 [queued]>
[2023-11-09T11:30:27.402+0000] {taskinstance.py:1359} INFO - Starting attempt 2 of 2
[2023-11-09T11:30:28.223+0000] {taskinstance.py:1380} INFO - Executing <Task(PythonOperator): create_vaccinations_query_operator> on 2023-11-09 11:30:00.383660+00:00
[2023-11-09T11:30:28.249+0000] {standard_task_runner.py:57} INFO - Started process 1454 to run task
[2023-11-09T11:30:28.268+0000] {standard_task_runner.py:84} INFO - Running: ['***', 'tasks', 'run', 'covid_data_dag_mongo', 'create_vaccinations_query_operator', 'manual__2023-11-09T11:30:00.383660+00:00', '--job-id', '712', '--raw', '--subdir', 'DAGS_FOLDER/Dag_mongo.py', '--cfg-path', '/tmp/tmpznvqv_g5']
[2023-11-09T11:30:28.282+0000] {standard_task_runner.py:85} INFO - Job 712: Subtask create_vaccinations_query_operator
[2023-11-09T11:30:28.544+0000] {task_command.py:415} INFO - Running <TaskInstance: covid_data_dag_mongo.create_vaccinations_query_operator manual__2023-11-09T11:30:00.383660+00:00 [running]> on host 172.21.0.7
[2023-11-09T11:30:28.804+0000] {warnings.py:109} WARNING - /home/***/.local/lib/python3.8/site-packages/***/utils/context.py:206: AirflowContextDeprecationWarning: Accessing 'prev_execution_date' from the template is deprecated and will be removed in a future version.
  warnings.warn(_create_deprecation_warning(key, self._deprecation_replacements[key]))

[2023-11-09T11:30:29.033+0000] {taskinstance.py:1660} INFO - Exporting env vars: AIRFLOW_CTX_DAG_OWNER='***' AIRFLOW_CTX_DAG_ID='covid_data_dag_mongo' AIRFLOW_CTX_TASK_ID='create_vaccinations_query_operator' AIRFLOW_CTX_EXECUTION_DATE='2023-11-09T11:30:00.383660+00:00' AIRFLOW_CTX_TRY_NUMBER='2' AIRFLOW_CTX_DAG_RUN_ID='manual__2023-11-09T11:30:00.383660+00:00'
[2023-11-09T11:30:29.576+0000] {taskinstance.py:1935} ERROR - Task failed with exception
Traceback (most recent call last):
  File "/home/airflow/.local/lib/python3.8/site-packages/airflow/operators/python.py", line 192, in execute
    return_value = self.execute_callable()
  File "/home/airflow/.local/lib/python3.8/site-packages/airflow/operators/python.py", line 209, in execute_callable
    return self.python_callable(*self.op_args, **self.op_kwargs)
  File "/opt/airflow/dags/Dag_mongo.py", line 68, in _create_vaccinations_query
    collection.insert_many(df.to_dict('records'))
  File "/home/airflow/.local/lib/python3.8/site-packages/pymongo/_csot.py", line 107, in csot_wrapper
    return func(self, *args, **kwargs)
  File "/home/airflow/.local/lib/python3.8/site-packages/pymongo/collection.py", line 739, in insert_many
    raise TypeError("documents must be a non-empty list")
TypeError: documents must be a non-empty list
[2023-11-09T11:30:29.845+0000] {taskinstance.py:1398} INFO - Marking task as FAILED. dag_id=covid_data_dag_mongo, task_id=create_vaccinations_query_operator, execution_date=20231109T113000, start_date=20231109T113027, end_date=20231109T113029
[2023-11-09T11:30:29.973+0000] {standard_task_runner.py:104} ERROR - Failed to execute job 712 for task create_vaccinations_query_operator (documents must be a non-empty list; 1454)
[2023-11-09T11:30:30.050+0000] {local_task_job_runner.py:228} INFO - Task exited with return code 1
[2023-11-09T11:30:30.142+0000] {taskinstance.py:2776} INFO - 0 downstream tasks scheduled from follow-on schedule check
