[2023-11-13T17:01:44.432+0000] {taskinstance.py:1157} INFO - Dependencies all met for dep_context=non-requeueable deps ti=<TaskInstance: covid_data_dag_postgres.wrangle_government_measures manual__2023-11-13T17:01:03.783643+00:00 [queued]>
[2023-11-13T17:01:44.465+0000] {taskinstance.py:1157} INFO - Dependencies all met for dep_context=requeueable deps ti=<TaskInstance: covid_data_dag_postgres.wrangle_government_measures manual__2023-11-13T17:01:03.783643+00:00 [queued]>
[2023-11-13T17:01:44.467+0000] {taskinstance.py:1359} INFO - Starting attempt 1 of 2
[2023-11-13T17:01:44.558+0000] {taskinstance.py:1380} INFO - Executing <Task(PythonOperator): wrangle_government_measures> on 2023-11-13 17:01:03.783643+00:00
[2023-11-13T17:01:44.584+0000] {standard_task_runner.py:57} INFO - Started process 1108 to run task
[2023-11-13T17:01:44.618+0000] {standard_task_runner.py:84} INFO - Running: ['***', 'tasks', 'run', 'covid_data_dag_postgres', 'wrangle_government_measures', 'manual__2023-11-13T17:01:03.783643+00:00', '--job-id', '861', '--raw', '--subdir', 'DAGS_FOLDER/Dag_postgres.py', '--cfg-path', '/tmp/tmp8c97s4k9']
[2023-11-13T17:01:44.676+0000] {standard_task_runner.py:85} INFO - Job 861: Subtask wrangle_government_measures
[2023-11-13T17:01:49.485+0000] {task_command.py:415} INFO - Running <TaskInstance: covid_data_dag_postgres.wrangle_government_measures manual__2023-11-13T17:01:03.783643+00:00 [running]> on host 172.21.0.9
[2023-11-13T17:01:50.000+0000] {taskinstance.py:1660} INFO - Exporting env vars: AIRFLOW_CTX_DAG_OWNER='***' AIRFLOW_CTX_DAG_ID='covid_data_dag_postgres' AIRFLOW_CTX_TASK_ID='wrangle_government_measures' AIRFLOW_CTX_EXECUTION_DATE='2023-11-13T17:01:03.783643+00:00' AIRFLOW_CTX_TRY_NUMBER='1' AIRFLOW_CTX_DAG_RUN_ID='manual__2023-11-13T17:01:03.783643+00:00'
[2023-11-13T17:02:28.219+0000] {local_task_job_runner.py:115} ERROR - Received SIGTERM. Terminating subprocesses
[2023-11-13T17:02:28.698+0000] {process_utils.py:131} INFO - Sending 15 to group 1108. PIDs of all processes in the group: [1108]
[2023-11-13T17:02:28.729+0000] {process_utils.py:86} INFO - Sending the signal 15 to group 1108
[2023-11-13T17:02:28.988+0000] {taskinstance.py:1630} ERROR - Received SIGTERM. Terminating subprocesses.
[2023-11-13T17:02:33.090+0000] {taskinstance.py:1935} ERROR - Task failed with exception
Traceback (most recent call last):
  File "/home/airflow/.local/lib/python3.8/site-packages/airflow/operators/python.py", line 192, in execute
    return_value = self.execute_callable()
  File "/home/airflow/.local/lib/python3.8/site-packages/airflow/operators/python.py", line 209, in execute_callable
    return self.python_callable(*self.op_args, **self.op_kwargs)
  File "/opt/airflow/dags/Dag_postgres.py", line 149, in wrangle_government_measures
    df.to_csv('/opt/airflow/dags/postgres/government_measures_wrangled.csv', index=False)
  File "/home/airflow/.local/lib/python3.8/site-packages/pandas/core/generic.py", line 3772, in to_csv
    return DataFrameRenderer(formatter).to_csv(
  File "/home/airflow/.local/lib/python3.8/site-packages/pandas/io/formats/format.py", line 1186, in to_csv
    csv_formatter.save()
  File "/home/airflow/.local/lib/python3.8/site-packages/pandas/io/formats/csvs.py", line 259, in save
    self._save()
  File "/home/airflow/.local/lib/python3.8/site-packages/pandas/io/formats/csvs.py", line 264, in _save
    self._save_body()
  File "/home/airflow/.local/lib/python3.8/site-packages/pandas/io/formats/csvs.py", line 302, in _save_body
    self._save_chunk(start_i, end_i)
  File "/home/airflow/.local/lib/python3.8/site-packages/pandas/io/formats/csvs.py", line 309, in _save_chunk
    res = df._mgr.to_native_types(**self._number_format)
  File "/home/airflow/.local/lib/python3.8/site-packages/pandas/core/internals/managers.py", line 512, in to_native_types
    return self.apply("to_native_types", **kwargs)
  File "/home/airflow/.local/lib/python3.8/site-packages/pandas/core/internals/managers.py", line 352, in apply
    applied = getattr(b, f)(**kwargs)
  File "/home/airflow/.local/lib/python3.8/site-packages/pandas/core/internals/blocks.py", line 531, in to_native_types
    result = to_native_types(self.values, na_rep=na_rep, quoting=quoting, **kwargs)
  File "/home/airflow/.local/lib/python3.8/site-packages/pandas/core/internals/blocks.py", line 2538, in to_native_types
    values = values.astype(str)
  File "/home/airflow/.local/lib/python3.8/site-packages/airflow/models/taskinstance.py", line 1632, in signal_handler
    raise AirflowException("Task received SIGTERM signal")
airflow.exceptions.AirflowException: Task received SIGTERM signal
[2023-11-13T17:02:34.271+0000] {taskinstance.py:1398} INFO - Marking task as UP_FOR_RETRY. dag_id=covid_data_dag_postgres, task_id=wrangle_government_measures, execution_date=20231113T170103, start_date=20231113T170144, end_date=20231113T170234
[2023-11-13T17:02:34.581+0000] {standard_task_runner.py:104} ERROR - Failed to execute job 861 for task wrangle_government_measures (Task received SIGTERM signal; 1108)
[2023-11-13T17:02:35.056+0000] {process_utils.py:79} INFO - Process psutil.Process(pid=1108, status='terminated', exitcode=1, started='17:01:44') (1108) terminated with exit code 1
[2023-11-13T17:02:35.121+0000] {local_task_job_runner.py:228} INFO - Task exited with return code 143
