[2023-11-19T11:45:18.124+0000] {taskinstance.py:1157} INFO - Dependencies all met for dep_context=non-requeueable deps ti=<TaskInstance: covid_data_dag_postgres_plis.staging.create_government_measures_table manual__2023-11-19T11:43:32.627824+00:00 [queued]>
[2023-11-19T11:45:18.203+0000] {taskinstance.py:1157} INFO - Dependencies all met for dep_context=requeueable deps ti=<TaskInstance: covid_data_dag_postgres_plis.staging.create_government_measures_table manual__2023-11-19T11:43:32.627824+00:00 [queued]>
[2023-11-19T11:45:18.207+0000] {taskinstance.py:1359} INFO - Starting attempt 1 of 2
[2023-11-19T11:45:18.270+0000] {taskinstance.py:1380} INFO - Executing <Task(PostgresOperator): staging.create_government_measures_table> on 2023-11-19 11:43:32.627824+00:00
[2023-11-19T11:45:18.293+0000] {standard_task_runner.py:57} INFO - Started process 2965 to run task
[2023-11-19T11:45:18.304+0000] {standard_task_runner.py:84} INFO - Running: ['***', 'tasks', 'run', 'covid_data_dag_postgres_plis', 'staging.create_government_measures_table', 'manual__2023-11-19T11:43:32.627824+00:00', '--job-id', '1281', '--raw', '--subdir', 'DAGS_FOLDER/Dag_postgres.py', '--cfg-path', '/tmp/tmphwyh8z88']
[2023-11-19T11:45:18.363+0000] {standard_task_runner.py:85} INFO - Job 1281: Subtask staging.create_government_measures_table
[2023-11-19T11:45:24.848+0000] {task_command.py:415} INFO - Running <TaskInstance: covid_data_dag_postgres_plis.staging.create_government_measures_table manual__2023-11-19T11:43:32.627824+00:00 [running]> on host 172.21.0.3
[2023-11-19T11:45:26.355+0000] {taskinstance.py:1660} INFO - Exporting env vars: AIRFLOW_CTX_DAG_OWNER='***' AIRFLOW_CTX_DAG_ID='covid_data_dag_postgres_plis' AIRFLOW_CTX_TASK_ID='staging.create_government_measures_table' AIRFLOW_CTX_EXECUTION_DATE='2023-11-19T11:43:32.627824+00:00' AIRFLOW_CTX_TRY_NUMBER='1' AIRFLOW_CTX_DAG_RUN_ID='manual__2023-11-19T11:43:32.627824+00:00'
[2023-11-19T11:45:26.357+0000] {sql.py:274} INFO - Executing: DROP TABLE IF EXISTS government_measures;
CREATE TABLE government_measures (
    CountryName VARCHAR(255),
    CountryCode VARCHAR(255),
    Jurisdiction VARCHAR(255),
    _date DATE,
    StringencyIndex_Average FLOAT,
    GovernmentResponseIndex_Average FLOAT,
    ContainmentHealthIndex_Average FLOAT,
    EconomicSupportIndex FLOAT
);
[2023-11-19T11:45:26.474+0000] {base.py:73} INFO - Using connection ID 'postgres_default' for task execution.
[2023-11-19T11:45:26.554+0000] {base.py:73} INFO - Using connection ID 'postgres_default' for task execution.
[2023-11-19T11:45:26.964+0000] {sql.py:418} INFO - Running statement: DROP TABLE IF EXISTS government_measures;
CREATE TABLE government_measures (
    CountryName VARCHAR(255),
    CountryCode VARCHAR(255),
    Jurisdiction VARCHAR(255),
    _date DATE,
    StringencyIndex_Average FLOAT,
    GovernmentResponseIndex_Average FLOAT,
    ContainmentHealthIndex_Average FLOAT,
    EconomicSupportIndex FLOAT
);, parameters: None
[2023-11-19T11:45:27.281+0000] {taskinstance.py:1398} INFO - Marking task as SUCCESS. dag_id=covid_data_dag_postgres_plis, task_id=staging.create_government_measures_table, execution_date=20231119T114332, start_date=20231119T114518, end_date=20231119T114527
[2023-11-19T11:45:27.476+0000] {local_task_job_runner.py:228} INFO - Task exited with return code 0
[2023-11-19T11:45:28.248+0000] {taskinstance.py:2776} INFO - 1 downstream tasks scheduled from follow-on schedule check
