[2023-11-07T09:59:11.233+0000] {taskinstance.py:1157} INFO - Dependencies all met for dep_context=non-requeueable deps ti=<TaskInstance: covid_data_dag.store_cases_deaths manual__2023-11-07T09:58:53.336894+00:00 [queued]>
[2023-11-07T09:59:11.454+0000] {taskinstance.py:1157} INFO - Dependencies all met for dep_context=requeueable deps ti=<TaskInstance: covid_data_dag.store_cases_deaths manual__2023-11-07T09:58:53.336894+00:00 [queued]>
[2023-11-07T09:59:11.454+0000] {taskinstance.py:1359} INFO - Starting attempt 1 of 2
[2023-11-07T09:59:11.476+0000] {taskinstance.py:1380} INFO - Executing <Task(PythonOperator): store_cases_deaths> on 2023-11-07 09:58:53.336894+00:00
[2023-11-07T09:59:11.483+0000] {standard_task_runner.py:57} INFO - Started process 200 to run task
[2023-11-07T09:59:11.488+0000] {standard_task_runner.py:84} INFO - Running: ['***', 'tasks', 'run', 'covid_data_dag', 'store_cases_deaths', 'manual__2023-11-07T09:58:53.336894+00:00', '--job-id', '8', '--raw', '--subdir', 'DAGS_FOLDER/Dags.py', '--cfg-path', '/tmp/tmpennuetxm']
[2023-11-07T09:59:11.492+0000] {standard_task_runner.py:85} INFO - Job 8: Subtask store_cases_deaths
[2023-11-07T09:59:11.561+0000] {task_command.py:415} INFO - Running <TaskInstance: covid_data_dag.store_cases_deaths manual__2023-11-07T09:58:53.336894+00:00 [running]> on host 172.21.0.8
[2023-11-07T09:59:11.661+0000] {taskinstance.py:1660} INFO - Exporting env vars: AIRFLOW_CTX_DAG_OWNER='***' AIRFLOW_CTX_DAG_ID='covid_data_dag' AIRFLOW_CTX_TASK_ID='store_cases_deaths' AIRFLOW_CTX_EXECUTION_DATE='2023-11-07T09:58:53.336894+00:00' AIRFLOW_CTX_TRY_NUMBER='1' AIRFLOW_CTX_DAG_RUN_ID='manual__2023-11-07T09:58:53.336894+00:00'
[2023-11-07T10:00:04.643+0000] {taskinstance.py:1935} ERROR - Task failed with exception
Traceback (most recent call last):
  File "/home/airflow/.local/lib/python3.8/site-packages/airflow/operators/python.py", line 192, in execute
    return_value = self.execute_callable()
  File "/home/airflow/.local/lib/python3.8/site-packages/airflow/operators/python.py", line 209, in execute_callable
    return self.python_callable(*self.op_args, **self.op_kwargs)
  File "/opt/airflow/dags/Dags.py", line 57, in store_cases_deaths
    collection.insert_many(data)
  File "/home/airflow/.local/lib/python3.8/site-packages/pymongo/_csot.py", line 107, in csot_wrapper
    return func(self, *args, **kwargs)
  File "/home/airflow/.local/lib/python3.8/site-packages/pymongo/collection.py", line 755, in insert_many
    blk.execute(write_concern, session=session)
  File "/home/airflow/.local/lib/python3.8/site-packages/pymongo/bulk.py", line 576, in execute
    return self.execute_command(generator, write_concern, session)
  File "/home/airflow/.local/lib/python3.8/site-packages/pymongo/bulk.py", line 443, in execute_command
    client._retryable_write(self.is_retryable, retryable_bulk, session, bulk=self)
  File "/home/airflow/.local/lib/python3.8/site-packages/pymongo/mongo_client.py", line 1522, in _retryable_write
    with self._tmp_session(session) as s:
  File "/usr/local/lib/python3.8/contextlib.py", line 113, in __enter__
    return next(self.gen)
  File "/home/airflow/.local/lib/python3.8/site-packages/pymongo/mongo_client.py", line 1840, in _tmp_session
    s = self._ensure_session(session)
  File "/home/airflow/.local/lib/python3.8/site-packages/pymongo/mongo_client.py", line 1823, in _ensure_session
    return self.__start_session(True, causal_consistency=False)
  File "/home/airflow/.local/lib/python3.8/site-packages/pymongo/mongo_client.py", line 1766, in __start_session
    self._topology._check_implicit_session_support()
  File "/home/airflow/.local/lib/python3.8/site-packages/pymongo/topology.py", line 573, in _check_implicit_session_support
    self._check_session_support()
  File "/home/airflow/.local/lib/python3.8/site-packages/pymongo/topology.py", line 589, in _check_session_support
    self._select_servers_loop(
  File "/home/airflow/.local/lib/python3.8/site-packages/pymongo/topology.py", line 259, in _select_servers_loop
    raise ServerSelectionTimeoutError(
pymongo.errors.ServerSelectionTimeoutError: localhost:27017: [Errno 111] Connection refused (configured timeouts: socketTimeoutMS: 20000.0ms, connectTimeoutMS: 20000.0ms), Timeout: 30s, Topology Description: <TopologyDescription id: 654a0a6f39aa3476b7b665b3, topology_type: Unknown, servers: [<ServerDescription ('localhost', 27017) server_type: Unknown, rtt: None, error=AutoReconnect('localhost:27017: [Errno 111] Connection refused (configured timeouts: socketTimeoutMS: 20000.0ms, connectTimeoutMS: 20000.0ms)')>]>
[2023-11-07T10:00:04.672+0000] {taskinstance.py:1398} INFO - Marking task as UP_FOR_RETRY. dag_id=covid_data_dag, task_id=store_cases_deaths, execution_date=20231107T095853, start_date=20231107T095911, end_date=20231107T100004
[2023-11-07T10:00:04.691+0000] {standard_task_runner.py:104} ERROR - Failed to execute job 8 for task store_cases_deaths (localhost:27017: [Errno 111] Connection refused (configured timeouts: socketTimeoutMS: 20000.0ms, connectTimeoutMS: 20000.0ms), Timeout: 30s, Topology Description: <TopologyDescription id: 654a0a6f39aa3476b7b665b3, topology_type: Unknown, servers: [<ServerDescription ('localhost', 27017) server_type: Unknown, rtt: None, error=AutoReconnect('localhost:27017: [Errno 111] Connection refused (configured timeouts: socketTimeoutMS: 20000.0ms, connectTimeoutMS: 20000.0ms)')>]>; 200)
[2023-11-07T10:00:04.754+0000] {local_task_job_runner.py:228} INFO - Task exited with return code 1
[2023-11-07T10:00:04.800+0000] {taskinstance.py:2776} INFO - 0 downstream tasks scheduled from follow-on schedule check
