[2023-11-19T11:20:17.080+0000] {taskinstance.py:1157} INFO - Dependencies all met for dep_context=non-requeueable deps ti=<TaskInstance: covid_data_dag_postgres_plis.staging.create_time_table manual__2023-11-19T11:18:56.808445+00:00 [queued]>
[2023-11-19T11:20:17.115+0000] {taskinstance.py:1157} INFO - Dependencies all met for dep_context=requeueable deps ti=<TaskInstance: covid_data_dag_postgres_plis.staging.create_time_table manual__2023-11-19T11:18:56.808445+00:00 [queued]>
[2023-11-19T11:20:17.116+0000] {taskinstance.py:1359} INFO - Starting attempt 1 of 2
[2023-11-19T11:20:17.162+0000] {taskinstance.py:1380} INFO - Executing <Task(PostgresOperator): staging.create_time_table> on 2023-11-19 11:18:56.808445+00:00
[2023-11-19T11:20:17.184+0000] {standard_task_runner.py:57} INFO - Started process 1899 to run task
[2023-11-19T11:20:17.202+0000] {standard_task_runner.py:84} INFO - Running: ['***', 'tasks', 'run', 'covid_data_dag_postgres_plis', 'staging.create_time_table', 'manual__2023-11-19T11:18:56.808445+00:00', '--job-id', '1179', '--raw', '--subdir', 'DAGS_FOLDER/Dag_postgres.py', '--cfg-path', '/tmp/tmp4rv4b2qg']
[2023-11-19T11:20:17.232+0000] {standard_task_runner.py:85} INFO - Job 1179: Subtask staging.create_time_table
[2023-11-19T11:20:18.135+0000] {task_command.py:415} INFO - Running <TaskInstance: covid_data_dag_postgres_plis.staging.create_time_table manual__2023-11-19T11:18:56.808445+00:00 [running]> on host 172.21.0.3
[2023-11-19T11:20:18.455+0000] {taskinstance.py:1660} INFO - Exporting env vars: AIRFLOW_CTX_DAG_OWNER='***' AIRFLOW_CTX_DAG_ID='covid_data_dag_postgres_plis' AIRFLOW_CTX_TASK_ID='staging.create_time_table' AIRFLOW_CTX_EXECUTION_DATE='2023-11-19T11:18:56.808445+00:00' AIRFLOW_CTX_TRY_NUMBER='1' AIRFLOW_CTX_DAG_RUN_ID='manual__2023-11-19T11:18:56.808445+00:00'
[2023-11-19T11:20:18.457+0000] {sql.py:274} INFO - Executing: 
CREATE TABLE time_table (
    Date DATE,
    Week INT,
    Month INT,
    Trimester INT,
    Semester INT,
    Year INT
);
[2023-11-19T11:20:18.493+0000] {base.py:73} INFO - Using connection ID 'postgres_default' for task execution.
[2023-11-19T11:20:18.517+0000] {base.py:73} INFO - Using connection ID 'postgres_default' for task execution.
[2023-11-19T11:20:18.540+0000] {sql.py:418} INFO - Running statement: 
CREATE TABLE time_table (
    Date DATE,
    Week INT,
    Month INT,
    Trimester INT,
    Semester INT,
    Year INT
);, parameters: None
[2023-11-19T11:20:18.705+0000] {taskinstance.py:1398} INFO - Marking task as SUCCESS. dag_id=covid_data_dag_postgres_plis, task_id=staging.create_time_table, execution_date=20231119T111856, start_date=20231119T112017, end_date=20231119T112018
[2023-11-19T11:20:18.872+0000] {local_task_job_runner.py:228} INFO - Task exited with return code 0
[2023-11-19T11:20:19.382+0000] {taskinstance.py:2776} INFO - 1 downstream tasks scheduled from follow-on schedule check
