[2023-11-19T11:51:09.987+0000] {taskinstance.py:1157} INFO - Dependencies all met for dep_context=non-requeueable deps ti=<TaskInstance: covid_data_dag_postgres_plis.staging.create_location_table manual__2023-11-19T11:49:10.359530+00:00 [queued]>
[2023-11-19T11:51:10.218+0000] {taskinstance.py:1157} INFO - Dependencies all met for dep_context=requeueable deps ti=<TaskInstance: covid_data_dag_postgres_plis.staging.create_location_table manual__2023-11-19T11:49:10.359530+00:00 [queued]>
[2023-11-19T11:51:10.225+0000] {taskinstance.py:1359} INFO - Starting attempt 1 of 2
[2023-11-19T11:51:10.356+0000] {taskinstance.py:1380} INFO - Executing <Task(PostgresOperator): staging.create_location_table> on 2023-11-19 11:49:10.359530+00:00
[2023-11-19T11:51:10.406+0000] {standard_task_runner.py:57} INFO - Started process 3256 to run task
[2023-11-19T11:51:10.435+0000] {standard_task_runner.py:84} INFO - Running: ['***', 'tasks', 'run', 'covid_data_dag_postgres_plis', 'staging.create_location_table', 'manual__2023-11-19T11:49:10.359530+00:00', '--job-id', '1326', '--raw', '--subdir', 'DAGS_FOLDER/Dag_postgres.py', '--cfg-path', '/tmp/tmpkakwo_n9']
[2023-11-19T11:51:10.490+0000] {standard_task_runner.py:85} INFO - Job 1326: Subtask staging.create_location_table
[2023-11-19T11:51:16.789+0000] {task_command.py:415} INFO - Running <TaskInstance: covid_data_dag_postgres_plis.staging.create_location_table manual__2023-11-19T11:49:10.359530+00:00 [running]> on host 172.21.0.3
[2023-11-19T11:51:17.409+0000] {taskinstance.py:1660} INFO - Exporting env vars: AIRFLOW_CTX_DAG_OWNER='***' AIRFLOW_CTX_DAG_ID='covid_data_dag_postgres_plis' AIRFLOW_CTX_TASK_ID='staging.create_location_table' AIRFLOW_CTX_EXECUTION_DATE='2023-11-19T11:49:10.359530+00:00' AIRFLOW_CTX_TRY_NUMBER='1' AIRFLOW_CTX_DAG_RUN_ID='manual__2023-11-19T11:49:10.359530+00:00'
[2023-11-19T11:51:17.419+0000] {sql.py:274} INFO - Executing: DROP TABLE IF EXISTS location;
CREATE TABLE location (
  country VARCHAR(255),
  alpha_2 VARCHAR(2),
  alpha_3 VARCHAR(3),
  country_code INT,
  iso_3166_2 VARCHAR(255),
  region VARCHAR(255),
  sub_region VARCHAR(255),
  intermediate_region VARCHAR(255),
  region_code INT,
  sub_region_code INT,
  intermediate_region_code INT
);
[2023-11-19T11:51:17.501+0000] {base.py:73} INFO - Using connection ID 'postgres_default' for task execution.
[2023-11-19T11:51:17.547+0000] {base.py:73} INFO - Using connection ID 'postgres_default' for task execution.
[2023-11-19T11:51:17.563+0000] {sql.py:418} INFO - Running statement: DROP TABLE IF EXISTS location;
CREATE TABLE location (
  country VARCHAR(255),
  alpha_2 VARCHAR(2),
  alpha_3 VARCHAR(3),
  country_code INT,
  iso_3166_2 VARCHAR(255),
  region VARCHAR(255),
  sub_region VARCHAR(255),
  intermediate_region VARCHAR(255),
  region_code INT,
  sub_region_code INT,
  intermediate_region_code INT
);, parameters: None
[2023-11-19T11:51:17.664+0000] {taskinstance.py:1398} INFO - Marking task as SUCCESS. dag_id=covid_data_dag_postgres_plis, task_id=staging.create_location_table, execution_date=20231119T114910, start_date=20231119T115110, end_date=20231119T115117
[2023-11-19T11:51:17.881+0000] {local_task_job_runner.py:228} INFO - Task exited with return code 0
[2023-11-19T11:51:18.160+0000] {taskinstance.py:2776} INFO - 1 downstream tasks scheduled from follow-on schedule check
