[2023-11-08T09:05:21.995+0000] {taskinstance.py:1157} INFO - Dependencies all met for dep_context=non-requeueable deps ti=<TaskInstance: covid_data_dag.create_cases_deaths_table manual__2023-11-08T09:04:43.907358+00:00 [queued]>
[2023-11-08T09:05:22.071+0000] {taskinstance.py:1157} INFO - Dependencies all met for dep_context=requeueable deps ti=<TaskInstance: covid_data_dag.create_cases_deaths_table manual__2023-11-08T09:04:43.907358+00:00 [queued]>
[2023-11-08T09:05:22.078+0000] {taskinstance.py:1359} INFO - Starting attempt 2 of 2
[2023-11-08T09:05:22.155+0000] {taskinstance.py:1380} INFO - Executing <Task(PostgresOperator): create_cases_deaths_table> on 2023-11-08 09:04:43.907358+00:00
[2023-11-08T09:05:22.165+0000] {standard_task_runner.py:57} INFO - Started process 719 to run task
[2023-11-08T09:05:22.175+0000] {standard_task_runner.py:84} INFO - Running: ['***', 'tasks', 'run', 'covid_data_dag', 'create_cases_deaths_table', 'manual__2023-11-08T09:04:43.907358+00:00', '--job-id', '126', '--raw', '--subdir', 'DAGS_FOLDER/Dags.py', '--cfg-path', '/tmp/tmpp53bmfxc']
[2023-11-08T09:05:22.239+0000] {standard_task_runner.py:85} INFO - Job 126: Subtask create_cases_deaths_table
[2023-11-08T09:05:22.439+0000] {task_command.py:415} INFO - Running <TaskInstance: covid_data_dag.create_cases_deaths_table manual__2023-11-08T09:04:43.907358+00:00 [running]> on host 172.21.0.5
[2023-11-08T09:05:22.643+0000] {taskinstance.py:1660} INFO - Exporting env vars: AIRFLOW_CTX_DAG_OWNER='***' AIRFLOW_CTX_DAG_ID='covid_data_dag' AIRFLOW_CTX_TASK_ID='create_cases_deaths_table' AIRFLOW_CTX_EXECUTION_DATE='2023-11-08T09:04:43.907358+00:00' AIRFLOW_CTX_TRY_NUMBER='2' AIRFLOW_CTX_DAG_RUN_ID='manual__2023-11-08T09:04:43.907358+00:00'
[2023-11-08T09:05:22.645+0000] {sql.py:274} INFO - Executing: CREATE TABLE IF NOT EXISTS cases_deaths (id SERIAL PRIMARY KEY,date_reported DATE,country_code VARCHAR(10),country VARCHAR(100),who_region VARCHAR(100),new_cases INTEGER,cumulative_cases INTEGER,new_deaths INTEGER,cumulative_deaths INTEGER);
[2023-11-08T09:05:22.672+0000] {base.py:73} INFO - Using connection ID 'postgres_default' for task execution.
[2023-11-08T09:05:22.693+0000] {base.py:73} INFO - Using connection ID 'postgres_default' for task execution.
[2023-11-08T09:05:25.460+0000] {taskinstance.py:1935} ERROR - Task failed with exception
Traceback (most recent call last):
  File "/home/airflow/.local/lib/python3.8/site-packages/airflow/providers/common/sql/operators/sql.py", line 280, in execute
    output = hook.run(
  File "/home/airflow/.local/lib/python3.8/site-packages/airflow/providers/common/sql/hooks/sql.py", line 385, in run
    with closing(self.get_conn()) as conn:
  File "/home/airflow/.local/lib/python3.8/site-packages/airflow/providers/postgres/hooks/postgres.py", line 154, in get_conn
    self.conn = psycopg2.connect(**conn_args)
  File "/home/airflow/.local/lib/python3.8/site-packages/psycopg2/__init__.py", line 122, in connect
    conn = _connect(dsn, connection_factory=connection_factory, **kwasync)
psycopg2.OperationalError: could not translate host name "local" to address: Name or service not known

[2023-11-08T09:05:25.486+0000] {taskinstance.py:1398} INFO - Marking task as FAILED. dag_id=covid_data_dag, task_id=create_cases_deaths_table, execution_date=20231108T090443, start_date=20231108T090522, end_date=20231108T090525
[2023-11-08T09:05:25.541+0000] {standard_task_runner.py:104} ERROR - Failed to execute job 126 for task create_cases_deaths_table (could not translate host name "local" to address: Name or service not known
; 719)
[2023-11-08T09:05:25.570+0000] {local_task_job_runner.py:228} INFO - Task exited with return code 1
[2023-11-08T09:05:25.636+0000] {taskinstance.py:2776} INFO - 0 downstream tasks scheduled from follow-on schedule check
