[2023-11-26T17:09:39.505+0000] {taskinstance.py:1157} INFO - Dependencies all met for dep_context=non-requeueable deps ti=<TaskInstance: covid_data_dag_postgres_plis.staging.pull_vaccinations manual__2023-11-26T17:01:55.155157+00:00 [queued]>
[2023-11-26T17:09:39.599+0000] {taskinstance.py:1157} INFO - Dependencies all met for dep_context=requeueable deps ti=<TaskInstance: covid_data_dag_postgres_plis.staging.pull_vaccinations manual__2023-11-26T17:01:55.155157+00:00 [queued]>
[2023-11-26T17:09:39.602+0000] {taskinstance.py:1359} INFO - Starting attempt 2 of 2
[2023-11-26T17:09:39.770+0000] {taskinstance.py:1380} INFO - Executing <Task(PythonOperator): staging.pull_vaccinations> on 2023-11-26 17:01:55.155157+00:00
[2023-11-26T17:09:39.784+0000] {standard_task_runner.py:57} INFO - Started process 2458 to run task
[2023-11-26T17:09:39.871+0000] {standard_task_runner.py:84} INFO - Running: ['***', 'tasks', 'run', 'covid_data_dag_postgres_plis', 'staging.pull_vaccinations', 'manual__2023-11-26T17:01:55.155157+00:00', '--job-id', '1592', '--raw', '--subdir', 'DAGS_FOLDER/Dag_postgres.py', '--cfg-path', '/tmp/tmpbml6m04c']
[2023-11-26T17:09:39.906+0000] {standard_task_runner.py:85} INFO - Job 1592: Subtask staging.pull_vaccinations
[2023-11-26T17:09:40.105+0000] {task_command.py:415} INFO - Running <TaskInstance: covid_data_dag_postgres_plis.staging.pull_vaccinations manual__2023-11-26T17:01:55.155157+00:00 [running]> on host 172.21.0.5
[2023-11-26T17:09:40.465+0000] {taskinstance.py:1660} INFO - Exporting env vars: AIRFLOW_CTX_DAG_OWNER='***' AIRFLOW_CTX_DAG_ID='covid_data_dag_postgres_plis' AIRFLOW_CTX_TASK_ID='staging.pull_vaccinations' AIRFLOW_CTX_EXECUTION_DATE='2023-11-26T17:01:55.155157+00:00' AIRFLOW_CTX_TRY_NUMBER='2' AIRFLOW_CTX_DAG_RUN_ID='manual__2023-11-26T17:01:55.155157+00:00'
[2023-11-26T17:09:40.686+0000] {taskinstance.py:1935} ERROR - Task failed with exception
Traceback (most recent call last):
  File "/home/airflow/.local/lib/python3.8/site-packages/airflow/operators/python.py", line 192, in execute
    return_value = self.execute_callable()
  File "/home/airflow/.local/lib/python3.8/site-packages/airflow/operators/python.py", line 209, in execute_callable
    return self.python_callable(*self.op_args, **self.op_kwargs)
  File "/opt/airflow/dags/Dag_postgres.py", line 178, in _pull_vaccinations
    data = pd.DataFrame(list(collection.find())).drop('_id', axis=1)
  File "/home/airflow/.local/lib/python3.8/site-packages/pandas/core/frame.py", line 5258, in drop
    return super().drop(
  File "/home/airflow/.local/lib/python3.8/site-packages/pandas/core/generic.py", line 4549, in drop
    obj = obj._drop_axis(labels, axis, level=level, errors=errors)
  File "/home/airflow/.local/lib/python3.8/site-packages/pandas/core/generic.py", line 4591, in _drop_axis
    new_axis = axis.drop(labels, errors=errors)
  File "/home/airflow/.local/lib/python3.8/site-packages/pandas/core/indexes/base.py", line 6699, in drop
    raise KeyError(f"{list(labels[mask])} not found in axis")
KeyError: "['_id'] not found in axis"
[2023-11-26T17:09:40.739+0000] {taskinstance.py:1398} INFO - Marking task as FAILED. dag_id=covid_data_dag_postgres_plis, task_id=staging.pull_vaccinations, execution_date=20231126T170155, start_date=20231126T170939, end_date=20231126T170940
[2023-11-26T17:09:40.770+0000] {standard_task_runner.py:104} ERROR - Failed to execute job 1592 for task staging.pull_vaccinations ("['_id'] not found in axis"; 2458)
[2023-11-26T17:09:40.834+0000] {local_task_job_runner.py:228} INFO - Task exited with return code 1
[2023-11-26T17:09:40.949+0000] {taskinstance.py:2776} INFO - 0 downstream tasks scheduled from follow-on schedule check
