[2023-11-26T16:09:10.437+0000] {taskinstance.py:1157} INFO - Dependencies all met for dep_context=non-requeueable deps ti=<TaskInstance: covid_data_dag_postgres_plis.staging.create_location_table manual__2023-11-26T16:05:07.277984+00:00 [queued]>
[2023-11-26T16:09:10.522+0000] {taskinstance.py:1157} INFO - Dependencies all met for dep_context=requeueable deps ti=<TaskInstance: covid_data_dag_postgres_plis.staging.create_location_table manual__2023-11-26T16:05:07.277984+00:00 [queued]>
[2023-11-26T16:09:10.562+0000] {taskinstance.py:1359} INFO - Starting attempt 1 of 2
[2023-11-26T16:09:10.690+0000] {taskinstance.py:1380} INFO - Executing <Task(PostgresOperator): staging.create_location_table> on 2023-11-26 16:05:07.277984+00:00
[2023-11-26T16:09:10.823+0000] {standard_task_runner.py:57} INFO - Started process 321 to run task
[2023-11-26T16:09:10.915+0000] {taskinstance.py:1147} INFO - Dependencies not met for <TaskInstance: covid_data_dag_postgres_plis.staging.create_location_table manual__2023-11-26T16:05:07.277984+00:00 [running]>, dependency 'Task Instance State' FAILED: Task is in the 'running' state.
[2023-11-26T16:09:10.928+0000] {taskinstance.py:1147} INFO - Dependencies not met for <TaskInstance: covid_data_dag_postgres_plis.staging.create_location_table manual__2023-11-26T16:05:07.277984+00:00 [running]>, dependency 'Task Instance Not Running' FAILED: Task is in the running state
[2023-11-26T16:09:10.874+0000] {standard_task_runner.py:84} INFO - Running: ['***', 'tasks', 'run', 'covid_data_dag_postgres_plis', 'staging.create_location_table', 'manual__2023-11-26T16:05:07.277984+00:00', '--job-id', '1523', '--raw', '--subdir', 'DAGS_FOLDER/Dag_postgres.py', '--cfg-path', '/tmp/tmpq3k7kmu4']
[2023-11-26T16:09:10.950+0000] {standard_task_runner.py:85} INFO - Job 1523: Subtask staging.create_location_table
[2023-11-26T16:09:11.111+0000] {local_task_job_runner.py:154} INFO - Task is not able to be run
[2023-11-26T16:09:11.320+0000] {task_command.py:415} INFO - Running <TaskInstance: covid_data_dag_postgres_plis.staging.create_location_table manual__2023-11-26T16:05:07.277984+00:00 [running]> on host 172.21.0.5
[2023-11-26T16:09:11.612+0000] {taskinstance.py:1660} INFO - Exporting env vars: AIRFLOW_CTX_DAG_OWNER='***' AIRFLOW_CTX_DAG_ID='covid_data_dag_postgres_plis' AIRFLOW_CTX_TASK_ID='staging.create_location_table' AIRFLOW_CTX_EXECUTION_DATE='2023-11-26T16:05:07.277984+00:00' AIRFLOW_CTX_TRY_NUMBER='1' AIRFLOW_CTX_DAG_RUN_ID='manual__2023-11-26T16:05:07.277984+00:00'
[2023-11-26T16:09:11.613+0000] {sql.py:274} INFO - Executing: DROP TABLE IF EXISTS location;
CREATE TABLE location (
  country VARCHAR(255),
  alpha_2 VARCHAR(2),
  alpha_3 VARCHAR(3),
  country_code INT,
  iso_3166_2 VARCHAR(255),
  region VARCHAR(255),
  sub_region VARCHAR(255),
  intermediate_region VARCHAR(255),
  region_code INT,
  sub_region_code INT,
  intermediate_region_code INT
);
[2023-11-26T16:09:11.655+0000] {base.py:73} INFO - Using connection ID 'postgres_default' for task execution.
[2023-11-26T16:09:11.681+0000] {base.py:73} INFO - Using connection ID 'postgres_default' for task execution.
[2023-11-26T16:09:11.701+0000] {sql.py:418} INFO - Running statement: DROP TABLE IF EXISTS location;
CREATE TABLE location (
  country VARCHAR(255),
  alpha_2 VARCHAR(2),
  alpha_3 VARCHAR(3),
  country_code INT,
  iso_3166_2 VARCHAR(255),
  region VARCHAR(255),
  sub_region VARCHAR(255),
  intermediate_region VARCHAR(255),
  region_code INT,
  sub_region_code INT,
  intermediate_region_code INT
);, parameters: None
[2023-11-26T16:09:11.866+0000] {taskinstance.py:1398} INFO - Marking task as SUCCESS. dag_id=covid_data_dag_postgres_plis, task_id=staging.create_location_table, execution_date=20231126T160507, start_date=20231126T160910, end_date=20231126T160911
[2023-11-26T16:09:11.952+0000] {local_task_job_runner.py:228} INFO - Task exited with return code 0
[2023-11-26T16:09:12.041+0000] {taskinstance.py:2776} INFO - 1 downstream tasks scheduled from follow-on schedule check
