[2023-11-07T14:26:15.228+0000] {taskinstance.py:1157} INFO - Dependencies all met for dep_context=non-requeueable deps ti=<TaskInstance: covid_data_dag.create_government_measures_table manual__2023-11-07T14:25:28.286289+00:00 [queued]>
[2023-11-07T14:26:15.255+0000] {taskinstance.py:1157} INFO - Dependencies all met for dep_context=requeueable deps ti=<TaskInstance: covid_data_dag.create_government_measures_table manual__2023-11-07T14:25:28.286289+00:00 [queued]>
[2023-11-07T14:26:15.256+0000] {taskinstance.py:1359} INFO - Starting attempt 2 of 2
[2023-11-07T14:26:15.286+0000] {taskinstance.py:1380} INFO - Executing <Task(PostgresOperator): create_government_measures_table> on 2023-11-07 14:25:28.286289+00:00
[2023-11-07T14:26:15.292+0000] {standard_task_runner.py:57} INFO - Started process 228 to run task
[2023-11-07T14:26:15.299+0000] {standard_task_runner.py:84} INFO - Running: ['***', 'tasks', 'run', 'covid_data_dag', 'create_government_measures_table', 'manual__2023-11-07T14:25:28.286289+00:00', '--job-id', '88', '--raw', '--subdir', 'DAGS_FOLDER/Dags.py', '--cfg-path', '/tmp/tmp1rpoh0c_']
[2023-11-07T14:26:15.311+0000] {standard_task_runner.py:85} INFO - Job 88: Subtask create_government_measures_table
[2023-11-07T14:26:15.387+0000] {task_command.py:415} INFO - Running <TaskInstance: covid_data_dag.create_government_measures_table manual__2023-11-07T14:25:28.286289+00:00 [running]> on host 172.21.0.8
[2023-11-07T14:26:15.492+0000] {taskinstance.py:1660} INFO - Exporting env vars: AIRFLOW_CTX_DAG_OWNER='***' AIRFLOW_CTX_DAG_ID='covid_data_dag' AIRFLOW_CTX_TASK_ID='create_government_measures_table' AIRFLOW_CTX_EXECUTION_DATE='2023-11-07T14:25:28.286289+00:00' AIRFLOW_CTX_TRY_NUMBER='2' AIRFLOW_CTX_DAG_RUN_ID='manual__2023-11-07T14:25:28.286289+00:00'
[2023-11-07T14:26:15.493+0000] {sql.py:274} INFO - Executing: CREATE TABLE IF NOT EXISTS government_measures (id SERIAL PRIMARY KEY,country_name VARCHAR(100),region_name VARCHAR(100),date DATE,c1_school_closing INTEGER,c1_flag INTEGER,c2_workplace_closing INTEGER,c2_flag INTEGER,c3_cancel_public_events INTEGER,c3_flag INTEGER,c4_restrictions_on_gatherings INTEGER,c4_flag INTEGER,c5_close_public_transport INTEGER,c5_flag INTEGER,c6_stay_at_home_requirements INTEGER,c6_flag INTEGER,c7_restrictions_on_internal_movement INTEGER,c7_flag INTEGER,c8_international_travel_controls INTEGER,h1_public_information_campaigns INTEGER,h1_flag INTEGER,h2_testing_policy INTEGER,h3_contact_tracing INTEGER,h4_emergency_investment_in_healthcare INTEGER,h5_investment_in_vaccines INTEGER,m1_wildcard INTEGER,stringency_index FLOAT,stringency_index_for_display FLOAT,stringency_legacy_index FLOAT,stringency_legacy_index_for_display FLOAT,government_response_index FLOAT,government_response_index_for_display FLOAT,containment_health_index FLOAT,containment_health_index_for_display FLOAT,economic_support_index FLOAT,economic_support_index_for_display FLOAT);
[2023-11-07T14:26:15.511+0000] {taskinstance.py:1935} ERROR - Task failed with exception
Traceback (most recent call last):
  File "/home/airflow/.local/lib/python3.8/site-packages/airflow/providers/common/sql/operators/sql.py", line 275, in execute
    hook = self.get_db_hook()
  File "/home/airflow/.local/lib/python3.8/site-packages/airflow/providers/common/sql/operators/sql.py", line 186, in get_db_hook
    return self._hook
  File "/usr/local/lib/python3.8/functools.py", line 967, in __get__
    val = self.func(instance)
  File "/home/airflow/.local/lib/python3.8/site-packages/airflow/providers/common/sql/operators/sql.py", line 148, in _hook
    conn = BaseHook.get_connection(conn_id)
  File "/home/airflow/.local/lib/python3.8/site-packages/airflow/hooks/base.py", line 72, in get_connection
    conn = Connection.get_connection_from_secrets(conn_id)
  File "/home/airflow/.local/lib/python3.8/site-packages/airflow/models/connection.py", line 477, in get_connection_from_secrets
    raise AirflowNotFoundException(f"The conn_id `{conn_id}` isn't defined")
airflow.exceptions.AirflowNotFoundException: The conn_id `postgres_default` isn't defined
[2023-11-07T14:26:15.516+0000] {taskinstance.py:1398} INFO - Marking task as FAILED. dag_id=covid_data_dag, task_id=create_government_measures_table, execution_date=20231107T142528, start_date=20231107T142615, end_date=20231107T142615
[2023-11-07T14:26:15.530+0000] {standard_task_runner.py:104} ERROR - Failed to execute job 88 for task create_government_measures_table (The conn_id `postgres_default` isn't defined; 228)
[2023-11-07T14:26:15.550+0000] {local_task_job_runner.py:228} INFO - Task exited with return code 1
[2023-11-07T14:26:15.586+0000] {taskinstance.py:2776} INFO - 0 downstream tasks scheduled from follow-on schedule check
