[2023-11-19T11:49:20.035+0000] {taskinstance.py:1157} INFO - Dependencies all met for dep_context=non-requeueable deps ti=<TaskInstance: covid_data_dag_postgres_plis.staging.create_vaccinations_table manual__2023-11-19T11:49:10.359530+00:00 [queued]>
[2023-11-19T11:49:20.093+0000] {taskinstance.py:1157} INFO - Dependencies all met for dep_context=requeueable deps ti=<TaskInstance: covid_data_dag_postgres_plis.staging.create_vaccinations_table manual__2023-11-19T11:49:10.359530+00:00 [queued]>
[2023-11-19T11:49:20.095+0000] {taskinstance.py:1359} INFO - Starting attempt 1 of 2
[2023-11-19T11:49:20.146+0000] {taskinstance.py:1380} INFO - Executing <Task(PostgresOperator): staging.create_vaccinations_table> on 2023-11-19 11:49:10.359530+00:00
[2023-11-19T11:49:20.163+0000] {standard_task_runner.py:57} INFO - Started process 3185 to run task
[2023-11-19T11:49:20.188+0000] {standard_task_runner.py:84} INFO - Running: ['***', 'tasks', 'run', 'covid_data_dag_postgres_plis', 'staging.create_vaccinations_table', 'manual__2023-11-19T11:49:10.359530+00:00', '--job-id', '1313', '--raw', '--subdir', 'DAGS_FOLDER/Dag_postgres.py', '--cfg-path', '/tmp/tmpbgo09wc5']
[2023-11-19T11:49:20.252+0000] {standard_task_runner.py:85} INFO - Job 1313: Subtask staging.create_vaccinations_table
[2023-11-19T11:49:39.071+0000] {task_command.py:415} INFO - Running <TaskInstance: covid_data_dag_postgres_plis.staging.create_vaccinations_table manual__2023-11-19T11:49:10.359530+00:00 [running]> on host 172.21.0.3
[2023-11-19T11:49:40.721+0000] {taskinstance.py:1660} INFO - Exporting env vars: AIRFLOW_CTX_DAG_OWNER='***' AIRFLOW_CTX_DAG_ID='covid_data_dag_postgres_plis' AIRFLOW_CTX_TASK_ID='staging.create_vaccinations_table' AIRFLOW_CTX_EXECUTION_DATE='2023-11-19T11:49:10.359530+00:00' AIRFLOW_CTX_TRY_NUMBER='1' AIRFLOW_CTX_DAG_RUN_ID='manual__2023-11-19T11:49:10.359530+00:00'
[2023-11-19T11:49:40.724+0000] {sql.py:274} INFO - Executing: DROP TABLE IF EXISTS vaccinations;
CREATE TABLE vaccinations (
    location VARCHAR,
    iso_code VARCHAR,
    date DATE,
    total_vaccinations INTEGER,
    people_vaccinated INTEGER,
    people_fully_vaccinated INTEGER,
    total_boosters INTEGER,
    daily_vaccinations_raw INTEGER,
    daily_vaccinations INTEGER,
    total_vaccinations_per_hundred DECIMAL,
    people_vaccinated_per_hundred DECIMAL,
    people_fully_vaccinated_per_hundred DECIMAL,
    total_boosters_per_hundred DECIMAL,
    daily_vaccinations_per_million DECIMAL,
    daily_people_vaccinated INTEGER,
    daily_people_vaccinated_per_hundred DECIMAL
);
[2023-11-19T11:49:40.891+0000] {base.py:73} INFO - Using connection ID 'postgres_default' for task execution.
[2023-11-19T11:49:40.932+0000] {base.py:73} INFO - Using connection ID 'postgres_default' for task execution.
[2023-11-19T11:49:41.044+0000] {sql.py:418} INFO - Running statement: DROP TABLE IF EXISTS vaccinations;
CREATE TABLE vaccinations (
    location VARCHAR,
    iso_code VARCHAR,
    date DATE,
    total_vaccinations INTEGER,
    people_vaccinated INTEGER,
    people_fully_vaccinated INTEGER,
    total_boosters INTEGER,
    daily_vaccinations_raw INTEGER,
    daily_vaccinations INTEGER,
    total_vaccinations_per_hundred DECIMAL,
    people_vaccinated_per_hundred DECIMAL,
    people_fully_vaccinated_per_hundred DECIMAL,
    total_boosters_per_hundred DECIMAL,
    daily_vaccinations_per_million DECIMAL,
    daily_people_vaccinated INTEGER,
    daily_people_vaccinated_per_hundred DECIMAL
);, parameters: None
[2023-11-19T11:49:41.625+0000] {taskinstance.py:1398} INFO - Marking task as SUCCESS. dag_id=covid_data_dag_postgres_plis, task_id=staging.create_vaccinations_table, execution_date=20231119T114910, start_date=20231119T114920, end_date=20231119T114941
[2023-11-19T11:49:41.881+0000] {local_task_job_runner.py:228} INFO - Task exited with return code 0
[2023-11-19T11:49:41.994+0000] {taskinstance.py:2776} INFO - 1 downstream tasks scheduled from follow-on schedule check
