[2023-11-14T18:17:34.835+0000] {taskinstance.py:1157} INFO - Dependencies all met for dep_context=non-requeueable deps ti=<TaskInstance: covid_data_dag_postgres.download_country_mapping manual__2023-11-14T18:11:19.655016+00:00 [queued]>
[2023-11-14T18:17:35.176+0000] {taskinstance.py:1157} INFO - Dependencies all met for dep_context=requeueable deps ti=<TaskInstance: covid_data_dag_postgres.download_country_mapping manual__2023-11-14T18:11:19.655016+00:00 [queued]>
[2023-11-14T18:17:35.178+0000] {taskinstance.py:1359} INFO - Starting attempt 2 of 2
[2023-11-14T18:17:35.282+0000] {taskinstance.py:1380} INFO - Executing <Task(BashOperator): download_country_mapping> on 2023-11-14 18:11:19.655016+00:00
[2023-11-14T18:17:35.313+0000] {standard_task_runner.py:57} INFO - Started process 18057 to run task
[2023-11-14T18:17:35.608+0000] {standard_task_runner.py:84} INFO - Running: ['***', 'tasks', 'run', 'covid_data_dag_postgres', 'download_country_mapping', 'manual__2023-11-14T18:11:19.655016+00:00', '--job-id', '940', '--raw', '--subdir', 'DAGS_FOLDER/Dag_postgres.py', '--cfg-path', '/tmp/tmpp5b5nt2s']
[2023-11-14T18:17:35.701+0000] {standard_task_runner.py:85} INFO - Job 940: Subtask download_country_mapping
[2023-11-14T18:18:02.939+0000] {task_command.py:415} INFO - Running <TaskInstance: covid_data_dag_postgres.download_country_mapping manual__2023-11-14T18:11:19.655016+00:00 [running]> on host 172.21.0.4
[2023-11-14T18:18:04.105+0000] {taskinstance.py:1660} INFO - Exporting env vars: AIRFLOW_CTX_DAG_OWNER='***' AIRFLOW_CTX_DAG_ID='covid_data_dag_postgres' AIRFLOW_CTX_TASK_ID='download_country_mapping' AIRFLOW_CTX_EXECUTION_DATE='2023-11-14T18:11:19.655016+00:00' AIRFLOW_CTX_TRY_NUMBER='2' AIRFLOW_CTX_DAG_RUN_ID='manual__2023-11-14T18:11:19.655016+00:00'
[2023-11-14T18:18:04.109+0000] {subprocess.py:63} INFO - Tmp dir root location: /tmp
[2023-11-14T18:18:04.117+0000] {subprocess.py:75} INFO - Running command: ['/bin/bash', '-c', 'kaggle datasets download -d andradaolteanu/country-mapping-iso-continent-region']
[2023-11-14T18:18:04.542+0000] {subprocess.py:86} INFO - Output:
[2023-11-14T18:18:04.653+0000] {subprocess.py:93} INFO - /bin/bash: line 1: kaggle: command not found
[2023-11-14T18:18:04.665+0000] {subprocess.py:97} INFO - Command exited with return code 127
[2023-11-14T18:18:04.719+0000] {taskinstance.py:1935} ERROR - Task failed with exception
Traceback (most recent call last):
  File "/home/airflow/.local/lib/python3.8/site-packages/airflow/operators/bash.py", line 210, in execute
    raise AirflowException(
airflow.exceptions.AirflowException: Bash command failed. The command returned a non-zero exit code 127.
[2023-11-14T18:18:04.746+0000] {taskinstance.py:1398} INFO - Marking task as FAILED. dag_id=covid_data_dag_postgres, task_id=download_country_mapping, execution_date=20231114T181119, start_date=20231114T181735, end_date=20231114T181804
[2023-11-14T18:18:04.839+0000] {standard_task_runner.py:104} ERROR - Failed to execute job 940 for task download_country_mapping (Bash command failed. The command returned a non-zero exit code 127.; 18057)
[2023-11-14T18:18:04.969+0000] {local_task_job_runner.py:228} INFO - Task exited with return code 1
[2023-11-14T18:18:05.191+0000] {taskinstance.py:2776} INFO - 0 downstream tasks scheduled from follow-on schedule check
