[2023-11-09T11:23:17.734+0000] {taskinstance.py:1157} INFO - Dependencies all met for dep_context=non-requeueable deps ti=<TaskInstance: covid_data_dag_mongo.create_vaccinations_query_operator manual__2023-11-09T11:23:00.217798+00:00 [queued]>
[2023-11-09T11:23:17.744+0000] {taskinstance.py:1157} INFO - Dependencies all met for dep_context=requeueable deps ti=<TaskInstance: covid_data_dag_mongo.create_vaccinations_query_operator manual__2023-11-09T11:23:00.217798+00:00 [queued]>
[2023-11-09T11:23:17.745+0000] {taskinstance.py:1359} INFO - Starting attempt 1 of 2
[2023-11-09T11:23:17.937+0000] {taskinstance.py:1380} INFO - Executing <Task(PythonOperator): create_vaccinations_query_operator> on 2023-11-09 11:23:00.217798+00:00
[2023-11-09T11:23:17.944+0000] {standard_task_runner.py:57} INFO - Started process 1149 to run task
[2023-11-09T11:23:17.949+0000] {standard_task_runner.py:84} INFO - Running: ['***', 'tasks', 'run', 'covid_data_dag_mongo', 'create_vaccinations_query_operator', 'manual__2023-11-09T11:23:00.217798+00:00', '--job-id', '700', '--raw', '--subdir', 'DAGS_FOLDER/Dag_mongo.py', '--cfg-path', '/tmp/tmpsn9tmpfn']
[2023-11-09T11:23:17.954+0000] {standard_task_runner.py:85} INFO - Job 700: Subtask create_vaccinations_query_operator
[2023-11-09T11:23:18.013+0000] {task_command.py:415} INFO - Running <TaskInstance: covid_data_dag_mongo.create_vaccinations_query_operator manual__2023-11-09T11:23:00.217798+00:00 [running]> on host 172.21.0.7
[2023-11-09T11:23:18.067+0000] {warnings.py:109} WARNING - /home/***/.local/lib/python3.8/site-packages/***/utils/context.py:206: AirflowContextDeprecationWarning: Accessing 'prev_execution_date' from the template is deprecated and will be removed in a future version.
  warnings.warn(_create_deprecation_warning(key, self._deprecation_replacements[key]))

[2023-11-09T11:23:18.108+0000] {taskinstance.py:1660} INFO - Exporting env vars: AIRFLOW_CTX_DAG_OWNER='***' AIRFLOW_CTX_DAG_ID='covid_data_dag_mongo' AIRFLOW_CTX_TASK_ID='create_vaccinations_query_operator' AIRFLOW_CTX_EXECUTION_DATE='2023-11-09T11:23:00.217798+00:00' AIRFLOW_CTX_TRY_NUMBER='1' AIRFLOW_CTX_DAG_RUN_ID='manual__2023-11-09T11:23:00.217798+00:00'
[2023-11-09T11:23:18.113+0000] {taskinstance.py:1935} ERROR - Task failed with exception
Traceback (most recent call last):
  File "/home/airflow/.local/lib/python3.8/site-packages/airflow/operators/python.py", line 192, in execute
    return_value = self.execute_callable()
  File "/home/airflow/.local/lib/python3.8/site-packages/airflow/operators/python.py", line 209, in execute_callable
    return self.python_callable(*self.op_args, **self.op_kwargs)
  File "/opt/airflow/dags/Dag_mongo.py", line 63, in _create_vaccinations_query
    df = pd.read_csv('/opt/airflow/dags/vaccinations.csv')
  File "/home/airflow/.local/lib/python3.8/site-packages/pandas/io/parsers/readers.py", line 912, in read_csv
    return _read(filepath_or_buffer, kwds)
  File "/home/airflow/.local/lib/python3.8/site-packages/pandas/io/parsers/readers.py", line 577, in _read
    parser = TextFileReader(filepath_or_buffer, **kwds)
  File "/home/airflow/.local/lib/python3.8/site-packages/pandas/io/parsers/readers.py", line 1407, in __init__
    self._engine = self._make_engine(f, self.engine)
  File "/home/airflow/.local/lib/python3.8/site-packages/pandas/io/parsers/readers.py", line 1661, in _make_engine
    self.handles = get_handle(
  File "/home/airflow/.local/lib/python3.8/site-packages/pandas/io/common.py", line 859, in get_handle
    handle = open(
FileNotFoundError: [Errno 2] No such file or directory: '/opt/airflow/dags/vaccinations.csv'
[2023-11-09T11:23:18.133+0000] {taskinstance.py:1398} INFO - Marking task as UP_FOR_RETRY. dag_id=covid_data_dag_mongo, task_id=create_vaccinations_query_operator, execution_date=20231109T112300, start_date=20231109T112317, end_date=20231109T112318
[2023-11-09T11:23:18.155+0000] {standard_task_runner.py:104} ERROR - Failed to execute job 700 for task create_vaccinations_query_operator ([Errno 2] No such file or directory: '/opt/airflow/dags/vaccinations.csv'; 1149)
[2023-11-09T11:23:18.202+0000] {local_task_job_runner.py:228} INFO - Task exited with return code 1
[2023-11-09T11:23:18.221+0000] {taskinstance.py:2776} INFO - 0 downstream tasks scheduled from follow-on schedule check
