[2023-11-09T11:23:33.597+0000] {taskinstance.py:1157} INFO - Dependencies all met for dep_context=non-requeueable deps ti=<TaskInstance: covid_data_dag_mongo.create_vaccinations_query_operator manual__2023-11-09T11:23:00.217798+00:00 [queued]>
[2023-11-09T11:23:33.680+0000] {taskinstance.py:1157} INFO - Dependencies all met for dep_context=requeueable deps ti=<TaskInstance: covid_data_dag_mongo.create_vaccinations_query_operator manual__2023-11-09T11:23:00.217798+00:00 [queued]>
[2023-11-09T11:23:33.681+0000] {taskinstance.py:1359} INFO - Starting attempt 2 of 2
[2023-11-09T11:23:34.465+0000] {taskinstance.py:1380} INFO - Executing <Task(PythonOperator): create_vaccinations_query_operator> on 2023-11-09 11:23:00.217798+00:00
[2023-11-09T11:23:34.501+0000] {standard_task_runner.py:57} INFO - Started process 1164 to run task
[2023-11-09T11:23:34.530+0000] {standard_task_runner.py:84} INFO - Running: ['***', 'tasks', 'run', 'covid_data_dag_mongo', 'create_vaccinations_query_operator', 'manual__2023-11-09T11:23:00.217798+00:00', '--job-id', '702', '--raw', '--subdir', 'DAGS_FOLDER/Dag_mongo.py', '--cfg-path', '/tmp/tmpv01clrqw']
[2023-11-09T11:23:34.547+0000] {standard_task_runner.py:85} INFO - Job 702: Subtask create_vaccinations_query_operator
[2023-11-09T11:23:34.709+0000] {task_command.py:415} INFO - Running <TaskInstance: covid_data_dag_mongo.create_vaccinations_query_operator manual__2023-11-09T11:23:00.217798+00:00 [running]> on host 172.21.0.7
[2023-11-09T11:23:34.877+0000] {warnings.py:109} WARNING - /home/***/.local/lib/python3.8/site-packages/***/utils/context.py:206: AirflowContextDeprecationWarning: Accessing 'prev_execution_date' from the template is deprecated and will be removed in a future version.
  warnings.warn(_create_deprecation_warning(key, self._deprecation_replacements[key]))

[2023-11-09T11:23:35.010+0000] {taskinstance.py:1660} INFO - Exporting env vars: AIRFLOW_CTX_DAG_OWNER='***' AIRFLOW_CTX_DAG_ID='covid_data_dag_mongo' AIRFLOW_CTX_TASK_ID='create_vaccinations_query_operator' AIRFLOW_CTX_EXECUTION_DATE='2023-11-09T11:23:00.217798+00:00' AIRFLOW_CTX_TRY_NUMBER='2' AIRFLOW_CTX_DAG_RUN_ID='manual__2023-11-09T11:23:00.217798+00:00'
[2023-11-09T11:23:35.015+0000] {taskinstance.py:1935} ERROR - Task failed with exception
Traceback (most recent call last):
  File "/home/airflow/.local/lib/python3.8/site-packages/airflow/operators/python.py", line 192, in execute
    return_value = self.execute_callable()
  File "/home/airflow/.local/lib/python3.8/site-packages/airflow/operators/python.py", line 209, in execute_callable
    return self.python_callable(*self.op_args, **self.op_kwargs)
  File "/opt/airflow/dags/Dag_mongo.py", line 63, in _create_vaccinations_query
    df = pd.read_csv('/opt/airflow/dags/vaccinations.csv')
  File "/home/airflow/.local/lib/python3.8/site-packages/pandas/io/parsers/readers.py", line 912, in read_csv
    return _read(filepath_or_buffer, kwds)
  File "/home/airflow/.local/lib/python3.8/site-packages/pandas/io/parsers/readers.py", line 577, in _read
    parser = TextFileReader(filepath_or_buffer, **kwds)
  File "/home/airflow/.local/lib/python3.8/site-packages/pandas/io/parsers/readers.py", line 1407, in __init__
    self._engine = self._make_engine(f, self.engine)
  File "/home/airflow/.local/lib/python3.8/site-packages/pandas/io/parsers/readers.py", line 1661, in _make_engine
    self.handles = get_handle(
  File "/home/airflow/.local/lib/python3.8/site-packages/pandas/io/common.py", line 859, in get_handle
    handle = open(
FileNotFoundError: [Errno 2] No such file or directory: '/opt/airflow/dags/vaccinations.csv'
[2023-11-09T11:23:35.033+0000] {taskinstance.py:1398} INFO - Marking task as FAILED. dag_id=covid_data_dag_mongo, task_id=create_vaccinations_query_operator, execution_date=20231109T112300, start_date=20231109T112333, end_date=20231109T112335
[2023-11-09T11:23:35.059+0000] {standard_task_runner.py:104} ERROR - Failed to execute job 702 for task create_vaccinations_query_operator ([Errno 2] No such file or directory: '/opt/airflow/dags/vaccinations.csv'; 1164)
[2023-11-09T11:23:35.107+0000] {local_task_job_runner.py:228} INFO - Task exited with return code 1
[2023-11-09T11:23:35.151+0000] {taskinstance.py:2776} INFO - 0 downstream tasks scheduled from follow-on schedule check
