[2023-11-19T14:12:30.182+0000] {taskinstance.py:1157} INFO - Dependencies all met for dep_context=non-requeueable deps ti=<TaskInstance: covid_data_dag_postgres_plis.staging.create_time_table manual__2023-11-19T14:09:52.171847+00:00 [queued]>
[2023-11-19T14:12:30.285+0000] {taskinstance.py:1157} INFO - Dependencies all met for dep_context=requeueable deps ti=<TaskInstance: covid_data_dag_postgres_plis.staging.create_time_table manual__2023-11-19T14:09:52.171847+00:00 [queued]>
[2023-11-19T14:12:30.287+0000] {taskinstance.py:1359} INFO - Starting attempt 1 of 2
[2023-11-19T14:12:30.392+0000] {taskinstance.py:1380} INFO - Executing <Task(PostgresOperator): staging.create_time_table> on 2023-11-19 14:09:52.171847+00:00
[2023-11-19T14:12:30.549+0000] {standard_task_runner.py:57} INFO - Started process 5556 to run task
[2023-11-19T14:12:30.729+0000] {standard_task_runner.py:84} INFO - Running: ['***', 'tasks', 'run', 'covid_data_dag_postgres_plis', 'staging.create_time_table', 'manual__2023-11-19T14:09:52.171847+00:00', '--job-id', '1347', '--raw', '--subdir', 'DAGS_FOLDER/Dag_postgres.py', '--cfg-path', '/tmp/tmpwar9yyk7']
[2023-11-19T14:12:30.828+0000] {standard_task_runner.py:85} INFO - Job 1347: Subtask staging.create_time_table
[2023-11-19T14:12:40.990+0000] {task_command.py:415} INFO - Running <TaskInstance: covid_data_dag_postgres_plis.staging.create_time_table manual__2023-11-19T14:09:52.171847+00:00 [running]> on host 172.21.0.3
[2023-11-19T14:12:41.353+0000] {taskinstance.py:1660} INFO - Exporting env vars: AIRFLOW_CTX_DAG_OWNER='***' AIRFLOW_CTX_DAG_ID='covid_data_dag_postgres_plis' AIRFLOW_CTX_TASK_ID='staging.create_time_table' AIRFLOW_CTX_EXECUTION_DATE='2023-11-19T14:09:52.171847+00:00' AIRFLOW_CTX_TRY_NUMBER='1' AIRFLOW_CTX_DAG_RUN_ID='manual__2023-11-19T14:09:52.171847+00:00'
[2023-11-19T14:12:41.355+0000] {sql.py:274} INFO - Executing: DROP TABLE IF EXISTS time_table;
CREATE TABLE time_table (
    Date DATE,
    Week INT,
    Month INT,
    Trimester INT,
    Semester INT,
    Year INT
);
[2023-11-19T14:12:41.371+0000] {base.py:73} INFO - Using connection ID 'postgres_default' for task execution.
[2023-11-19T14:12:41.397+0000] {base.py:73} INFO - Using connection ID 'postgres_default' for task execution.
[2023-11-19T14:12:41.412+0000] {sql.py:418} INFO - Running statement: DROP TABLE IF EXISTS time_table;
CREATE TABLE time_table (
    Date DATE,
    Week INT,
    Month INT,
    Trimester INT,
    Semester INT,
    Year INT
);, parameters: None
[2023-11-19T14:12:41.495+0000] {taskinstance.py:1398} INFO - Marking task as SUCCESS. dag_id=covid_data_dag_postgres_plis, task_id=staging.create_time_table, execution_date=20231119T140952, start_date=20231119T141230, end_date=20231119T141241
[2023-11-19T14:12:41.568+0000] {local_task_job_runner.py:228} INFO - Task exited with return code 0
[2023-11-19T14:12:41.656+0000] {taskinstance.py:2776} INFO - 1 downstream tasks scheduled from follow-on schedule check
