[2023-11-08T13:06:07.823+0000] {taskinstance.py:1157} INFO - Dependencies all met for dep_context=non-requeueable deps ti=<TaskInstance: covid_data_dag.create_cases_deaths_query_operator manual__2023-11-08T13:05:11.926497+00:00 [queued]>
[2023-11-08T13:06:07.839+0000] {taskinstance.py:1157} INFO - Dependencies all met for dep_context=requeueable deps ti=<TaskInstance: covid_data_dag.create_cases_deaths_query_operator manual__2023-11-08T13:05:11.926497+00:00 [queued]>
[2023-11-08T13:06:07.840+0000] {taskinstance.py:1359} INFO - Starting attempt 2 of 2
[2023-11-08T13:06:07.859+0000] {taskinstance.py:1380} INFO - Executing <Task(PythonOperator): create_cases_deaths_query_operator> on 2023-11-08 13:05:11.926497+00:00
[2023-11-08T13:06:07.866+0000] {standard_task_runner.py:57} INFO - Started process 4345 to run task
[2023-11-08T13:06:07.871+0000] {standard_task_runner.py:84} INFO - Running: ['***', 'tasks', 'run', 'covid_data_dag', 'create_cases_deaths_query_operator', 'manual__2023-11-08T13:05:11.926497+00:00', '--job-id', '451', '--raw', '--subdir', 'DAGS_FOLDER/Dag_postgres.py', '--cfg-path', '/tmp/tmpmenwfu4b']
[2023-11-08T13:06:07.875+0000] {standard_task_runner.py:85} INFO - Job 451: Subtask create_cases_deaths_query_operator
[2023-11-08T13:06:07.930+0000] {task_command.py:415} INFO - Running <TaskInstance: covid_data_dag.create_cases_deaths_query_operator manual__2023-11-08T13:05:11.926497+00:00 [running]> on host 172.21.0.9
[2023-11-08T13:06:07.990+0000] {warnings.py:109} WARNING - /home/***/.local/lib/python3.8/site-packages/***/utils/context.py:206: AirflowContextDeprecationWarning: Accessing 'prev_execution_date' from the template is deprecated and will be removed in a future version.
  warnings.warn(_create_deprecation_warning(key, self._deprecation_replacements[key]))

[2023-11-08T13:06:08.041+0000] {taskinstance.py:1660} INFO - Exporting env vars: AIRFLOW_CTX_DAG_OWNER='***' AIRFLOW_CTX_DAG_ID='covid_data_dag' AIRFLOW_CTX_TASK_ID='create_cases_deaths_query_operator' AIRFLOW_CTX_EXECUTION_DATE='2023-11-08T13:05:11.926497+00:00' AIRFLOW_CTX_TRY_NUMBER='2' AIRFLOW_CTX_DAG_RUN_ID='manual__2023-11-08T13:05:11.926497+00:00'
[2023-11-08T13:06:08.052+0000] {taskinstance.py:1935} ERROR - Task failed with exception
Traceback (most recent call last):
  File "/home/airflow/.local/lib/python3.8/site-packages/airflow/operators/python.py", line 192, in execute
    return_value = self.execute_callable()
  File "/home/airflow/.local/lib/python3.8/site-packages/airflow/operators/python.py", line 209, in execute_callable
    return self.python_callable(*self.op_args, **self.op_kwargs)
  File "/opt/airflow/dags/Dag_postgres.py", line 52, in _create_cases_deaths_query
    df = pd.read_csv('/opt/airflow/dags/cases_deaths.csv')
  File "/home/airflow/.local/lib/python3.8/site-packages/pandas/io/parsers/readers.py", line 912, in read_csv
    return _read(filepath_or_buffer, kwds)
  File "/home/airflow/.local/lib/python3.8/site-packages/pandas/io/parsers/readers.py", line 583, in _read
    return parser.read(nrows)
  File "/home/airflow/.local/lib/python3.8/site-packages/pandas/io/parsers/readers.py", line 1704, in read
    ) = self._engine.read(  # type: ignore[attr-defined]
  File "/home/airflow/.local/lib/python3.8/site-packages/pandas/io/parsers/c_parser_wrapper.py", line 234, in read
    chunks = self._reader.read_low_memory(nrows)
  File "pandas/_libs/parsers.pyx", line 814, in pandas._libs.parsers.TextReader.read_low_memory
  File "pandas/_libs/parsers.pyx", line 875, in pandas._libs.parsers.TextReader._read_rows
  File "pandas/_libs/parsers.pyx", line 850, in pandas._libs.parsers.TextReader._tokenize_rows
  File "pandas/_libs/parsers.pyx", line 861, in pandas._libs.parsers.TextReader._check_tokenize_status
  File "pandas/_libs/parsers.pyx", line 2029, in pandas._libs.parsers.raise_parser_error
pandas.errors.ParserError: Error tokenizing data. C error: Expected 127 fields in line 24, saw 169

[2023-11-08T13:06:08.069+0000] {taskinstance.py:1398} INFO - Marking task as FAILED. dag_id=covid_data_dag, task_id=create_cases_deaths_query_operator, execution_date=20231108T130511, start_date=20231108T130607, end_date=20231108T130608
[2023-11-08T13:06:08.087+0000] {standard_task_runner.py:104} ERROR - Failed to execute job 451 for task create_cases_deaths_query_operator (Error tokenizing data. C error: Expected 127 fields in line 24, saw 169
; 4345)
[2023-11-08T13:06:08.165+0000] {local_task_job_runner.py:228} INFO - Task exited with return code 1
[2023-11-08T13:06:08.194+0000] {taskinstance.py:2776} INFO - 0 downstream tasks scheduled from follow-on schedule check
