[2023-11-07T15:36:36.012+0000] {taskinstance.py:1157} INFO - Dependencies all met for dep_context=non-requeueable deps ti=<TaskInstance: covid_data_dag.create_government_measures_table manual__2023-11-07T15:34:02.567747+00:00 [queued]>
[2023-11-07T15:36:36.024+0000] {taskinstance.py:1157} INFO - Dependencies all met for dep_context=requeueable deps ti=<TaskInstance: covid_data_dag.create_government_measures_table manual__2023-11-07T15:34:02.567747+00:00 [queued]>
[2023-11-07T15:36:36.025+0000] {taskinstance.py:1359} INFO - Starting attempt 2 of 2
[2023-11-07T15:36:36.053+0000] {taskinstance.py:1380} INFO - Executing <Task(PostgresOperator): create_government_measures_table> on 2023-11-07 15:34:02.567747+00:00
[2023-11-07T15:36:36.061+0000] {standard_task_runner.py:57} INFO - Started process 2966 to run task
[2023-11-07T15:36:36.065+0000] {standard_task_runner.py:84} INFO - Running: ['***', 'tasks', 'run', 'covid_data_dag', 'create_government_measures_table', 'manual__2023-11-07T15:34:02.567747+00:00', '--job-id', '102', '--raw', '--subdir', 'DAGS_FOLDER/Dags.py', '--cfg-path', '/tmp/tmpyvkbgv5f']
[2023-11-07T15:36:36.068+0000] {standard_task_runner.py:85} INFO - Job 102: Subtask create_government_measures_table
[2023-11-07T15:36:36.123+0000] {task_command.py:415} INFO - Running <TaskInstance: covid_data_dag.create_government_measures_table manual__2023-11-07T15:34:02.567747+00:00 [running]> on host 172.21.0.8
[2023-11-07T15:36:36.226+0000] {taskinstance.py:1660} INFO - Exporting env vars: AIRFLOW_CTX_DAG_OWNER='***' AIRFLOW_CTX_DAG_ID='covid_data_dag' AIRFLOW_CTX_TASK_ID='create_government_measures_table' AIRFLOW_CTX_EXECUTION_DATE='2023-11-07T15:34:02.567747+00:00' AIRFLOW_CTX_TRY_NUMBER='2' AIRFLOW_CTX_DAG_RUN_ID='manual__2023-11-07T15:34:02.567747+00:00'
[2023-11-07T15:36:36.227+0000] {sql.py:274} INFO - Executing: CREATE TABLE IF NOT EXISTS government_measures (id SERIAL PRIMARY KEY,country_name VARCHAR(100),region_name VARCHAR(100),date DATE,c1_school_closing INTEGER,c1_flag INTEGER,c2_workplace_closing INTEGER,c2_flag INTEGER,c3_cancel_public_events INTEGER,c3_flag INTEGER,c4_restrictions_on_gatherings INTEGER,c4_flag INTEGER,c5_close_public_transport INTEGER,c5_flag INTEGER,c6_stay_at_home_requirements INTEGER,c6_flag INTEGER,c7_restrictions_on_internal_movement INTEGER,c7_flag INTEGER,c8_international_travel_controls INTEGER,h1_public_information_campaigns INTEGER,h1_flag INTEGER,h2_testing_policy INTEGER,h3_contact_tracing INTEGER,h4_emergency_investment_in_healthcare INTEGER,h5_investment_in_vaccines INTEGER,m1_wildcard INTEGER,stringency_index FLOAT,stringency_index_for_display FLOAT,stringency_legacy_index FLOAT,stringency_legacy_index_for_display FLOAT,government_response_index FLOAT,government_response_index_for_display FLOAT,containment_health_index FLOAT,containment_health_index_for_display FLOAT,economic_support_index FLOAT,economic_support_index_for_display FLOAT);
[2023-11-07T15:36:36.236+0000] {base.py:73} INFO - Using connection ID 'postgres_default' for task execution.
[2023-11-07T15:36:36.246+0000] {base.py:73} INFO - Using connection ID 'postgres_default' for task execution.
[2023-11-07T15:36:36.250+0000] {taskinstance.py:1935} ERROR - Task failed with exception
Traceback (most recent call last):
  File "/home/airflow/.local/lib/python3.8/site-packages/airflow/providers/common/sql/operators/sql.py", line 280, in execute
    output = hook.run(
  File "/home/airflow/.local/lib/python3.8/site-packages/airflow/providers/common/sql/hooks/sql.py", line 385, in run
    with closing(self.get_conn()) as conn:
  File "/home/airflow/.local/lib/python3.8/site-packages/airflow/providers/postgres/hooks/postgres.py", line 154, in get_conn
    self.conn = psycopg2.connect(**conn_args)
  File "/home/airflow/.local/lib/python3.8/site-packages/psycopg2/__init__.py", line 122, in connect
    conn = _connect(dsn, connection_factory=connection_factory, **kwasync)
psycopg2.OperationalError: connection to server at "172.21.0.3", port 5432 failed: FATAL:  database "db" does not exist

[2023-11-07T15:36:36.262+0000] {taskinstance.py:1398} INFO - Marking task as FAILED. dag_id=covid_data_dag, task_id=create_government_measures_table, execution_date=20231107T153402, start_date=20231107T153636, end_date=20231107T153636
[2023-11-07T15:36:36.277+0000] {standard_task_runner.py:104} ERROR - Failed to execute job 102 for task create_government_measures_table (connection to server at "172.21.0.3", port 5432 failed: FATAL:  database "db" does not exist
; 2966)
[2023-11-07T15:36:36.317+0000] {local_task_job_runner.py:228} INFO - Task exited with return code 1
[2023-11-07T15:36:36.345+0000] {taskinstance.py:2776} INFO - 0 downstream tasks scheduled from follow-on schedule check
