[2023-11-26T16:09:11.430+0000] {taskinstance.py:1157} INFO - Dependencies all met for dep_context=non-requeueable deps ti=<TaskInstance: covid_data_dag_postgres_plis.staging.create_time_table manual__2023-11-26T16:05:07.277984+00:00 [queued]>
[2023-11-26T16:09:11.497+0000] {taskinstance.py:1157} INFO - Dependencies all met for dep_context=requeueable deps ti=<TaskInstance: covid_data_dag_postgres_plis.staging.create_time_table manual__2023-11-26T16:05:07.277984+00:00 [queued]>
[2023-11-26T16:09:11.508+0000] {taskinstance.py:1359} INFO - Starting attempt 1 of 2
[2023-11-26T16:09:11.631+0000] {taskinstance.py:1380} INFO - Executing <Task(PostgresOperator): staging.create_time_table> on 2023-11-26 16:05:07.277984+00:00
[2023-11-26T16:09:11.708+0000] {standard_task_runner.py:57} INFO - Started process 322 to run task
[2023-11-26T16:09:11.736+0000] {standard_task_runner.py:84} INFO - Running: ['***', 'tasks', 'run', 'covid_data_dag_postgres_plis', 'staging.create_time_table', 'manual__2023-11-26T16:05:07.277984+00:00', '--job-id', '1525', '--raw', '--subdir', 'DAGS_FOLDER/Dag_postgres.py', '--cfg-path', '/tmp/tmpt4ixibj5']
[2023-11-26T16:09:11.759+0000] {standard_task_runner.py:85} INFO - Job 1525: Subtask staging.create_time_table
[2023-11-26T16:09:11.923+0000] {task_command.py:415} INFO - Running <TaskInstance: covid_data_dag_postgres_plis.staging.create_time_table manual__2023-11-26T16:05:07.277984+00:00 [running]> on host 172.21.0.5
[2023-11-26T16:09:12.313+0000] {taskinstance.py:1660} INFO - Exporting env vars: AIRFLOW_CTX_DAG_OWNER='***' AIRFLOW_CTX_DAG_ID='covid_data_dag_postgres_plis' AIRFLOW_CTX_TASK_ID='staging.create_time_table' AIRFLOW_CTX_EXECUTION_DATE='2023-11-26T16:05:07.277984+00:00' AIRFLOW_CTX_TRY_NUMBER='1' AIRFLOW_CTX_DAG_RUN_ID='manual__2023-11-26T16:05:07.277984+00:00'
[2023-11-26T16:09:12.317+0000] {sql.py:274} INFO - Executing: DROP TABLE IF EXISTS time_table;
CREATE TABLE time_table (
    Date DATE,
    Week INT,
    Month INT,
    Trimester INT,
    Semester INT,
    Year INT
);
[2023-11-26T16:09:12.333+0000] {base.py:73} INFO - Using connection ID 'postgres_default' for task execution.
[2023-11-26T16:09:12.351+0000] {base.py:73} INFO - Using connection ID 'postgres_default' for task execution.
[2023-11-26T16:09:12.369+0000] {sql.py:418} INFO - Running statement: DROP TABLE IF EXISTS time_table;
CREATE TABLE time_table (
    Date DATE,
    Week INT,
    Month INT,
    Trimester INT,
    Semester INT,
    Year INT
);, parameters: None
[2023-11-26T16:09:12.417+0000] {taskinstance.py:1398} INFO - Marking task as SUCCESS. dag_id=covid_data_dag_postgres_plis, task_id=staging.create_time_table, execution_date=20231126T160507, start_date=20231126T160911, end_date=20231126T160912
[2023-11-26T16:09:12.496+0000] {local_task_job_runner.py:228} INFO - Task exited with return code 0
[2023-11-26T16:09:12.666+0000] {taskinstance.py:2776} INFO - 1 downstream tasks scheduled from follow-on schedule check
