[2023-11-26T16:44:19.989+0000] {taskinstance.py:1157} INFO - Dependencies all met for dep_context=non-requeueable deps ti=<TaskInstance: covid_data_dag_postgres_plis.staging.wrangle_vaccinations manual__2023-11-26T16:39:57.170703+00:00 [queued]>
[2023-11-26T16:44:20.083+0000] {taskinstance.py:1157} INFO - Dependencies all met for dep_context=requeueable deps ti=<TaskInstance: covid_data_dag_postgres_plis.staging.wrangle_vaccinations manual__2023-11-26T16:39:57.170703+00:00 [queued]>
[2023-11-26T16:44:20.091+0000] {taskinstance.py:1359} INFO - Starting attempt 1 of 2
[2023-11-26T16:44:20.333+0000] {taskinstance.py:1380} INFO - Executing <Task(PythonOperator): staging.wrangle_vaccinations> on 2023-11-26 16:39:57.170703+00:00
[2023-11-26T16:44:20.457+0000] {standard_task_runner.py:57} INFO - Started process 1581 to run task
[2023-11-26T16:44:20.505+0000] {standard_task_runner.py:84} INFO - Running: ['***', 'tasks', 'run', 'covid_data_dag_postgres_plis', 'staging.wrangle_vaccinations', 'manual__2023-11-26T16:39:57.170703+00:00', '--job-id', '1564', '--raw', '--subdir', 'DAGS_FOLDER/Dag_postgres.py', '--cfg-path', '/tmp/tmpredc1x7i']
[2023-11-26T16:44:20.540+0000] {standard_task_runner.py:85} INFO - Job 1564: Subtask staging.wrangle_vaccinations
[2023-11-26T16:44:21.310+0000] {task_command.py:415} INFO - Running <TaskInstance: covid_data_dag_postgres_plis.staging.wrangle_vaccinations manual__2023-11-26T16:39:57.170703+00:00 [running]> on host 172.21.0.5
[2023-11-26T16:44:24.277+0000] {taskinstance.py:1660} INFO - Exporting env vars: AIRFLOW_CTX_DAG_OWNER='***' AIRFLOW_CTX_DAG_ID='covid_data_dag_postgres_plis' AIRFLOW_CTX_TASK_ID='staging.wrangle_vaccinations' AIRFLOW_CTX_EXECUTION_DATE='2023-11-26T16:39:57.170703+00:00' AIRFLOW_CTX_TRY_NUMBER='1' AIRFLOW_CTX_DAG_RUN_ID='manual__2023-11-26T16:39:57.170703+00:00'
[2023-11-26T16:44:28.445+0000] {logging_mixin.py:151} INFO - Formatting date…
[2023-11-26T16:44:28.451+0000] {taskinstance.py:1935} ERROR - Task failed with exception
Traceback (most recent call last):
  File "/home/airflow/.local/lib/python3.8/site-packages/pandas/core/indexes/base.py", line 3653, in get_loc
    return self._engine.get_loc(casted_key)
  File "pandas/_libs/index.pyx", line 147, in pandas._libs.index.IndexEngine.get_loc
  File "pandas/_libs/index.pyx", line 176, in pandas._libs.index.IndexEngine.get_loc
  File "pandas/_libs/hashtable_class_helper.pxi", line 7080, in pandas._libs.hashtable.PyObjectHashTable.get_item
  File "pandas/_libs/hashtable_class_helper.pxi", line 7088, in pandas._libs.hashtable.PyObjectHashTable.get_item
KeyError: 'date'

The above exception was the direct cause of the following exception:

Traceback (most recent call last):
  File "/home/airflow/.local/lib/python3.8/site-packages/airflow/operators/python.py", line 192, in execute
    return_value = self.execute_callable()
  File "/home/airflow/.local/lib/python3.8/site-packages/airflow/operators/python.py", line 209, in execute_callable
    return self.python_callable(*self.op_args, **self.op_kwargs)
  File "/opt/airflow/dags/Dag_postgres.py", line 298, in _wrangle_vaccinations
    df = pd.read_csv('/opt/airflow/dags/files/vaccinations.csv')
  File "/opt/airflow/dags/Dag_postgres.py", line 188, in format_date
    def format_date(df: pd.DataFrame, date_col) -> pd.DataFrame:
  File "/home/airflow/.local/lib/python3.8/site-packages/pandas/core/frame.py", line 3761, in __getitem__
    indexer = self.columns.get_loc(key)
  File "/home/airflow/.local/lib/python3.8/site-packages/pandas/core/indexes/base.py", line 3655, in get_loc
    raise KeyError(key) from err
KeyError: 'date'
[2023-11-26T16:44:28.500+0000] {taskinstance.py:1398} INFO - Marking task as UP_FOR_RETRY. dag_id=covid_data_dag_postgres_plis, task_id=staging.wrangle_vaccinations, execution_date=20231126T163957, start_date=20231126T164419, end_date=20231126T164428
[2023-11-26T16:44:28.571+0000] {standard_task_runner.py:104} ERROR - Failed to execute job 1564 for task staging.wrangle_vaccinations ('date'; 1581)
[2023-11-26T16:44:28.622+0000] {local_task_job_runner.py:228} INFO - Task exited with return code 1
[2023-11-26T16:44:28.713+0000] {taskinstance.py:2776} INFO - 0 downstream tasks scheduled from follow-on schedule check
