[2023-11-09T10:20:25.368+0000] {taskinstance.py:1157} INFO - Dependencies all met for dep_context=non-requeueable deps ti=<TaskInstance: covid_data_dag.download_government_measures manual__2023-11-09T10:20:13.629503+00:00 [queued]>
[2023-11-09T10:20:25.403+0000] {taskinstance.py:1157} INFO - Dependencies all met for dep_context=requeueable deps ti=<TaskInstance: covid_data_dag.download_government_measures manual__2023-11-09T10:20:13.629503+00:00 [queued]>
[2023-11-09T10:20:25.404+0000] {taskinstance.py:1359} INFO - Starting attempt 1 of 2
[2023-11-09T10:20:25.484+0000] {taskinstance.py:1380} INFO - Executing <Task(PythonOperator): download_government_measures> on 2023-11-09 10:20:13.629503+00:00
[2023-11-09T10:20:25.507+0000] {standard_task_runner.py:57} INFO - Started process 1020 to run task
[2023-11-09T10:20:25.535+0000] {standard_task_runner.py:84} INFO - Running: ['***', 'tasks', 'run', 'covid_data_dag', 'download_government_measures', 'manual__2023-11-09T10:20:13.629503+00:00', '--job-id', '680', '--raw', '--subdir', 'DAGS_FOLDER/Dag_postgres.py', '--cfg-path', '/tmp/tmpmnfya3r6']
[2023-11-09T10:20:25.549+0000] {standard_task_runner.py:85} INFO - Job 680: Subtask download_government_measures
[2023-11-09T10:20:25.721+0000] {task_command.py:415} INFO - Running <TaskInstance: covid_data_dag.download_government_measures manual__2023-11-09T10:20:13.629503+00:00 [running]> on host 172.21.0.7
[2023-11-09T10:20:26.493+0000] {taskinstance.py:1660} INFO - Exporting env vars: AIRFLOW_CTX_DAG_OWNER='***' AIRFLOW_CTX_DAG_ID='covid_data_dag' AIRFLOW_CTX_TASK_ID='download_government_measures' AIRFLOW_CTX_EXECUTION_DATE='2023-11-09T10:20:13.629503+00:00' AIRFLOW_CTX_TRY_NUMBER='1' AIRFLOW_CTX_DAG_RUN_ID='manual__2023-11-09T10:20:13.629503+00:00'
[2023-11-09T10:20:56.503+0000] {taskinstance.py:1935} ERROR - Task failed with exception
Traceback (most recent call last):
  File "/home/airflow/.local/lib/python3.8/site-packages/airflow/operators/python.py", line 192, in execute
    return_value = self.execute_callable()
  File "/home/airflow/.local/lib/python3.8/site-packages/airflow/operators/python.py", line 209, in execute_callable
    return self.python_callable(*self.op_args, **self.op_kwargs)
  File "/opt/airflow/dags/Dag_postgres.py", line 49, in download_government_measures
    with open('/opt/airflow/dags/postgres/government_measures.csv', 'wb') as f:
FileNotFoundError: [Errno 2] No such file or directory: '/opt/airflow/dags/postgres/government_measures.csv'
[2023-11-09T10:20:56.519+0000] {taskinstance.py:1398} INFO - Marking task as UP_FOR_RETRY. dag_id=covid_data_dag, task_id=download_government_measures, execution_date=20231109T102013, start_date=20231109T102025, end_date=20231109T102056
[2023-11-09T10:20:56.551+0000] {standard_task_runner.py:104} ERROR - Failed to execute job 680 for task download_government_measures ([Errno 2] No such file or directory: '/opt/airflow/dags/postgres/government_measures.csv'; 1020)
[2023-11-09T10:20:56.572+0000] {local_task_job_runner.py:228} INFO - Task exited with return code 1
[2023-11-09T10:20:56.597+0000] {taskinstance.py:2776} INFO - 0 downstream tasks scheduled from follow-on schedule check
