[2023-11-26T17:10:38.944+0000] {taskinstance.py:1157} INFO - Dependencies all met for dep_context=non-requeueable deps ti=<TaskInstance: covid_data_dag_postgres_plis.staging.create_government_measures_table manual__2023-11-26T17:01:55.155157+00:00 [queued]>
[2023-11-26T17:10:38.958+0000] {taskinstance.py:1157} INFO - Dependencies all met for dep_context=requeueable deps ti=<TaskInstance: covid_data_dag_postgres_plis.staging.create_government_measures_table manual__2023-11-26T17:01:55.155157+00:00 [queued]>
[2023-11-26T17:10:38.959+0000] {taskinstance.py:1359} INFO - Starting attempt 1 of 2
[2023-11-26T17:10:38.976+0000] {taskinstance.py:1380} INFO - Executing <Task(PostgresOperator): staging.create_government_measures_table> on 2023-11-26 17:01:55.155157+00:00
[2023-11-26T17:10:38.984+0000] {standard_task_runner.py:57} INFO - Started process 2507 to run task
[2023-11-26T17:10:38.988+0000] {standard_task_runner.py:84} INFO - Running: ['***', 'tasks', 'run', 'covid_data_dag_postgres_plis', 'staging.create_government_measures_table', 'manual__2023-11-26T17:01:55.155157+00:00', '--job-id', '1598', '--raw', '--subdir', 'DAGS_FOLDER/Dag_postgres.py', '--cfg-path', '/tmp/tmps9ghjwid']
[2023-11-26T17:10:38.992+0000] {standard_task_runner.py:85} INFO - Job 1598: Subtask staging.create_government_measures_table
[2023-11-26T17:10:39.049+0000] {task_command.py:415} INFO - Running <TaskInstance: covid_data_dag_postgres_plis.staging.create_government_measures_table manual__2023-11-26T17:01:55.155157+00:00 [running]> on host 172.21.0.5
[2023-11-26T17:10:39.145+0000] {taskinstance.py:1660} INFO - Exporting env vars: AIRFLOW_CTX_DAG_OWNER='***' AIRFLOW_CTX_DAG_ID='covid_data_dag_postgres_plis' AIRFLOW_CTX_TASK_ID='staging.create_government_measures_table' AIRFLOW_CTX_EXECUTION_DATE='2023-11-26T17:01:55.155157+00:00' AIRFLOW_CTX_TRY_NUMBER='1' AIRFLOW_CTX_DAG_RUN_ID='manual__2023-11-26T17:01:55.155157+00:00'
[2023-11-26T17:10:39.146+0000] {sql.py:274} INFO - Executing: DROP TABLE IF EXISTS government_measures;
CREATE TABLE government_measures (
    CountryName VARCHAR(255),
    CountryCode VARCHAR(255),
    Jurisdiction VARCHAR(255),
    _date DATE,
    StringencyIndex_Average FLOAT,
    GovernmentResponseIndex_Average FLOAT,
    ContainmentHealthIndex_Average FLOAT,
    EconomicSupportIndex FLOAT,
    PRIMARY KEY (_date, CountryCode)
);
[2023-11-26T17:10:39.156+0000] {base.py:73} INFO - Using connection ID 'postgres_default' for task execution.
[2023-11-26T17:10:39.164+0000] {base.py:73} INFO - Using connection ID 'postgres_default' for task execution.
[2023-11-26T17:10:39.194+0000] {sql.py:418} INFO - Running statement: DROP TABLE IF EXISTS government_measures;
CREATE TABLE government_measures (
    CountryName VARCHAR(255),
    CountryCode VARCHAR(255),
    Jurisdiction VARCHAR(255),
    _date DATE,
    StringencyIndex_Average FLOAT,
    GovernmentResponseIndex_Average FLOAT,
    ContainmentHealthIndex_Average FLOAT,
    EconomicSupportIndex FLOAT,
    PRIMARY KEY (_date, CountryCode)
);, parameters: None
[2023-11-26T17:10:39.353+0000] {taskinstance.py:1398} INFO - Marking task as SUCCESS. dag_id=covid_data_dag_postgres_plis, task_id=staging.create_government_measures_table, execution_date=20231126T170155, start_date=20231126T171038, end_date=20231126T171039
[2023-11-26T17:10:39.401+0000] {local_task_job_runner.py:228} INFO - Task exited with return code 0
[2023-11-26T17:10:39.428+0000] {taskinstance.py:2776} INFO - 1 downstream tasks scheduled from follow-on schedule check
