[2023-11-08T13:45:29.461+0000] {taskinstance.py:1157} INFO - Dependencies all met for dep_context=non-requeueable deps ti=<TaskInstance: covid_data_dag.print_vaccinations_operator manual__2023-11-08T13:45:02.557345+00:00 [queued]>
[2023-11-08T13:45:29.478+0000] {taskinstance.py:1157} INFO - Dependencies all met for dep_context=requeueable deps ti=<TaskInstance: covid_data_dag.print_vaccinations_operator manual__2023-11-08T13:45:02.557345+00:00 [queued]>
[2023-11-08T13:45:29.479+0000] {taskinstance.py:1359} INFO - Starting attempt 1 of 2
[2023-11-08T13:45:29.511+0000] {taskinstance.py:1380} INFO - Executing <Task(PythonOperator): print_vaccinations_operator> on 2023-11-08 13:45:02.557345+00:00
[2023-11-08T13:45:29.525+0000] {standard_task_runner.py:57} INFO - Started process 6011 to run task
[2023-11-08T13:45:29.530+0000] {standard_task_runner.py:84} INFO - Running: ['***', 'tasks', 'run', 'covid_data_dag', 'print_vaccinations_operator', 'manual__2023-11-08T13:45:02.557345+00:00', '--job-id', '548', '--raw', '--subdir', 'DAGS_FOLDER/Dag_postgres.py', '--cfg-path', '/tmp/tmpjytyznpj']
[2023-11-08T13:45:29.534+0000] {standard_task_runner.py:85} INFO - Job 548: Subtask print_vaccinations_operator
[2023-11-08T13:45:29.598+0000] {task_command.py:415} INFO - Running <TaskInstance: covid_data_dag.print_vaccinations_operator manual__2023-11-08T13:45:02.557345+00:00 [running]> on host 172.21.0.9
[2023-11-08T13:45:29.704+0000] {taskinstance.py:1660} INFO - Exporting env vars: AIRFLOW_CTX_DAG_OWNER='***' AIRFLOW_CTX_DAG_ID='covid_data_dag' AIRFLOW_CTX_TASK_ID='print_vaccinations_operator' AIRFLOW_CTX_EXECUTION_DATE='2023-11-08T13:45:02.557345+00:00' AIRFLOW_CTX_TRY_NUMBER='1' AIRFLOW_CTX_DAG_RUN_ID='manual__2023-11-08T13:45:02.557345+00:00'
[2023-11-08T13:45:29.719+0000] {base.py:73} INFO - Using connection ID 'postgres_default' for task execution.
[2023-11-08T13:45:29.728+0000] {logging_mixin.py:151} INFO - (0, datetime.date(2021, 2, 22), 'Afghanistan', 'AFG', 0, 0, 0, 0, 0, 0.0, 0.0, 0.0, 0, 0, 0.0)
[2023-11-08T13:45:29.729+0000] {logging_mixin.py:151} INFO - (1, datetime.date(2021, 2, 23), 'Afghanistan', 'AFG', 0, 0, 0, 0, 1367, 0.0, 0.0, 0.0, 33, 1367, 0.003)
[2023-11-08T13:45:29.730+0000] {logging_mixin.py:151} INFO - (2, datetime.date(2021, 2, 24), 'Afghanistan', 'AFG', 0, 0, 0, 0, 1367, 0.0, 0.0, 0.0, 33, 1367, 0.003)
[2023-11-08T13:45:29.730+0000] {logging_mixin.py:151} INFO - (3, datetime.date(2021, 2, 25), 'Afghanistan', 'AFG', 0, 0, 0, 0, 1367, 0.0, 0.0, 0.0, 33, 1367, 0.003)
[2023-11-08T13:45:29.731+0000] {logging_mixin.py:151} INFO - (4, datetime.date(2021, 2, 26), 'Afghanistan', 'AFG', 0, 0, 0, 0, 1367, 0.0, 0.0, 0.0, 33, 1367, 0.003)
[2023-11-08T13:45:29.732+0000] {logging_mixin.py:151} INFO - (5, datetime.date(2021, 2, 27), 'Afghanistan', 'AFG', 0, 0, 0, 0, 1367, 0.0, 0.0, 0.0, 33, 1367, 0.003)
[2023-11-08T13:45:29.733+0000] {logging_mixin.py:151} INFO - (6, datetime.date(2021, 2, 28), 'Afghanistan', 'AFG', 8200, 8200, 0, 0, 1367, 0.02, 0.02, 0.0, 33, 1367, 0.003)
[2023-11-08T13:45:29.733+0000] {logging_mixin.py:151} INFO - (7, datetime.date(2021, 3, 1), 'Afghanistan', 'AFG', 0, 0, 0, 0, 1580, 0.0, 0.0, 0.0, 38, 1580, 0.004)
[2023-11-08T13:45:29.734+0000] {logging_mixin.py:151} INFO - (8, datetime.date(2021, 3, 2), 'Afghanistan', 'AFG', 0, 0, 0, 0, 1794, 0.0, 0.0, 0.0, 44, 1794, 0.004)
[2023-11-08T13:45:29.735+0000] {logging_mixin.py:151} INFO - (9, datetime.date(2021, 3, 3), 'Afghanistan', 'AFG', 0, 0, 0, 0, 2008, 0.0, 0.0, 0.0, 49, 2008, 0.005)
[2023-11-08T13:45:29.736+0000] {logging_mixin.py:151} INFO - (10, datetime.date(2021, 3, 4), 'Afghanistan', 'AFG', 0, 0, 0, 0, 2221, 0.0, 0.0, 0.0, 54, 2221, 0.005)
[2023-11-08T13:45:29.737+0000] {logging_mixin.py:151} INFO - (11, datetime.date(2021, 3, 5), 'Afghanistan', 'AFG', 0, 0, 0, 0, 2435, 0.0, 0.0, 0.0, 59, 2435, 0.006)
[2023-11-08T13:45:29.738+0000] {logging_mixin.py:151} INFO - (12, datetime.date(2021, 3, 6), 'Afghanistan', 'AFG', 0, 0, 0, 0, 2649, 0.0, 0.0, 0.0, 64, 2649, 0.006)
[2023-11-08T13:45:29.739+0000] {logging_mixin.py:151} INFO - (13, datetime.date(2021, 3, 7), 'Afghanistan', 'AFG', 0, 0, 0, 0, 2862, 0.0, 0.0, 0.0, 70, 2862, 0.007)
[2023-11-08T13:45:29.740+0000] {logging_mixin.py:151} INFO - (14, datetime.date(2021, 3, 8), 'Afghanistan', 'AFG', 0, 0, 0, 0, 2862, 0.0, 0.0, 0.0, 70, 2862, 0.007)
[2023-11-08T13:45:29.741+0000] {logging_mixin.py:151} INFO - (15, datetime.date(2021, 3, 9), 'Afghanistan', 'AFG', 0, 0, 0, 0, 2862, 0.0, 0.0, 0.0, 70, 2862, 0.007)
[2023-11-08T13:45:29.743+0000] {logging_mixin.py:151} INFO - (16, datetime.date(2021, 3, 10), 'Afghanistan', 'AFG', 0, 0, 0, 0, 2862, 0.0, 0.0, 0.0, 70, 2862, 0.007)
[2023-11-08T13:45:29.746+0000] {logging_mixin.py:151} INFO - (17, datetime.date(2021, 3, 11), 'Afghanistan', 'AFG', 0, 0, 0, 0, 2862, 0.0, 0.0, 0.0, 70, 2862, 0.007)
[2023-11-08T13:45:29.747+0000] {logging_mixin.py:151} INFO - (18, datetime.date(2021, 3, 12), 'Afghanistan', 'AFG', 0, 0, 0, 0, 2862, 0.0, 0.0, 0.0, 70, 2862, 0.007)
[2023-11-08T13:45:29.748+0000] {logging_mixin.py:151} INFO - (19, datetime.date(2021, 3, 13), 'Afghanistan', 'AFG', 0, 0, 0, 0, 2862, 0.0, 0.0, 0.0, 70, 2862, 0.007)
[2023-11-08T13:45:29.749+0000] {logging_mixin.py:151} INFO - (20, datetime.date(2021, 3, 14), 'Afghanistan', 'AFG', 0, 0, 0, 0, 2862, 0.0, 0.0, 0.0, 70, 2862, 0.007)
[2023-11-08T13:45:29.750+0000] {logging_mixin.py:151} INFO - (21, datetime.date(2021, 3, 15), 'Afghanistan', 'AFG', 0, 0, 0, 0, 2862, 0.0, 0.0, 0.0, 70, 2862, 0.007)
[2023-11-08T13:45:29.752+0000] {logging_mixin.py:151} INFO - (22, datetime.date(2021, 3, 16), 'Afghanistan', 'AFG', 54000, 54000, 0, 0, 2862, 0.13, 0.13, 0.0, 70, 2862, 0.007)
[2023-11-08T13:45:29.756+0000] {logging_mixin.py:151} INFO - (23, datetime.date(2021, 3, 17), 'Afghanistan', 'AFG', 0, 0, 0, 0, 2882, 0.0, 0.0, 0.0, 70, 2882, 0.007)
[2023-11-08T13:45:29.758+0000] {logging_mixin.py:151} INFO - (24, datetime.date(2021, 3, 18), 'Afghanistan', 'AFG', 0, 0, 0, 0, 2902, 0.0, 0.0, 0.0, 71, 2902, 0.007)
[2023-11-08T13:45:29.759+0000] {logging_mixin.py:151} INFO - (25, datetime.date(2021, 3, 19), 'Afghanistan', 'AFG', 0, 0, 0, 0, 2921, 0.0, 0.0, 0.0, 71, 2921, 0.007)
[2023-11-08T13:45:29.761+0000] {logging_mixin.py:151} INFO - (26, datetime.date(2021, 3, 20), 'Afghanistan', 'AFG', 0, 0, 0, 0, 2941, 0.0, 0.0, 0.0, 72, 2941, 0.007)
[2023-11-08T13:45:29.762+0000] {logging_mixin.py:151} INFO - (27, datetime.date(2021, 3, 21), 'Afghanistan', 'AFG', 0, 0, 0, 0, 2961, 0.0, 0.0, 0.0, 72, 2961, 0.007)
[2023-11-08T13:45:29.763+0000] {logging_mixin.py:151} INFO - (28, datetime.date(2021, 3, 22), 'Afghanistan', 'AFG', 0, 0, 0, 0, 2980, 0.0, 0.0, 0.0, 72, 2980, 0.007)
[2023-11-08T13:45:29.763+0000] {logging_mixin.py:151} INFO - (29, datetime.date(2021, 3, 23), 'Afghanistan', 'AFG', 0, 0, 0, 0, 3000, 0.0, 0.0, 0.0, 73, 3000, 0.007)
[2023-11-08T13:45:29.764+0000] {logging_mixin.py:151} INFO - (30, datetime.date(2021, 3, 24), 'Afghanistan', 'AFG', 0, 0, 0, 0, 3000, 0.0, 0.0, 0.0, 73, 3000, 0.007)
[2023-11-08T13:45:29.765+0000] {logging_mixin.py:151} INFO - (31, datetime.date(2021, 3, 25), 'Afghanistan', 'AFG', 0, 0, 0, 0, 3000, 0.0, 0.0, 0.0, 73, 3000, 0.007)
[2023-11-08T13:45:29.766+0000] {logging_mixin.py:151} INFO - (32, datetime.date(2021, 3, 26), 'Afghanistan', 'AFG', 0, 0, 0, 0, 3000, 0.0, 0.0, 0.0, 73, 3000, 0.007)
[2023-11-08T13:45:29.767+0000] {logging_mixin.py:151} INFO - (33, datetime.date(2021, 3, 27), 'Afghanistan', 'AFG', 0, 0, 0, 0, 3000, 0.0, 0.0, 0.0, 73, 3000, 0.007)
[2023-11-08T13:45:29.768+0000] {logging_mixin.py:151} INFO - (34, datetime.date(2021, 3, 28), 'Afghanistan', 'AFG', 0, 0, 0, 0, 3000, 0.0, 0.0, 0.0, 73, 3000, 0.007)
[2023-11-08T13:45:29.769+0000] {logging_mixin.py:151} INFO - (35, datetime.date(2021, 3, 29), 'Afghanistan', 'AFG', 0, 0, 0, 0, 3000, 0.0, 0.0, 0.0, 73, 3000, 0.007)
[2023-11-08T13:45:29.770+0000] {logging_mixin.py:151} INFO - (36, datetime.date(2021, 3, 30), 'Afghanistan', 'AFG', 0, 0, 0, 0, 3000, 0.0, 0.0, 0.0, 73, 3000, 0.007)
[2023-11-08T13:45:29.771+0000] {logging_mixin.py:151} INFO - (37, datetime.date(2021, 3, 31), 'Afghanistan', 'AFG', 0, 0, 0, 0, 3000, 0.0, 0.0, 0.0, 73, 3000, 0.007)
[2023-11-08T13:45:29.772+0000] {logging_mixin.py:151} INFO - (38, datetime.date(2021, 4, 1), 'Afghanistan', 'AFG', 0, 0, 0, 0, 3000, 0.0, 0.0, 0.0, 73, 3000, 0.007)
[2023-11-08T13:45:29.775+0000] {logging_mixin.py:151} INFO - (39, datetime.date(2021, 4, 2), 'Afghanistan', 'AFG', 0, 0, 0, 0, 3000, 0.0, 0.0, 0.0, 73, 3000, 0.007)
[2023-11-08T13:45:29.777+0000] {logging_mixin.py:151} INFO - (40, datetime.date(2021, 4, 3), 'Afghanistan', 'AFG', 0, 0, 0, 0, 3000, 0.0, 0.0, 0.0, 73, 3000, 0.007)
[2023-11-08T13:45:29.778+0000] {logging_mixin.py:151} INFO - (41, datetime.date(2021, 4, 4), 'Afghanistan', 'AFG', 0, 0, 0, 0, 3000, 0.0, 0.0, 0.0, 73, 3000, 0.007)
[2023-11-08T13:45:29.779+0000] {logging_mixin.py:151} INFO - (42, datetime.date(2021, 4, 5), 'Afghanistan', 'AFG', 0, 0, 0, 0, 3000, 0.0, 0.0, 0.0, 73, 3000, 0.007)
[2023-11-08T13:45:29.781+0000] {logging_mixin.py:151} INFO - (43, datetime.date(2021, 4, 6), 'Afghanistan', 'AFG', 0, 0, 0, 0, 3000, 0.0, 0.0, 0.0, 73, 3000, 0.007)
[2023-11-08T13:45:29.782+0000] {logging_mixin.py:151} INFO - (44, datetime.date(2021, 4, 7), 'Afghanistan', 'AFG', 120000, 120000, 0, 0, 3000, 0.29, 0.29, 0.0, 73, 3000, 0.007)
[2023-11-08T13:45:29.782+0000] {logging_mixin.py:151} INFO - (45, datetime.date(2021, 4, 8), 'Afghanistan', 'AFG', 0, 0, 0, 0, 3714, 0.0, 0.0, 0.0, 90, 3714, 0.009)
[2023-11-08T13:45:29.783+0000] {logging_mixin.py:151} INFO - (46, datetime.date(2021, 4, 9), 'Afghanistan', 'AFG', 0, 0, 0, 0, 4429, 0.0, 0.0, 0.0, 108, 4429, 0.011)
[2023-11-08T13:45:29.784+0000] {logging_mixin.py:151} INFO - (47, datetime.date(2021, 4, 10), 'Afghanistan', 'AFG', 0, 0, 0, 0, 5143, 0.0, 0.0, 0.0, 125, 5143, 0.013)
[2023-11-08T13:45:29.785+0000] {logging_mixin.py:151} INFO - (48, datetime.date(2021, 4, 11), 'Afghanistan', 'AFG', 0, 0, 0, 0, 5857, 0.0, 0.0, 0.0, 142, 5857, 0.014)
[2023-11-08T13:45:29.786+0000] {logging_mixin.py:151} INFO - (49, datetime.date(2021, 4, 12), 'Afghanistan', 'AFG', 0, 0, 0, 0, 6571, 0.0, 0.0, 0.0, 160, 6571, 0.016)
[2023-11-08T13:45:29.788+0000] {logging_mixin.py:151} INFO - (50, datetime.date(2021, 4, 13), 'Afghanistan', 'AFG', 0, 0, 0, 0, 7286, 0.0, 0.0, 0.0, 177, 7286, 0.018)
[2023-11-08T13:45:29.790+0000] {logging_mixin.py:151} INFO - (51, datetime.date(2021, 4, 14), 'Afghanistan', 'AFG', 0, 0, 0, 0, 8000, 0.0, 0.0, 0.0, 195, 8000, 0.019)
[2023-11-08T13:45:29.792+0000] {logging_mixin.py:151} INFO - (52, datetime.date(2021, 4, 15), 'Afghanistan', 'AFG', 0, 0, 0, 0, 8000, 0.0, 0.0, 0.0, 195, 8000, 0.019)
[2023-11-08T13:45:29.794+0000] {logging_mixin.py:151} INFO - (53, datetime.date(2021, 4, 16), 'Afghanistan', 'AFG', 0, 0, 0, 0, 8000, 0.0, 0.0, 0.0, 195, 8000, 0.019)
[2023-11-08T13:45:29.795+0000] {logging_mixin.py:151} INFO - (54, datetime.date(2021, 4, 17), 'Afghanistan', 'AFG', 0, 0, 0, 0, 8000, 0.0, 0.0, 0.0, 195, 8000, 0.019)
[2023-11-08T13:45:29.796+0000] {logging_mixin.py:151} INFO - (55, datetime.date(2021, 4, 18), 'Afghanistan', 'AFG', 0, 0, 0, 0, 8000, 0.0, 0.0, 0.0, 195, 8000, 0.019)
[2023-11-08T13:45:29.796+0000] {logging_mixin.py:151} INFO - (56, datetime.date(2021, 4, 19), 'Afghanistan', 'AFG', 0, 0, 0, 0, 8000, 0.0, 0.0, 0.0, 195, 8000, 0.019)
[2023-11-08T13:45:29.797+0000] {logging_mixin.py:151} INFO - (57, datetime.date(2021, 4, 20), 'Afghanistan', 'AFG', 0, 0, 0, 0, 8000, 0.0, 0.0, 0.0, 195, 8000, 0.019)
[2023-11-08T13:45:29.798+0000] {logging_mixin.py:151} INFO - (58, datetime.date(2021, 4, 21), 'Afghanistan', 'AFG', 0, 0, 0, 0, 8000, 0.0, 0.0, 0.0, 195, 8000, 0.019)
[2023-11-08T13:45:29.798+0000] {logging_mixin.py:151} INFO - (59, datetime.date(2021, 4, 22), 'Afghanistan', 'AFG', 240000, 240000, 0, 0, 8000, 0.58, 0.58, 0.0, 195, 8000, 0.019)
[2023-11-08T13:45:29.799+0000] {logging_mixin.py:151} INFO - (60, datetime.date(2021, 4, 23), 'Afghanistan', 'AFG', 0, 0, 0, 0, 8846, 0.0, 0.0, 0.0, 215, 8428, 0.02)
[2023-11-08T13:45:29.799+0000] {logging_mixin.py:151} INFO - (61, datetime.date(2021, 4, 24), 'Afghanistan', 'AFG', 0, 0, 0, 0, 9692, 0.0, 0.0, 0.0, 236, 8855, 0.022)
[2023-11-08T13:45:29.800+0000] {logging_mixin.py:151} INFO - (62, datetime.date(2021, 4, 25), 'Afghanistan', 'AFG', 0, 0, 0, 0, 10538, 0.0, 0.0, 0.0, 256, 9283, 0.023)
[2023-11-08T13:45:29.801+0000] {logging_mixin.py:151} INFO - (63, datetime.date(2021, 4, 26), 'Afghanistan', 'AFG', 0, 0, 0, 0, 11384, 0.0, 0.0, 0.0, 277, 9711, 0.024)
[2023-11-08T13:45:29.802+0000] {logging_mixin.py:151} INFO - (64, datetime.date(2021, 4, 27), 'Afghanistan', 'AFG', 0, 0, 0, 0, 12229, 0.0, 0.0, 0.0, 297, 10138, 0.025)
[2023-11-08T13:45:29.803+0000] {logging_mixin.py:151} INFO - (65, datetime.date(2021, 4, 28), 'Afghanistan', 'AFG', 0, 0, 0, 0, 13075, 0.0, 0.0, 0.0, 318, 10566, 0.026)
[2023-11-08T13:45:29.806+0000] {logging_mixin.py:151} INFO - (66, datetime.date(2021, 4, 29), 'Afghanistan', 'AFG', 0, 0, 0, 0, 13921, 0.0, 0.0, 0.0, 338, 10994, 0.027)
[2023-11-08T13:45:29.807+0000] {logging_mixin.py:151} INFO - (67, datetime.date(2021, 4, 30), 'Afghanistan', 'AFG', 0, 0, 0, 0, 13921, 0.0, 0.0, 0.0, 338, 10994, 0.027)
[2023-11-08T13:45:29.809+0000] {logging_mixin.py:151} INFO - (68, datetime.date(2021, 5, 1), 'Afghanistan', 'AFG', 0, 0, 0, 0, 13921, 0.0, 0.0, 0.0, 338, 10994, 0.027)
[2023-11-08T13:45:29.810+0000] {logging_mixin.py:151} INFO - (69, datetime.date(2021, 5, 2), 'Afghanistan', 'AFG', 0, 0, 0, 0, 13921, 0.0, 0.0, 0.0, 338, 10994, 0.027)
[2023-11-08T13:45:29.811+0000] {logging_mixin.py:151} INFO - (70, datetime.date(2021, 5, 3), 'Afghanistan', 'AFG', 0, 0, 0, 0, 13921, 0.0, 0.0, 0.0, 338, 10994, 0.027)
[2023-11-08T13:45:29.811+0000] {logging_mixin.py:151} INFO - (71, datetime.date(2021, 5, 4), 'Afghanistan', 'AFG', 0, 0, 0, 0, 13921, 0.0, 0.0, 0.0, 338, 10994, 0.027)
[2023-11-08T13:45:29.812+0000] {logging_mixin.py:151} INFO - (72, datetime.date(2021, 5, 5), 'Afghanistan', 'AFG', 0, 0, 0, 0, 13921, 0.0, 0.0, 0.0, 338, 10994, 0.027)
[2023-11-08T13:45:29.813+0000] {logging_mixin.py:151} INFO - (73, datetime.date(2021, 5, 6), 'Afghanistan', 'AFG', 0, 0, 0, 0, 13921, 0.0, 0.0, 0.0, 338, 10994, 0.027)
[2023-11-08T13:45:29.813+0000] {logging_mixin.py:151} INFO - (74, datetime.date(2021, 5, 7), 'Afghanistan', 'AFG', 0, 0, 0, 0, 13921, 0.0, 0.0, 0.0, 338, 10994, 0.027)
[2023-11-08T13:45:29.813+0000] {logging_mixin.py:151} INFO - (75, datetime.date(2021, 5, 8), 'Afghanistan', 'AFG', 0, 0, 0, 0, 13921, 0.0, 0.0, 0.0, 338, 10994, 0.027)
[2023-11-08T13:45:29.814+0000] {logging_mixin.py:151} INFO - (76, datetime.date(2021, 5, 9), 'Afghanistan', 'AFG', 0, 0, 0, 0, 13921, 0.0, 0.0, 0.0, 338, 10994, 0.027)
[2023-11-08T13:45:29.814+0000] {logging_mixin.py:151} INFO - (77, datetime.date(2021, 5, 10), 'Afghanistan', 'AFG', 0, 0, 0, 0, 13921, 0.0, 0.0, 0.0, 338, 10994, 0.027)
[2023-11-08T13:45:29.815+0000] {logging_mixin.py:151} INFO - (78, datetime.date(2021, 5, 11), 'Afghanistan', 'AFG', 504502, 448878, 55624, 0, 13921, 1.23, 1.09, 0.14, 338, 10994, 0.027)
[2023-11-08T13:45:29.816+0000] {logging_mixin.py:151} INFO - (79, datetime.date(2021, 5, 12), 'Afghanistan', 'AFG', 0, 0, 0, 0, 12621, 0.0, 0.0, 0.0, 307, 9764, 0.024)
[2023-11-08T13:45:29.817+0000] {logging_mixin.py:151} INFO - (80, datetime.date(2021, 5, 13), 'Afghanistan', 'AFG', 0, 0, 0, 0, 11321, 0.0, 0.0, 0.0, 275, 8534, 0.021)
[2023-11-08T13:45:29.817+0000] {logging_mixin.py:151} INFO - (81, datetime.date(2021, 5, 14), 'Afghanistan', 'AFG', 0, 0, 0, 0, 10022, 0.0, 0.0, 0.0, 244, 7304, 0.018)
[2023-11-08T13:45:29.820+0000] {logging_mixin.py:151} INFO - (82, datetime.date(2021, 5, 15), 'Afghanistan', 'AFG', 0, 0, 0, 0, 8722, 0.0, 0.0, 0.0, 212, 6074, 0.015)
[2023-11-08T13:45:29.821+0000] {logging_mixin.py:151} INFO - (83, datetime.date(2021, 5, 16), 'Afghanistan', 'AFG', 0, 0, 0, 0, 7422, 0.0, 0.0, 0.0, 180, 4844, 0.012)
[2023-11-08T13:45:29.821+0000] {logging_mixin.py:151} INFO - (84, datetime.date(2021, 5, 17), 'Afghanistan', 'AFG', 0, 0, 0, 0, 6122, 0.0, 0.0, 0.0, 149, 3615, 0.009)
[2023-11-08T13:45:29.822+0000] {logging_mixin.py:151} INFO - (85, datetime.date(2021, 5, 18), 'Afghanistan', 'AFG', 0, 0, 0, 0, 4822, 0.0, 0.0, 0.0, 117, 2385, 0.006)
[2023-11-08T13:45:29.823+0000] {logging_mixin.py:151} INFO - (86, datetime.date(2021, 5, 19), 'Afghanistan', 'AFG', 0, 0, 0, 0, 4822, 0.0, 0.0, 0.0, 117, 2385, 0.006)
[2023-11-08T13:45:29.824+0000] {logging_mixin.py:151} INFO - (87, datetime.date(2021, 5, 20), 'Afghanistan', 'AFG', 547901, 470341, 77560, 0, 4822, 1.33, 1.14, 0.19, 117, 2385, 0.006)
[2023-11-08T13:45:29.826+0000] {logging_mixin.py:151} INFO - (88, datetime.date(2021, 5, 21), 'Afghanistan', 'AFG', 0, 0, 0, 0, 5040, 0.0, 0.0, 0.0, 123, 2259, 0.005)
[2023-11-08T13:45:29.826+0000] {logging_mixin.py:151} INFO - (89, datetime.date(2021, 5, 22), 'Afghanistan', 'AFG', 0, 0, 0, 0, 5257, 0.0, 0.0, 0.0, 128, 2134, 0.005)
[2023-11-08T13:45:29.827+0000] {logging_mixin.py:151} INFO - (90, datetime.date(2021, 5, 23), 'Afghanistan', 'AFG', 0, 0, 0, 0, 5474, 0.0, 0.0, 0.0, 133, 2008, 0.005)
[2023-11-08T13:45:29.827+0000] {logging_mixin.py:151} INFO - (91, datetime.date(2021, 5, 24), 'Afghanistan', 'AFG', 573277, 476367, 96910, 0, 5692, 1.39, 1.16, 0.24, 138, 1883, 0.005)
[2023-11-08T13:45:29.828+0000] {logging_mixin.py:151} INFO - (92, datetime.date(2021, 5, 25), 'Afghanistan', 'AFG', 0, 0, 0, 0, 6230, 0.0, 0.0, 0.0, 151, 1757, 0.004)
[2023-11-08T13:45:29.828+0000] {logging_mixin.py:151} INFO - (93, datetime.date(2021, 5, 26), 'Afghanistan', 'AFG', 590454, 479372, 111082, 0, 6768, 1.44, 1.17, 0.27, 165, 1631, 0.004)
[2023-11-08T13:45:29.828+0000] {logging_mixin.py:151} INFO - (94, datetime.date(2021, 5, 27), 'Afghanistan', 'AFG', 593313, 479574, 113739, 2859, 6487, 1.44, 1.17, 0.28, 158, 1319, 0.003)
[2023-11-08T13:45:29.829+0000] {logging_mixin.py:151} INFO - (95, datetime.date(2021, 5, 28), 'Afghanistan', 'AFG', 0, 0, 0, 0, 5907, 0.0, 0.0, 0.0, 144, 1135, 0.003)
[2023-11-08T13:45:29.829+0000] {logging_mixin.py:151} INFO - (96, datetime.date(2021, 5, 29), 'Afghanistan', 'AFG', 0, 0, 0, 0, 5326, 0.0, 0.0, 0.0, 129, 951, 0.002)
[2023-11-08T13:45:29.830+0000] {logging_mixin.py:151} INFO - (97, datetime.date(2021, 5, 30), 'Afghanistan', 'AFG', 600152, 480226, 119926, 0, 4746, 1.46, 1.17, 0.29, 115, 766, 0.002)
[2023-11-08T13:45:29.830+0000] {logging_mixin.py:151} INFO - (98, datetime.date(2021, 5, 31), 'Afghanistan', 'AFG', 0, 0, 0, 0, 5084, 0.0, 0.0, 0.0, 124, 621, 0.002)
[2023-11-08T13:45:29.831+0000] {logging_mixin.py:151} INFO - (99, datetime.date(2021, 6, 1), 'Afghanistan', 'AFG', 0, 0, 0, 0, 5102, 0.0, 0.0, 0.0, 124, 476, 0.001)
[2023-11-08T13:45:29.832+0000] {python.py:194} INFO - Done. Returned value was: None
[2023-11-08T13:45:29.852+0000] {taskinstance.py:1398} INFO - Marking task as SUCCESS. dag_id=covid_data_dag, task_id=print_vaccinations_operator, execution_date=20231108T134502, start_date=20231108T134529, end_date=20231108T134529
[2023-11-08T13:45:29.906+0000] {local_task_job_runner.py:228} INFO - Task exited with return code 0
[2023-11-08T13:45:29.938+0000] {taskinstance.py:2776} INFO - 0 downstream tasks scheduled from follow-on schedule check
