[2023-11-07T10:08:23.835+0000] {taskinstance.py:1157} INFO - Dependencies all met for dep_context=non-requeueable deps ti=<TaskInstance: covid_data_dag.store_vaccinations manual__2023-11-07T10:07:52.390735+00:00 [queued]>
[2023-11-07T10:08:27.198+0000] {taskinstance.py:1157} INFO - Dependencies all met for dep_context=requeueable deps ti=<TaskInstance: covid_data_dag.store_vaccinations manual__2023-11-07T10:07:52.390735+00:00 [queued]>
[2023-11-07T10:08:27.198+0000] {taskinstance.py:1359} INFO - Starting attempt 2 of 2
[2023-11-07T10:08:27.236+0000] {taskinstance.py:1380} INFO - Executing <Task(PythonOperator): store_vaccinations> on 2023-11-07 10:07:52.390735+00:00
[2023-11-07T10:08:27.341+0000] {standard_task_runner.py:57} INFO - Started process 574 to run task
[2023-11-07T10:08:27.476+0000] {standard_task_runner.py:84} INFO - Running: ['***', 'tasks', 'run', 'covid_data_dag', 'store_vaccinations', 'manual__2023-11-07T10:07:52.390735+00:00', '--job-id', '18', '--raw', '--subdir', 'DAGS_FOLDER/Dags.py', '--cfg-path', '/tmp/tmpzv9ecm9e']
[2023-11-07T10:08:27.683+0000] {standard_task_runner.py:85} INFO - Job 18: Subtask store_vaccinations
[2023-11-07T10:08:28.578+0000] {task_command.py:415} INFO - Running <TaskInstance: covid_data_dag.store_vaccinations manual__2023-11-07T10:07:52.390735+00:00 [running]> on host 172.21.0.8
[2023-11-07T10:08:29.471+0000] {taskinstance.py:1660} INFO - Exporting env vars: AIRFLOW_CTX_DAG_OWNER='***' AIRFLOW_CTX_DAG_ID='covid_data_dag' AIRFLOW_CTX_TASK_ID='store_vaccinations' AIRFLOW_CTX_EXECUTION_DATE='2023-11-07T10:07:52.390735+00:00' AIRFLOW_CTX_TRY_NUMBER='2' AIRFLOW_CTX_DAG_RUN_ID='manual__2023-11-07T10:07:52.390735+00:00'
[2023-11-07T10:08:29.736+0000] {taskinstance.py:1935} ERROR - Task failed with exception
Traceback (most recent call last):
  File "/home/airflow/.local/lib/python3.8/site-packages/airflow/operators/python.py", line 192, in execute
    return_value = self.execute_callable()
  File "/home/airflow/.local/lib/python3.8/site-packages/airflow/operators/python.py", line 209, in execute_callable
    return self.python_callable(*self.op_args, **self.op_kwargs)
  File "/opt/airflow/dags/Dags.py", line 65, in store_vaccinations
    collection.insert_many(data)
  File "/home/airflow/.local/lib/python3.8/site-packages/pymongo/_csot.py", line 107, in csot_wrapper
    return func(self, *args, **kwargs)
  File "/home/airflow/.local/lib/python3.8/site-packages/pymongo/collection.py", line 739, in insert_many
    raise TypeError("documents must be a non-empty list")
TypeError: documents must be a non-empty list
[2023-11-07T10:08:29.806+0000] {taskinstance.py:1398} INFO - Marking task as FAILED. dag_id=covid_data_dag, task_id=store_vaccinations, execution_date=20231107T100752, start_date=20231107T100823, end_date=20231107T100829
[2023-11-07T10:08:29.856+0000] {standard_task_runner.py:104} ERROR - Failed to execute job 18 for task store_vaccinations (documents must be a non-empty list; 574)
[2023-11-07T10:08:29.910+0000] {local_task_job_runner.py:228} INFO - Task exited with return code 1
[2023-11-07T10:08:29.953+0000] {taskinstance.py:2776} INFO - 0 downstream tasks scheduled from follow-on schedule check
