[2023-11-07T10:08:08.306+0000] {taskinstance.py:1157} INFO - Dependencies all met for dep_context=non-requeueable deps ti=<TaskInstance: covid_data_dag.store_vaccinations manual__2023-11-07T10:07:52.390735+00:00 [queued]>
[2023-11-07T10:08:08.347+0000] {taskinstance.py:1157} INFO - Dependencies all met for dep_context=requeueable deps ti=<TaskInstance: covid_data_dag.store_vaccinations manual__2023-11-07T10:07:52.390735+00:00 [queued]>
[2023-11-07T10:08:08.348+0000] {taskinstance.py:1359} INFO - Starting attempt 1 of 2
[2023-11-07T10:08:08.414+0000] {taskinstance.py:1380} INFO - Executing <Task(PythonOperator): store_vaccinations> on 2023-11-07 10:07:52.390735+00:00
[2023-11-07T10:08:08.421+0000] {standard_task_runner.py:57} INFO - Started process 552 to run task
[2023-11-07T10:08:08.500+0000] {standard_task_runner.py:84} INFO - Running: ['***', 'tasks', 'run', 'covid_data_dag', 'store_vaccinations', 'manual__2023-11-07T10:07:52.390735+00:00', '--job-id', '15', '--raw', '--subdir', 'DAGS_FOLDER/Dags.py', '--cfg-path', '/tmp/tmpm_4q1b6x']
[2023-11-07T10:08:08.518+0000] {standard_task_runner.py:85} INFO - Job 15: Subtask store_vaccinations
[2023-11-07T10:08:08.672+0000] {task_command.py:415} INFO - Running <TaskInstance: covid_data_dag.store_vaccinations manual__2023-11-07T10:07:52.390735+00:00 [running]> on host 172.21.0.8
[2023-11-07T10:08:08.991+0000] {taskinstance.py:1660} INFO - Exporting env vars: AIRFLOW_CTX_DAG_OWNER='***' AIRFLOW_CTX_DAG_ID='covid_data_dag' AIRFLOW_CTX_TASK_ID='store_vaccinations' AIRFLOW_CTX_EXECUTION_DATE='2023-11-07T10:07:52.390735+00:00' AIRFLOW_CTX_TRY_NUMBER='1' AIRFLOW_CTX_DAG_RUN_ID='manual__2023-11-07T10:07:52.390735+00:00'
[2023-11-07T10:08:09.329+0000] {taskinstance.py:1935} ERROR - Task failed with exception
Traceback (most recent call last):
  File "/home/airflow/.local/lib/python3.8/site-packages/airflow/operators/python.py", line 192, in execute
    return_value = self.execute_callable()
  File "/home/airflow/.local/lib/python3.8/site-packages/airflow/operators/python.py", line 209, in execute_callable
    return self.python_callable(*self.op_args, **self.op_kwargs)
  File "/opt/airflow/dags/Dags.py", line 65, in store_vaccinations
    collection.insert_many(data)
  File "/home/airflow/.local/lib/python3.8/site-packages/pymongo/_csot.py", line 107, in csot_wrapper
    return func(self, *args, **kwargs)
  File "/home/airflow/.local/lib/python3.8/site-packages/pymongo/collection.py", line 739, in insert_many
    raise TypeError("documents must be a non-empty list")
TypeError: documents must be a non-empty list
[2023-11-07T10:08:09.365+0000] {taskinstance.py:1398} INFO - Marking task as UP_FOR_RETRY. dag_id=covid_data_dag, task_id=store_vaccinations, execution_date=20231107T100752, start_date=20231107T100808, end_date=20231107T100809
[2023-11-07T10:08:09.407+0000] {standard_task_runner.py:104} ERROR - Failed to execute job 15 for task store_vaccinations (documents must be a non-empty list; 552)
[2023-11-07T10:08:09.431+0000] {local_task_job_runner.py:228} INFO - Task exited with return code 1
[2023-11-07T10:08:09.473+0000] {taskinstance.py:2776} INFO - 0 downstream tasks scheduled from follow-on schedule check
