[2023-11-08T14:14:05.438+0000] {taskinstance.py:1157} INFO - Dependencies all met for dep_context=non-requeueable deps ti=<TaskInstance: covid_data_dag.print_vaccinations_operator manual__2023-11-08T14:12:44.726233+00:00 [queued]>
[2023-11-08T14:14:05.462+0000] {taskinstance.py:1157} INFO - Dependencies all met for dep_context=requeueable deps ti=<TaskInstance: covid_data_dag.print_vaccinations_operator manual__2023-11-08T14:12:44.726233+00:00 [queued]>
[2023-11-08T14:14:05.463+0000] {taskinstance.py:1359} INFO - Starting attempt 2 of 2
[2023-11-08T14:14:05.496+0000] {taskinstance.py:1380} INFO - Executing <Task(PythonOperator): print_vaccinations_operator> on 2023-11-08 14:12:44.726233+00:00
[2023-11-08T14:14:05.523+0000] {standard_task_runner.py:57} INFO - Started process 7113 to run task
[2023-11-08T14:14:05.529+0000] {standard_task_runner.py:84} INFO - Running: ['***', 'tasks', 'run', 'covid_data_dag', 'print_vaccinations_operator', 'manual__2023-11-08T14:12:44.726233+00:00', '--job-id', '612', '--raw', '--subdir', 'DAGS_FOLDER/Dag_postgres.py', '--cfg-path', '/tmp/tmpb2ljifhz']
[2023-11-08T14:14:05.536+0000] {standard_task_runner.py:85} INFO - Job 612: Subtask print_vaccinations_operator
[2023-11-08T14:14:05.774+0000] {task_command.py:415} INFO - Running <TaskInstance: covid_data_dag.print_vaccinations_operator manual__2023-11-08T14:12:44.726233+00:00 [running]> on host 172.21.0.9
[2023-11-08T14:14:06.081+0000] {taskinstance.py:1660} INFO - Exporting env vars: AIRFLOW_CTX_DAG_OWNER='***' AIRFLOW_CTX_DAG_ID='covid_data_dag' AIRFLOW_CTX_TASK_ID='print_vaccinations_operator' AIRFLOW_CTX_EXECUTION_DATE='2023-11-08T14:12:44.726233+00:00' AIRFLOW_CTX_TRY_NUMBER='2' AIRFLOW_CTX_DAG_RUN_ID='manual__2023-11-08T14:12:44.726233+00:00'
[2023-11-08T14:14:06.098+0000] {base.py:73} INFO - Using connection ID 'postgres_default' for task execution.
[2023-11-08T14:14:06.107+0000] {taskinstance.py:1935} ERROR - Task failed with exception
Traceback (most recent call last):
  File "/home/airflow/.local/lib/python3.8/site-packages/airflow/operators/python.py", line 192, in execute
    return_value = self.execute_callable()
  File "/home/airflow/.local/lib/python3.8/site-packages/airflow/operators/python.py", line 209, in execute_callable
    return self.python_callable(*self.op_args, **self.op_kwargs)
  File "/opt/airflow/dags/Dag_postgres.py", line 273, in print_vaccinations
    csvfile.write(results)
TypeError: write() argument must be str, not list
[2023-11-08T14:14:06.129+0000] {taskinstance.py:1398} INFO - Marking task as FAILED. dag_id=covid_data_dag, task_id=print_vaccinations_operator, execution_date=20231108T141244, start_date=20231108T141405, end_date=20231108T141406
[2023-11-08T14:14:06.153+0000] {standard_task_runner.py:104} ERROR - Failed to execute job 612 for task print_vaccinations_operator (write() argument must be str, not list; 7113)
[2023-11-08T14:14:06.180+0000] {local_task_job_runner.py:228} INFO - Task exited with return code 1
[2023-11-08T14:14:06.209+0000] {taskinstance.py:2776} INFO - 0 downstream tasks scheduled from follow-on schedule check
