[2023-11-08T14:13:52.920+0000] {taskinstance.py:1157} INFO - Dependencies all met for dep_context=non-requeueable deps ti=<TaskInstance: covid_data_dag.print_vaccinations_operator manual__2023-11-08T14:12:44.726233+00:00 [queued]>
[2023-11-08T14:13:52.940+0000] {taskinstance.py:1157} INFO - Dependencies all met for dep_context=requeueable deps ti=<TaskInstance: covid_data_dag.print_vaccinations_operator manual__2023-11-08T14:12:44.726233+00:00 [queued]>
[2023-11-08T14:13:52.942+0000] {taskinstance.py:1359} INFO - Starting attempt 1 of 2
[2023-11-08T14:13:52.972+0000] {taskinstance.py:1380} INFO - Executing <Task(PythonOperator): print_vaccinations_operator> on 2023-11-08 14:12:44.726233+00:00
[2023-11-08T14:13:52.982+0000] {standard_task_runner.py:57} INFO - Started process 7102 to run task
[2023-11-08T14:13:52.988+0000] {standard_task_runner.py:84} INFO - Running: ['***', 'tasks', 'run', 'covid_data_dag', 'print_vaccinations_operator', 'manual__2023-11-08T14:12:44.726233+00:00', '--job-id', '611', '--raw', '--subdir', 'DAGS_FOLDER/Dag_postgres.py', '--cfg-path', '/tmp/tmpyw2xi8lt']
[2023-11-08T14:13:52.993+0000] {standard_task_runner.py:85} INFO - Job 611: Subtask print_vaccinations_operator
[2023-11-08T14:13:53.088+0000] {task_command.py:415} INFO - Running <TaskInstance: covid_data_dag.print_vaccinations_operator manual__2023-11-08T14:12:44.726233+00:00 [running]> on host 172.21.0.9
[2023-11-08T14:13:53.308+0000] {taskinstance.py:1660} INFO - Exporting env vars: AIRFLOW_CTX_DAG_OWNER='***' AIRFLOW_CTX_DAG_ID='covid_data_dag' AIRFLOW_CTX_TASK_ID='print_vaccinations_operator' AIRFLOW_CTX_EXECUTION_DATE='2023-11-08T14:12:44.726233+00:00' AIRFLOW_CTX_TRY_NUMBER='1' AIRFLOW_CTX_DAG_RUN_ID='manual__2023-11-08T14:12:44.726233+00:00'
[2023-11-08T14:13:53.328+0000] {base.py:73} INFO - Using connection ID 'postgres_default' for task execution.
[2023-11-08T14:13:53.338+0000] {taskinstance.py:1935} ERROR - Task failed with exception
Traceback (most recent call last):
  File "/home/airflow/.local/lib/python3.8/site-packages/airflow/operators/python.py", line 192, in execute
    return_value = self.execute_callable()
  File "/home/airflow/.local/lib/python3.8/site-packages/airflow/operators/python.py", line 209, in execute_callable
    return self.python_callable(*self.op_args, **self.op_kwargs)
  File "/opt/airflow/dags/Dag_postgres.py", line 273, in print_vaccinations
    csvfile.write(results)
TypeError: write() argument must be str, not list
[2023-11-08T14:13:53.366+0000] {taskinstance.py:1398} INFO - Marking task as UP_FOR_RETRY. dag_id=covid_data_dag, task_id=print_vaccinations_operator, execution_date=20231108T141244, start_date=20231108T141352, end_date=20231108T141353
[2023-11-08T14:13:53.396+0000] {standard_task_runner.py:104} ERROR - Failed to execute job 611 for task print_vaccinations_operator (write() argument must be str, not list; 7102)
[2023-11-08T14:13:53.444+0000] {local_task_job_runner.py:228} INFO - Task exited with return code 1
[2023-11-08T14:13:53.488+0000] {taskinstance.py:2776} INFO - 0 downstream tasks scheduled from follow-on schedule check
