[2023-11-14T08:13:15.724+0000] {taskinstance.py:1157} INFO - Dependencies all met for dep_context=non-requeueable deps ti=<TaskInstance: covid_data_dag_postgres.wrangle_cases_deaths manual__2023-11-14T08:12:51.370370+00:00 [queued]>
[2023-11-14T08:13:15.741+0000] {taskinstance.py:1157} INFO - Dependencies all met for dep_context=requeueable deps ti=<TaskInstance: covid_data_dag_postgres.wrangle_cases_deaths manual__2023-11-14T08:12:51.370370+00:00 [queued]>
[2023-11-14T08:13:15.743+0000] {taskinstance.py:1359} INFO - Starting attempt 1 of 2
[2023-11-14T08:13:15.780+0000] {taskinstance.py:1380} INFO - Executing <Task(PythonOperator): wrangle_cases_deaths> on 2023-11-14 08:12:51.370370+00:00
[2023-11-14T08:13:15.798+0000] {standard_task_runner.py:57} INFO - Started process 702 to run task
[2023-11-14T08:13:15.813+0000] {standard_task_runner.py:84} INFO - Running: ['***', 'tasks', 'run', 'covid_data_dag_postgres', 'wrangle_cases_deaths', 'manual__2023-11-14T08:12:51.370370+00:00', '--job-id', '903', '--raw', '--subdir', 'DAGS_FOLDER/Dag_postgres.py', '--cfg-path', '/tmp/tmpvgoo0c5w']
[2023-11-14T08:13:15.833+0000] {standard_task_runner.py:85} INFO - Job 903: Subtask wrangle_cases_deaths
[2023-11-14T08:13:16.702+0000] {task_command.py:415} INFO - Running <TaskInstance: covid_data_dag_postgres.wrangle_cases_deaths manual__2023-11-14T08:12:51.370370+00:00 [running]> on host 172.21.0.4
[2023-11-14T08:13:17.193+0000] {taskinstance.py:1660} INFO - Exporting env vars: AIRFLOW_CTX_DAG_OWNER='***' AIRFLOW_CTX_DAG_ID='covid_data_dag_postgres' AIRFLOW_CTX_TASK_ID='wrangle_cases_deaths' AIRFLOW_CTX_EXECUTION_DATE='2023-11-14T08:12:51.370370+00:00' AIRFLOW_CTX_TRY_NUMBER='1' AIRFLOW_CTX_DAG_RUN_ID='manual__2023-11-14T08:12:51.370370+00:00'
[2023-11-14T08:13:18.969+0000] {logging_mixin.py:151} INFO - Formatting date…
[2023-11-14T08:13:19.183+0000] {logging_mixin.py:151} INFO - Discarding rows…
[2023-11-14T08:13:21.099+0000] {taskinstance.py:1935} ERROR - Task failed with exception
Traceback (most recent call last):
  File "/home/airflow/.local/lib/python3.8/site-packages/airflow/operators/python.py", line 192, in execute
    return_value = self.execute_callable()
  File "/home/airflow/.local/lib/python3.8/site-packages/airflow/operators/python.py", line 209, in execute_callable
    return self.python_callable(*self.op_args, **self.op_kwargs)
  File "/opt/airflow/dags/Dag_postgres.py", line 126, in wrangle_cases_deaths
    df = _inject_population(df)
  File "/opt/airflow/dags/Dag_postgres.py", line 102, in _inject_population
    df_population = pd.read_csv('./opt/airflow/dags/postgres/population_data.csv')
  File "/home/airflow/.local/lib/python3.8/site-packages/pandas/io/parsers/readers.py", line 912, in read_csv
    return _read(filepath_or_buffer, kwds)
  File "/home/airflow/.local/lib/python3.8/site-packages/pandas/io/parsers/readers.py", line 577, in _read
    parser = TextFileReader(filepath_or_buffer, **kwds)
  File "/home/airflow/.local/lib/python3.8/site-packages/pandas/io/parsers/readers.py", line 1407, in __init__
    self._engine = self._make_engine(f, self.engine)
  File "/home/airflow/.local/lib/python3.8/site-packages/pandas/io/parsers/readers.py", line 1661, in _make_engine
    self.handles = get_handle(
  File "/home/airflow/.local/lib/python3.8/site-packages/pandas/io/common.py", line 859, in get_handle
    handle = open(
FileNotFoundError: [Errno 2] No such file or directory: './opt/airflow/dags/postgres/population_data.csv'
[2023-11-14T08:13:21.180+0000] {taskinstance.py:1398} INFO - Marking task as UP_FOR_RETRY. dag_id=covid_data_dag_postgres, task_id=wrangle_cases_deaths, execution_date=20231114T081251, start_date=20231114T081315, end_date=20231114T081321
[2023-11-14T08:13:21.221+0000] {standard_task_runner.py:104} ERROR - Failed to execute job 903 for task wrangle_cases_deaths ([Errno 2] No such file or directory: './opt/airflow/dags/postgres/population_data.csv'; 702)
[2023-11-14T08:13:21.286+0000] {local_task_job_runner.py:228} INFO - Task exited with return code 1
[2023-11-14T08:13:21.681+0000] {taskinstance.py:2776} INFO - 0 downstream tasks scheduled from follow-on schedule check
