[2023-11-09T10:21:19.765+0000] {taskinstance.py:1157} INFO - Dependencies all met for dep_context=non-requeueable deps ti=<TaskInstance: covid_data_dag.download_vaccinations manual__2023-11-09T10:20:13.629503+00:00 [queued]>
[2023-11-09T10:21:19.776+0000] {taskinstance.py:1157} INFO - Dependencies all met for dep_context=requeueable deps ti=<TaskInstance: covid_data_dag.download_vaccinations manual__2023-11-09T10:20:13.629503+00:00 [queued]>
[2023-11-09T10:21:19.777+0000] {taskinstance.py:1359} INFO - Starting attempt 2 of 2
[2023-11-09T10:21:19.813+0000] {taskinstance.py:1380} INFO - Executing <Task(PythonOperator): download_vaccinations> on 2023-11-09 10:20:13.629503+00:00
[2023-11-09T10:21:19.852+0000] {standard_task_runner.py:57} INFO - Started process 1058 to run task
[2023-11-09T10:21:19.855+0000] {standard_task_runner.py:84} INFO - Running: ['***', 'tasks', 'run', 'covid_data_dag', 'download_vaccinations', 'manual__2023-11-09T10:20:13.629503+00:00', '--job-id', '684', '--raw', '--subdir', 'DAGS_FOLDER/Dag_postgres.py', '--cfg-path', '/tmp/tmpjxf_0_s9']
[2023-11-09T10:21:19.858+0000] {standard_task_runner.py:85} INFO - Job 684: Subtask download_vaccinations
[2023-11-09T10:21:19.931+0000] {task_command.py:415} INFO - Running <TaskInstance: covid_data_dag.download_vaccinations manual__2023-11-09T10:20:13.629503+00:00 [running]> on host 172.21.0.7
[2023-11-09T10:21:20.024+0000] {taskinstance.py:1660} INFO - Exporting env vars: AIRFLOW_CTX_DAG_OWNER='***' AIRFLOW_CTX_DAG_ID='covid_data_dag' AIRFLOW_CTX_TASK_ID='download_vaccinations' AIRFLOW_CTX_EXECUTION_DATE='2023-11-09T10:20:13.629503+00:00' AIRFLOW_CTX_TRY_NUMBER='2' AIRFLOW_CTX_DAG_RUN_ID='manual__2023-11-09T10:20:13.629503+00:00'
[2023-11-09T10:21:34.750+0000] {taskinstance.py:1935} ERROR - Task failed with exception
Traceback (most recent call last):
  File "/home/airflow/.local/lib/python3.8/site-packages/airflow/operators/python.py", line 192, in execute
    return_value = self.execute_callable()
  File "/home/airflow/.local/lib/python3.8/site-packages/airflow/operators/python.py", line 209, in execute_callable
    return self.python_callable(*self.op_args, **self.op_kwargs)
  File "/opt/airflow/dags/Dag_postgres.py", line 43, in download_vaccinations
    with open('/opt/airflow/dags/postgres/vaccinations.csv', 'wb') as f:
FileNotFoundError: [Errno 2] No such file or directory: '/opt/airflow/dags/postgres/vaccinations.csv'
[2023-11-09T10:21:34.766+0000] {taskinstance.py:1398} INFO - Marking task as FAILED. dag_id=covid_data_dag, task_id=download_vaccinations, execution_date=20231109T102013, start_date=20231109T102119, end_date=20231109T102134
[2023-11-09T10:21:34.781+0000] {standard_task_runner.py:104} ERROR - Failed to execute job 684 for task download_vaccinations ([Errno 2] No such file or directory: '/opt/airflow/dags/postgres/vaccinations.csv'; 1058)
[2023-11-09T10:21:34.795+0000] {local_task_job_runner.py:228} INFO - Task exited with return code 1
[2023-11-09T10:21:34.820+0000] {taskinstance.py:2776} INFO - 0 downstream tasks scheduled from follow-on schedule check
