[2023-11-23T18:44:28.321+0000] {taskinstance.py:1157} INFO - Dependencies all met for dep_context=non-requeueable deps ti=<TaskInstance: covid_data_dag_postgres_plis.staging.create_location_table manual__2023-11-23T18:41:13.508197+00:00 [queued]>
[2023-11-23T18:44:28.564+0000] {taskinstance.py:1157} INFO - Dependencies all met for dep_context=requeueable deps ti=<TaskInstance: covid_data_dag_postgres_plis.staging.create_location_table manual__2023-11-23T18:41:13.508197+00:00 [queued]>
[2023-11-23T18:44:28.612+0000] {taskinstance.py:1359} INFO - Starting attempt 1 of 2
[2023-11-23T18:44:28.928+0000] {taskinstance.py:1380} INFO - Executing <Task(PostgresOperator): staging.create_location_table> on 2023-11-23 18:41:13.508197+00:00
[2023-11-23T18:44:29.217+0000] {standard_task_runner.py:84} INFO - Running: ['***', 'tasks', 'run', 'covid_data_dag_postgres_plis', 'staging.create_location_table', 'manual__2023-11-23T18:41:13.508197+00:00', '--job-id', '1372', '--raw', '--subdir', 'DAGS_FOLDER/Dag_postgres.py', '--cfg-path', '/tmp/tmpfo81rare']
[2023-11-23T18:44:29.144+0000] {standard_task_runner.py:57} INFO - Started process 543 to run task
[2023-11-23T18:44:29.323+0000] {standard_task_runner.py:85} INFO - Job 1372: Subtask staging.create_location_table
[2023-11-23T18:44:32.603+0000] {task_command.py:415} INFO - Running <TaskInstance: covid_data_dag_postgres_plis.staging.create_location_table manual__2023-11-23T18:41:13.508197+00:00 [running]> on host 172.21.0.5
[2023-11-23T18:44:37.221+0000] {taskinstance.py:1660} INFO - Exporting env vars: AIRFLOW_CTX_DAG_OWNER='***' AIRFLOW_CTX_DAG_ID='covid_data_dag_postgres_plis' AIRFLOW_CTX_TASK_ID='staging.create_location_table' AIRFLOW_CTX_EXECUTION_DATE='2023-11-23T18:41:13.508197+00:00' AIRFLOW_CTX_TRY_NUMBER='1' AIRFLOW_CTX_DAG_RUN_ID='manual__2023-11-23T18:41:13.508197+00:00'
[2023-11-23T18:44:37.222+0000] {sql.py:274} INFO - Executing: DROP TABLE IF EXISTS location;
CREATE TABLE location (
  country VARCHAR(255),
  alpha_2 VARCHAR(2),
  alpha_3 VARCHAR(3),
  country_code INT,
  iso_3166_2 VARCHAR(255),
  region VARCHAR(255),
  sub_region VARCHAR(255),
  intermediate_region VARCHAR(255),
  region_code INT,
  sub_region_code INT,
  intermediate_region_code INT
);
[2023-11-23T18:44:37.273+0000] {base.py:73} INFO - Using connection ID 'postgres_default' for task execution.
[2023-11-23T18:44:37.345+0000] {base.py:73} INFO - Using connection ID 'postgres_default' for task execution.
[2023-11-23T18:44:37.365+0000] {sql.py:418} INFO - Running statement: DROP TABLE IF EXISTS location;
CREATE TABLE location (
  country VARCHAR(255),
  alpha_2 VARCHAR(2),
  alpha_3 VARCHAR(3),
  country_code INT,
  iso_3166_2 VARCHAR(255),
  region VARCHAR(255),
  sub_region VARCHAR(255),
  intermediate_region VARCHAR(255),
  region_code INT,
  sub_region_code INT,
  intermediate_region_code INT
);, parameters: None
[2023-11-23T18:44:37.631+0000] {taskinstance.py:1398} INFO - Marking task as SUCCESS. dag_id=covid_data_dag_postgres_plis, task_id=staging.create_location_table, execution_date=20231123T184113, start_date=20231123T184428, end_date=20231123T184437
[2023-11-23T18:44:37.903+0000] {local_task_job_runner.py:228} INFO - Task exited with return code 0
[2023-11-23T18:44:38.404+0000] {taskinstance.py:2776} INFO - 0 downstream tasks scheduled from follow-on schedule check
