[2023-11-07T10:55:06.116+0000] {taskinstance.py:1157} INFO - Dependencies all met for dep_context=non-requeueable deps ti=<TaskInstance: covid_data_dag.create_cases_deaths_table manual__2023-11-07T10:54:36.154671+00:00 [queued]>
[2023-11-07T10:55:06.143+0000] {taskinstance.py:1157} INFO - Dependencies all met for dep_context=requeueable deps ti=<TaskInstance: covid_data_dag.create_cases_deaths_table manual__2023-11-07T10:54:36.154671+00:00 [queued]>
[2023-11-07T10:55:06.145+0000] {taskinstance.py:1359} INFO - Starting attempt 2 of 2
[2023-11-07T10:55:06.174+0000] {taskinstance.py:1380} INFO - Executing <Task(PostgresOperator): create_cases_deaths_table> on 2023-11-07 10:54:36.154671+00:00
[2023-11-07T10:55:06.181+0000] {standard_task_runner.py:57} INFO - Started process 2472 to run task
[2023-11-07T10:55:06.193+0000] {standard_task_runner.py:84} INFO - Running: ['***', 'tasks', 'run', 'covid_data_dag', 'create_cases_deaths_table', 'manual__2023-11-07T10:54:36.154671+00:00', '--job-id', '56', '--raw', '--subdir', 'DAGS_FOLDER/Dags.py', '--cfg-path', '/tmp/tmp_kedff16']
[2023-11-07T10:55:06.206+0000] {standard_task_runner.py:85} INFO - Job 56: Subtask create_cases_deaths_table
[2023-11-07T10:55:06.346+0000] {task_command.py:415} INFO - Running <TaskInstance: covid_data_dag.create_cases_deaths_table manual__2023-11-07T10:54:36.154671+00:00 [running]> on host 172.21.0.8
[2023-11-07T10:55:06.575+0000] {taskinstance.py:1660} INFO - Exporting env vars: AIRFLOW_CTX_DAG_OWNER='***' AIRFLOW_CTX_DAG_ID='covid_data_dag' AIRFLOW_CTX_TASK_ID='create_cases_deaths_table' AIRFLOW_CTX_EXECUTION_DATE='2023-11-07T10:54:36.154671+00:00' AIRFLOW_CTX_TRY_NUMBER='2' AIRFLOW_CTX_DAG_RUN_ID='manual__2023-11-07T10:54:36.154671+00:00'
[2023-11-07T10:55:06.580+0000] {sql.py:274} INFO - Executing: CREATE TABLE IF NOT EXISTS cases_deaths (id SERIAL PRIMARY KEY,date_reported DATE,country_code VARCHAR(10),country VARCHAR(100),who_region VARCHAR(100),new_cases INTEGER,cumulative_cases INTEGER,new_deaths INTEGER,cumulative_deaths INTEGER);
[2023-11-07T10:55:06.619+0000] {taskinstance.py:1935} ERROR - Task failed with exception
Traceback (most recent call last):
  File "/home/airflow/.local/lib/python3.8/site-packages/airflow/providers/common/sql/operators/sql.py", line 275, in execute
    hook = self.get_db_hook()
  File "/home/airflow/.local/lib/python3.8/site-packages/airflow/providers/common/sql/operators/sql.py", line 186, in get_db_hook
    return self._hook
  File "/usr/local/lib/python3.8/functools.py", line 967, in __get__
    val = self.func(instance)
  File "/home/airflow/.local/lib/python3.8/site-packages/airflow/providers/common/sql/operators/sql.py", line 148, in _hook
    conn = BaseHook.get_connection(conn_id)
  File "/home/airflow/.local/lib/python3.8/site-packages/airflow/hooks/base.py", line 72, in get_connection
    conn = Connection.get_connection_from_secrets(conn_id)
  File "/home/airflow/.local/lib/python3.8/site-packages/airflow/models/connection.py", line 477, in get_connection_from_secrets
    raise AirflowNotFoundException(f"The conn_id `{conn_id}` isn't defined")
airflow.exceptions.AirflowNotFoundException: The conn_id `postgres_conn` isn't defined
[2023-11-07T10:55:06.634+0000] {taskinstance.py:1398} INFO - Marking task as FAILED. dag_id=covid_data_dag, task_id=create_cases_deaths_table, execution_date=20231107T105436, start_date=20231107T105506, end_date=20231107T105506
[2023-11-07T10:55:06.680+0000] {standard_task_runner.py:104} ERROR - Failed to execute job 56 for task create_cases_deaths_table (The conn_id `postgres_conn` isn't defined; 2472)
[2023-11-07T10:55:06.723+0000] {local_task_job_runner.py:228} INFO - Task exited with return code 1
[2023-11-07T10:55:06.835+0000] {taskinstance.py:2776} INFO - 0 downstream tasks scheduled from follow-on schedule check
