[2023-11-13T17:01:50.765+0000] {taskinstance.py:1157} INFO - Dependencies all met for dep_context=non-requeueable deps ti=<TaskInstance: covid_data_dag_postgres.wrangle_cases_deaths manual__2023-11-13T17:01:03.783643+00:00 [queued]>
[2023-11-13T17:01:50.813+0000] {taskinstance.py:1157} INFO - Dependencies all met for dep_context=requeueable deps ti=<TaskInstance: covid_data_dag_postgres.wrangle_cases_deaths manual__2023-11-13T17:01:03.783643+00:00 [queued]>
[2023-11-13T17:01:50.818+0000] {taskinstance.py:1359} INFO - Starting attempt 1 of 2
[2023-11-13T17:01:50.913+0000] {taskinstance.py:1380} INFO - Executing <Task(PythonOperator): wrangle_cases_deaths> on 2023-11-13 17:01:03.783643+00:00
[2023-11-13T17:01:50.964+0000] {standard_task_runner.py:84} INFO - Running: ['***', 'tasks', 'run', 'covid_data_dag_postgres', 'wrangle_cases_deaths', 'manual__2023-11-13T17:01:03.783643+00:00', '--job-id', '862', '--raw', '--subdir', 'DAGS_FOLDER/Dag_postgres.py', '--cfg-path', '/tmp/tmpdmxlouvv']
[2023-11-13T17:01:50.987+0000] {standard_task_runner.py:85} INFO - Job 862: Subtask wrangle_cases_deaths
[2023-11-13T17:01:50.988+0000] {standard_task_runner.py:57} INFO - Started process 1111 to run task
[2023-11-13T17:01:52.013+0000] {task_command.py:415} INFO - Running <TaskInstance: covid_data_dag_postgres.wrangle_cases_deaths manual__2023-11-13T17:01:03.783643+00:00 [running]> on host 172.21.0.9
[2023-11-13T17:01:53.919+0000] {taskinstance.py:1660} INFO - Exporting env vars: AIRFLOW_CTX_DAG_OWNER='***' AIRFLOW_CTX_DAG_ID='covid_data_dag_postgres' AIRFLOW_CTX_TASK_ID='wrangle_cases_deaths' AIRFLOW_CTX_EXECUTION_DATE='2023-11-13T17:01:03.783643+00:00' AIRFLOW_CTX_TRY_NUMBER='1' AIRFLOW_CTX_DAG_RUN_ID='manual__2023-11-13T17:01:03.783643+00:00'
[2023-11-13T17:02:05.182+0000] {logging_mixin.py:151} INFO - Formatting date…
[2023-11-13T17:02:05.769+0000] {logging_mixin.py:151} INFO - Discarding rows…
[2023-11-13T17:02:05.775+0000] {taskinstance.py:1935} ERROR - Task failed with exception
Traceback (most recent call last):
  File "/home/airflow/.local/lib/python3.8/site-packages/airflow/operators/python.py", line 192, in execute
    return_value = self.execute_callable()
  File "/home/airflow/.local/lib/python3.8/site-packages/airflow/operators/python.py", line 209, in execute_callable
    return self.python_callable(*self.op_args, **self.op_kwargs)
  File "/opt/airflow/dags/Dag_postgres.py", line 124, in wrangle_cases_deaths
    df = discard_rows(df)
  File "/opt/airflow/dags/Dag_postgres.py", line 73, in discard_rows
    df.loc[df.new_cases < 0, "new_cases"] = np.nan
  File "/home/airflow/.local/lib/python3.8/site-packages/pandas/core/generic.py", line 5989, in __getattr__
    return object.__getattribute__(self, name)
AttributeError: 'DataFrame' object has no attribute 'new_cases'
[2023-11-13T17:02:05.937+0000] {taskinstance.py:1398} INFO - Marking task as UP_FOR_RETRY. dag_id=covid_data_dag_postgres, task_id=wrangle_cases_deaths, execution_date=20231113T170103, start_date=20231113T170150, end_date=20231113T170205
[2023-11-13T17:02:07.495+0000] {standard_task_runner.py:104} ERROR - Failed to execute job 862 for task wrangle_cases_deaths ('DataFrame' object has no attribute 'new_cases'; 1111)
[2023-11-13T17:02:07.668+0000] {local_task_job_runner.py:228} INFO - Task exited with return code 1
[2023-11-13T17:02:07.820+0000] {taskinstance.py:2776} INFO - 0 downstream tasks scheduled from follow-on schedule check
