[2023-11-09T11:46:56.480+0000] {taskinstance.py:1157} INFO - Dependencies all met for dep_context=non-requeueable deps ti=<TaskInstance: covid_data_dag_mongo.create_government_measures_query_operator manual__2023-11-09T11:46:30.201549+00:00 [queued]>
[2023-11-09T11:46:56.497+0000] {taskinstance.py:1157} INFO - Dependencies all met for dep_context=requeueable deps ti=<TaskInstance: covid_data_dag_mongo.create_government_measures_query_operator manual__2023-11-09T11:46:30.201549+00:00 [queued]>
[2023-11-09T11:46:56.499+0000] {taskinstance.py:1359} INFO - Starting attempt 1 of 2
[2023-11-09T11:46:56.852+0000] {taskinstance.py:1380} INFO - Executing <Task(PythonOperator): create_government_measures_query_operator> on 2023-11-09 11:46:30.201549+00:00
[2023-11-09T11:46:56.861+0000] {standard_task_runner.py:57} INFO - Started process 2111 to run task
[2023-11-09T11:46:56.873+0000] {standard_task_runner.py:84} INFO - Running: ['***', 'tasks', 'run', 'covid_data_dag_mongo', 'create_government_measures_query_operator', 'manual__2023-11-09T11:46:30.201549+00:00', '--job-id', '727', '--raw', '--subdir', 'DAGS_FOLDER/Dag_mongo.py', '--cfg-path', '/tmp/tmp9vhf3s86']
[2023-11-09T11:46:56.878+0000] {standard_task_runner.py:85} INFO - Job 727: Subtask create_government_measures_query_operator
[2023-11-09T11:46:56.961+0000] {task_command.py:415} INFO - Running <TaskInstance: covid_data_dag_mongo.create_government_measures_query_operator manual__2023-11-09T11:46:30.201549+00:00 [running]> on host 172.21.0.7
[2023-11-09T11:46:57.046+0000] {warnings.py:109} WARNING - /home/***/.local/lib/python3.8/site-packages/***/utils/context.py:206: AirflowContextDeprecationWarning: Accessing 'prev_execution_date' from the template is deprecated and will be removed in a future version.
  warnings.warn(_create_deprecation_warning(key, self._deprecation_replacements[key]))

[2023-11-09T11:46:57.112+0000] {taskinstance.py:1660} INFO - Exporting env vars: AIRFLOW_CTX_DAG_OWNER='***' AIRFLOW_CTX_DAG_ID='covid_data_dag_mongo' AIRFLOW_CTX_TASK_ID='create_government_measures_query_operator' AIRFLOW_CTX_EXECUTION_DATE='2023-11-09T11:46:30.201549+00:00' AIRFLOW_CTX_TRY_NUMBER='1' AIRFLOW_CTX_DAG_RUN_ID='manual__2023-11-09T11:46:30.201549+00:00'
[2023-11-09T11:47:53.143+0000] {taskinstance.py:1935} ERROR - Task failed with exception
Traceback (most recent call last):
  File "/home/airflow/.local/lib/python3.8/site-packages/airflow/operators/python.py", line 192, in execute
    return_value = self.execute_callable()
  File "/home/airflow/.local/lib/python3.8/site-packages/airflow/operators/python.py", line 209, in execute_callable
    return self.python_callable(*self.op_args, **self.op_kwargs)
  File "/opt/airflow/dags/Dag_mongo.py", line 60, in _create_government_measures_query
    collection.insert_many(df.to_dict('records'))
  File "/home/airflow/.local/lib/python3.8/site-packages/pymongo/_csot.py", line 107, in csot_wrapper
    return func(self, *args, **kwargs)
  File "/home/airflow/.local/lib/python3.8/site-packages/pymongo/collection.py", line 755, in insert_many
    blk.execute(write_concern, session=session)
  File "/home/airflow/.local/lib/python3.8/site-packages/pymongo/bulk.py", line 576, in execute
    return self.execute_command(generator, write_concern, session)
  File "/home/airflow/.local/lib/python3.8/site-packages/pymongo/bulk.py", line 443, in execute_command
    client._retryable_write(self.is_retryable, retryable_bulk, session, bulk=self)
  File "/home/airflow/.local/lib/python3.8/site-packages/pymongo/mongo_client.py", line 1522, in _retryable_write
    with self._tmp_session(session) as s:
  File "/usr/local/lib/python3.8/contextlib.py", line 113, in __enter__
    return next(self.gen)
  File "/home/airflow/.local/lib/python3.8/site-packages/pymongo/mongo_client.py", line 1840, in _tmp_session
    s = self._ensure_session(session)
  File "/home/airflow/.local/lib/python3.8/site-packages/pymongo/mongo_client.py", line 1823, in _ensure_session
    return self.__start_session(True, causal_consistency=False)
  File "/home/airflow/.local/lib/python3.8/site-packages/pymongo/mongo_client.py", line 1766, in __start_session
    self._topology._check_implicit_session_support()
  File "/home/airflow/.local/lib/python3.8/site-packages/pymongo/topology.py", line 573, in _check_implicit_session_support
    self._check_session_support()
  File "/home/airflow/.local/lib/python3.8/site-packages/pymongo/topology.py", line 589, in _check_session_support
    self._select_servers_loop(
  File "/home/airflow/.local/lib/python3.8/site-packages/pymongo/topology.py", line 259, in _select_servers_loop
    raise ServerSelectionTimeoutError(
pymongo.errors.ServerSelectionTimeoutError: localhost:27017: [Errno 111] Connection refused (configured timeouts: socketTimeoutMS: 20000.0ms, connectTimeoutMS: 20000.0ms), Timeout: 30s, Topology Description: <TopologyDescription id: 654cc6b8d991ec693c8c52b0, topology_type: Unknown, servers: [<ServerDescription ('localhost', 27017) server_type: Unknown, rtt: None, error=AutoReconnect('localhost:27017: [Errno 111] Connection refused (configured timeouts: socketTimeoutMS: 20000.0ms, connectTimeoutMS: 20000.0ms)')>]>
[2023-11-09T11:47:53.168+0000] {taskinstance.py:1398} INFO - Marking task as UP_FOR_RETRY. dag_id=covid_data_dag_mongo, task_id=create_government_measures_query_operator, execution_date=20231109T114630, start_date=20231109T114656, end_date=20231109T114753
[2023-11-09T11:47:53.195+0000] {standard_task_runner.py:104} ERROR - Failed to execute job 727 for task create_government_measures_query_operator (localhost:27017: [Errno 111] Connection refused (configured timeouts: socketTimeoutMS: 20000.0ms, connectTimeoutMS: 20000.0ms), Timeout: 30s, Topology Description: <TopologyDescription id: 654cc6b8d991ec693c8c52b0, topology_type: Unknown, servers: [<ServerDescription ('localhost', 27017) server_type: Unknown, rtt: None, error=AutoReconnect('localhost:27017: [Errno 111] Connection refused (configured timeouts: socketTimeoutMS: 20000.0ms, connectTimeoutMS: 20000.0ms)')>]>; 2111)
[2023-11-09T11:47:53.251+0000] {local_task_job_runner.py:228} INFO - Task exited with return code 1
[2023-11-09T11:47:53.321+0000] {taskinstance.py:2776} INFO - 0 downstream tasks scheduled from follow-on schedule check
