[2023-11-13T16:29:59.164+0000] {processor.py:157} INFO - Started process (PID=130) to work on /opt/airflow/dags/Dag_mongo.py
[2023-11-13T16:29:59.190+0000] {processor.py:829} INFO - Processing file /opt/airflow/dags/Dag_mongo.py for tasks to queue
[2023-11-13T16:29:59.208+0000] {logging_mixin.py:151} INFO - [2023-11-13T16:29:59.197+0000] {dagbag.py:539} INFO - Filling up the DagBag from /opt/airflow/dags/Dag_mongo.py
[2023-11-13T16:30:03.874+0000] {processor.py:839} INFO - DAG(s) dict_keys(['covid_data_dag_mongo']) retrieved from /opt/airflow/dags/Dag_mongo.py
[2023-11-13T16:30:05.093+0000] {logging_mixin.py:151} INFO - [2023-11-13T16:30:05.088+0000] {security.py:708} INFO - Not syncing DAG-level permissions for DAG 'DAG:covid_data_dag_mongo' as access control is unset.
[2023-11-13T16:30:05.095+0000] {logging_mixin.py:151} INFO - [2023-11-13T16:30:05.094+0000] {dag.py:2915} INFO - Sync 1 DAGs
[2023-11-13T16:30:05.364+0000] {logging_mixin.py:151} INFO - [2023-11-13T16:30:05.364+0000] {dag.py:3696} INFO - Setting next_dagrun for covid_data_dag_mongo to 2023-11-13T00:00:00+00:00, run_after=2023-11-14T00:00:00+00:00
[2023-11-13T16:30:05.683+0000] {processor.py:179} INFO - Processing /opt/airflow/dags/Dag_mongo.py took 6.535 seconds
[2023-11-13T16:30:36.488+0000] {processor.py:157} INFO - Started process (PID=143) to work on /opt/airflow/dags/Dag_mongo.py
[2023-11-13T16:30:36.513+0000] {processor.py:829} INFO - Processing file /opt/airflow/dags/Dag_mongo.py for tasks to queue
[2023-11-13T16:30:36.553+0000] {logging_mixin.py:151} INFO - [2023-11-13T16:30:36.531+0000] {dagbag.py:539} INFO - Filling up the DagBag from /opt/airflow/dags/Dag_mongo.py
[2023-11-13T16:30:39.296+0000] {processor.py:839} INFO - DAG(s) dict_keys(['covid_data_dag_mongo']) retrieved from /opt/airflow/dags/Dag_mongo.py
[2023-11-13T16:30:39.583+0000] {logging_mixin.py:151} INFO - [2023-11-13T16:30:39.582+0000] {dag.py:2915} INFO - Sync 1 DAGs
[2023-11-13T16:30:39.895+0000] {logging_mixin.py:151} INFO - [2023-11-13T16:30:39.894+0000] {dag.py:3696} INFO - Setting next_dagrun for covid_data_dag_mongo to 2023-11-13T00:00:00+00:00, run_after=2023-11-14T00:00:00+00:00
[2023-11-13T16:30:40.008+0000] {processor.py:179} INFO - Processing /opt/airflow/dags/Dag_mongo.py took 3.872 seconds
[2023-11-13T16:31:12.717+0000] {processor.py:157} INFO - Started process (PID=162) to work on /opt/airflow/dags/Dag_mongo.py
[2023-11-13T16:31:12.746+0000] {processor.py:829} INFO - Processing file /opt/airflow/dags/Dag_mongo.py for tasks to queue
[2023-11-13T16:31:12.764+0000] {logging_mixin.py:151} INFO - [2023-11-13T16:31:12.756+0000] {dagbag.py:539} INFO - Filling up the DagBag from /opt/airflow/dags/Dag_mongo.py
[2023-11-13T16:31:17.629+0000] {processor.py:839} INFO - DAG(s) dict_keys(['covid_data_dag_mongo']) retrieved from /opt/airflow/dags/Dag_mongo.py
[2023-11-13T16:31:18.151+0000] {logging_mixin.py:151} INFO - [2023-11-13T16:31:18.149+0000] {dag.py:2915} INFO - Sync 1 DAGs
[2023-11-13T16:31:19.156+0000] {logging_mixin.py:151} INFO - [2023-11-13T16:31:19.155+0000] {dag.py:3696} INFO - Setting next_dagrun for covid_data_dag_mongo to 2023-11-13T00:00:00+00:00, run_after=2023-11-14T00:00:00+00:00
[2023-11-13T16:31:20.241+0000] {processor.py:179} INFO - Processing /opt/airflow/dags/Dag_mongo.py took 7.744 seconds
[2023-11-13T16:36:43.682+0000] {processor.py:157} INFO - Started process (PID=134) to work on /opt/airflow/dags/Dag_mongo.py
[2023-11-13T16:36:43.699+0000] {processor.py:829} INFO - Processing file /opt/airflow/dags/Dag_mongo.py for tasks to queue
[2023-11-13T16:36:43.709+0000] {logging_mixin.py:151} INFO - [2023-11-13T16:36:43.708+0000] {dagbag.py:539} INFO - Filling up the DagBag from /opt/airflow/dags/Dag_mongo.py
[2023-11-13T16:36:47.078+0000] {processor.py:839} INFO - DAG(s) dict_keys(['covid_data_dag_mongo']) retrieved from /opt/airflow/dags/Dag_mongo.py
[2023-11-13T16:36:47.703+0000] {logging_mixin.py:151} INFO - [2023-11-13T16:36:47.702+0000] {security.py:708} INFO - Not syncing DAG-level permissions for DAG 'DAG:covid_data_dag_mongo' as access control is unset.
[2023-11-13T16:36:47.704+0000] {logging_mixin.py:151} INFO - [2023-11-13T16:36:47.703+0000] {dag.py:2915} INFO - Sync 1 DAGs
[2023-11-13T16:36:47.743+0000] {logging_mixin.py:151} INFO - [2023-11-13T16:36:47.743+0000] {dag.py:3696} INFO - Setting next_dagrun for covid_data_dag_mongo to 2023-11-13T00:00:00+00:00, run_after=2023-11-14T00:00:00+00:00
[2023-11-13T16:36:47.781+0000] {processor.py:179} INFO - Processing /opt/airflow/dags/Dag_mongo.py took 4.122 seconds
[2023-11-13T16:37:17.958+0000] {processor.py:157} INFO - Started process (PID=154) to work on /opt/airflow/dags/Dag_mongo.py
[2023-11-13T16:37:17.960+0000] {processor.py:829} INFO - Processing file /opt/airflow/dags/Dag_mongo.py for tasks to queue
[2023-11-13T16:37:17.962+0000] {logging_mixin.py:151} INFO - [2023-11-13T16:37:17.962+0000] {dagbag.py:539} INFO - Filling up the DagBag from /opt/airflow/dags/Dag_mongo.py
[2023-11-13T16:37:19.167+0000] {processor.py:839} INFO - DAG(s) dict_keys(['covid_data_dag_mongo']) retrieved from /opt/airflow/dags/Dag_mongo.py
[2023-11-13T16:37:19.292+0000] {logging_mixin.py:151} INFO - [2023-11-13T16:37:19.291+0000] {dag.py:2915} INFO - Sync 1 DAGs
[2023-11-13T16:37:19.369+0000] {logging_mixin.py:151} INFO - [2023-11-13T16:37:19.369+0000] {dag.py:3696} INFO - Setting next_dagrun for covid_data_dag_mongo to 2023-11-13T00:00:00+00:00, run_after=2023-11-14T00:00:00+00:00
[2023-11-13T16:37:19.410+0000] {processor.py:179} INFO - Processing /opt/airflow/dags/Dag_mongo.py took 1.459 seconds
[2023-11-13T16:37:49.634+0000] {processor.py:157} INFO - Started process (PID=173) to work on /opt/airflow/dags/Dag_mongo.py
[2023-11-13T16:37:49.635+0000] {processor.py:829} INFO - Processing file /opt/airflow/dags/Dag_mongo.py for tasks to queue
[2023-11-13T16:37:49.638+0000] {logging_mixin.py:151} INFO - [2023-11-13T16:37:49.637+0000] {dagbag.py:539} INFO - Filling up the DagBag from /opt/airflow/dags/Dag_mongo.py
[2023-11-13T16:37:50.412+0000] {processor.py:839} INFO - DAG(s) dict_keys(['covid_data_dag_mongo']) retrieved from /opt/airflow/dags/Dag_mongo.py
[2023-11-13T16:37:50.513+0000] {logging_mixin.py:151} INFO - [2023-11-13T16:37:50.513+0000] {dag.py:2915} INFO - Sync 1 DAGs
[2023-11-13T16:37:50.579+0000] {logging_mixin.py:151} INFO - [2023-11-13T16:37:50.578+0000] {dag.py:3696} INFO - Setting next_dagrun for covid_data_dag_mongo to 2023-11-13T00:00:00+00:00, run_after=2023-11-14T00:00:00+00:00
[2023-11-13T16:37:50.623+0000] {processor.py:179} INFO - Processing /opt/airflow/dags/Dag_mongo.py took 0.997 seconds
[2023-11-13T16:38:20.893+0000] {processor.py:157} INFO - Started process (PID=193) to work on /opt/airflow/dags/Dag_mongo.py
[2023-11-13T16:38:20.895+0000] {processor.py:829} INFO - Processing file /opt/airflow/dags/Dag_mongo.py for tasks to queue
[2023-11-13T16:38:20.897+0000] {logging_mixin.py:151} INFO - [2023-11-13T16:38:20.897+0000] {dagbag.py:539} INFO - Filling up the DagBag from /opt/airflow/dags/Dag_mongo.py
[2023-11-13T16:38:22.173+0000] {processor.py:839} INFO - DAG(s) dict_keys(['covid_data_dag_mongo']) retrieved from /opt/airflow/dags/Dag_mongo.py
[2023-11-13T16:38:22.268+0000] {logging_mixin.py:151} INFO - [2023-11-13T16:38:22.268+0000] {dag.py:2915} INFO - Sync 1 DAGs
[2023-11-13T16:38:22.334+0000] {logging_mixin.py:151} INFO - [2023-11-13T16:38:22.334+0000] {dag.py:3696} INFO - Setting next_dagrun for covid_data_dag_mongo to 2023-11-13T00:00:00+00:00, run_after=2023-11-14T00:00:00+00:00
[2023-11-13T16:38:22.368+0000] {processor.py:179} INFO - Processing /opt/airflow/dags/Dag_mongo.py took 1.483 seconds
[2023-11-13T16:38:52.574+0000] {processor.py:157} INFO - Started process (PID=221) to work on /opt/airflow/dags/Dag_mongo.py
[2023-11-13T16:38:52.577+0000] {processor.py:829} INFO - Processing file /opt/airflow/dags/Dag_mongo.py for tasks to queue
[2023-11-13T16:38:52.579+0000] {logging_mixin.py:151} INFO - [2023-11-13T16:38:52.578+0000] {dagbag.py:539} INFO - Filling up the DagBag from /opt/airflow/dags/Dag_mongo.py
[2023-11-13T16:38:53.020+0000] {processor.py:839} INFO - DAG(s) dict_keys(['covid_data_dag_mongo']) retrieved from /opt/airflow/dags/Dag_mongo.py
[2023-11-13T16:38:53.058+0000] {logging_mixin.py:151} INFO - [2023-11-13T16:38:53.057+0000] {dag.py:2915} INFO - Sync 1 DAGs
[2023-11-13T16:38:53.086+0000] {logging_mixin.py:151} INFO - [2023-11-13T16:38:53.086+0000] {dag.py:3696} INFO - Setting next_dagrun for covid_data_dag_mongo to 2023-11-13T00:00:00+00:00, run_after=2023-11-14T00:00:00+00:00
[2023-11-13T16:38:53.108+0000] {processor.py:179} INFO - Processing /opt/airflow/dags/Dag_mongo.py took 0.539 seconds
[2023-11-13T16:39:23.457+0000] {processor.py:157} INFO - Started process (PID=242) to work on /opt/airflow/dags/Dag_mongo.py
[2023-11-13T16:39:23.458+0000] {processor.py:829} INFO - Processing file /opt/airflow/dags/Dag_mongo.py for tasks to queue
[2023-11-13T16:39:23.460+0000] {logging_mixin.py:151} INFO - [2023-11-13T16:39:23.459+0000] {dagbag.py:539} INFO - Filling up the DagBag from /opt/airflow/dags/Dag_mongo.py
[2023-11-13T16:39:23.911+0000] {processor.py:839} INFO - DAG(s) dict_keys(['covid_data_dag_mongo']) retrieved from /opt/airflow/dags/Dag_mongo.py
[2023-11-13T16:39:23.957+0000] {logging_mixin.py:151} INFO - [2023-11-13T16:39:23.956+0000] {dag.py:2915} INFO - Sync 1 DAGs
[2023-11-13T16:39:23.984+0000] {logging_mixin.py:151} INFO - [2023-11-13T16:39:23.984+0000] {dag.py:3696} INFO - Setting next_dagrun for covid_data_dag_mongo to 2023-11-13T00:00:00+00:00, run_after=2023-11-14T00:00:00+00:00
[2023-11-13T16:39:24.009+0000] {processor.py:179} INFO - Processing /opt/airflow/dags/Dag_mongo.py took 0.556 seconds
[2023-11-13T16:39:54.391+0000] {processor.py:157} INFO - Started process (PID=273) to work on /opt/airflow/dags/Dag_mongo.py
[2023-11-13T16:39:54.393+0000] {processor.py:829} INFO - Processing file /opt/airflow/dags/Dag_mongo.py for tasks to queue
[2023-11-13T16:39:54.410+0000] {logging_mixin.py:151} INFO - [2023-11-13T16:39:54.409+0000] {dagbag.py:539} INFO - Filling up the DagBag from /opt/airflow/dags/Dag_mongo.py
[2023-11-13T16:39:56.928+0000] {processor.py:839} INFO - DAG(s) dict_keys(['covid_data_dag_mongo']) retrieved from /opt/airflow/dags/Dag_mongo.py
[2023-11-13T16:39:57.071+0000] {logging_mixin.py:151} INFO - [2023-11-13T16:39:57.069+0000] {dag.py:2915} INFO - Sync 1 DAGs
[2023-11-13T16:39:57.237+0000] {logging_mixin.py:151} INFO - [2023-11-13T16:39:57.236+0000] {dag.py:3696} INFO - Setting next_dagrun for covid_data_dag_mongo to 2023-11-13T00:00:00+00:00, run_after=2023-11-14T00:00:00+00:00
[2023-11-13T16:39:57.368+0000] {processor.py:179} INFO - Processing /opt/airflow/dags/Dag_mongo.py took 2.999 seconds
[2023-11-13T16:40:27.842+0000] {processor.py:157} INFO - Started process (PID=293) to work on /opt/airflow/dags/Dag_mongo.py
[2023-11-13T16:40:27.843+0000] {processor.py:829} INFO - Processing file /opt/airflow/dags/Dag_mongo.py for tasks to queue
[2023-11-13T16:40:27.845+0000] {logging_mixin.py:151} INFO - [2023-11-13T16:40:27.844+0000] {dagbag.py:539} INFO - Filling up the DagBag from /opt/airflow/dags/Dag_mongo.py
[2023-11-13T16:40:28.255+0000] {processor.py:839} INFO - DAG(s) dict_keys(['covid_data_dag_mongo']) retrieved from /opt/airflow/dags/Dag_mongo.py
[2023-11-13T16:40:28.291+0000] {logging_mixin.py:151} INFO - [2023-11-13T16:40:28.290+0000] {dag.py:2915} INFO - Sync 1 DAGs
[2023-11-13T16:40:28.318+0000] {logging_mixin.py:151} INFO - [2023-11-13T16:40:28.318+0000] {dag.py:3696} INFO - Setting next_dagrun for covid_data_dag_mongo to 2023-11-13T00:00:00+00:00, run_after=2023-11-14T00:00:00+00:00
[2023-11-13T16:40:28.342+0000] {processor.py:179} INFO - Processing /opt/airflow/dags/Dag_mongo.py took 0.510 seconds
[2023-11-13T16:40:58.715+0000] {processor.py:157} INFO - Started process (PID=314) to work on /opt/airflow/dags/Dag_mongo.py
[2023-11-13T16:40:58.717+0000] {processor.py:829} INFO - Processing file /opt/airflow/dags/Dag_mongo.py for tasks to queue
[2023-11-13T16:40:58.719+0000] {logging_mixin.py:151} INFO - [2023-11-13T16:40:58.718+0000] {dagbag.py:539} INFO - Filling up the DagBag from /opt/airflow/dags/Dag_mongo.py
[2023-11-13T16:40:59.243+0000] {processor.py:839} INFO - DAG(s) dict_keys(['covid_data_dag_mongo']) retrieved from /opt/airflow/dags/Dag_mongo.py
[2023-11-13T16:40:59.299+0000] {logging_mixin.py:151} INFO - [2023-11-13T16:40:59.298+0000] {dag.py:2915} INFO - Sync 1 DAGs
[2023-11-13T16:40:59.338+0000] {logging_mixin.py:151} INFO - [2023-11-13T16:40:59.338+0000] {dag.py:3696} INFO - Setting next_dagrun for covid_data_dag_mongo to 2023-11-13T00:00:00+00:00, run_after=2023-11-14T00:00:00+00:00
[2023-11-13T16:40:59.371+0000] {processor.py:179} INFO - Processing /opt/airflow/dags/Dag_mongo.py took 0.660 seconds
[2023-11-13T16:41:29.640+0000] {processor.py:157} INFO - Started process (PID=341) to work on /opt/airflow/dags/Dag_mongo.py
[2023-11-13T16:41:29.641+0000] {processor.py:829} INFO - Processing file /opt/airflow/dags/Dag_mongo.py for tasks to queue
[2023-11-13T16:41:29.643+0000] {logging_mixin.py:151} INFO - [2023-11-13T16:41:29.642+0000] {dagbag.py:539} INFO - Filling up the DagBag from /opt/airflow/dags/Dag_mongo.py
[2023-11-13T16:41:30.175+0000] {processor.py:839} INFO - DAG(s) dict_keys(['covid_data_dag_mongo']) retrieved from /opt/airflow/dags/Dag_mongo.py
[2023-11-13T16:41:30.262+0000] {logging_mixin.py:151} INFO - [2023-11-13T16:41:30.261+0000] {dag.py:2915} INFO - Sync 1 DAGs
[2023-11-13T16:41:30.303+0000] {logging_mixin.py:151} INFO - [2023-11-13T16:41:30.303+0000] {dag.py:3696} INFO - Setting next_dagrun for covid_data_dag_mongo to 2023-11-13T00:00:00+00:00, run_after=2023-11-14T00:00:00+00:00
[2023-11-13T16:41:30.360+0000] {processor.py:179} INFO - Processing /opt/airflow/dags/Dag_mongo.py took 0.726 seconds
[2023-11-13T16:42:00.902+0000] {processor.py:157} INFO - Started process (PID=362) to work on /opt/airflow/dags/Dag_mongo.py
[2023-11-13T16:42:00.903+0000] {processor.py:829} INFO - Processing file /opt/airflow/dags/Dag_mongo.py for tasks to queue
[2023-11-13T16:42:00.905+0000] {logging_mixin.py:151} INFO - [2023-11-13T16:42:00.904+0000] {dagbag.py:539} INFO - Filling up the DagBag from /opt/airflow/dags/Dag_mongo.py
[2023-11-13T16:42:01.369+0000] {processor.py:839} INFO - DAG(s) dict_keys(['covid_data_dag_mongo']) retrieved from /opt/airflow/dags/Dag_mongo.py
[2023-11-13T16:42:01.434+0000] {logging_mixin.py:151} INFO - [2023-11-13T16:42:01.433+0000] {dag.py:2915} INFO - Sync 1 DAGs
[2023-11-13T16:42:01.463+0000] {logging_mixin.py:151} INFO - [2023-11-13T16:42:01.462+0000] {dag.py:3696} INFO - Setting next_dagrun for covid_data_dag_mongo to 2023-11-13T00:00:00+00:00, run_after=2023-11-14T00:00:00+00:00
[2023-11-13T16:42:01.492+0000] {processor.py:179} INFO - Processing /opt/airflow/dags/Dag_mongo.py took 0.594 seconds
[2023-11-13T16:42:31.851+0000] {processor.py:157} INFO - Started process (PID=392) to work on /opt/airflow/dags/Dag_mongo.py
[2023-11-13T16:42:31.852+0000] {processor.py:829} INFO - Processing file /opt/airflow/dags/Dag_mongo.py for tasks to queue
[2023-11-13T16:42:31.855+0000] {logging_mixin.py:151} INFO - [2023-11-13T16:42:31.854+0000] {dagbag.py:539} INFO - Filling up the DagBag from /opt/airflow/dags/Dag_mongo.py
[2023-11-13T16:42:32.619+0000] {processor.py:839} INFO - DAG(s) dict_keys(['covid_data_dag_mongo']) retrieved from /opt/airflow/dags/Dag_mongo.py
[2023-11-13T16:42:32.664+0000] {logging_mixin.py:151} INFO - [2023-11-13T16:42:32.663+0000] {dag.py:2915} INFO - Sync 1 DAGs
[2023-11-13T16:42:32.704+0000] {logging_mixin.py:151} INFO - [2023-11-13T16:42:32.704+0000] {dag.py:3696} INFO - Setting next_dagrun for covid_data_dag_mongo to 2023-11-13T00:00:00+00:00, run_after=2023-11-14T00:00:00+00:00
[2023-11-13T16:42:32.732+0000] {processor.py:179} INFO - Processing /opt/airflow/dags/Dag_mongo.py took 0.895 seconds
[2023-11-13T16:43:02.836+0000] {processor.py:157} INFO - Started process (PID=413) to work on /opt/airflow/dags/Dag_mongo.py
[2023-11-13T16:43:02.839+0000] {processor.py:829} INFO - Processing file /opt/airflow/dags/Dag_mongo.py for tasks to queue
[2023-11-13T16:43:02.845+0000] {logging_mixin.py:151} INFO - [2023-11-13T16:43:02.843+0000] {dagbag.py:539} INFO - Filling up the DagBag from /opt/airflow/dags/Dag_mongo.py
[2023-11-13T16:43:04.576+0000] {processor.py:839} INFO - DAG(s) dict_keys(['covid_data_dag_mongo']) retrieved from /opt/airflow/dags/Dag_mongo.py
[2023-11-13T16:43:04.676+0000] {logging_mixin.py:151} INFO - [2023-11-13T16:43:04.675+0000] {dag.py:2915} INFO - Sync 1 DAGs
[2023-11-13T16:43:04.776+0000] {logging_mixin.py:151} INFO - [2023-11-13T16:43:04.775+0000] {dag.py:3696} INFO - Setting next_dagrun for covid_data_dag_mongo to 2023-11-13T00:00:00+00:00, run_after=2023-11-14T00:00:00+00:00
[2023-11-13T16:43:04.939+0000] {processor.py:179} INFO - Processing /opt/airflow/dags/Dag_mongo.py took 2.114 seconds
[2023-11-13T16:43:35.253+0000] {processor.py:157} INFO - Started process (PID=441) to work on /opt/airflow/dags/Dag_mongo.py
[2023-11-13T16:43:35.254+0000] {processor.py:829} INFO - Processing file /opt/airflow/dags/Dag_mongo.py for tasks to queue
[2023-11-13T16:43:35.256+0000] {logging_mixin.py:151} INFO - [2023-11-13T16:43:35.255+0000] {dagbag.py:539} INFO - Filling up the DagBag from /opt/airflow/dags/Dag_mongo.py
[2023-11-13T16:43:36.299+0000] {processor.py:839} INFO - DAG(s) dict_keys(['covid_data_dag_mongo']) retrieved from /opt/airflow/dags/Dag_mongo.py
[2023-11-13T16:43:36.343+0000] {logging_mixin.py:151} INFO - [2023-11-13T16:43:36.342+0000] {dag.py:2915} INFO - Sync 1 DAGs
[2023-11-13T16:43:36.379+0000] {logging_mixin.py:151} INFO - [2023-11-13T16:43:36.379+0000] {dag.py:3696} INFO - Setting next_dagrun for covid_data_dag_mongo to 2023-11-13T00:00:00+00:00, run_after=2023-11-14T00:00:00+00:00
[2023-11-13T16:43:36.424+0000] {processor.py:179} INFO - Processing /opt/airflow/dags/Dag_mongo.py took 1.187 seconds
[2023-11-13T16:44:07.273+0000] {processor.py:157} INFO - Started process (PID=464) to work on /opt/airflow/dags/Dag_mongo.py
[2023-11-13T16:44:07.278+0000] {processor.py:829} INFO - Processing file /opt/airflow/dags/Dag_mongo.py for tasks to queue
[2023-11-13T16:44:07.289+0000] {logging_mixin.py:151} INFO - [2023-11-13T16:44:07.288+0000] {dagbag.py:539} INFO - Filling up the DagBag from /opt/airflow/dags/Dag_mongo.py
[2023-11-13T16:44:11.411+0000] {processor.py:839} INFO - DAG(s) dict_keys(['covid_data_dag_mongo']) retrieved from /opt/airflow/dags/Dag_mongo.py
[2023-11-13T16:44:11.786+0000] {logging_mixin.py:151} INFO - [2023-11-13T16:44:11.785+0000] {dag.py:2915} INFO - Sync 1 DAGs
[2023-11-13T16:44:12.006+0000] {logging_mixin.py:151} INFO - [2023-11-13T16:44:12.005+0000] {dag.py:3696} INFO - Setting next_dagrun for covid_data_dag_mongo to 2023-11-13T00:00:00+00:00, run_after=2023-11-14T00:00:00+00:00
[2023-11-13T16:44:12.111+0000] {processor.py:179} INFO - Processing /opt/airflow/dags/Dag_mongo.py took 5.024 seconds
[2023-11-13T16:44:42.603+0000] {processor.py:157} INFO - Started process (PID=484) to work on /opt/airflow/dags/Dag_mongo.py
[2023-11-13T16:44:42.605+0000] {processor.py:829} INFO - Processing file /opt/airflow/dags/Dag_mongo.py for tasks to queue
[2023-11-13T16:44:42.613+0000] {logging_mixin.py:151} INFO - [2023-11-13T16:44:42.612+0000] {dagbag.py:539} INFO - Filling up the DagBag from /opt/airflow/dags/Dag_mongo.py
[2023-11-13T16:44:44.797+0000] {processor.py:839} INFO - DAG(s) dict_keys(['covid_data_dag_mongo']) retrieved from /opt/airflow/dags/Dag_mongo.py
[2023-11-13T16:44:44.961+0000] {logging_mixin.py:151} INFO - [2023-11-13T16:44:44.960+0000] {dag.py:2915} INFO - Sync 1 DAGs
[2023-11-13T16:44:45.085+0000] {logging_mixin.py:151} INFO - [2023-11-13T16:44:45.084+0000] {dag.py:3696} INFO - Setting next_dagrun for covid_data_dag_mongo to 2023-11-13T00:00:00+00:00, run_after=2023-11-14T00:00:00+00:00
[2023-11-13T16:44:45.217+0000] {processor.py:179} INFO - Processing /opt/airflow/dags/Dag_mongo.py took 2.685 seconds
[2023-11-13T16:45:15.901+0000] {processor.py:157} INFO - Started process (PID=511) to work on /opt/airflow/dags/Dag_mongo.py
[2023-11-13T16:45:15.911+0000] {processor.py:829} INFO - Processing file /opt/airflow/dags/Dag_mongo.py for tasks to queue
[2023-11-13T16:45:15.929+0000] {logging_mixin.py:151} INFO - [2023-11-13T16:45:15.928+0000] {dagbag.py:539} INFO - Filling up the DagBag from /opt/airflow/dags/Dag_mongo.py
[2023-11-13T16:45:18.307+0000] {processor.py:839} INFO - DAG(s) dict_keys(['covid_data_dag_mongo']) retrieved from /opt/airflow/dags/Dag_mongo.py
[2023-11-13T16:45:18.449+0000] {logging_mixin.py:151} INFO - [2023-11-13T16:45:18.448+0000] {dag.py:2915} INFO - Sync 1 DAGs
[2023-11-13T16:45:18.540+0000] {logging_mixin.py:151} INFO - [2023-11-13T16:45:18.539+0000] {dag.py:3696} INFO - Setting next_dagrun for covid_data_dag_mongo to 2023-11-13T00:00:00+00:00, run_after=2023-11-14T00:00:00+00:00
[2023-11-13T16:45:18.618+0000] {processor.py:179} INFO - Processing /opt/airflow/dags/Dag_mongo.py took 2.836 seconds
[2023-11-13T16:45:48.950+0000] {processor.py:157} INFO - Started process (PID=534) to work on /opt/airflow/dags/Dag_mongo.py
[2023-11-13T16:45:48.953+0000] {processor.py:829} INFO - Processing file /opt/airflow/dags/Dag_mongo.py for tasks to queue
[2023-11-13T16:45:48.969+0000] {logging_mixin.py:151} INFO - [2023-11-13T16:45:48.967+0000] {dagbag.py:539} INFO - Filling up the DagBag from /opt/airflow/dags/Dag_mongo.py
[2023-11-13T16:45:50.552+0000] {processor.py:839} INFO - DAG(s) dict_keys(['covid_data_dag_mongo']) retrieved from /opt/airflow/dags/Dag_mongo.py
[2023-11-13T16:45:50.607+0000] {logging_mixin.py:151} INFO - [2023-11-13T16:45:50.607+0000] {dag.py:2915} INFO - Sync 1 DAGs
[2023-11-13T16:45:50.661+0000] {logging_mixin.py:151} INFO - [2023-11-13T16:45:50.660+0000] {dag.py:3696} INFO - Setting next_dagrun for covid_data_dag_mongo to 2023-11-13T00:00:00+00:00, run_after=2023-11-14T00:00:00+00:00
[2023-11-13T16:45:50.691+0000] {processor.py:179} INFO - Processing /opt/airflow/dags/Dag_mongo.py took 1.750 seconds
[2023-11-13T16:46:21.137+0000] {processor.py:157} INFO - Started process (PID=550) to work on /opt/airflow/dags/Dag_mongo.py
[2023-11-13T16:46:21.139+0000] {processor.py:829} INFO - Processing file /opt/airflow/dags/Dag_mongo.py for tasks to queue
[2023-11-13T16:46:21.141+0000] {logging_mixin.py:151} INFO - [2023-11-13T16:46:21.140+0000] {dagbag.py:539} INFO - Filling up the DagBag from /opt/airflow/dags/Dag_mongo.py
[2023-11-13T16:46:21.850+0000] {processor.py:839} INFO - DAG(s) dict_keys(['covid_data_dag_mongo']) retrieved from /opt/airflow/dags/Dag_mongo.py
[2023-11-13T16:46:21.910+0000] {logging_mixin.py:151} INFO - [2023-11-13T16:46:21.909+0000] {dag.py:2915} INFO - Sync 1 DAGs
[2023-11-13T16:46:21.952+0000] {logging_mixin.py:151} INFO - [2023-11-13T16:46:21.952+0000] {dag.py:3696} INFO - Setting next_dagrun for covid_data_dag_mongo to 2023-11-13T00:00:00+00:00, run_after=2023-11-14T00:00:00+00:00
[2023-11-13T16:46:21.996+0000] {processor.py:179} INFO - Processing /opt/airflow/dags/Dag_mongo.py took 0.864 seconds
[2023-11-13T16:46:52.649+0000] {processor.py:157} INFO - Started process (PID=569) to work on /opt/airflow/dags/Dag_mongo.py
[2023-11-13T16:46:52.650+0000] {processor.py:829} INFO - Processing file /opt/airflow/dags/Dag_mongo.py for tasks to queue
[2023-11-13T16:46:52.652+0000] {logging_mixin.py:151} INFO - [2023-11-13T16:46:52.651+0000] {dagbag.py:539} INFO - Filling up the DagBag from /opt/airflow/dags/Dag_mongo.py
[2023-11-13T16:46:53.354+0000] {processor.py:839} INFO - DAG(s) dict_keys(['covid_data_dag_mongo']) retrieved from /opt/airflow/dags/Dag_mongo.py
[2023-11-13T16:46:53.428+0000] {logging_mixin.py:151} INFO - [2023-11-13T16:46:53.427+0000] {dag.py:2915} INFO - Sync 1 DAGs
[2023-11-13T16:46:53.473+0000] {logging_mixin.py:151} INFO - [2023-11-13T16:46:53.471+0000] {dag.py:3696} INFO - Setting next_dagrun for covid_data_dag_mongo to 2023-11-13T00:00:00+00:00, run_after=2023-11-14T00:00:00+00:00
[2023-11-13T16:46:53.511+0000] {processor.py:179} INFO - Processing /opt/airflow/dags/Dag_mongo.py took 0.867 seconds
[2023-11-13T16:47:23.702+0000] {processor.py:157} INFO - Started process (PID=592) to work on /opt/airflow/dags/Dag_mongo.py
[2023-11-13T16:47:23.703+0000] {processor.py:829} INFO - Processing file /opt/airflow/dags/Dag_mongo.py for tasks to queue
[2023-11-13T16:47:23.704+0000] {logging_mixin.py:151} INFO - [2023-11-13T16:47:23.704+0000] {dagbag.py:539} INFO - Filling up the DagBag from /opt/airflow/dags/Dag_mongo.py
[2023-11-13T16:47:24.357+0000] {processor.py:839} INFO - DAG(s) dict_keys(['covid_data_dag_mongo']) retrieved from /opt/airflow/dags/Dag_mongo.py
[2023-11-13T16:47:24.402+0000] {logging_mixin.py:151} INFO - [2023-11-13T16:47:24.401+0000] {dag.py:2915} INFO - Sync 1 DAGs
[2023-11-13T16:47:24.438+0000] {logging_mixin.py:151} INFO - [2023-11-13T16:47:24.438+0000] {dag.py:3696} INFO - Setting next_dagrun for covid_data_dag_mongo to 2023-11-13T00:00:00+00:00, run_after=2023-11-14T00:00:00+00:00
[2023-11-13T16:47:24.471+0000] {processor.py:179} INFO - Processing /opt/airflow/dags/Dag_mongo.py took 0.779 seconds
[2023-11-13T16:47:59.894+0000] {processor.py:157} INFO - Started process (PID=618) to work on /opt/airflow/dags/Dag_mongo.py
[2023-11-13T16:47:59.902+0000] {processor.py:829} INFO - Processing file /opt/airflow/dags/Dag_mongo.py for tasks to queue
[2023-11-13T16:47:59.932+0000] {logging_mixin.py:151} INFO - [2023-11-13T16:47:59.915+0000] {dagbag.py:539} INFO - Filling up the DagBag from /opt/airflow/dags/Dag_mongo.py
[2023-11-13T16:48:04.781+0000] {processor.py:839} INFO - DAG(s) dict_keys(['covid_data_dag_mongo']) retrieved from /opt/airflow/dags/Dag_mongo.py
[2023-11-13T16:48:06.554+0000] {logging_mixin.py:151} INFO - [2023-11-13T16:48:06.553+0000] {dag.py:2915} INFO - Sync 1 DAGs
[2023-11-13T16:48:08.292+0000] {logging_mixin.py:151} INFO - [2023-11-13T16:48:08.292+0000] {dag.py:3696} INFO - Setting next_dagrun for covid_data_dag_mongo to 2023-11-13T00:00:00+00:00, run_after=2023-11-14T00:00:00+00:00
[2023-11-13T16:48:08.516+0000] {processor.py:179} INFO - Processing /opt/airflow/dags/Dag_mongo.py took 8.805 seconds
[2023-11-13T16:48:38.677+0000] {processor.py:157} INFO - Started process (PID=639) to work on /opt/airflow/dags/Dag_mongo.py
[2023-11-13T16:48:38.679+0000] {processor.py:829} INFO - Processing file /opt/airflow/dags/Dag_mongo.py for tasks to queue
[2023-11-13T16:48:38.684+0000] {logging_mixin.py:151} INFO - [2023-11-13T16:48:38.683+0000] {dagbag.py:539} INFO - Filling up the DagBag from /opt/airflow/dags/Dag_mongo.py
[2023-11-13T16:48:39.326+0000] {processor.py:839} INFO - DAG(s) dict_keys(['covid_data_dag_mongo']) retrieved from /opt/airflow/dags/Dag_mongo.py
[2023-11-13T16:48:39.402+0000] {logging_mixin.py:151} INFO - [2023-11-13T16:48:39.402+0000] {dag.py:2915} INFO - Sync 1 DAGs
[2023-11-13T16:48:39.437+0000] {logging_mixin.py:151} INFO - [2023-11-13T16:48:39.437+0000] {dag.py:3696} INFO - Setting next_dagrun for covid_data_dag_mongo to 2023-11-13T00:00:00+00:00, run_after=2023-11-14T00:00:00+00:00
[2023-11-13T16:48:39.473+0000] {processor.py:179} INFO - Processing /opt/airflow/dags/Dag_mongo.py took 0.812 seconds
[2023-11-13T16:49:09.675+0000] {processor.py:157} INFO - Started process (PID=660) to work on /opt/airflow/dags/Dag_mongo.py
[2023-11-13T16:49:09.676+0000] {processor.py:829} INFO - Processing file /opt/airflow/dags/Dag_mongo.py for tasks to queue
[2023-11-13T16:49:09.678+0000] {logging_mixin.py:151} INFO - [2023-11-13T16:49:09.678+0000] {dagbag.py:539} INFO - Filling up the DagBag from /opt/airflow/dags/Dag_mongo.py
[2023-11-13T16:49:10.108+0000] {processor.py:839} INFO - DAG(s) dict_keys(['covid_data_dag_mongo']) retrieved from /opt/airflow/dags/Dag_mongo.py
[2023-11-13T16:49:10.140+0000] {logging_mixin.py:151} INFO - [2023-11-13T16:49:10.140+0000] {dag.py:2915} INFO - Sync 1 DAGs
[2023-11-13T16:49:10.167+0000] {logging_mixin.py:151} INFO - [2023-11-13T16:49:10.167+0000] {dag.py:3696} INFO - Setting next_dagrun for covid_data_dag_mongo to 2023-11-13T00:00:00+00:00, run_after=2023-11-14T00:00:00+00:00
[2023-11-13T16:49:10.194+0000] {processor.py:179} INFO - Processing /opt/airflow/dags/Dag_mongo.py took 0.523 seconds
[2023-11-13T16:49:40.598+0000] {processor.py:157} INFO - Started process (PID=689) to work on /opt/airflow/dags/Dag_mongo.py
[2023-11-13T16:49:40.599+0000] {processor.py:829} INFO - Processing file /opt/airflow/dags/Dag_mongo.py for tasks to queue
[2023-11-13T16:49:40.601+0000] {logging_mixin.py:151} INFO - [2023-11-13T16:49:40.600+0000] {dagbag.py:539} INFO - Filling up the DagBag from /opt/airflow/dags/Dag_mongo.py
[2023-11-13T16:49:41.152+0000] {processor.py:839} INFO - DAG(s) dict_keys(['covid_data_dag_mongo']) retrieved from /opt/airflow/dags/Dag_mongo.py
[2023-11-13T16:49:41.184+0000] {logging_mixin.py:151} INFO - [2023-11-13T16:49:41.183+0000] {dag.py:2915} INFO - Sync 1 DAGs
[2023-11-13T16:49:41.212+0000] {logging_mixin.py:151} INFO - [2023-11-13T16:49:41.212+0000] {dag.py:3696} INFO - Setting next_dagrun for covid_data_dag_mongo to 2023-11-13T00:00:00+00:00, run_after=2023-11-14T00:00:00+00:00
[2023-11-13T16:49:41.253+0000] {processor.py:179} INFO - Processing /opt/airflow/dags/Dag_mongo.py took 0.659 seconds
[2023-11-13T16:50:11.658+0000] {processor.py:157} INFO - Started process (PID=709) to work on /opt/airflow/dags/Dag_mongo.py
[2023-11-13T16:50:11.659+0000] {processor.py:829} INFO - Processing file /opt/airflow/dags/Dag_mongo.py for tasks to queue
[2023-11-13T16:50:11.660+0000] {logging_mixin.py:151} INFO - [2023-11-13T16:50:11.660+0000] {dagbag.py:539} INFO - Filling up the DagBag from /opt/airflow/dags/Dag_mongo.py
[2023-11-13T16:50:12.100+0000] {processor.py:839} INFO - DAG(s) dict_keys(['covid_data_dag_mongo']) retrieved from /opt/airflow/dags/Dag_mongo.py
[2023-11-13T16:50:12.133+0000] {logging_mixin.py:151} INFO - [2023-11-13T16:50:12.133+0000] {dag.py:2915} INFO - Sync 1 DAGs
[2023-11-13T16:50:12.159+0000] {logging_mixin.py:151} INFO - [2023-11-13T16:50:12.159+0000] {dag.py:3696} INFO - Setting next_dagrun for covid_data_dag_mongo to 2023-11-13T00:00:00+00:00, run_after=2023-11-14T00:00:00+00:00
[2023-11-13T16:50:12.184+0000] {processor.py:179} INFO - Processing /opt/airflow/dags/Dag_mongo.py took 0.530 seconds
[2023-11-13T16:50:42.617+0000] {processor.py:157} INFO - Started process (PID=731) to work on /opt/airflow/dags/Dag_mongo.py
[2023-11-13T16:50:42.618+0000] {processor.py:829} INFO - Processing file /opt/airflow/dags/Dag_mongo.py for tasks to queue
[2023-11-13T16:50:42.619+0000] {logging_mixin.py:151} INFO - [2023-11-13T16:50:42.619+0000] {dagbag.py:539} INFO - Filling up the DagBag from /opt/airflow/dags/Dag_mongo.py
[2023-11-13T16:50:43.149+0000] {processor.py:839} INFO - DAG(s) dict_keys(['covid_data_dag_mongo']) retrieved from /opt/airflow/dags/Dag_mongo.py
[2023-11-13T16:50:43.219+0000] {logging_mixin.py:151} INFO - [2023-11-13T16:50:43.218+0000] {dag.py:2915} INFO - Sync 1 DAGs
[2023-11-13T16:50:43.250+0000] {logging_mixin.py:151} INFO - [2023-11-13T16:50:43.250+0000] {dag.py:3696} INFO - Setting next_dagrun for covid_data_dag_mongo to 2023-11-13T00:00:00+00:00, run_after=2023-11-14T00:00:00+00:00
[2023-11-13T16:50:43.273+0000] {processor.py:179} INFO - Processing /opt/airflow/dags/Dag_mongo.py took 0.659 seconds
[2023-11-13T16:51:13.790+0000] {processor.py:157} INFO - Started process (PID=758) to work on /opt/airflow/dags/Dag_mongo.py
[2023-11-13T16:51:13.801+0000] {processor.py:829} INFO - Processing file /opt/airflow/dags/Dag_mongo.py for tasks to queue
[2023-11-13T16:51:13.808+0000] {logging_mixin.py:151} INFO - [2023-11-13T16:51:13.807+0000] {dagbag.py:539} INFO - Filling up the DagBag from /opt/airflow/dags/Dag_mongo.py
[2023-11-13T16:51:14.938+0000] {processor.py:839} INFO - DAG(s) dict_keys(['covid_data_dag_mongo']) retrieved from /opt/airflow/dags/Dag_mongo.py
[2023-11-13T16:51:15.016+0000] {logging_mixin.py:151} INFO - [2023-11-13T16:51:15.015+0000] {dag.py:2915} INFO - Sync 1 DAGs
[2023-11-13T16:51:15.102+0000] {logging_mixin.py:151} INFO - [2023-11-13T16:51:15.101+0000] {dag.py:3696} INFO - Setting next_dagrun for covid_data_dag_mongo to 2023-11-13T00:00:00+00:00, run_after=2023-11-14T00:00:00+00:00
[2023-11-13T16:51:15.153+0000] {processor.py:179} INFO - Processing /opt/airflow/dags/Dag_mongo.py took 1.390 seconds
[2023-11-13T16:51:45.273+0000] {processor.py:157} INFO - Started process (PID=778) to work on /opt/airflow/dags/Dag_mongo.py
[2023-11-13T16:51:45.280+0000] {processor.py:829} INFO - Processing file /opt/airflow/dags/Dag_mongo.py for tasks to queue
[2023-11-13T16:51:45.287+0000] {logging_mixin.py:151} INFO - [2023-11-13T16:51:45.285+0000] {dagbag.py:539} INFO - Filling up the DagBag from /opt/airflow/dags/Dag_mongo.py
[2023-11-13T16:51:46.283+0000] {processor.py:839} INFO - DAG(s) dict_keys(['covid_data_dag_mongo']) retrieved from /opt/airflow/dags/Dag_mongo.py
[2023-11-13T16:51:46.359+0000] {logging_mixin.py:151} INFO - [2023-11-13T16:51:46.358+0000] {dag.py:2915} INFO - Sync 1 DAGs
[2023-11-13T16:51:46.437+0000] {logging_mixin.py:151} INFO - [2023-11-13T16:51:46.436+0000] {dag.py:3696} INFO - Setting next_dagrun for covid_data_dag_mongo to 2023-11-13T00:00:00+00:00, run_after=2023-11-14T00:00:00+00:00
[2023-11-13T16:51:46.500+0000] {processor.py:179} INFO - Processing /opt/airflow/dags/Dag_mongo.py took 1.238 seconds
[2023-11-13T16:52:17.045+0000] {processor.py:157} INFO - Started process (PID=801) to work on /opt/airflow/dags/Dag_mongo.py
[2023-11-13T16:52:17.046+0000] {processor.py:829} INFO - Processing file /opt/airflow/dags/Dag_mongo.py for tasks to queue
[2023-11-13T16:52:17.047+0000] {logging_mixin.py:151} INFO - [2023-11-13T16:52:17.047+0000] {dagbag.py:539} INFO - Filling up the DagBag from /opt/airflow/dags/Dag_mongo.py
[2023-11-13T16:52:17.471+0000] {processor.py:839} INFO - DAG(s) dict_keys(['covid_data_dag_mongo']) retrieved from /opt/airflow/dags/Dag_mongo.py
[2023-11-13T16:52:17.505+0000] {logging_mixin.py:151} INFO - [2023-11-13T16:52:17.505+0000] {dag.py:2915} INFO - Sync 1 DAGs
[2023-11-13T16:52:17.534+0000] {logging_mixin.py:151} INFO - [2023-11-13T16:52:17.534+0000] {dag.py:3696} INFO - Setting next_dagrun for covid_data_dag_mongo to 2023-11-13T00:00:00+00:00, run_after=2023-11-14T00:00:00+00:00
[2023-11-13T16:52:17.557+0000] {processor.py:179} INFO - Processing /opt/airflow/dags/Dag_mongo.py took 0.517 seconds
[2023-11-13T16:52:48.592+0000] {processor.py:157} INFO - Started process (PID=828) to work on /opt/airflow/dags/Dag_mongo.py
[2023-11-13T16:52:48.593+0000] {processor.py:829} INFO - Processing file /opt/airflow/dags/Dag_mongo.py for tasks to queue
[2023-11-13T16:52:48.595+0000] {logging_mixin.py:151} INFO - [2023-11-13T16:52:48.595+0000] {dagbag.py:539} INFO - Filling up the DagBag from /opt/airflow/dags/Dag_mongo.py
[2023-11-13T16:52:49.435+0000] {processor.py:839} INFO - DAG(s) dict_keys(['covid_data_dag_mongo']) retrieved from /opt/airflow/dags/Dag_mongo.py
[2023-11-13T16:52:49.502+0000] {logging_mixin.py:151} INFO - [2023-11-13T16:52:49.501+0000] {dag.py:2915} INFO - Sync 1 DAGs
[2023-11-13T16:52:49.601+0000] {logging_mixin.py:151} INFO - [2023-11-13T16:52:49.600+0000] {dag.py:3696} INFO - Setting next_dagrun for covid_data_dag_mongo to 2023-11-13T00:00:00+00:00, run_after=2023-11-14T00:00:00+00:00
[2023-11-13T16:52:49.651+0000] {processor.py:179} INFO - Processing /opt/airflow/dags/Dag_mongo.py took 1.065 seconds
[2023-11-13T16:53:19.818+0000] {processor.py:157} INFO - Started process (PID=855) to work on /opt/airflow/dags/Dag_mongo.py
[2023-11-13T16:53:19.819+0000] {processor.py:829} INFO - Processing file /opt/airflow/dags/Dag_mongo.py for tasks to queue
[2023-11-13T16:53:19.821+0000] {logging_mixin.py:151} INFO - [2023-11-13T16:53:19.820+0000] {dagbag.py:539} INFO - Filling up the DagBag from /opt/airflow/dags/Dag_mongo.py
[2023-11-13T16:53:20.437+0000] {processor.py:839} INFO - DAG(s) dict_keys(['covid_data_dag_mongo']) retrieved from /opt/airflow/dags/Dag_mongo.py
[2023-11-13T16:53:20.496+0000] {logging_mixin.py:151} INFO - [2023-11-13T16:53:20.495+0000] {dag.py:2915} INFO - Sync 1 DAGs
[2023-11-13T16:53:20.564+0000] {logging_mixin.py:151} INFO - [2023-11-13T16:53:20.563+0000] {dag.py:3696} INFO - Setting next_dagrun for covid_data_dag_mongo to 2023-11-13T00:00:00+00:00, run_after=2023-11-14T00:00:00+00:00
[2023-11-13T16:53:20.663+0000] {processor.py:179} INFO - Processing /opt/airflow/dags/Dag_mongo.py took 0.851 seconds
[2023-11-13T16:53:51.733+0000] {processor.py:157} INFO - Started process (PID=871) to work on /opt/airflow/dags/Dag_mongo.py
[2023-11-13T16:53:51.745+0000] {processor.py:829} INFO - Processing file /opt/airflow/dags/Dag_mongo.py for tasks to queue
[2023-11-13T16:53:51.751+0000] {logging_mixin.py:151} INFO - [2023-11-13T16:53:51.749+0000] {dagbag.py:539} INFO - Filling up the DagBag from /opt/airflow/dags/Dag_mongo.py
[2023-11-13T16:53:53.492+0000] {processor.py:839} INFO - DAG(s) dict_keys(['covid_data_dag_mongo']) retrieved from /opt/airflow/dags/Dag_mongo.py
[2023-11-13T16:53:53.551+0000] {logging_mixin.py:151} INFO - [2023-11-13T16:53:53.549+0000] {dag.py:2915} INFO - Sync 1 DAGs
[2023-11-13T16:53:53.595+0000] {logging_mixin.py:151} INFO - [2023-11-13T16:53:53.595+0000] {dag.py:3696} INFO - Setting next_dagrun for covid_data_dag_mongo to 2023-11-13T00:00:00+00:00, run_after=2023-11-14T00:00:00+00:00
[2023-11-13T16:53:53.657+0000] {processor.py:179} INFO - Processing /opt/airflow/dags/Dag_mongo.py took 1.966 seconds
[2023-11-13T16:54:24.124+0000] {processor.py:157} INFO - Started process (PID=897) to work on /opt/airflow/dags/Dag_mongo.py
[2023-11-13T16:54:24.125+0000] {processor.py:829} INFO - Processing file /opt/airflow/dags/Dag_mongo.py for tasks to queue
[2023-11-13T16:54:24.126+0000] {logging_mixin.py:151} INFO - [2023-11-13T16:54:24.126+0000] {dagbag.py:539} INFO - Filling up the DagBag from /opt/airflow/dags/Dag_mongo.py
[2023-11-13T16:54:24.617+0000] {processor.py:839} INFO - DAG(s) dict_keys(['covid_data_dag_mongo']) retrieved from /opt/airflow/dags/Dag_mongo.py
[2023-11-13T16:54:24.651+0000] {logging_mixin.py:151} INFO - [2023-11-13T16:54:24.651+0000] {dag.py:2915} INFO - Sync 1 DAGs
[2023-11-13T16:54:24.683+0000] {logging_mixin.py:151} INFO - [2023-11-13T16:54:24.682+0000] {dag.py:3696} INFO - Setting next_dagrun for covid_data_dag_mongo to 2023-11-13T00:00:00+00:00, run_after=2023-11-14T00:00:00+00:00
[2023-11-13T16:54:24.709+0000] {processor.py:179} INFO - Processing /opt/airflow/dags/Dag_mongo.py took 0.590 seconds
[2023-11-13T16:54:55.299+0000] {processor.py:157} INFO - Started process (PID=919) to work on /opt/airflow/dags/Dag_mongo.py
[2023-11-13T16:54:55.301+0000] {processor.py:829} INFO - Processing file /opt/airflow/dags/Dag_mongo.py for tasks to queue
[2023-11-13T16:54:55.304+0000] {logging_mixin.py:151} INFO - [2023-11-13T16:54:55.303+0000] {dagbag.py:539} INFO - Filling up the DagBag from /opt/airflow/dags/Dag_mongo.py
[2023-11-13T16:54:56.167+0000] {processor.py:839} INFO - DAG(s) dict_keys(['covid_data_dag_mongo']) retrieved from /opt/airflow/dags/Dag_mongo.py
[2023-11-13T16:54:56.226+0000] {logging_mixin.py:151} INFO - [2023-11-13T16:54:56.225+0000] {dag.py:2915} INFO - Sync 1 DAGs
[2023-11-13T16:54:56.277+0000] {logging_mixin.py:151} INFO - [2023-11-13T16:54:56.272+0000] {dag.py:3696} INFO - Setting next_dagrun for covid_data_dag_mongo to 2023-11-13T00:00:00+00:00, run_after=2023-11-14T00:00:00+00:00
[2023-11-13T16:54:56.310+0000] {processor.py:179} INFO - Processing /opt/airflow/dags/Dag_mongo.py took 1.036 seconds
[2023-11-13T16:55:27.225+0000] {processor.py:157} INFO - Started process (PID=946) to work on /opt/airflow/dags/Dag_mongo.py
[2023-11-13T16:55:27.227+0000] {processor.py:829} INFO - Processing file /opt/airflow/dags/Dag_mongo.py for tasks to queue
[2023-11-13T16:55:27.242+0000] {logging_mixin.py:151} INFO - [2023-11-13T16:55:27.239+0000] {dagbag.py:539} INFO - Filling up the DagBag from /opt/airflow/dags/Dag_mongo.py
[2023-11-13T16:55:29.097+0000] {processor.py:839} INFO - DAG(s) dict_keys(['covid_data_dag_mongo']) retrieved from /opt/airflow/dags/Dag_mongo.py
[2023-11-13T16:55:29.165+0000] {logging_mixin.py:151} INFO - [2023-11-13T16:55:29.163+0000] {dag.py:2915} INFO - Sync 1 DAGs
[2023-11-13T16:55:29.212+0000] {logging_mixin.py:151} INFO - [2023-11-13T16:55:29.212+0000] {dag.py:3696} INFO - Setting next_dagrun for covid_data_dag_mongo to 2023-11-13T00:00:00+00:00, run_after=2023-11-14T00:00:00+00:00
[2023-11-13T16:55:29.262+0000] {processor.py:179} INFO - Processing /opt/airflow/dags/Dag_mongo.py took 2.079 seconds
[2023-11-13T16:56:00.248+0000] {processor.py:157} INFO - Started process (PID=966) to work on /opt/airflow/dags/Dag_mongo.py
[2023-11-13T16:56:00.250+0000] {processor.py:829} INFO - Processing file /opt/airflow/dags/Dag_mongo.py for tasks to queue
[2023-11-13T16:56:00.256+0000] {logging_mixin.py:151} INFO - [2023-11-13T16:56:00.252+0000] {dagbag.py:539} INFO - Filling up the DagBag from /opt/airflow/dags/Dag_mongo.py
[2023-11-13T16:56:01.641+0000] {processor.py:839} INFO - DAG(s) dict_keys(['covid_data_dag_mongo']) retrieved from /opt/airflow/dags/Dag_mongo.py
[2023-11-13T16:56:01.708+0000] {logging_mixin.py:151} INFO - [2023-11-13T16:56:01.707+0000] {dag.py:2915} INFO - Sync 1 DAGs
[2023-11-13T16:56:01.756+0000] {logging_mixin.py:151} INFO - [2023-11-13T16:56:01.756+0000] {dag.py:3696} INFO - Setting next_dagrun for covid_data_dag_mongo to 2023-11-13T00:00:00+00:00, run_after=2023-11-14T00:00:00+00:00
[2023-11-13T16:56:01.862+0000] {processor.py:179} INFO - Processing /opt/airflow/dags/Dag_mongo.py took 1.631 seconds
[2023-11-13T16:56:32.488+0000] {processor.py:157} INFO - Started process (PID=987) to work on /opt/airflow/dags/Dag_mongo.py
[2023-11-13T16:56:32.490+0000] {processor.py:829} INFO - Processing file /opt/airflow/dags/Dag_mongo.py for tasks to queue
[2023-11-13T16:56:32.492+0000] {logging_mixin.py:151} INFO - [2023-11-13T16:56:32.491+0000] {dagbag.py:539} INFO - Filling up the DagBag from /opt/airflow/dags/Dag_mongo.py
[2023-11-13T16:56:33.241+0000] {processor.py:839} INFO - DAG(s) dict_keys(['covid_data_dag_mongo']) retrieved from /opt/airflow/dags/Dag_mongo.py
[2023-11-13T16:56:33.294+0000] {logging_mixin.py:151} INFO - [2023-11-13T16:56:33.292+0000] {dag.py:2915} INFO - Sync 1 DAGs
[2023-11-13T16:56:33.352+0000] {logging_mixin.py:151} INFO - [2023-11-13T16:56:33.351+0000] {dag.py:3696} INFO - Setting next_dagrun for covid_data_dag_mongo to 2023-11-13T00:00:00+00:00, run_after=2023-11-14T00:00:00+00:00
[2023-11-13T16:56:33.389+0000] {processor.py:179} INFO - Processing /opt/airflow/dags/Dag_mongo.py took 0.912 seconds
[2023-11-13T16:57:03.615+0000] {processor.py:157} INFO - Started process (PID=1008) to work on /opt/airflow/dags/Dag_mongo.py
[2023-11-13T16:57:03.617+0000] {processor.py:829} INFO - Processing file /opt/airflow/dags/Dag_mongo.py for tasks to queue
[2023-11-13T16:57:03.619+0000] {logging_mixin.py:151} INFO - [2023-11-13T16:57:03.618+0000] {dagbag.py:539} INFO - Filling up the DagBag from /opt/airflow/dags/Dag_mongo.py
[2023-11-13T16:57:04.437+0000] {processor.py:839} INFO - DAG(s) dict_keys(['covid_data_dag_mongo']) retrieved from /opt/airflow/dags/Dag_mongo.py
[2023-11-13T16:57:04.488+0000] {logging_mixin.py:151} INFO - [2023-11-13T16:57:04.487+0000] {dag.py:2915} INFO - Sync 1 DAGs
[2023-11-13T16:57:04.760+0000] {logging_mixin.py:151} INFO - [2023-11-13T16:57:04.759+0000] {dag.py:3696} INFO - Setting next_dagrun for covid_data_dag_mongo to 2023-11-13T00:00:00+00:00, run_after=2023-11-14T00:00:00+00:00
[2023-11-13T16:57:04.806+0000] {processor.py:179} INFO - Processing /opt/airflow/dags/Dag_mongo.py took 1.197 seconds
[2023-11-13T16:57:35.167+0000] {processor.py:157} INFO - Started process (PID=1029) to work on /opt/airflow/dags/Dag_mongo.py
[2023-11-13T16:57:35.168+0000] {processor.py:829} INFO - Processing file /opt/airflow/dags/Dag_mongo.py for tasks to queue
[2023-11-13T16:57:35.169+0000] {logging_mixin.py:151} INFO - [2023-11-13T16:57:35.169+0000] {dagbag.py:539} INFO - Filling up the DagBag from /opt/airflow/dags/Dag_mongo.py
[2023-11-13T16:57:35.562+0000] {processor.py:839} INFO - DAG(s) dict_keys(['covid_data_dag_mongo']) retrieved from /opt/airflow/dags/Dag_mongo.py
[2023-11-13T16:57:35.595+0000] {logging_mixin.py:151} INFO - [2023-11-13T16:57:35.594+0000] {dag.py:2915} INFO - Sync 1 DAGs
[2023-11-13T16:57:35.621+0000] {logging_mixin.py:151} INFO - [2023-11-13T16:57:35.621+0000] {dag.py:3696} INFO - Setting next_dagrun for covid_data_dag_mongo to 2023-11-13T00:00:00+00:00, run_after=2023-11-14T00:00:00+00:00
[2023-11-13T16:57:35.645+0000] {processor.py:179} INFO - Processing /opt/airflow/dags/Dag_mongo.py took 0.482 seconds
[2023-11-13T16:58:05.935+0000] {processor.py:157} INFO - Started process (PID=1058) to work on /opt/airflow/dags/Dag_mongo.py
[2023-11-13T16:58:05.936+0000] {processor.py:829} INFO - Processing file /opt/airflow/dags/Dag_mongo.py for tasks to queue
[2023-11-13T16:58:05.937+0000] {logging_mixin.py:151} INFO - [2023-11-13T16:58:05.937+0000] {dagbag.py:539} INFO - Filling up the DagBag from /opt/airflow/dags/Dag_mongo.py
[2023-11-13T16:58:06.513+0000] {processor.py:839} INFO - DAG(s) dict_keys(['covid_data_dag_mongo']) retrieved from /opt/airflow/dags/Dag_mongo.py
[2023-11-13T16:58:06.563+0000] {logging_mixin.py:151} INFO - [2023-11-13T16:58:06.562+0000] {dag.py:2915} INFO - Sync 1 DAGs
[2023-11-13T16:58:06.604+0000] {logging_mixin.py:151} INFO - [2023-11-13T16:58:06.604+0000] {dag.py:3696} INFO - Setting next_dagrun for covid_data_dag_mongo to 2023-11-13T00:00:00+00:00, run_after=2023-11-14T00:00:00+00:00
[2023-11-13T16:58:06.643+0000] {processor.py:179} INFO - Processing /opt/airflow/dags/Dag_mongo.py took 0.713 seconds
[2023-11-13T16:58:37.609+0000] {processor.py:157} INFO - Started process (PID=1087) to work on /opt/airflow/dags/Dag_mongo.py
[2023-11-13T16:58:37.610+0000] {processor.py:829} INFO - Processing file /opt/airflow/dags/Dag_mongo.py for tasks to queue
[2023-11-13T16:58:37.614+0000] {logging_mixin.py:151} INFO - [2023-11-13T16:58:37.613+0000] {dagbag.py:539} INFO - Filling up the DagBag from /opt/airflow/dags/Dag_mongo.py
[2023-11-13T16:58:39.039+0000] {processor.py:839} INFO - DAG(s) dict_keys(['covid_data_dag_mongo']) retrieved from /opt/airflow/dags/Dag_mongo.py
[2023-11-13T16:58:39.085+0000] {logging_mixin.py:151} INFO - [2023-11-13T16:58:39.084+0000] {dag.py:2915} INFO - Sync 1 DAGs
[2023-11-13T16:58:39.280+0000] {logging_mixin.py:151} INFO - [2023-11-13T16:58:39.279+0000] {dag.py:3696} INFO - Setting next_dagrun for covid_data_dag_mongo to 2023-11-13T00:00:00+00:00, run_after=2023-11-14T00:00:00+00:00
[2023-11-13T16:58:39.313+0000] {processor.py:179} INFO - Processing /opt/airflow/dags/Dag_mongo.py took 1.766 seconds
[2023-11-13T16:59:10.401+0000] {processor.py:157} INFO - Started process (PID=1112) to work on /opt/airflow/dags/Dag_mongo.py
[2023-11-13T16:59:10.404+0000] {processor.py:829} INFO - Processing file /opt/airflow/dags/Dag_mongo.py for tasks to queue
[2023-11-13T16:59:10.406+0000] {logging_mixin.py:151} INFO - [2023-11-13T16:59:10.406+0000] {dagbag.py:539} INFO - Filling up the DagBag from /opt/airflow/dags/Dag_mongo.py
[2023-11-13T16:59:12.069+0000] {processor.py:839} INFO - DAG(s) dict_keys(['covid_data_dag_mongo']) retrieved from /opt/airflow/dags/Dag_mongo.py
[2023-11-13T16:59:15.165+0000] {logging_mixin.py:151} INFO - [2023-11-13T16:59:15.164+0000] {dag.py:2915} INFO - Sync 1 DAGs
[2023-11-13T16:59:15.452+0000] {logging_mixin.py:151} INFO - [2023-11-13T16:59:15.451+0000] {dag.py:3696} INFO - Setting next_dagrun for covid_data_dag_mongo to 2023-11-13T00:00:00+00:00, run_after=2023-11-14T00:00:00+00:00
[2023-11-13T16:59:15.661+0000] {processor.py:179} INFO - Processing /opt/airflow/dags/Dag_mongo.py took 5.244 seconds
[2023-11-13T16:59:46.316+0000] {processor.py:157} INFO - Started process (PID=1141) to work on /opt/airflow/dags/Dag_mongo.py
[2023-11-13T16:59:46.336+0000] {processor.py:829} INFO - Processing file /opt/airflow/dags/Dag_mongo.py for tasks to queue
[2023-11-13T16:59:46.338+0000] {logging_mixin.py:151} INFO - [2023-11-13T16:59:46.338+0000] {dagbag.py:539} INFO - Filling up the DagBag from /opt/airflow/dags/Dag_mongo.py
[2023-11-13T16:59:47.900+0000] {processor.py:839} INFO - DAG(s) dict_keys(['covid_data_dag_mongo']) retrieved from /opt/airflow/dags/Dag_mongo.py
[2023-11-13T16:59:47.978+0000] {logging_mixin.py:151} INFO - [2023-11-13T16:59:47.977+0000] {dag.py:2915} INFO - Sync 1 DAGs
[2023-11-13T16:59:48.297+0000] {logging_mixin.py:151} INFO - [2023-11-13T16:59:48.297+0000] {dag.py:3696} INFO - Setting next_dagrun for covid_data_dag_mongo to 2023-11-13T00:00:00+00:00, run_after=2023-11-14T00:00:00+00:00
[2023-11-13T16:59:48.334+0000] {processor.py:179} INFO - Processing /opt/airflow/dags/Dag_mongo.py took 2.043 seconds
[2023-11-13T17:00:19.123+0000] {processor.py:157} INFO - Started process (PID=1158) to work on /opt/airflow/dags/Dag_mongo.py
[2023-11-13T17:00:19.135+0000] {processor.py:829} INFO - Processing file /opt/airflow/dags/Dag_mongo.py for tasks to queue
[2023-11-13T17:00:19.149+0000] {logging_mixin.py:151} INFO - [2023-11-13T17:00:19.143+0000] {dagbag.py:539} INFO - Filling up the DagBag from /opt/airflow/dags/Dag_mongo.py
[2023-11-13T17:00:20.609+0000] {processor.py:839} INFO - DAG(s) dict_keys(['covid_data_dag_mongo']) retrieved from /opt/airflow/dags/Dag_mongo.py
[2023-11-13T17:00:23.879+0000] {logging_mixin.py:151} INFO - [2023-11-13T17:00:23.878+0000] {dag.py:2915} INFO - Sync 1 DAGs
[2023-11-13T17:00:23.982+0000] {logging_mixin.py:151} INFO - [2023-11-13T17:00:23.982+0000] {dag.py:3696} INFO - Setting next_dagrun for covid_data_dag_mongo to 2023-11-13T00:00:00+00:00, run_after=2023-11-14T00:00:00+00:00
[2023-11-13T17:00:24.058+0000] {processor.py:179} INFO - Processing /opt/airflow/dags/Dag_mongo.py took 4.970 seconds
[2023-11-13T17:00:54.739+0000] {processor.py:157} INFO - Started process (PID=1186) to work on /opt/airflow/dags/Dag_mongo.py
[2023-11-13T17:00:54.755+0000] {processor.py:829} INFO - Processing file /opt/airflow/dags/Dag_mongo.py for tasks to queue
[2023-11-13T17:00:54.777+0000] {logging_mixin.py:151} INFO - [2023-11-13T17:00:54.776+0000] {dagbag.py:539} INFO - Filling up the DagBag from /opt/airflow/dags/Dag_mongo.py
[2023-11-13T17:01:01.706+0000] {processor.py:839} INFO - DAG(s) dict_keys(['covid_data_dag_mongo']) retrieved from /opt/airflow/dags/Dag_mongo.py
[2023-11-13T17:01:01.860+0000] {logging_mixin.py:151} INFO - [2023-11-13T17:01:01.859+0000] {dag.py:2915} INFO - Sync 1 DAGs
[2023-11-13T17:01:02.374+0000] {logging_mixin.py:151} INFO - [2023-11-13T17:01:02.374+0000] {dag.py:3696} INFO - Setting next_dagrun for covid_data_dag_mongo to 2023-11-13T00:00:00+00:00, run_after=2023-11-14T00:00:00+00:00
[2023-11-13T17:01:02.412+0000] {processor.py:179} INFO - Processing /opt/airflow/dags/Dag_mongo.py took 7.721 seconds
[2023-11-13T17:01:33.422+0000] {processor.py:157} INFO - Started process (PID=1201) to work on /opt/airflow/dags/Dag_mongo.py
[2023-11-13T17:01:33.430+0000] {processor.py:829} INFO - Processing file /opt/airflow/dags/Dag_mongo.py for tasks to queue
[2023-11-13T17:01:33.445+0000] {logging_mixin.py:151} INFO - [2023-11-13T17:01:33.440+0000] {dagbag.py:539} INFO - Filling up the DagBag from /opt/airflow/dags/Dag_mongo.py
[2023-11-13T17:01:37.210+0000] {processor.py:839} INFO - DAG(s) dict_keys(['covid_data_dag_mongo']) retrieved from /opt/airflow/dags/Dag_mongo.py
[2023-11-13T17:01:43.850+0000] {logging_mixin.py:151} INFO - [2023-11-13T17:01:43.849+0000] {dag.py:2915} INFO - Sync 1 DAGs
[2023-11-13T17:01:44.115+0000] {logging_mixin.py:151} INFO - [2023-11-13T17:01:44.115+0000] {dag.py:3696} INFO - Setting next_dagrun for covid_data_dag_mongo to 2023-11-13T00:00:00+00:00, run_after=2023-11-14T00:00:00+00:00
[2023-11-13T17:01:44.301+0000] {processor.py:179} INFO - Processing /opt/airflow/dags/Dag_mongo.py took 10.932 seconds
[2023-11-13T17:02:15.451+0000] {processor.py:157} INFO - Started process (PID=1224) to work on /opt/airflow/dags/Dag_mongo.py
[2023-11-13T17:02:15.454+0000] {processor.py:829} INFO - Processing file /opt/airflow/dags/Dag_mongo.py for tasks to queue
[2023-11-13T17:02:15.458+0000] {logging_mixin.py:151} INFO - [2023-11-13T17:02:15.457+0000] {dagbag.py:539} INFO - Filling up the DagBag from /opt/airflow/dags/Dag_mongo.py
[2023-11-13T17:02:17.782+0000] {processor.py:839} INFO - DAG(s) dict_keys(['covid_data_dag_mongo']) retrieved from /opt/airflow/dags/Dag_mongo.py
[2023-11-13T17:02:17.869+0000] {logging_mixin.py:151} INFO - [2023-11-13T17:02:17.868+0000] {dag.py:2915} INFO - Sync 1 DAGs
[2023-11-13T17:02:17.971+0000] {logging_mixin.py:151} INFO - [2023-11-13T17:02:17.970+0000] {dag.py:3696} INFO - Setting next_dagrun for covid_data_dag_mongo to 2023-11-13T00:00:00+00:00, run_after=2023-11-14T00:00:00+00:00
[2023-11-13T17:02:18.111+0000] {processor.py:179} INFO - Processing /opt/airflow/dags/Dag_mongo.py took 2.691 seconds
